#
# A fatal error has been detected by the Java Runtime Environment:
#
#  EXCEPTION_ACCESS_VIOLATION (0xc0000005) at pc=0x00007ffe5425ed95, pid=2664, tid=10756
#
# JRE version: Java(TM) SE Runtime Environment (9.0+11) (build 9.0.4+11)
# Java VM: Java HotSpot(TM) 64-Bit Server VM (9.0.4+11, mixed mode, tiered, compressed oops, g1 gc, windows-amd64)
# Problematic frame:
# C  [librdi_common.dll+0x17ed95]
#
# No core dump will be written. Minidumps are not enabled by default on client versions of Windows
#
# If you would like to submit a bug report, please visit:
#   http://bugreport.java.com/bugreport/crash.jsp
# The crash happened outside the Java Virtual Machine in native code.
# See problematic frame for where to report the bug.
#

---------------  S U M M A R Y ------------

Command Line: -Dsun.java2d.pmoffscreen=false -Dsun.java2d.xrender=false -Dsun.java2d.d3d=false -Dsun.awt.nopixfmt=true -Dsun.java2d.dpiaware=true -Dsun.java2d.uiScale.enabled=false -Xverify:none -Dswing.aatext=true -XX:-UsePerfData -Djdk.map.althashing.threshold=512 -XX:StringTableSize=4072 --add-opens=java.base/java.nio=ALL-UNNAMED --add-opens=java.desktop/sun.swing=ALL-UNNAMED --add-opens=java.desktop/javax.swing=ALL-UNNAMED --add-opens=java.desktop/javax.swing.tree=ALL-UNNAMED --add-opens=java.desktop/javax.swing.plaf.basic=ALL-UNNAMED --add-opens=java.desktop/javax.swing.plaf.synth=ALL-UNNAMED --add-opens=java.desktop/com.sun.awt=ALL-UNNAMED -XX:NewSize=60m -XX:MaxNewSize=60m -Xms128m -Xmx3072m -Xss5m 

Host: Intel(R) Core(TM) i7-4702HQ CPU @ 2.20GHz, 8 cores, 15G,  Windows 10 , 64 bit Build 18362 (10.0.18362.778)
Time: Sat May 30 23:04:01 2020 ?D1¨²¡À¨º¡Á?¨º¡À?? elapsed time: 4043 seconds (0d 1h 7m 23s)

---------------  T H R E A D  ---------------

Current thread (0x000002316f33e800):  JavaThread "AWT-EventQueue-1" [_thread_in_native, id=10756, stack(0x0000006b84600000,0x0000006b84b00000)]

Stack: [0x0000006b84600000,0x0000006b84b00000],  sp=0x0000006b84afadf0,  free space=5099k
Native frames: (J=compiled Java code, j=interpreted, Vv=VM code, C=native code)
C  [librdi_common.dll+0x17ed95]
C  [librdi_common.dll+0x173b75]
C  [librdi_common.dll+0x13cd4a]
C  0x00007ffe230621df
C  0x00007ffe230e21ef
C  0x00007ffe230e9f09
C  0x00007ffe230ba6cb
C  0x00007ffe230f6e97
C  0x000002315d01b2ba

Java frames: (J=compiled Java code, j=interpreted, Vv=VM code)
J 16585  ui.views.waveform.waveformi.WVExecutive_getTooltipTextDelayed(J)Ljava/lang/String; (0 bytes) @ 0x000002315d01b221 [0x000002315d01b1e0+0x0000000000000041]
J 24549 c2 ui.views.waveform.b.a.mouseMoved(Ljava/awt/event/MouseEvent;)V (32 bytes) @ 0x000002315d00df4c [0x000002315d00dda0+0x00000000000001ac]
J 17382 c2 java.awt.AWTEventMulticaster.mouseMoved(Ljava/awt/event/MouseEvent;)V java.desktop@9.0.4 (27 bytes) @ 0x000002315d13d4f4 [0x000002315d13d440+0x00000000000000b4]
J 17382 c2 java.awt.AWTEventMulticaster.mouseMoved(Ljava/awt/event/MouseEvent;)V java.desktop@9.0.4 (27 bytes) @ 0x000002315d13d4b4 [0x000002315d13d440+0x0000000000000074]
J 22578 c2 ui.frmwork.c.i.processMouseMotionEvent(Ljava/awt/event/MouseEvent;)V (131 bytes) @ 0x000002315d11559c [0x000002315d115280+0x000000000000031c]
J 13422 c2 java.awt.Container.processEvent(Ljava/awt/AWTEvent;)V java.desktop@9.0.4 (22 bytes) @ 0x000002315cd21798 [0x000002315cd21620+0x0000000000000178]
J 24657 c1 java.awt.Component.dispatchEventImpl(Ljava/awt/AWTEvent;)V java.desktop@9.0.4 (739 bytes) @ 0x0000023156382b54 [0x000002315637ed40+0x0000000000003e14]
J 24339 c2 java.awt.Container.dispatchEventImpl(Ljava/awt/AWTEvent;)V java.desktop@9.0.4 (129 bytes) @ 0x000002315d99726c [0x000002315d9971c0+0x00000000000000ac]
J 21809 c2 java.awt.LightweightDispatcher.retargetMouseEvent(Ljava/awt/Component;ILjava/awt/event/MouseEvent;)V java.desktop@9.0.4 (350 bytes) @ 0x000002315d645100 [0x000002315d644b80+0x0000000000000580]
J 18577 c2 java.awt.LightweightDispatcher.processMouseEvent(Ljava/awt/event/MouseEvent;)Z java.desktop@9.0.4 (265 bytes) @ 0x000002315d26a6e0 [0x000002315d269f20+0x00000000000007c0]
J 24261 c2 java.awt.LightweightDispatcher.dispatchEvent(Ljava/awt/AWTEvent;)Z java.desktop@9.0.4 (73 bytes) @ 0x000002315d9540f4 [0x000002315d953ba0+0x0000000000000554]
J 24339 c2 java.awt.Container.dispatchEventImpl(Ljava/awt/AWTEvent;)V java.desktop@9.0.4 (129 bytes) @ 0x000002315d99720c [0x000002315d9971c0+0x000000000000004c]
J 18318 c2 java.awt.Window.dispatchEventImpl(Ljava/awt/AWTEvent;)V java.desktop@9.0.4 (23 bytes) @ 0x000002315cc0bd8c [0x000002315cc0bd40+0x000000000000004c]
J 14636 c2 java.awt.EventQueue$3.run()Ljava/lang/Object; java.desktop@9.0.4 (5 bytes) @ 0x000002315cde31f0 [0x000002315cde2c00+0x00000000000005f0]
v  ~StubRoutines::call_stub
J 4401  java.security.AccessController.doPrivileged(Ljava/security/PrivilegedAction;Ljava/security/AccessControlContext;)Ljava/lang/Object; java.base@9.0.4 (0 bytes) @ 0x000002315c42fd46 [0x000002315c42fce0+0x0000000000000066]
J 17580 c2 java.awt.EventQueue$4.run()Ljava/lang/Object; java.desktop@9.0.4 (5 bytes) @ 0x000002315d1b0134 [0x000002315d1afee0+0x0000000000000254]
v  ~StubRoutines::call_stub
J 4401  java.security.AccessController.doPrivileged(Ljava/security/PrivilegedAction;Ljava/security/AccessControlContext;)Ljava/lang/Object; java.base@9.0.4 (0 bytes) @ 0x000002315c42fd46 [0x000002315c42fce0+0x0000000000000066]
J 14634 c2 ui.frmwork.b.d.dispatchEvent(Ljava/awt/AWTEvent;)V (34 bytes) @ 0x000002315cde4e10 [0x000002315cde49e0+0x0000000000000430]
J 21810 c2 java.awt.EventDispatchThread.pumpOneEventForFilters(I)V java.desktop@9.0.4 (218 bytes) @ 0x000002315d6479f0 [0x000002315d647680+0x0000000000000370]
J 22369% c2 java.awt.EventDispatchThread.pumpEventsForFilter(ILjava/awt/Conditional;Ljava/awt/EventFilter;)V java.desktop@9.0.4 (47 bytes) @ 0x000002315c87bad8 [0x000002315c87b9c0+0x0000000000000118]
j  java.awt.EventDispatchThread.pumpEventsForHierarchy(ILjava/awt/Conditional;Ljava/awt/Component;)V+11 java.desktop@9.0.4
j  java.awt.EventDispatchThread.pumpEvents(ILjava/awt/Conditional;)V+4 java.desktop@9.0.4
j  java.awt.EventDispatchThread.pumpEvents(Ljava/awt/Conditional;)V+3 java.desktop@9.0.4
j  java.awt.EventDispatchThread.run()V+9 java.desktop@9.0.4
v  ~StubRoutines::call_stub

siginfo: EXCEPTION_ACCESS_VIOLATION (0xc0000005), reading address 0xffffffffffffffff


Register to memory mapping:

RIP=0x00007ffe5425ed95 librdi_common.dll
RAX=0x0000023142172301 is an unknown value
RBX=0x900584007361d992 is an unknown value
RCX=0x0000023142172380 is an unknown value
RDX=0x900584007361d992 is an unknown value
RSP=0x0000006b84afadf0 is pointing into the stack for thread: 0x000002316f33e800
RBP=0x0000006b84afaf20 is pointing into the stack for thread: 0x000002316f33e800
RSI=0x000002310850cb60 is an unknown value
RDI=0x0000006b84afb008 is pointing into the stack for thread: 0x000002316f33e800
R8 =0x0000006b84afb008 is pointing into the stack for thread: 0x000002316f33e800
R9 =0x0000000000000000 is an unknown value
R10=0x0000023107d0f308 is an unknown value
R11=0x0000023105edb258 is an unknown value
R12=0x0000006b84afb008 is pointing into the stack for thread: 0x000002316f33e800
R13=0x0000000000000000 is an unknown value
R14=0x000002313f6b0fe0 is an unknown value
R15=0x900584007361d992 is an unknown value


Registers:
RAX=0x0000023142172301, RBX=0x900584007361d992, RCX=0x0000023142172380, RDX=0x900584007361d992
RSP=0x0000006b84afadf0, RBP=0x0000006b84afaf20, RSI=0x000002310850cb60, RDI=0x0000006b84afb008
R8 =0x0000006b84afb008, R9 =0x0000000000000000, R10=0x0000023107d0f308, R11=0x0000023105edb258
R12=0x0000006b84afb008, R13=0x0000000000000000, R14=0x000002313f6b0fe0, R15=0x900584007361d992
RIP=0x00007ffe5425ed95, EFLAGS=0x0000000000010202

Top of Stack: (sp=0x0000006b84afadf0)
0x0000006b84afadf0:   0000006b84afb1a0 00007ffe91d62f87
0x0000006b84afae00:   0000006b00000000 900584007361d992
0x0000006b84afae10:   900584007361d992 00007ffe54253b75
0x0000006b84afae20:   0000006b84afb050 00007ffe91d6321f
0x0000006b84afae30:   0000014df5109010 000002316fbf7b70
0x0000006b84afae40:   000002316fbf7b70 0000023105edb230
0x0000006b84afae50:   0000000000000002 00007ffe542bc825
0x0000006b84afae60:   0000023174415fd0 0000023105edb238
0x0000006b84afae70:   0000023105edb278 0000023105edb230
0x0000006b84afae80:   fffffffffffffffe 00007ffe54878aad
0x0000006b84afae90:   fffffffffffffffe 00007ffe54f6dbc0
0x0000006b84afaea0:   0000023105edb230 000002313f7038e8
0x0000006b84afaeb0:   0000006b84afb008 00007ffe542bbb16
0x0000006b84afaec0:   0000023105edb230 0000006b84afb008
0x0000006b84afaed0:   0000023100000002 0000000000000000
0x0000006b84afaee0:   fffffffffffffffe 000000000000000f 

Instructions: (pc=0x00007ffe5425ed95)
0x00007ffe5425ed75:   20 48 8b d9 e8 22 c4 04 00 48 8b c8 48 8b d3 e8
0x00007ffe5425ed85:   27 0d 05 00 84 c0 75 08 33 c0 48 83 c4 20 5b c3
0x00007ffe5425ed95:   48 8b 4b 50 48 85 c9 74 0a 48 83 c4 20 5b e9 68
0x00007ffe5425eda5:   e2 04 00 48 8b d3 48 8d 0d 66 ce 78 00 e8 59 b7 



---------------  P R O C E S S  ---------------

Java Threads: ( => current thread )
  0x000002316f38d000 JavaThread "Relaunch Simulation Thread" [_thread_blocked, id=10580, stack(0x0000006b87b00000,0x0000006b88000000)]
  0x000002316f38b800 JavaThread "Thread-347" [_thread_in_native, id=14912, stack(0x0000006b85b00000,0x0000006b85c00000)]
  0x000002316f389800 JavaThread "Thread-346" [_thread_in_native, id=10472, stack(0x0000006b84f00000,0x0000006b85000000)]
  0x000002316f38b000 JavaThread "ForkJoinPool.commonPool-worker-9" daemon [_thread_blocked, id=11792, stack(0x0000006b8a500000,0x0000006b8aa00000)]
  0x000002316f388800 JavaThread "Image Animator 0" daemon [_thread_blocked, id=16408, stack(0x0000006b87600000,0x0000006b87b00000)]
  0x000002316f388000 JavaThread "Monitor File Timestamp Swing Worker Thread" [_thread_blocked, id=10336, stack(0x0000006b89b00000,0x0000006b8a000000)]
  0x000002316f384000 JavaThread "Timer-1" [_thread_blocked, id=14892, stack(0x0000006b89600000,0x0000006b89b00000)]
  0x000002316f382800 JavaThread "SyntheticaAnimation 50" daemon [_thread_blocked, id=14192, stack(0x0000006b88a00000,0x0000006b88f00000)]
  0x000002316f383800 JavaThread "Update Runs Swing Worker Thread" [_thread_blocked, id=16016, stack(0x0000006b88500000,0x0000006b88a00000)]
  0x000002316f381000 JavaThread "hw_ila_monitor" [_thread_blocked, id=8476, stack(0x0000006b86700000,0x0000006b86c00000)]
  0x000002316f37f000 JavaThread "Refresh Filesets Swing Worker Thread" [_thread_blocked, id=15536, stack(0x0000006b83700000,0x0000006b83c00000)]
  0x000002316f385800 JavaThread "SyntheticaAnimation 70" daemon [_thread_blocked, id=14960, stack(0x0000006b87100000,0x0000006b87600000)]
  0x000002314aef2000 JavaThread "SyntheticaAnimation 25" daemon [_thread_blocked, id=14564, stack(0x0000006b85500000,0x0000006b85a00000)]
  0x000002314aef0800 JavaThread "SyntheticaAnimation 50" daemon [_thread_blocked, id=17244, stack(0x0000006b86200000,0x0000006b86700000)]
  0x000002314aeef800 JavaThread "Monitor HEventQueue Thread" [_thread_blocked, id=17132, stack(0x0000006b85d00000,0x0000006b86200000)]
  0x000002314aeef000 JavaThread "SyntheticaCleanerThread" daemon [_thread_blocked, id=9332, stack(0x0000006b85000000,0x0000006b85500000)]
  0x000002314aef4000 JavaThread "Batik CleanerThread" daemon [_thread_blocked, id=5260, stack(0x0000006b83c00000,0x0000006b84100000)]
=>0x000002316f33e800 JavaThread "AWT-EventQueue-1" [_thread_in_native, id=10756, stack(0x0000006b84600000,0x0000006b84b00000)]
  0x000002316db77800 JavaThread "Process Messages Thread" [_thread_blocked, id=11456, stack(0x0000006b84100000,0x0000006b84600000)]
  0x000002316db08800 JavaThread "Thread-1" [_thread_in_native, id=16456, stack(0x0000006bfcf00000,0x0000006bfe300000)]
  0x000002316dd99800 JavaThread "TimerQueue" daemon [_thread_blocked, id=2224, stack(0x0000006b83200000,0x0000006b83700000)]
  0x0000023146bf9000 JavaThread "AWT-Windows" daemon [_thread_in_native, id=5248, stack(0x0000006b82d00000,0x0000006b83200000)]
  0x0000023146bf8000 JavaThread "AWT-Shutdown" [_thread_blocked, id=11504, stack(0x0000006b82800000,0x0000006b82d00000)]
  0x0000023146a0f000 JavaThread "Java2D Disposer" daemon [_thread_blocked, id=14860, stack(0x0000006b82300000,0x0000006b82800000)]
  0x000002314db92800 JavaThread "Service Thread" daemon [_thread_blocked, id=11500, stack(0x0000006b81d00000,0x0000006b82200000)]
  0x000002314c7f2000 JavaThread "Common-Cleaner" daemon [_thread_blocked, id=6888, stack(0x0000006b81800000,0x0000006b81d00000)]
  0x000002314aef2800 JavaThread "Sweeper thread" daemon [_thread_blocked, id=15892, stack(0x0000006b81300000,0x0000006b81800000)]
  0x00000231455dd800 JavaThread "C1 CompilerThread3" daemon [_thread_blocked, id=15736, stack(0x0000006b81200000,0x0000006b81300000)]
  0x000002314c5d9800 JavaThread "C2 CompilerThread2" daemon [_thread_blocked, id=17028, stack(0x0000006b81100000,0x0000006b81200000)]
  0x000002314a681000 JavaThread "C2 CompilerThread1" daemon [_thread_blocked, id=5912, stack(0x0000006b81000000,0x0000006b81100000)]
  0x000002314a680800 JavaThread "C2 CompilerThread0" daemon [_thread_blocked, id=10060, stack(0x0000006b80f00000,0x0000006b81000000)]
  0x000002314cbce000 JavaThread "Attach Listener" daemon [_thread_blocked, id=3948, stack(0x0000006b80a00000,0x0000006b80f00000)]
  0x000002314ab08800 JavaThread "Signal Dispatcher" daemon [_thread_blocked, id=8156, stack(0x0000006b80500000,0x0000006b80a00000)]
  0x000002314c356800 JavaThread "Finalizer" daemon [_thread_blocked, id=9016, stack(0x0000006b80000000,0x0000006b80500000)]
  0x000002314ac2c000 JavaThread "Reference Handler" daemon [_thread_blocked, id=14708, stack(0x0000006bffb00000,0x0000006c00000000)]
  0x000002314a9fc000 JavaThread "main" [_thread_blocked, id=6040, stack(0x0000006bfe500000,0x0000006bfe600000)]

Other Threads:
  0x000002314cbc4800 VMThread "VM Thread" [stack: 0x0000006bffa00000,0x0000006bffb00000] [id=7292]
  0x000002314c33a800 WatcherThread [stack: 0x0000006b82200000,0x0000006b82300000] [id=9684]
  0x000002314ce83800 GCTaskThread "GC Thread#0" [stack: 0x0000006bfe600000,0x0000006bfe700000] [id=9308]
  0x000002314a08b800 GCTaskThread "GC Thread#1" [stack: 0x0000006bfe700000,0x0000006bfe800000] [id=11016]
  0x000002314a086800 GCTaskThread "GC Thread#2" [stack: 0x0000006bfe800000,0x0000006bfe900000] [id=14528]
  0x000002314a088000 GCTaskThread "GC Thread#3" [stack: 0x0000006bfe900000,0x0000006bfea00000] [id=4376]
  0x000002314c33a000 GCTaskThread "GC Thread#4" [stack: 0x0000006bfea00000,0x0000006bfeb00000] [id=7236]
  0x000002314c33c000 GCTaskThread "GC Thread#5" [stack: 0x0000006bfeb00000,0x0000006bfec00000] [id=4740]
  0x000002314c337800 GCTaskThread "GC Thread#6" [stack: 0x0000006bfec00000,0x0000006bfed00000] [id=15516]
  0x000002314c33c800 GCTaskThread "GC Thread#7" [stack: 0x0000006bfed00000,0x0000006bfee00000] [id=5652]
  0x0000023146268800 ConcurrentGCThread "G1 Main Marker" [stack: 0x0000006bff700000,0x0000006bff800000] [id=17012]
  0x000002314c33d000 ConcurrentGCThread "G1 Marker#0" [stack: 0x0000006bff800000,0x0000006bff900000] [id=15204]
  0x000002314c337000 ConcurrentGCThread "G1 Marker#1" [stack: 0x0000006bff900000,0x0000006bffa00000] [id=16528]
  0x0000023146833000 ConcurrentGCThread "G1 Refine#0" [stack: 0x0000006bff500000,0x0000006bff600000] [id=11340]
  0x0000023148a60000 ConcurrentGCThread "G1 Refine#1" [stack: 0x0000006bff400000,0x0000006bff500000] [id=15212]
  0x000002314da45000 ConcurrentGCThread "G1 Refine#2" [stack: 0x0000006bff300000,0x0000006bff400000] [id=14428]
  0x000002314da44800 ConcurrentGCThread "G1 Refine#3" [stack: 0x0000006bff200000,0x0000006bff300000] [id=5720]
  0x0000023149e5a000 ConcurrentGCThread "G1 Refine#4" [stack: 0x0000006bff100000,0x0000006bff200000] [id=11852]
  0x0000023149e59800 ConcurrentGCThread "G1 Refine#5" [stack: 0x0000006bff000000,0x0000006bff100000] [id=9424]
  0x000002314b024800 ConcurrentGCThread "G1 Refine#6" [stack: 0x0000006bfef00000,0x0000006bff000000] [id=476]
  0x00000231469d0800 ConcurrentGCThread "G1 Refine#7" [stack: 0x0000006bfee00000,0x0000006bfef00000] [id=6440]
  0x000002314a540000 ConcurrentGCThread "G1 Young RemSet Sampling" [stack: 0x0000006bff600000,0x0000006bff700000] [id=8880]

Threads with active compile tasks:

VM state:not at safepoint (normal execution)

VM Mutex/Monitor currently owned by a thread: None

Heap address: 0x0000000700000000, size: 3072 MB, Compressed Oops mode: Zero based, Oop shift amount: 3
Narrow klass base: 0x0000000000000000, Narrow klass shift: 3
Compressed class space size: 1073741824 Address: 0x00000007c0000000

Heap:
 garbage-first heap   total 223232K, used 124308K [0x0000000700000000, 0x00000007001006d0, 0x00000007c0000000)
  region size 1024K, 57 young (58368K), 1 survivors (1024K)
 Metaspace       used 83781K, capacity 85797K, committed 92848K, reserved 1130496K
  class space    used 10813K, capacity 11255K, committed 12720K, reserved 1048576K
Heap Regions: E=young(eden), S=young(survivor), O=old, HS=humongous(starts), HC=humongous(continues), CS=collection set, F=free, A=archive, TS=gc time stamp, AC=allocation context, TAMS=top-at-mark-start (previous, next)
|   0|0x0000000700000000, 0x00000007000d8440, 0x0000000700100000| 84%| O|  |TS  0|AC  0|TAMS 0x0000000700000000, 0x0000000700000000|
|   1|0x0000000700100000, 0x00000007001f8868, 0x0000000700200000| 97%| O|  |TS  0|AC  0|TAMS 0x0000000700100000, 0x0000000700100000|
|   2|0x0000000700200000, 0x00000007002cd170, 0x0000000700300000| 80%| O|  |TS  0|AC  0|TAMS 0x0000000700200000, 0x0000000700200000|
|   3|0x0000000700300000, 0x00000007003fc330, 0x0000000700400000| 98%| O|  |TS  0|AC  0|TAMS 0x0000000700300000, 0x0000000700300000|
|   4|0x0000000700400000, 0x0000000700500000, 0x0000000700500000|100%|HS|  |TS  0|AC  0|TAMS 0x0000000700400000, 0x0000000700400000|
|   5|0x0000000700500000, 0x0000000700600000, 0x0000000700600000|100%|HC|  |TS  0|AC  0|TAMS 0x0000000700500000, 0x0000000700500000|
|   6|0x0000000700600000, 0x0000000700700000, 0x0000000700700000|100%|HS|  |TS  0|AC  0|TAMS 0x0000000700600000, 0x0000000700600000|
|   7|0x0000000700700000, 0x00000007007d43c0, 0x0000000700800000| 82%| O|  |TS  0|AC  0|TAMS 0x0000000700700000, 0x0000000700700000|
|   8|0x0000000700800000, 0x00000007008ffb50, 0x0000000700900000| 99%| O|  |TS  0|AC  0|TAMS 0x0000000700800000, 0x0000000700800000|
|   9|0x0000000700900000, 0x00000007009fffa8, 0x0000000700a00000| 99%| O|  |TS  0|AC  0|TAMS 0x0000000700900000, 0x0000000700900000|
|  10|0x0000000700a00000, 0x0000000700affff8, 0x0000000700b00000| 99%| O|  |TS  0|AC  0|TAMS 0x0000000700a00000, 0x0000000700a00000|
|  11|0x0000000700b00000, 0x0000000700bfffd0, 0x0000000700c00000| 99%| O|  |TS  0|AC  0|TAMS 0x0000000700b00000, 0x0000000700b00000|
|  12|0x0000000700c00000, 0x0000000700cf8ec0, 0x0000000700d00000| 97%| O|  |TS  0|AC  0|TAMS 0x0000000700c00000, 0x0000000700c00000|
|  13|0x0000000700d00000, 0x0000000700dffff8, 0x0000000700e00000| 99%| O|  |TS  0|AC  0|TAMS 0x0000000700d00000, 0x0000000700d00000|
|  14|0x0000000700e00000, 0x0000000700f00000, 0x0000000700f00000|100%| O|  |TS  0|AC  0|TAMS 0x0000000700e00000, 0x0000000700e00000|
|  15|0x0000000700f00000, 0x0000000700ff8a10, 0x0000000701000000| 97%| O|  |TS  0|AC  0|TAMS 0x0000000700f00000, 0x0000000700f00000|
|  16|0x0000000701000000, 0x00000007010f84a0, 0x0000000701100000| 96%| O|  |TS  0|AC  0|TAMS 0x0000000701000000, 0x0000000701000000|
|  17|0x0000000701100000, 0x00000007011ffe38, 0x0000000701200000| 99%| O|  |TS  0|AC  0|TAMS 0x0000000701100000, 0x0000000701100000|
|  18|0x0000000701200000, 0x00000007012f1be0, 0x0000000701300000| 94%| O|  |TS  0|AC  0|TAMS 0x0000000701200000, 0x0000000701200000|
|  19|0x0000000701300000, 0x00000007013ffff8, 0x0000000701400000| 99%| O|  |TS  0|AC  0|TAMS 0x0000000701300000, 0x0000000701300000|
|  20|0x0000000701400000, 0x00000007014ffff0, 0x0000000701500000| 99%| O|  |TS  0|AC  0|TAMS 0x0000000701400000, 0x0000000701400000|
|  21|0x0000000701500000, 0x0000000701600000, 0x0000000701600000|100%| O|  |TS  0|AC  0|TAMS 0x0000000701500000, 0x0000000701500000|
|  22|0x0000000701600000, 0x00000007016ffff0, 0x0000000701700000| 99%| O|  |TS  0|AC  0|TAMS 0x0000000701600000, 0x0000000701600000|
|  23|0x0000000701700000, 0x00000007017ffff0, 0x0000000701800000| 99%| O|  |TS  0|AC  0|TAMS 0x0000000701700000, 0x0000000701700000|
|  24|0x0000000701800000, 0x00000007018fffe0, 0x0000000701900000| 99%| O|  |TS  0|AC  0|TAMS 0x0000000701800000, 0x0000000701800000|
|  25|0x0000000701900000, 0x00000007019ffef0, 0x0000000701a00000| 99%| O|  |TS  0|AC  0|TAMS 0x0000000701900000, 0x0000000701900000|
|  26|0x0000000701a00000, 0x0000000701afffb8, 0x0000000701b00000| 99%| O|  |TS  0|AC  0|TAMS 0x0000000701a00000, 0x0000000701a00000|
|  27|0x0000000701b00000, 0x0000000701c00000, 0x0000000701c00000|100%| O|  |TS  0|AC  0|TAMS 0x0000000701b00000, 0x0000000701b00000|
|  28|0x0000000701c00000, 0x0000000701cffff0, 0x0000000701d00000| 99%| O|  |TS  0|AC  0|TAMS 0x0000000701c00000, 0x0000000701c00000|
|  29|0x0000000701d00000, 0x0000000701e00000, 0x0000000701e00000|100%| O|  |TS  0|AC  0|TAMS 0x0000000701d00000, 0x0000000701d00000|
|  30|0x0000000701e00000, 0x0000000701f00000, 0x0000000701f00000|100%| O|  |TS  0|AC  0|TAMS 0x0000000701e00000, 0x0000000701e00000|
|  31|0x0000000701f00000, 0x0000000701fffff8, 0x0000000702000000| 99%| O|  |TS  0|AC  0|TAMS 0x0000000701f00000, 0x0000000701f00000|
|  32|0x0000000702000000, 0x0000000702100000, 0x0000000702100000|100%| O|  |TS  0|AC  0|TAMS 0x0000000702000000, 0x0000000702000000|
|  33|0x0000000702100000, 0x0000000702200000, 0x0000000702200000|100%| O|  |TS  0|AC  0|TAMS 0x0000000702100000, 0x0000000702100000|
|  34|0x0000000702200000, 0x00000007022ed730, 0x0000000702300000| 92%| O|  |TS  0|AC  0|TAMS 0x0000000702200000, 0x0000000702200000|
|  35|0x0000000702300000, 0x00000007023ffff0, 0x0000000702400000| 99%| O|  |TS  0|AC  0|TAMS 0x0000000702300000, 0x0000000702300000|
|  36|0x0000000702400000, 0x0000000702500000, 0x0000000702500000|100%| O|  |TS  0|AC  0|TAMS 0x0000000702400000, 0x0000000702400000|
|  37|0x0000000702500000, 0x00000007025ffe88, 0x0000000702600000| 99%| O|  |TS  0|AC  0|TAMS 0x0000000702500000, 0x0000000702500000|
|  38|0x0000000702600000, 0x00000007026ffff0, 0x0000000702700000| 99%| O|  |TS  0|AC  0|TAMS 0x0000000702600000, 0x0000000702600000|
|  39|0x0000000702700000, 0x00000007027f6930, 0x0000000702800000| 96%| O|  |TS  0|AC  0|TAMS 0x0000000702700000, 0x0000000702700000|
|  40|0x0000000702800000, 0x00000007028ffff8, 0x0000000702900000| 99%| O|  |TS  0|AC  0|TAMS 0x0000000702800000, 0x0000000702800000|
|  41|0x0000000702900000, 0x00000007029fff08, 0x0000000702a00000| 99%| O|  |TS  0|AC  0|TAMS 0x0000000702900000, 0x0000000702900000|
|  42|0x0000000702a00000, 0x0000000702affff8, 0x0000000702b00000| 99%| O|  |TS  0|AC  0|TAMS 0x0000000702a00000, 0x0000000702a00000|
|  43|0x0000000702b00000, 0x0000000702bffff0, 0x0000000702c00000| 99%| O|  |TS  0|AC  0|TAMS 0x0000000702b00000, 0x0000000702b00000|
|  44|0x0000000702c00000, 0x0000000702cffff8, 0x0000000702d00000| 99%| O|  |TS  0|AC  0|TAMS 0x0000000702c00000, 0x0000000702c00000|
|  45|0x0000000702d00000, 0x0000000702e00000, 0x0000000702e00000|100%| O|  |TS  0|AC  0|TAMS 0x0000000702d00000, 0x0000000702d00000|
|  46|0x0000000702e00000, 0x0000000702f00000, 0x0000000702f00000|100%| O|  |TS  0|AC  0|TAMS 0x0000000702e00000, 0x0000000702e00000|
|  47|0x0000000702f00000, 0x0000000703000000, 0x0000000703000000|100%| O|  |TS  0|AC  0|TAMS 0x0000000702f00000, 0x0000000702f00000|
|  48|0x0000000703000000, 0x00000007030fff70, 0x0000000703100000| 99%| O|  |TS  0|AC  0|TAMS 0x0000000703000000, 0x0000000703000000|
|  49|0x0000000703100000, 0x0000000703200000, 0x0000000703200000|100%|HS|  |TS  0|AC  0|TAMS 0x0000000703100000, 0x0000000703100000|
|  50|0x0000000703200000, 0x0000000703300000, 0x0000000703300000|100%|HC|  |TS  0|AC  0|TAMS 0x0000000703200000, 0x0000000703200000|
|  51|0x0000000703300000, 0x0000000703400000, 0x0000000703400000|100%|HC|  |TS  0|AC  0|TAMS 0x0000000703300000, 0x0000000703300000|
|  52|0x0000000703400000, 0x0000000703500000, 0x0000000703500000|100%|HC|  |TS  0|AC  0|TAMS 0x0000000703400000, 0x0000000703400000|
|  53|0x0000000703500000, 0x0000000703600000, 0x0000000703600000|100%|HC|  |TS  0|AC  0|TAMS 0x0000000703500000, 0x0000000703500000|
|  54|0x0000000703600000, 0x0000000703700000, 0x0000000703700000|100%|HC|  |TS  0|AC  0|TAMS 0x0000000703600000, 0x0000000703600000|
|  55|0x0000000703700000, 0x0000000703800000, 0x0000000703800000|100%|HC|  |TS  0|AC  0|TAMS 0x0000000703700000, 0x0000000703700000|
|  56|0x0000000703800000, 0x0000000703900000, 0x0000000703900000|100%|HC|  |TS  0|AC  0|TAMS 0x0000000703800000, 0x0000000703800000|
|  57|0x0000000703900000, 0x00000007039ffff0, 0x0000000703a00000| 99%| O|  |TS  0|AC  0|TAMS 0x0000000703900000, 0x0000000703900000|
|  58|0x0000000703a00000, 0x0000000703af07d0, 0x0000000703b00000| 93%| O|  |TS  0|AC  0|TAMS 0x0000000703a00000, 0x0000000703a00000|
|  59|0x0000000703b00000, 0x0000000703bffff8, 0x0000000703c00000| 99%| O|  |TS  0|AC  0|TAMS 0x0000000703b00000, 0x0000000703b00000|
|  60|0x0000000703c00000, 0x0000000703cfeff0, 0x0000000703d00000| 99%| O|  |TS  0|AC  0|TAMS 0x0000000703c00000, 0x0000000703c00000|
|  61|0x0000000703d00000, 0x0000000703dfffe0, 0x0000000703e00000| 99%| O|  |TS  0|AC  0|TAMS 0x0000000703d00000, 0x0000000703d00000|
|  62|0x0000000703e00000, 0x0000000703e4d0c0, 0x0000000703f00000| 30%| O|  |TS  0|AC  0|TAMS 0x0000000703e00000, 0x0000000703e00000|
|  63|0x0000000703f00000, 0x0000000704000000, 0x0000000704000000|100%|HS|  |TS  0|AC  0|TAMS 0x0000000703f00000, 0x0000000703f00000|
|  64|0x0000000704000000, 0x0000000704100000, 0x0000000704100000|100%|HC|  |TS  0|AC  0|TAMS 0x0000000704000000, 0x0000000704000000|
|  65|0x0000000704100000, 0x0000000704200000, 0x0000000704200000|100%|HC|  |TS  0|AC  0|TAMS 0x0000000704100000, 0x0000000704100000|
|  66|0x0000000704200000, 0x0000000704229c00, 0x0000000704300000| 16%| O|  |TS 35|AC  0|TAMS 0x0000000704200000, 0x0000000704200000|
|  67|0x0000000704300000, 0x0000000704400000, 0x0000000704400000|100%|HS|  |TS  0|AC  0|TAMS 0x0000000704300000, 0x0000000704300000|
|  68|0x0000000704400000, 0x0000000704400000, 0x0000000704500000|  0%| F|  |TS  0|AC  0|TAMS 0x0000000704400000, 0x0000000704400000|
|  69|0x0000000704500000, 0x0000000704500000, 0x0000000704600000|  0%| F|  |TS  0|AC  0|TAMS 0x0000000704500000, 0x0000000704500000|
|  70|0x0000000704600000, 0x0000000704600000, 0x0000000704700000|  0%| F|  |TS  0|AC  0|TAMS 0x0000000704600000, 0x0000000704600000|
|  71|0x0000000704700000, 0x0000000704700000, 0x0000000704800000|  0%| F|  |TS  0|AC  0|TAMS 0x0000000704700000, 0x0000000704700000|
|  72|0x0000000704800000, 0x0000000704800000, 0x0000000704900000|  0%| F|  |TS  0|AC  0|TAMS 0x0000000704800000, 0x0000000704800000|
|  73|0x0000000704900000, 0x0000000704900000, 0x0000000704a00000|  0%| F|  |TS  0|AC  0|TAMS 0x0000000704900000, 0x0000000704900000|
|  74|0x0000000704a00000, 0x0000000704a00000, 0x0000000704b00000|  0%| F|  |TS  0|AC  0|TAMS 0x0000000704a00000, 0x0000000704a00000|
|  75|0x0000000704b00000, 0x0000000704b00000, 0x0000000704c00000|  0%| F|  |TS  0|AC  0|TAMS 0x0000000704b00000, 0x0000000704b00000|
|  76|0x0000000704c00000, 0x0000000704c00000, 0x0000000704d00000|  0%| F|  |TS  0|AC  0|TAMS 0x0000000704c00000, 0x0000000704c00000|
|  77|0x0000000704d00000, 0x0000000704d00000, 0x0000000704e00000|  0%| F|  |TS  0|AC  0|TAMS 0x0000000704d00000, 0x0000000704d00000|
|  78|0x0000000704e00000, 0x0000000704e00000, 0x0000000704f00000|  0%| F|  |TS  0|AC  0|TAMS 0x0000000704e00000, 0x0000000704e00000|
|  79|0x0000000704f00000, 0x0000000704f00000, 0x0000000705000000|  0%| F|  |TS  0|AC  0|TAMS 0x0000000704f00000, 0x0000000704f00000|
|  80|0x0000000705000000, 0x0000000705000000, 0x0000000705100000|  0%| F|  |TS  0|AC  0|TAMS 0x0000000705000000, 0x0000000705000000|
|  81|0x0000000705100000, 0x0000000705100000, 0x0000000705200000|  0%| F|  |TS  0|AC  0|TAMS 0x0000000705100000, 0x0000000705100000|
|  82|0x0000000705200000, 0x0000000705200000, 0x0000000705300000|  0%| F|  |TS  0|AC  0|TAMS 0x0000000705200000, 0x0000000705200000|
|  83|0x0000000705300000, 0x0000000705300000, 0x0000000705400000|  0%| F|  |TS  0|AC  0|TAMS 0x0000000705300000, 0x0000000705300000|
|  84|0x0000000705400000, 0x0000000705400000, 0x0000000705500000|  0%| F|  |TS  0|AC  0|TAMS 0x0000000705400000, 0x0000000705400000|
|  85|0x0000000705500000, 0x0000000705500000, 0x0000000705600000|  0%| F|  |TS  0|AC  0|TAMS 0x0000000705500000, 0x0000000705500000|
|  86|0x0000000705600000, 0x0000000705600000, 0x0000000705700000|  0%| F|  |TS  0|AC  0|TAMS 0x0000000705600000, 0x0000000705600000|
|  87|0x0000000705700000, 0x0000000705700000, 0x0000000705800000|  0%| F|  |TS  0|AC  0|TAMS 0x0000000705700000, 0x0000000705700000|
|  88|0x0000000705800000, 0x0000000705800000, 0x0000000705900000|  0%| F|  |TS  0|AC  0|TAMS 0x0000000705800000, 0x0000000705800000|
|  89|0x0000000705900000, 0x0000000705900000, 0x0000000705a00000|  0%| F|  |TS  0|AC  0|TAMS 0x0000000705900000, 0x0000000705900000|
|  90|0x0000000705a00000, 0x0000000705a00000, 0x0000000705b00000|  0%| F|  |TS  0|AC  0|TAMS 0x0000000705a00000, 0x0000000705a00000|
|  91|0x0000000705b00000, 0x0000000705b00000, 0x0000000705c00000|  0%| F|  |TS  0|AC  0|TAMS 0x0000000705b00000, 0x0000000705b00000|
|  92|0x0000000705c00000, 0x0000000705c00000, 0x0000000705d00000|  0%| F|  |TS  0|AC  0|TAMS 0x0000000705c00000, 0x0000000705c00000|
|  93|0x0000000705d00000, 0x0000000705d00000, 0x0000000705e00000|  0%| F|  |TS  0|AC  0|TAMS 0x0000000705d00000, 0x0000000705d00000|
|  94|0x0000000705e00000, 0x0000000705e00000, 0x0000000705f00000|  0%| F|  |TS  0|AC  0|TAMS 0x0000000705e00000, 0x0000000705e00000|
|  95|0x0000000705f00000, 0x0000000705f00000, 0x0000000706000000|  0%| F|  |TS  0|AC  0|TAMS 0x0000000705f00000, 0x0000000705f00000|
|  96|0x0000000706000000, 0x0000000706000000, 0x0000000706100000|  0%| F|  |TS  0|AC  0|TAMS 0x0000000706000000, 0x0000000706000000|
|  97|0x0000000706100000, 0x0000000706100000, 0x0000000706200000|  0%| F|  |TS  0|AC  0|TAMS 0x0000000706100000, 0x0000000706100000|
|  98|0x0000000706200000, 0x0000000706200000, 0x0000000706300000|  0%| F|  |TS  0|AC  0|TAMS 0x0000000706200000, 0x0000000706200000|
|  99|0x0000000706300000, 0x0000000706300000, 0x0000000706400000|  0%| F|  |TS  0|AC  0|TAMS 0x0000000706300000, 0x0000000706300000|
| 100|0x0000000706400000, 0x0000000706400000, 0x0000000706500000|  0%| F|  |TS  0|AC  0|TAMS 0x0000000706400000, 0x0000000706400000|
| 101|0x0000000706500000, 0x0000000706500000, 0x0000000706600000|  0%| F|  |TS  0|AC  0|TAMS 0x0000000706500000, 0x0000000706500000|
| 102|0x0000000706600000, 0x0000000706600000, 0x0000000706700000|  0%| F|  |TS  0|AC  0|TAMS 0x0000000706600000, 0x0000000706600000|
| 103|0x0000000706700000, 0x0000000706700000, 0x0000000706800000|  0%| F|  |TS  0|AC  0|TAMS 0x0000000706700000, 0x0000000706700000|
| 104|0x0000000706800000, 0x0000000706800000, 0x0000000706900000|  0%| F|  |TS  0|AC  0|TAMS 0x0000000706800000, 0x0000000706800000|
| 105|0x0000000706900000, 0x0000000706900000, 0x0000000706a00000|  0%| F|  |TS  0|AC  0|TAMS 0x0000000706900000, 0x0000000706900000|
| 106|0x0000000706a00000, 0x0000000706a00000, 0x0000000706b00000|  0%| F|  |TS  0|AC  0|TAMS 0x0000000706a00000, 0x0000000706a00000|
| 107|0x0000000706b00000, 0x0000000706b00000, 0x0000000706c00000|  0%| F|  |TS  0|AC  0|TAMS 0x0000000706b00000, 0x0000000706b00000|
| 108|0x0000000706c00000, 0x0000000706c00000, 0x0000000706d00000|  0%| F|  |TS  0|AC  0|TAMS 0x0000000706c00000, 0x0000000706c00000|
| 109|0x0000000706d00000, 0x0000000706d00000, 0x0000000706e00000|  0%| F|  |TS  0|AC  0|TAMS 0x0000000706d00000, 0x0000000706d00000|
| 110|0x0000000706e00000, 0x0000000706e00000, 0x0000000706f00000|  0%| F|  |TS  0|AC  0|TAMS 0x0000000706e00000, 0x0000000706e00000|
| 111|0x0000000706f00000, 0x0000000706f00000, 0x0000000707000000|  0%| F|  |TS  0|AC  0|TAMS 0x0000000706f00000, 0x0000000706f00000|
| 112|0x0000000707000000, 0x0000000707000000, 0x0000000707100000|  0%| F|  |TS  0|AC  0|TAMS 0x0000000707000000, 0x0000000707000000|
| 113|0x0000000707100000, 0x0000000707100000, 0x0000000707200000|  0%| F|  |TS  0|AC  0|TAMS 0x0000000707100000, 0x0000000707100000|
| 114|0x0000000707200000, 0x0000000707200000, 0x0000000707300000|  0%| F|  |TS  0|AC  0|TAMS 0x0000000707200000, 0x0000000707200000|
| 115|0x0000000707300000, 0x0000000707300000, 0x0000000707400000|  0%| F|  |TS  0|AC  0|TAMS 0x0000000707300000, 0x0000000707300000|
| 116|0x0000000707400000, 0x0000000707400000, 0x0000000707500000|  0%| F|  |TS  0|AC  0|TAMS 0x0000000707400000, 0x0000000707400000|
| 117|0x0000000707500000, 0x0000000707500000, 0x0000000707600000|  0%| F|  |TS  0|AC  0|TAMS 0x0000000707500000, 0x0000000707500000|
| 118|0x0000000707600000, 0x0000000707600000, 0x0000000707700000|  0%| F|  |TS  0|AC  0|TAMS 0x0000000707600000, 0x0000000707600000|
| 119|0x0000000707700000, 0x0000000707700000, 0x0000000707800000|  0%| F|  |TS  0|AC  0|TAMS 0x0000000707700000, 0x0000000707700000|
| 120|0x0000000707800000, 0x0000000707800000, 0x0000000707900000|  0%| F|  |TS  0|AC  0|TAMS 0x0000000707800000, 0x0000000707800000|
| 121|0x0000000707900000, 0x0000000707900000, 0x0000000707a00000|  0%| F|  |TS  0|AC  0|TAMS 0x0000000707900000, 0x0000000707900000|
| 122|0x0000000707a00000, 0x0000000707a00000, 0x0000000707b00000|  0%| F|  |TS  0|AC  0|TAMS 0x0000000707a00000, 0x0000000707a00000|
| 123|0x0000000707b00000, 0x0000000707b00000, 0x0000000707c00000|  0%| F|  |TS  0|AC  0|TAMS 0x0000000707b00000, 0x0000000707b00000|
| 124|0x0000000707c00000, 0x0000000707c00000, 0x0000000707d00000|  0%| F|  |TS  0|AC  0|TAMS 0x0000000707c00000, 0x0000000707c00000|
| 125|0x0000000707d00000, 0x0000000707d00000, 0x0000000707e00000|  0%| F|  |TS  0|AC  0|TAMS 0x0000000707d00000, 0x0000000707d00000|
| 126|0x0000000707e00000, 0x0000000707e00000, 0x0000000707f00000|  0%| F|  |TS  0|AC  0|TAMS 0x0000000707e00000, 0x0000000707e00000|
| 127|0x0000000707f00000, 0x0000000707f00000, 0x0000000708000000|  0%| F|  |TS  0|AC  0|TAMS 0x0000000707f00000, 0x0000000707f00000|
| 128|0x0000000708000000, 0x0000000708000000, 0x0000000708100000|  0%| F|  |TS  0|AC  0|TAMS 0x0000000708000000, 0x0000000708000000|
| 129|0x0000000708100000, 0x0000000708100000, 0x0000000708200000|  0%| F|  |TS  0|AC  0|TAMS 0x0000000708100000, 0x0000000708100000|
| 130|0x0000000708200000, 0x0000000708200000, 0x0000000708300000|  0%| F|  |TS  0|AC  0|TAMS 0x0000000708200000, 0x0000000708200000|
| 131|0x0000000708300000, 0x0000000708300000, 0x0000000708400000|  0%| F|  |TS  0|AC  0|TAMS 0x0000000708300000, 0x0000000708300000|
| 132|0x0000000708400000, 0x0000000708400000, 0x0000000708500000|  0%| F|  |TS  0|AC  0|TAMS 0x0000000708400000, 0x0000000708400000|
| 133|0x0000000708500000, 0x0000000708500000, 0x0000000708600000|  0%| F|  |TS  0|AC  0|TAMS 0x0000000708500000, 0x0000000708500000|
| 134|0x0000000708600000, 0x0000000708600000, 0x0000000708700000|  0%| F|  |TS  0|AC  0|TAMS 0x0000000708600000, 0x0000000708600000|
| 135|0x0000000708700000, 0x0000000708700000, 0x0000000708800000|  0%| F|  |TS  0|AC  0|TAMS 0x0000000708700000, 0x0000000708700000|
| 136|0x0000000708800000, 0x0000000708800000, 0x0000000708900000|  0%| F|  |TS  0|AC  0|TAMS 0x0000000708800000, 0x0000000708800000|
| 137|0x0000000708900000, 0x0000000708900000, 0x0000000708a00000|  0%| F|  |TS  0|AC  0|TAMS 0x0000000708900000, 0x0000000708900000|
| 138|0x0000000708a00000, 0x0000000708a00000, 0x0000000708b00000|  0%| F|  |TS  0|AC  0|TAMS 0x0000000708a00000, 0x0000000708a00000|
| 139|0x0000000708b00000, 0x0000000708b00000, 0x0000000708c00000|  0%| F|  |TS  0|AC  0|TAMS 0x0000000708b00000, 0x0000000708b00000|
| 140|0x0000000708c00000, 0x0000000708c00000, 0x0000000708d00000|  0%| F|  |TS  0|AC  0|TAMS 0x0000000708c00000, 0x0000000708c00000|
| 141|0x0000000708d00000, 0x0000000708d00000, 0x0000000708e00000|  0%| F|  |TS  0|AC  0|TAMS 0x0000000708d00000, 0x0000000708d00000|
| 142|0x0000000708e00000, 0x0000000708e00000, 0x0000000708f00000|  0%| F|  |TS  0|AC  0|TAMS 0x0000000708e00000, 0x0000000708e00000|
| 143|0x0000000708f00000, 0x0000000708f00000, 0x0000000709000000|  0%| F|  |TS  0|AC  0|TAMS 0x0000000708f00000, 0x0000000708f00000|
| 144|0x0000000709000000, 0x0000000709000000, 0x0000000709100000|  0%| F|  |TS  0|AC  0|TAMS 0x0000000709000000, 0x0000000709000000|
| 145|0x0000000709100000, 0x0000000709100000, 0x0000000709200000|  0%| F|  |TS  0|AC  0|TAMS 0x0000000709100000, 0x0000000709100000|
| 146|0x0000000709200000, 0x0000000709200000, 0x0000000709300000|  0%| F|  |TS  0|AC  0|TAMS 0x0000000709200000, 0x0000000709200000|
| 147|0x0000000709300000, 0x0000000709300000, 0x0000000709400000|  0%| F|  |TS  0|AC  0|TAMS 0x0000000709300000, 0x0000000709300000|
| 148|0x0000000709400000, 0x0000000709400000, 0x0000000709500000|  0%| F|  |TS  0|AC  0|TAMS 0x0000000709400000, 0x0000000709400000|
| 149|0x0000000709500000, 0x0000000709500000, 0x0000000709600000|  0%| F|  |TS  0|AC  0|TAMS 0x0000000709500000, 0x0000000709500000|
| 150|0x0000000709600000, 0x0000000709600000, 0x0000000709700000|  0%| F|  |TS  0|AC  0|TAMS 0x0000000709600000, 0x0000000709600000|
| 151|0x0000000709700000, 0x0000000709700000, 0x0000000709800000|  0%| F|  |TS  0|AC  0|TAMS 0x0000000709700000, 0x0000000709700000|
| 152|0x0000000709800000, 0x0000000709800000, 0x0000000709900000|  0%| F|  |TS  0|AC  0|TAMS 0x0000000709800000, 0x0000000709800000|
| 153|0x0000000709900000, 0x0000000709900000, 0x0000000709a00000|  0%| F|  |TS  0|AC  0|TAMS 0x0000000709900000, 0x0000000709900000|
| 154|0x0000000709a00000, 0x0000000709a00000, 0x0000000709b00000|  0%| F|  |TS  0|AC  0|TAMS 0x0000000709a00000, 0x0000000709a00000|
| 155|0x0000000709b00000, 0x0000000709b00000, 0x0000000709c00000|  0%| F|  |TS  0|AC  0|TAMS 0x0000000709b00000, 0x0000000709b00000|
| 156|0x0000000709c00000, 0x0000000709c00000, 0x0000000709d00000|  0%| F|  |TS  0|AC  0|TAMS 0x0000000709c00000, 0x0000000709c00000|
| 157|0x0000000709d00000, 0x0000000709d00000, 0x0000000709e00000|  0%| F|  |TS 35|AC  0|TAMS 0x0000000709d00000, 0x0000000709d00000|
| 158|0x0000000709e00000, 0x0000000709ed1ce8, 0x0000000709f00000| 81%| S|CS|TS 35|AC  0|TAMS 0x0000000709e00000, 0x0000000709e00000|
| 159|0x0000000709f00000, 0x0000000709f00000, 0x000000070a000000|  0%| F|  |TS 35|AC  0|TAMS 0x0000000709f00000, 0x0000000709f00000|
| 160|0x000000070a000000, 0x000000070a000000, 0x000000070a100000|  0%| F|  |TS 35|AC  0|TAMS 0x000000070a000000, 0x000000070a000000|
| 161|0x000000070a100000, 0x000000070a100000, 0x000000070a200000|  0%| F|  |TS 35|AC  0|TAMS 0x000000070a100000, 0x000000070a100000|
| 162|0x000000070a200000, 0x000000070a29e578, 0x000000070a300000| 61%| E|  |TS 35|AC  0|TAMS 0x000000070a200000, 0x000000070a200000|
| 163|0x000000070a300000, 0x000000070a400000, 0x000000070a400000|100%| E|CS|TS 35|AC  0|TAMS 0x000000070a300000, 0x000000070a300000|
| 164|0x000000070a400000, 0x000000070a500000, 0x000000070a500000|100%| E|CS|TS 35|AC  0|TAMS 0x000000070a400000, 0x000000070a400000|
| 165|0x000000070a500000, 0x000000070a600000, 0x000000070a600000|100%| E|CS|TS 35|AC  0|TAMS 0x000000070a500000, 0x000000070a500000|
| 166|0x000000070a600000, 0x000000070a700000, 0x000000070a700000|100%| E|CS|TS 35|AC  0|TAMS 0x000000070a600000, 0x000000070a600000|
| 167|0x000000070a700000, 0x000000070a800000, 0x000000070a800000|100%| E|CS|TS 35|AC  0|TAMS 0x000000070a700000, 0x000000070a700000|
| 168|0x000000070a800000, 0x000000070a900000, 0x000000070a900000|100%| E|CS|TS 35|AC  0|TAMS 0x000000070a800000, 0x000000070a800000|
| 169|0x000000070a900000, 0x000000070aa00000, 0x000000070aa00000|100%| E|CS|TS 35|AC  0|TAMS 0x000000070a900000, 0x000000070a900000|
| 170|0x000000070aa00000, 0x000000070ab00000, 0x000000070ab00000|100%| E|CS|TS 35|AC  0|TAMS 0x000000070aa00000, 0x000000070aa00000|
| 171|0x000000070ab00000, 0x000000070ac00000, 0x000000070ac00000|100%| E|CS|TS 35|AC  0|TAMS 0x000000070ab00000, 0x000000070ab00000|
| 172|0x000000070ac00000, 0x000000070ad00000, 0x000000070ad00000|100%| E|CS|TS 35|AC  0|TAMS 0x000000070ac00000, 0x000000070ac00000|
| 173|0x000000070ad00000, 0x000000070ae00000, 0x000000070ae00000|100%| E|CS|TS 35|AC  0|TAMS 0x000000070ad00000, 0x000000070ad00000|
| 174|0x000000070ae00000, 0x000000070af00000, 0x000000070af00000|100%| E|CS|TS 35|AC  0|TAMS 0x000000070ae00000, 0x000000070ae00000|
| 175|0x000000070af00000, 0x000000070b000000, 0x000000070b000000|100%| E|CS|TS 35|AC  0|TAMS 0x000000070af00000, 0x000000070af00000|
| 176|0x000000070b000000, 0x000000070b100000, 0x000000070b100000|100%| E|CS|TS 35|AC  0|TAMS 0x000000070b000000, 0x000000070b000000|
| 177|0x000000070b100000, 0x000000070b200000, 0x000000070b200000|100%| E|CS|TS 35|AC  0|TAMS 0x000000070b100000, 0x000000070b100000|
| 178|0x000000070b200000, 0x000000070b300000, 0x000000070b300000|100%| E|CS|TS 35|AC  0|TAMS 0x000000070b200000, 0x000000070b200000|
| 179|0x000000070b300000, 0x000000070b400000, 0x000000070b400000|100%| E|CS|TS 35|AC  0|TAMS 0x000000070b300000, 0x000000070b300000|
| 180|0x000000070b400000, 0x000000070b500000, 0x000000070b500000|100%| E|CS|TS 35|AC  0|TAMS 0x000000070b400000, 0x000000070b400000|
| 181|0x000000070b500000, 0x000000070b600000, 0x000000070b600000|100%| E|CS|TS 35|AC  0|TAMS 0x000000070b500000, 0x000000070b500000|
| 182|0x000000070b600000, 0x000000070b700000, 0x000000070b700000|100%| E|CS|TS 35|AC  0|TAMS 0x000000070b600000, 0x000000070b600000|
| 183|0x000000070b700000, 0x000000070b800000, 0x000000070b800000|100%| E|CS|TS 35|AC  0|TAMS 0x000000070b700000, 0x000000070b700000|
| 184|0x000000070b800000, 0x000000070b900000, 0x000000070b900000|100%| E|CS|TS 35|AC  0|TAMS 0x000000070b800000, 0x000000070b800000|
| 185|0x000000070b900000, 0x000000070ba00000, 0x000000070ba00000|100%| E|CS|TS 35|AC  0|TAMS 0x000000070b900000, 0x000000070b900000|
| 186|0x000000070ba00000, 0x000000070bb00000, 0x000000070bb00000|100%| E|CS|TS 35|AC  0|TAMS 0x000000070ba00000, 0x000000070ba00000|
| 187|0x000000070bb00000, 0x000000070bc00000, 0x000000070bc00000|100%| E|CS|TS 35|AC  0|TAMS 0x000000070bb00000, 0x000000070bb00000|
| 188|0x000000070bc00000, 0x000000070bd00000, 0x000000070bd00000|100%| E|CS|TS 35|AC  0|TAMS 0x000000070bc00000, 0x000000070bc00000|
| 189|0x000000070bd00000, 0x000000070be00000, 0x000000070be00000|100%| E|CS|TS 35|AC  0|TAMS 0x000000070bd00000, 0x000000070bd00000|
| 190|0x000000070be00000, 0x000000070bf00000, 0x000000070bf00000|100%| E|CS|TS 35|AC  0|TAMS 0x000000070be00000, 0x000000070be00000|
| 191|0x000000070bf00000, 0x000000070c000000, 0x000000070c000000|100%| E|CS|TS 35|AC  0|TAMS 0x000000070bf00000, 0x000000070bf00000|
| 192|0x000000070c000000, 0x000000070c100000, 0x000000070c100000|100%| E|CS|TS 35|AC  0|TAMS 0x000000070c000000, 0x000000070c000000|
| 193|0x000000070c100000, 0x000000070c200000, 0x000000070c200000|100%| E|CS|TS 35|AC  0|TAMS 0x000000070c100000, 0x000000070c100000|
| 194|0x000000070c200000, 0x000000070c300000, 0x000000070c300000|100%| E|CS|TS 35|AC  0|TAMS 0x000000070c200000, 0x000000070c200000|
| 195|0x000000070c300000, 0x000000070c400000, 0x000000070c400000|100%| E|CS|TS 35|AC  0|TAMS 0x000000070c300000, 0x000000070c300000|
| 196|0x000000070c400000, 0x000000070c500000, 0x000000070c500000|100%| E|CS|TS 35|AC  0|TAMS 0x000000070c400000, 0x000000070c400000|
| 197|0x000000070c500000, 0x000000070c600000, 0x000000070c600000|100%| E|CS|TS 35|AC  0|TAMS 0x000000070c500000, 0x000000070c500000|
| 198|0x000000070c600000, 0x000000070c700000, 0x000000070c700000|100%| E|CS|TS 35|AC  0|TAMS 0x000000070c600000, 0x000000070c600000|
| 199|0x000000070c700000, 0x000000070c800000, 0x000000070c800000|100%| E|CS|TS 35|AC  0|TAMS 0x000000070c700000, 0x000000070c700000|
| 200|0x000000070c800000, 0x000000070c900000, 0x000000070c900000|100%| E|CS|TS 35|AC  0|TAMS 0x000000070c800000, 0x000000070c800000|
| 201|0x000000070c900000, 0x000000070ca00000, 0x000000070ca00000|100%| E|CS|TS 35|AC  0|TAMS 0x000000070c900000, 0x000000070c900000|
| 202|0x000000070ca00000, 0x000000070cb00000, 0x000000070cb00000|100%| E|CS|TS 35|AC  0|TAMS 0x000000070ca00000, 0x000000070ca00000|
| 203|0x000000070cb00000, 0x000000070cc00000, 0x000000070cc00000|100%| E|CS|TS 35|AC  0|TAMS 0x000000070cb00000, 0x000000070cb00000|
| 204|0x000000070cc00000, 0x000000070cd00000, 0x000000070cd00000|100%| E|CS|TS 35|AC  0|TAMS 0x000000070cc00000, 0x000000070cc00000|
| 205|0x000000070cd00000, 0x000000070ce00000, 0x000000070ce00000|100%| E|CS|TS 35|AC  0|TAMS 0x000000070cd00000, 0x000000070cd00000|
| 206|0x000000070ce00000, 0x000000070cf00000, 0x000000070cf00000|100%| E|CS|TS 35|AC  0|TAMS 0x000000070ce00000, 0x000000070ce00000|
| 207|0x000000070cf00000, 0x000000070d000000, 0x000000070d000000|100%| E|CS|TS 35|AC  0|TAMS 0x000000070cf00000, 0x000000070cf00000|
| 208|0x000000070d000000, 0x000000070d100000, 0x000000070d100000|100%| E|CS|TS 35|AC  0|TAMS 0x000000070d000000, 0x000000070d000000|
| 209|0x000000070d100000, 0x000000070d200000, 0x000000070d200000|100%| E|CS|TS 35|AC  0|TAMS 0x000000070d100000, 0x000000070d100000|
| 210|0x000000070d200000, 0x000000070d300000, 0x000000070d300000|100%| E|CS|TS 35|AC  0|TAMS 0x000000070d200000, 0x000000070d200000|
| 211|0x000000070d300000, 0x000000070d400000, 0x000000070d400000|100%| E|CS|TS 35|AC  0|TAMS 0x000000070d300000, 0x000000070d300000|
| 212|0x000000070d400000, 0x000000070d500000, 0x000000070d500000|100%| E|CS|TS 35|AC  0|TAMS 0x000000070d400000, 0x000000070d400000|
| 213|0x000000070d500000, 0x000000070d600000, 0x000000070d600000|100%| E|CS|TS 35|AC  0|TAMS 0x000000070d500000, 0x000000070d500000|
| 214|0x000000070d600000, 0x000000070d700000, 0x000000070d700000|100%| E|CS|TS 35|AC  0|TAMS 0x000000070d600000, 0x000000070d600000|
| 215|0x000000070d700000, 0x000000070d800000, 0x000000070d800000|100%| E|CS|TS 35|AC  0|TAMS 0x000000070d700000, 0x000000070d700000|
| 216|0x000000070d800000, 0x000000070d900000, 0x000000070d900000|100%| E|CS|TS 35|AC  0|TAMS 0x000000070d800000, 0x000000070d800000|
| 217|0x000000070d900000, 0x000000070da00000, 0x000000070da00000|100%| E|CS|TS 35|AC  0|TAMS 0x000000070d900000, 0x000000070d900000|

Card table byte_map: [0x00000231636e0000,0x0000023163ce0000] byte_map_base: 0x000002315fee0000

Marking Bits (Prev, Next): (CMBitMap*) 0x000002314b1e6948, (CMBitMap*) 0x000002314b1e6910
 Prev Bits: [0x00000231672e0000, 0x000002316a2e0000)
 Next Bits: [0x00000231642e0000, 0x00000231672e0000)

Polling page: 0x00000231410a0000

CodeHeap 'non-profiled nmethods': size=120000Kb used=25682Kb max_used=25682Kb free=94317Kb
 bounds [0x000002315c1b0000, 0x000002315dad0000, 0x00000231636e0000]
CodeHeap 'profiled nmethods': size=120000Kb used=45836Kb max_used=47376Kb free=74164Kb
 bounds [0x0000023154c80000, 0x0000023157b50000, 0x000002315c1b0000]
CodeHeap 'non-nmethods': size=5760Kb used=1783Kb max_used=1879Kb free=3976Kb
 bounds [0x00000231546e0000, 0x0000023154950000, 0x0000023154c80000]
 total_blobs=36214 nmethods=19049 adapters=1113
 compilation: enabled

Compilation events (10 events):
Event: 4041.634 Thread 0x00000231455dd800 24708       3       javax.swing.tree.VariableHeightLayoutCache::access$700 (5 bytes)
Event: 4041.634 Thread 0x00000231455dd800 nmethod 24708 0x00000231555f6c90 code [0x00000231555f6e40, 0x00000231555f6fd8]
Event: 4041.643 Thread 0x00000231455dd800 24709       1       com.jidesoft.docking.DefaultDockingManager::isResizable (5 bytes)
Event: 4041.643 Thread 0x00000231455dd800 nmethod 24709 0x000002315dac5a90 code [0x000002315dac5c40, 0x000002315dac5d58]
Event: 4042.427 Thread 0x00000231455dd800 24710       3       sun.awt.RepaintArea::isEmpty (26 bytes)
Event: 4042.427 Thread 0x00000231455dd800 nmethod 24710 0x000002315581b010 code [0x000002315581b1c0, 0x000002315581b438]
Event: 4043.484 Thread 0x00000231455dd800 24711       3       java.awt.event.WindowEvent::<init> (24 bytes)
Event: 4043.484 Thread 0x00000231455dd800 nmethod 24711 0x00000231558e9c10 code [0x00000231558e9de0, 0x00000231558ea070]
Event: 4043.682 Thread 0x000002314a681000 24712       4       sun.awt.SunToolkit::createImage (9 bytes)
Event: 4043.685 Thread 0x000002314a681000 nmethod 24712 0x000002315dac5e10 code [0x000002315dac5fc0, 0x000002315dac6278]

GC Heap History (10 events):
Event: 4032.053 GC heap before
{Heap before GC invocations=713 (full 296):
 garbage-first heap   total 223232K, used 128012K [0x0000000700000000, 0x00000007001006d0, 0x00000007c0000000)
  region size 1024K, 60 young (61440K), 1 survivors (1024K)
 Metaspace       used 83757K, capacity 85797K, committed 92848K, reserved 1130496K
  class space    used 10813K, capacity 11255K, committed 12720K, reserved 1048576K
}
Event: 4032.056 GC heap after
{Heap after GC invocations=714 (full 296):
 garbage-first heap   total 223232K, used 67640K [0x0000000700000000, 0x00000007001006d0, 0x00000007c0000000)
  region size 1024K, 1 young (1024K), 1 survivors (1024K)
 Metaspace       used 83757K, capacity 85797K, committed 92848K, reserved 1130496K
  class space    used 10813K, capacity 11255K, committed 12720K, reserved 1048576K
}
Event: 4035.568 GC heap before
{Heap before GC invocations=714 (full 296):
 garbage-first heap   total 223232K, used 128056K [0x0000000700000000, 0x00000007001006d0, 0x00000007c0000000)
  region size 1024K, 60 young (61440K), 1 survivors (1024K)
 Metaspace       used 83767K, capacity 85797K, committed 92848K, reserved 1130496K
  class space    used 10813K, capacity 11255K, committed 12720K, reserved 1048576K
}
Event: 4035.571 GC heap after
{Heap after GC invocations=715 (full 296):
 garbage-first heap   total 223232K, used 67831K [0x0000000700000000, 0x00000007001006d0, 0x00000007c0000000)
  region size 1024K, 1 young (1024K), 1 survivors (1024K)
 Metaspace       used 83767K, capacity 85797K, committed 92848K, reserved 1130496K
  class space    used 10813K, capacity 11255K, committed 12720K, reserved 1048576K
}
Event: 4037.608 GC heap before
{Heap before GC invocations=715 (full 296):
 garbage-first heap   total 223232K, used 128247K [0x0000000700000000, 0x00000007001006d0, 0x00000007c0000000)
  region size 1024K, 60 young (61440K), 1 survivors (1024K)
 Metaspace       used 83767K, capacity 85797K, committed 92848K, reserved 1130496K
  class space    used 10813K, capacity 11255K, committed 12720K, reserved 1048576K
}
Event: 4037.610 GC heap after
{Heap after GC invocations=716 (full 296):
 garbage-first heap   total 223232K, used 67731K [0x0000000700000000, 0x00000007001006d0, 0x00000007c0000000)
  region size 1024K, 1 young (1024K), 1 survivors (1024K)
 Metaspace       used 83767K, capacity 85797K, committed 92848K, reserved 1130496K
  class space    used 10813K, capacity 11255K, committed 12720K, reserved 1048576K
}
Event: 4039.845 GC heap before
{Heap before GC invocations=716 (full 296):
 garbage-first heap   total 223232K, used 128147K [0x0000000700000000, 0x00000007001006d0, 0x00000007c0000000)
  region size 1024K, 60 young (61440K), 1 survivors (1024K)
 Metaspace       used 83780K, capacity 85797K, committed 92848K, reserved 1130496K
  class space    used 10813K, capacity 11255K, committed 12720K, reserved 1048576K
}
Event: 4039.848 GC heap after
{Heap after GC invocations=717 (full 296):
 garbage-first heap   total 223232K, used 67883K [0x0000000700000000, 0x00000007001006d0, 0x00000007c0000000)
  region size 1024K, 1 young (1024K), 1 survivors (1024K)
 Metaspace       used 83780K, capacity 85797K, committed 92848K, reserved 1130496K
  class space    used 10813K, capacity 11255K, committed 12720K, reserved 1048576K
}
Event: 4041.587 GC heap before
{Heap before GC invocations=717 (full 296):
 garbage-first heap   total 223232K, used 128299K [0x0000000700000000, 0x00000007001006d0, 0x00000007c0000000)
  region size 1024K, 60 young (61440K), 1 survivors (1024K)
 Metaspace       used 83780K, capacity 85797K, committed 92848K, reserved 1130496K
  class space    used 10813K, capacity 11255K, committed 12720K, reserved 1048576K
}
Event: 4041.589 GC heap after
{Heap after GC invocations=718 (full 296):
 garbage-first heap   total 223232K, used 67988K [0x0000000700000000, 0x00000007001006d0, 0x00000007c0000000)
  region size 1024K, 1 young (1024K), 1 survivors (1024K)
 Metaspace       used 83780K, capacity 85797K, committed 92848K, reserved 1130496K
  class space    used 10813K, capacity 11255K, committed 12720K, reserved 1048576K
}

Deoptimization events (10 events):
Event: 4035.492 Thread 0x000002316f33e800 Uncommon trap: reason=unstable_if action=reinterpret pc=0x000002315cc5c268 method=com.jidesoft.grid.JideTable.tableChanged(Ljavax/swing/event/TableModelEvent;)V @ 266 c2
Event: 4035.492 Thread 0x000002316f33e800 Uncommon trap: reason=class_check action=maybe_recompile pc=0x000002315da42774 method=com.jidesoft.grid.JideTable.e(Ljavax/swing/event/TableModelEvent;)Z @ 436 c2
Event: 4035.492 Thread 0x000002316f33e800 Uncommon trap: reason=unstable_if action=reinterpret pc=0x000002315d823f10 method=com.jidesoft.grid.TreeTable.tableChanged(Ljavax/swing/event/TableModelEvent;)V @ 84 c2
Event: 4035.492 Thread 0x000002316f33e800 Uncommon trap: reason=unstable_if action=reinterpret pc=0x000002315d704de4 method=com.jidesoft.grid.JideTable.indexChanged(Lcom/jidesoft/grid/IndexChangeEvent;)V @ 481 c2
Event: 4035.492 Thread 0x000002316f33e800 Uncommon trap: reason=bimorphic_or_optimized_type_check action=maybe_recompile pc=0x000002315d52b0e0 method=javax.swing.JTable.getSelectedRows()[I @ 4 c2
Event: 4035.492 Thread 0x000002316f33e800 Uncommon trap: reason=class_check action=maybe_recompile pc=0x000002315d825260 method=ui.utils.k.j.ak.eZh()Ljavax/swing/ListSelectionModel; @ 6 c2
Event: 4035.492 Thread 0x000002316f33e800 Uncommon trap: reason=bimorphic_or_optimized_type_check action=maybe_recompile pc=0x000002315d52b0e0 method=javax.swing.JTable.getSelectedRows()[I @ 4 c2
Event: 4035.493 Thread 0x000002316f33e800 Uncommon trap: reason=class_check action=maybe_recompile pc=0x000002315d825260 method=ui.utils.k.j.ak.eZh()Ljavax/swing/ListSelectionModel; @ 6 c2
Event: 4035.493 Thread 0x000002316f33e800 Uncommon trap: reason=bimorphic_or_optimized_type_check action=maybe_recompile pc=0x000002315d52b0e0 method=javax.swing.JTable.getSelectedRows()[I @ 4 c2
Event: 4035.493 Thread 0x000002316f33e800 Uncommon trap: reason=class_check action=maybe_recompile pc=0x000002315d825260 method=ui.utils.k.j.ak.eZh()Ljavax/swing/ListSelectionModel; @ 6 c2

Classes redefined (0 events):
No events

Internal exceptions (10 events):
Event: 3466.577 Thread 0x000002316f33e800 Implicit null exception at 0x000002315c47b1e2 to 0x000002315c47c241
Event: 3466.698 Thread 0x000002316f33e800 Implicit null exception at 0x000002315d116db6 to 0x000002315d11dda5
Event: 3466.698 Thread 0x000002316f33e800 Implicit null exception at 0x000002315d5d52df to 0x000002315d5d5c8d
Event: 3467.549 Thread 0x000002316f33e800 Exception <a 'java/lang/NoSuchMethodError'{0x000000070c72a9c8}: method resolution failed> (0x000000070c72a9c8) thrown at [t:/workspace/hotspot/src/share/vm/prims/methodHandles.cpp, line 1256]
Event: 3467.550 Thread 0x000002316f33e800 Exception <a 'java/lang/NoSuchMethodError'{0x000000070c731cf8}: method resolution failed> (0x000000070c731cf8) thrown at [t:/workspace/hotspot/src/share/vm/prims/methodHandles.cpp, line 1256]
Event: 3467.550 Thread 0x000002316f33e800 Exception <a 'java/lang/NoSuchMethodError'{0x000000070c7360d8}: method resolution failed> (0x000000070c7360d8) thrown at [t:/workspace/hotspot/src/share/vm/prims/methodHandles.cpp, line 1256]
Event: 3538.027 Thread 0x000002316f33e800 Implicit null exception at 0x000002315d998027 to 0x000002315d9980a5
Event: 3538.442 Thread 0x000002316f382800 Implicit null exception at 0x000002315d516fb4 to 0x000002315d518e55
Event: 3542.176 Thread 0x000002316f33e800 Exception <a 'java/awt/IllegalComponentStateException'{0x000000070be353b8}> (0x000000070be353b8) thrown at [t:/workspace/hotspot/src/share/vm/prims/jvm.cpp, line 1314]
Event: 3966.147 Thread 0x000002316f33e800 Exception <a 'java/awt/IllegalComponentStateException'{0x000000070c5d4668}> (0x000000070c5d4668) thrown at [t:/workspace/hotspot/src/share/vm/prims/jvm.cpp, line 1314]

Events (10 events):
Event: 4041.589 Executing VM operation: G1IncCollectionPause done
Event: 4042.369 Thread 0x000002316f38d000 Thread added: 0x000002316f38d000
Event: 4042.391 Executing VM operation: BulkRevokeBias
Event: 4042.391 Executing VM operation: BulkRevokeBias done
Event: 4042.392 Executing VM operation: RevokeBias
Event: 4042.393 Executing VM operation: RevokeBias done
Event: 4042.565 Thread 0x000002316f386800 Thread added: 0x000002316f386800
Event: 4042.568 Thread 0x000002316f386800 Thread exited: 0x000002316f386800
Event: 4043.699 Thread 0x000002316f386800 Thread added: 0x000002316f386800
Event: 4043.702 Thread 0x000002316f386800 Thread exited: 0x000002316f386800


Dynamic libraries:
0x00007ff6c4f70000 - 0x00007ff6c4fa0000 	E:\Xilinx\Vivado\2019.2\bin\unwrapped\win64.o\vivado.exe
0x00007ffea2900000 - 0x00007ffea2af0000 	C:\Windows\SYSTEM32\ntdll.dll
0x00007ffea1720000 - 0x00007ffea17d2000 	C:\Windows\System32\KERNEL32.DLL
0x00007ffea01f0000 - 0x00007ffea0494000 	C:\Windows\System32\KERNELBASE.dll
0x00007ffe9f8f0000 - 0x00007ffe9f9ea000 	C:\Windows\System32\ucrtbase.dll
0x00007ffe91d50000 - 0x00007ffe91de1000 	C:\Windows\SYSTEM32\MSVCP140.dll
0x00007ffe967b0000 - 0x00007ffe967c4000 	E:\Xilinx\Vivado\2019.2\lib\win64.o\libboost_signals.dll
0x00007ffe92a90000 - 0x00007ffe92aa9000 	C:\Windows\SYSTEM32\VCRUNTIME140.dll
0x00007ffe540e0000 - 0x00007ffe55023000 	E:\Xilinx\Vivado\2019.2\lib\win64.o\librdi_common.dll
0x00007ffe91ef0000 - 0x00007ffe91efc000 	C:\Windows\SYSTEM32\VCRUNTIME140_1.dll
0x00007ffea1ce0000 - 0x00007ffea1e74000 	C:\Windows\System32\USER32.dll
0x00007ffe9f9f0000 - 0x00007ffe9fa11000 	C:\Windows\System32\win32u.dll
0x00007ffea1030000 - 0x00007ffea1056000 	C:\Windows\System32\GDI32.dll
0x00007ffea06c0000 - 0x00007ffea0854000 	C:\Windows\System32\gdi32full.dll
0x00007ffe939e0000 - 0x00007ffe939f4000 	E:\Xilinx\Vivado\2019.2\lib\win64.o\libboost_date_time.dll
0x00007ffea04a0000 - 0x00007ffea053e000 	C:\Windows\System32\msvcp_win.dll
0x00007ffe65ff0000 - 0x00007ffe6635e000 	E:\Xilinx\Vivado\2019.2\lib\win64.o\libCOIN-all.dll
0x00007ffea0f80000 - 0x00007ffea1023000 	C:\Windows\System32\ADVAPI32.dll
0x00007ffea0ab0000 - 0x00007ffea0b4e000 	C:\Windows\System32\msvcrt.dll
0x00007ffe89cf0000 - 0x00007ffe89d16000 	E:\Xilinx\Vivado\2019.2\lib\win64.o\libboost_filesystem.dll
0x00007ffea0e40000 - 0x00007ffea0ed7000 	C:\Windows\System32\sechost.dll
0x00007ffe88250000 - 0x00007ffe882cf000 	E:\Xilinx\Vivado\2019.2\lib\win64.o\libboost_program_options.dll
0x00007ffea10e0000 - 0x00007ffea1200000 	C:\Windows\System32\RPCRT4.dll
0x00007ffe89560000 - 0x00007ffe89576000 	E:\Xilinx\Vivado\2019.2\lib\win64.o\librdi_commonmain.dll
0x00007ffea1f50000 - 0x00007ffea2634000 	C:\Windows\System32\SHELL32.dll
0x00007ffe74bf0000 - 0x00007ffe74d04000 	E:\Xilinx\Vivado\2019.2\lib\win64.o\libboost_regex.dll
0x00007ffea01a0000 - 0x00007ffea01ea000 	C:\Windows\System32\cfgmgr32.dll
0x00007ffe9c080000 - 0x00007ffe9c08b000 	E:\Xilinx\Vivado\2019.2\lib\win64.o\libboost_system.dll
0x00007ffea0bc0000 - 0x00007ffea0c69000 	C:\Windows\System32\shcore.dll
0x00007ffe88820000 - 0x00007ffe88841000 	E:\Xilinx\Vivado\2019.2\lib\win64.o\libboost_thread.dll
0x00007ffea1920000 - 0x00007ffea1c56000 	C:\Windows\System32\combase.dll
0x00007ffe86ce0000 - 0x00007ffe86d62000 	E:\Xilinx\Vivado\2019.2\lib\win64.o\libhdlpsolve.dll
0x00007ffe9bf00000 - 0x00007ffe9bf0f000 	E:\Xilinx\Vivado\2019.2\lib\win64.o\libboost_xilinx.dll
0x00007ffea0640000 - 0x00007ffea06c0000 	C:\Windows\System32\bcryptPrimitives.dll
0x00007ffe9fa20000 - 0x00007ffea019e000 	C:\Windows\System32\windows.storage.dll
0x00007ffe74130000 - 0x00007ffe741d5000 	E:\Xilinx\Vivado\2019.2\lib\win64.o\libhdxml.dll
0x00007ffe9f840000 - 0x00007ffe9f863000 	C:\Windows\System32\profapi.dll
0x00007ffe87660000 - 0x00007ffe8768e000 	E:\Xilinx\Vivado\2019.2\lib\win64.o\libisl_sysinfo.dll
0x00007ffe9f7d0000 - 0x00007ffe9f81a000 	C:\Windows\System32\powrprof.dll
0x00007ffe534e0000 - 0x00007ffe540dc200 	E:\Xilinx\Vivado\2019.2\lib\win64.o\libisl_iostreams.dll
0x00007ffea1060000 - 0x00007ffea10cf000 	C:\Windows\System32\WS2_32.dll
0x00007ffe9f7c0000 - 0x00007ffe9f7d0000 	C:\Windows\System32\UMPDC.dll
0x00007ffea0540000 - 0x00007ffea0566000 	C:\Windows\System32\bcrypt.dll
0x00007ffe7fce0000 - 0x00007ffe7fd45000 	E:\Xilinx\Vivado\2019.2\lib\win64.o\liblmx6.0.dll
0x00007ffea2640000 - 0x00007ffea2692000 	C:\Windows\System32\shlwapi.dll
0x00007ffe883a0000 - 0x00007ffe883ba000 	E:\Xilinx\Vivado\2019.2\lib\win64.o\pthreadVC2.dll
0x00007ffe9f820000 - 0x00007ffe9f831000 	C:\Windows\System32\kernel.appcore.dll
0x00007ffea0570000 - 0x00007ffea0587000 	C:\Windows\System32\cryptsp.dll
0x00007ffe875a0000 - 0x00007ffe875bc000 	E:\Xilinx\Vivado\2019.2\lib\win64.o\librdiconfig.dll
0x00007ffe65c40000 - 0x00007ffe65de1000 	E:\Xilinx\Vivado\2019.2\lib\win64.o\librdi_commonxillic.dll
0x00007ffe870f0000 - 0x00007ffe87111000 	E:\Xilinx\Vivado\2019.2\lib\win64.o\librdizlib.dll
0x000000005a7a0000 - 0x000000005a8cb000 	E:\Xilinx\Vivado\2019.2\lib\win64.o\tcl85t.dll
0x0000000012000000 - 0x0000000012270000 	E:\Xilinx\Vivado\2019.2\lib\win64.o\xerces-c_3_1.dll
0x00007ffe980f0000 - 0x00007ffe98107000 	C:\Windows\SYSTEM32\NETAPI32.dll
0x00007ffe8f9d0000 - 0x00007ffe8fea5000 	C:\Windows\SYSTEM32\WININET.dll
0x00007ffe97bd0000 - 0x00007ffe97cc0000 	C:\Windows\SYSTEM32\WINHTTP.dll
0x00007ffe907a0000 - 0x00007ffe90976000 	C:\Windows\SYSTEM32\urlmon.dll
0x00007ffe99ea0000 - 0x00007ffe99eaa000 	E:\Xilinx\Vivado\2019.2\lib\win64.o\librdi_commonversion.dll
0x00007ffe95660000 - 0x00007ffe9566d000 	E:\Xilinx\Vivado\2019.2\lib\win64.o\libboost_chrono.dll
0x00007ffe7fdd0000 - 0x00007ffe7fdd9000 	C:\Windows\SYSTEM32\WSOCK32.dll
0x00007ffe87580000 - 0x00007ffe8759b000 	E:\Xilinx\Vivado\2019.2\lib\win64.o\libboost_iostreams.dll
0x00007ffe87070000 - 0x00007ffe87095000 	E:\Xilinx\Vivado\2019.2\lib\win64.o\libisl_iosutils.dll
0x00007ffe83000000 - 0x00007ffe83028000 	C:\Windows\SYSTEM32\VCOMP140.DLL
0x00007ffe4ff30000 - 0x00007ffe50dc1000 	E:\Xilinx\Vivado\2019.2\lib\win64.o\gurobi65.dll
0x00007ffe8fed0000 - 0x00007ffe90176000 	C:\Windows\SYSTEM32\iertutil.dll
0x00007ffe65960000 - 0x00007ffe65c3b000 	E:\Xilinx\Vivado\2019.2\lib\win64.o\libXil_lmgr11.dll
0x00007ffea1e80000 - 0x00007ffea1f50000 	C:\Windows\System32\COMDLG32.dll
0x00007ffe9f1a0000 - 0x00007ffe9f1ac000 	C:\Windows\SYSTEM32\CRYPTBASE.DLL
0x00007ffea09b0000 - 0x00007ffea0a74000 	C:\Windows\System32\OLEAUT32.dll
0x00007ffe8d990000 - 0x00007ffe8da39000 	C:\Windows\WinSxS\amd64_microsoft.windows.common-controls_6595b64144ccf1df_5.82.18362.836_none_2a2600ea466b531c\COMCTL32.dll
0x00007ffe9edf0000 - 0x00007ffe9edfc000 	C:\Windows\SYSTEM32\NETUTILS.DLL
0x00007ffea0c70000 - 0x00007ffea0dc7000 	C:\Windows\System32\ole32.dll
0x00007ffe9f890000 - 0x00007ffe9f8ec000 	C:\Windows\System32\WINTRUST.dll
0x00007ffe9f870000 - 0x00007ffe9f882000 	C:\Windows\System32\MSASN1.dll
0x00007ffe98050000 - 0x00007ffe9806c000 	C:\Windows\SYSTEM32\dhcpcsvc.DLL
0x00007ffea0860000 - 0x00007ffea09a9000 	C:\Windows\System32\CRYPT32.dll
0x00007ffea2850000 - 0x00007ffea2858000 	C:\Windows\System32\NSI.dll
0x00007ffea0a80000 - 0x00007ffea0aae000 	C:\Windows\System32\IMM32.DLL
0x00007ffe5c750000 - 0x00007ffe5cc67000 	E:\Xilinx\Vivado\2019.2\lib\win64.o\librdi_commontasks.dll
0x00007ffe97cf0000 - 0x00007ffe97cfa000 	C:\Windows\SYSTEM32\VERSION.dll
0x00007ffe52c10000 - 0x00007ffe52ef3000 	E:\Xilinx\Vivado\2019.2\lib\win64.o\librdi_sio.dll
0x00007ffe9ece0000 - 0x00007ffe9ed1a000 	C:\Windows\SYSTEM32\IPHLPAPI.DLL
0x0000000059aa0000 - 0x000000005a4c5000 	E:\Xilinx\Vivado\2019.2\tps\win64\jre9.0.4\bin\server\jvm.dll
0x00007ffea0bb0000 - 0x00007ffea0bb8000 	C:\Windows\System32\PSAPI.DLL
0x00007ffe9d720000 - 0x00007ffe9d744000 	C:\Windows\SYSTEM32\WINMM.dll
0x00007ffe9d380000 - 0x00007ffe9d3ad000 	C:\Windows\SYSTEM32\WINMMBASE.dll
0x00007ffe65870000 - 0x00007ffe6595f000 	C:\Windows\SYSTEM32\MSVCR120.dll
0x00007ffe9efd0000 - 0x00007ffe9f037000 	C:\Windows\SYSTEM32\MSWSOCK.DLL
0x00007ffe4d7e0000 - 0x00007ffe4ff25000 	E:\Xilinx\Vivado\2019.2\lib\win64.o\librdi_tcltasks.dll
0x00007ffe51c70000 - 0x00007ffe52124000 	E:\Xilinx\Vivado\2019.2\lib\win64.o\librdi_bitstream.dll
0x00007ffe5c5b0000 - 0x00007ffe5c74d000 	E:\Xilinx\Vivado\2019.2\lib\win64.o\librdi_board.dll
0x00007ffe65710000 - 0x00007ffe65862000 	E:\Xilinx\Vivado\2019.2\lib\win64.o\librdi_cd_client.dll
0x00007ffe75dd0000 - 0x00007ffe75e4b000 	E:\Xilinx\Vivado\2019.2\lib\win64.o\librdi_boarddep.dll
0x00007ffe57f00000 - 0x00007ffe57fef000 	E:\Xilinx\Vivado\2019.2\lib\win64.o\librdi_chipscope.dll
0x00007ffe52520000 - 0x00007ffe526e0000 	E:\Xilinx\Vivado\2019.2\lib\win64.o\librdi_chipscopeimpl.dll
0x00007ffe51940000 - 0x00007ffe51c64000 	E:\Xilinx\Vivado\2019.2\lib\win64.o\librdi_containers.dll
0x00007ffe4bd00000 - 0x00007ffe4d7da000 	E:\Xilinx\Vivado\2019.2\lib\win64.o\librdi_constraints.dll
0x00007ffe4b620000 - 0x00007ffe4bcf9000 	E:\Xilinx\Vivado\2019.2\lib\win64.o\librdi_coregenipxact.dll
0x00007ffe47350000 - 0x00007ffe4b61b000 	E:\Xilinx\Vivado\2019.2\lib\win64.o\librdi_designutils.dll
0x00007ffe45360000 - 0x00007ffe47350000 	E:\Xilinx\Vivado\2019.2\lib\win64.o\librdi_coregen.dll
0x00007ffe307b0000 - 0x00007ffe4535b000 	E:\Xilinx\Vivado\2019.2\lib\win64.o\librdi_device.dll
0x00007ffe515f0000 - 0x00007ffe5193a000 	E:\Xilinx\Vivado\2019.2\lib\win64.o\librdi_dlyest.dll
0x00007ffe301e0000 - 0x00007ffe307ad000 	E:\Xilinx\Vivado\2019.2\lib\win64.o\librdi_drc.dll
0x00007ffe65f20000 - 0x00007ffe65fe4000 	E:\Xilinx\Vivado\2019.2\lib\win64.o\librdi_dsp.dll
0x00007ffe7c790000 - 0x00007ffe7c7fa000 	E:\Xilinx\Vivado\2019.2\lib\win64.o\librdi_hdf.dll
0x00007ffe2fb70000 - 0x00007ffe301db000 	E:\Xilinx\Vivado\2019.2\lib\win64.o\librdi_filemgmt.dll
0x00007ffe2f860000 - 0x00007ffe2fb70000 	E:\Xilinx\Vivado\2019.2\lib\win64.o\librdi_guitools.dll
0x00007ffe52300000 - 0x00007ffe52520000 	E:\Xilinx\Vivado\2019.2\lib\win64.o\librdi_hip_devdesign.dll
0x00007ffe572f0000 - 0x00007ffe57438000 	E:\Xilinx\Vivado\2019.2\lib\win64.o\librdi_hip_perf_analysis.dll
0x00007ffe75be0000 - 0x00007ffe75c54000 	E:\Xilinx\Vivado\2019.2\lib\win64.o\librdi_memoryarray.dll
0x00007ffe2f220000 - 0x00007ffe2f851000 	E:\Xilinx\Vivado\2019.2\lib\win64.o\librdi_memdata.dll
0x00007ffe2dab0000 - 0x00007ffe2f21d000 	E:\Xilinx\Vivado\2019.2\lib\win64.o\librdi_implflow.dll
0x00007ffe2ace0000 - 0x00007ffe2daab000 	E:\Xilinx\Vivado\2019.2\lib\win64.o\librdi_mig.dll
0x00007ffe74ba0000 - 0x00007ffe74bec000 	E:\Xilinx\Vivado\2019.2\lib\win64.o\librdi_pfi.dll
0x00007ffe2a5f0000 - 0x00007ffe2acd3000 	E:\Xilinx\Vivado\2019.2\lib\win64.o\librdi_netlist.dll
0x00007ffe2a2d0000 - 0x00007ffe2a5eb000 	E:\Xilinx\Vivado\2019.2\lib\win64.o\librdi_platform.dll
0x00007ffe271f0000 - 0x00007ffe279fb000 	E:\Xilinx\Vivado\2019.2\lib\win64.o\librdi_power.dll
0x00007ffe27a00000 - 0x00007ffe2a2c7000 	E:\Xilinx\Vivado\2019.2\lib\win64.o\librdi_place.dll
0x00007ffe26c30000 - 0x00007ffe271ea000 	E:\Xilinx\Vivado\2019.2\lib\win64.o\librdi_project.dll
0x00007ffe264f0000 - 0x00007ffe26c23000 	E:\Xilinx\Vivado\2019.2\lib\win64.o\librdi_psta.dll
0x00007ffe260c0000 - 0x00007ffe264e3000 	E:\Xilinx\Vivado\2019.2\lib\win64.o\librdi_runs.dll
0x00007ffe259f0000 - 0x00007ffe260b1000 	E:\Xilinx\Vivado\2019.2\lib\win64.o\librdi_rsb.dll
0x00007ffe52740000 - 0x00007ffe52848000 	E:\Xilinx\Vivado\2019.2\lib\win64.o\librdi_runsbase.dll
0x00007ffe51450000 - 0x00007ffe515f0000 	E:\Xilinx\Vivado\2019.2\lib\win64.o\librdi_cd_protocol.dll
0x00007ffe25840000 - 0x00007ffe259e1000 	E:\Xilinx\Vivado\2019.2\lib\win64.o\librdi_advchipscopeimpl.dll
0x00007ffe740e0000 - 0x00007ffe7412c000 	E:\Xilinx\Vivado\2019.2\lib\win64.o\libboost_serialization.dll
0x00007ffe249b0000 - 0x00007ffe2583d000 	E:\Xilinx\Vivado\2019.2\lib\win64.o\librdi_timing.dll
0x00007ffe24730000 - 0x00007ffe249a5000 	E:\Xilinx\Vivado\2019.2\lib\win64.o\librdi_simdata.dll

VM Arguments:
jvm_args: -Dsun.java2d.pmoffscreen=false -Dsun.java2d.xrender=false -Dsun.java2d.d3d=false -Dsun.awt.nopixfmt=true -Dsun.java2d.dpiaware=true -Dsun.java2d.uiScale.enabled=false -Xverify:none -Dswing.aatext=true -XX:-UsePerfData -Djdk.map.althashing.threshold=512 -XX:StringTableSize=4072 --add-opens=java.base/java.nio=ALL-UNNAMED --add-opens=java.desktop/sun.swing=ALL-UNNAMED --add-opens=java.desktop/javax.swing=ALL-UNNAMED --add-opens=java.desktop/javax.swing.tree=ALL-UNNAMED --add-opens=java.desktop/javax.swing.plaf.basic=ALL-UNNAMED --add-opens=java.desktop/javax.swing.plaf.synth=ALL-UNNAMED --add-opens=java.desktop/com.sun.awt=ALL-UNNAMED -XX:NewSize=60m -XX:MaxNewSize=60m -Xms128m -Xmx3072m -Xss5m 
java_command: <unknown>
java_class_path (initial): E:/Xilinx/Vivado/2019.2\lib\classes\alloy.jar;E:/Xilinx/Vivado/2019.2\lib\classes\autoesl-common.jar;E:/Xilinx/Vivado/2019.2\lib\classes\autoesl-models.jar;E:/Xilinx/Vivado/2019.2\lib\classes\autoesl-report.jar;E:/Xilinx/Vivado/2019.2\lib\classes\autopilot.scelaborator.jar;E:/Xilinx/Vivado/2019.2\lib\classes\autopilot.sourceprocessor.jar;E:/Xilinx/Vivado/2019.2\lib\classes\autopilot.tbprocessor.jar;E:/Xilinx/Vivado/2019.2\lib\classes\batik-anim.jar;E:/Xilinx/Vivado/2019.2\lib\classes\batik-awt-util.jar;E:/Xilinx/Vivado/2019.2\lib\classes\batik-bridge.jar;E:/Xilinx/Vivado/2019.2\lib\classes\batik-codec.jar;E:/Xilinx/Vivado/2019.2\lib\classes\batik-css.jar;E:/Xilinx/Vivado/2019.2\lib\classes\batik-dom.jar;E:/Xilinx/Vivado/2019.2\lib\classes\batik-ext.jar;E:/Xilinx/Vivado/2019.2\lib\classes\batik-gui-util.jar;E:/Xilinx/Vivado/2019.2\lib\classes\batik-gvt.jar;E:/Xilinx/Vivado/2019.2\lib\classes\batik-parser.jar;E:/Xilinx/Vivado/2019.2\lib\classes\batik-script.jar;E:/Xilinx/Vivado/2019.2\lib\classes\batik-svg-dom.jar;E:/Xilinx/Vivado/2019.2\lib\classes\batik-swing.jar;E:/Xilinx/Vivado/2019.2\lib\classes\batik-transcoder.jar;E:/Xilinx/Vivado/2019.2\lib\classes\batik-util.jar;E:/Xilinx/Vivado/2019.2\lib\classes\batik-xml.jar;E:/Xilinx/Vivado/2019.2\lib\classes\com.google.gson_2.7.0.v20170129-0911.jar;E:/Xilinx/Vivado/2019.2\lib\classes\com.google.guava_21.0.0.v20170206-1425.jar;E:/Xilinx/Vivado/2019.2\lib\classes\com.ibm.icu_4.4.2.v20110208.jar;E:/Xilinx/Vivado/2019.2\lib\classes\com.sigasi.hdt.connection_4.5.0.201909241521.jar;E:/Xilinx/Vivado/2019.2\lib\classes\com.sigasi.hdt.epl_4.5.0.201909241521.jar;E:/Xilinx/Vivado/2019.2\lib\classes\com.sigasi.hdt.project_4.5.0.201909241521.jar;E:/Xilinx/Vivado/2019.2\lib\classes\com.sigasi.hdt.readonlyfilesystem_4.5.0.201909241521.jar;E:/Xilinx/Vivado/2019.2\lib\classes\com.sigasi.lcm_4.5.0.201909241521.jar;E:/Xilinx/Vivado/2019.2\lib\classes\com.sigasi.sdk.client_4.5.0.201909241521.jar;E:/Xilinx/Vivado
Launcher Type: generic

Logging:
Log output configuration:
#0: stdout all=warning uptime,level,tags
#1: stderr all=off uptime,level,tags

Environment Variables:
JAVA_HOME=E:\Java\jdk1.8.0_241
CLASSPATH=G:\LINGO64_18\Lingo18.jar
PATH=E:/Xilinx/Vivado/2019.2\gnuwin\bin;E:/Xilinx/Vivado/2019.2\gnu\microblaze\nt\bin;E:/Xilinx/Vivado/2019.2/bin;E:/Xilinx/Vivado/2019.2/lib/win64.o;E:/Xilinx/Vivado/2019.2/tps/win64/jre9.0.4/bin/server;E:/Xilinx/Vivado/2019.2/tps/win64/jre9.0.4/bin;E:/Xilinx/Vivado/2019.2/ids_lite/ISE/bin/nt64;E:/Xilinx/Vivado/2019.2/ids_lite/ISE/lib/nt64;C:\Program Files (x86)\Common Files\Oracle\Java\javapath;E:\NVIDIA GPU Computing Toolkit\CUDA\v10.1\bin;E:\NVIDIA GPU Computing Toolkit\CUDA\v10.1\libnvvp;E:\NVIDIA GPU Computing Toolkit\cuDNN\bin;E:\NVIDIA GPU Computing Toolkit\CUDA\v10.1\lib\x64;E:\NVIDIA GPU Computing Toolkit\CUDA\v10.1\include;E:\NVIDIA GPU Computing Toolkit\CUDA\v10.1\extras\CUPTI\lib64;C:\Windows\system32;C:\Windows;C:\Windows\System32\Wbem;C:\Windows\System32\WindowsPowerShell\v1.0\;C:\Windows\System32\OpenSSH\;G:\Matlab2019b\runtime\win64;G:\Matlab2019b\bin;G:\PuTTY\;G:\Git\cmd;G:\CMake\bin;G:\LINGO64_18\;E:\Visual_Studio_Community_2019\VC\Tools\MSVC\14.24.28314\bin\Hostx64\x64;E:\neo4j\neo4j-community-3\bin;E:\Java\jdk-14\\classpath;C:\Program Files\NVIDIA Corporation\Nsight Compute 2019.4.0\;C:\Program Files (x86)\NVIDIA Corporation\PhysX\Common;C:\Program Files\NVIDIA Corporation\NVIDIA NvDLISR;C:\Program Files\dotnet\;E:\mysql-8.0.19-winx64\bin;G:\graphviz-2.38\release\bin;E:\Java\jdk1.8.0_241\bin;E:\Java\jdk1.8.0_241\jre\bin;G:\Git\bin;E:\anaconda3;E:\anaconda3\Library\mingw-w64\bin;E:\anaconda3\Library\usr\bin;E:\anaconda3\Library\bin;E:\anaconda3\Scripts;C:\Users\89565\.cargo\bin;C:\Users\89565\AppData\Local\Microsoft\WindowsApps;G:\JetBrains\PyCharm Community Edition 2019.3\PyCharm Community Edition 2019.3.3\bin;C:\Users\89565\AppData\Local\GitHubDesktop\bin;G:\JetBrains\IntelliJ IDEA 2019.3.3\bin;;E:\JetBrains\IntelliJ IDEA Community Edition 2019.3.3\bin;G:\texlive\2019\bin\win32;E:\JetBrains\PyCharm Community Edition 2019.3\PyCharm Community Edition 2019.3.3\bin;E:\VSCode\Microsoft VS Code\bin;G:\Prince\engine\bin;E:/Xilinx/Vivado/2019.2\tps\mingw\
USERNAME=Rabbit
OS=Windows_NT
PROCESSOR_IDENTIFIER=Intel64 Family 6 Model 60 Stepping 3, GenuineIntel



---------------  S Y S T E M  ---------------

OS: Windows 10 , 64 bit Build 18362 (10.0.18362.778)

CPU:total 8 (initial active 8) (4 cores per cpu, 2 threads per core) family 6 model 60 stepping 3, cmov, cx8, fxsr, mmx, sse, sse2, sse3, ssse3, sse4.1, sse4.2, popcnt, avx, avx2, aes, clmul, erms, lzcnt, ht, tsc, tscinvbit, bmi1, bmi2, fma

Memory: 4k page, physical 16658548k(8571848k free), swap 26095732k(15487492k free)

vm_info: Java HotSpot(TM) 64-Bit Server VM (9.0.4+11) for windows-amd64 JRE (9.0.4+11), built on Dec 20 2017 02:18:54 by "mach5one" with MS VC++ 12.0 (VS2013)

END.
