INFO: [VRFC 10-2263] Analyzing Verilog file "D:/VivadoProject/COD/Lab5/cpu_pipeline_IDbeq_forward_early/cpu_pipeline_IDbeq_forward_early.srcs/sources_1/ip/data_mem_256x32/sim/data_mem_256x32.v" into library xil_defaultlib
INFO: [VRFC 10-311] analyzing module data_mem_256x32
INFO: [VRFC 10-2263] Analyzing Verilog file "D:/VivadoProject/COD/Lab5/cpu_pipeline_IDbeq_forward_early/cpu_pipeline_IDbeq_forward_early.srcs/sources_1/ip/instr_mem_256x32/sim/instr_mem_256x32.v" into library xil_defaultlib
INFO: [VRFC 10-311] analyzing module instr_mem_256x32
INFO: [VRFC 10-2263] Analyzing Verilog file "D:/VivadoProject/COD/Lab5/cpu_pipeline_IDbeq_forward_early/cpu_pipeline_IDbeq_forward_early.srcs/sources_1/new/ALU.v" into library xil_defaultlib
INFO: [VRFC 10-311] analyzing module ALU
INFO: [VRFC 10-2263] Analyzing Verilog file "D:/VivadoProject/COD/Lab5/cpu_pipeline_IDbeq_forward_early/cpu_pipeline_IDbeq_forward_early.srcs/sources_1/new/alu_control.v" into library xil_defaultlib
INFO: [VRFC 10-311] analyzing module alu_control
INFO: [VRFC 10-2263] Analyzing Verilog file "D:/VivadoProject/COD/Lab5/cpu_pipeline_IDbeq_forward_early/cpu_pipeline_IDbeq_forward_early.srcs/sources_1/new/control_unit.v" into library xil_defaultlib
INFO: [VRFC 10-311] analyzing module control_unit
INFO: [VRFC 10-2263] Analyzing Verilog file "D:/VivadoProject/COD/Lab5/cpu_pipeline_IDbeq_forward_early/cpu_pipeline_IDbeq_forward_early.srcs/sources_1/new/cpu_pipeline.v" into library xil_defaultlib
INFO: [VRFC 10-311] analyzing module cpu_pipeline
INFO: [VRFC 10-2458] undeclared symbol alu_zf, assumed default net type wire [D:/VivadoProject/COD/Lab5/cpu_pipeline_IDbeq_forward_early/cpu_pipeline_IDbeq_forward_early.srcs/sources_1/new/cpu_pipeline.v:277]
INFO: [VRFC 10-2458] undeclared symbol alu_cf, assumed default net type wire [D:/VivadoProject/COD/Lab5/cpu_pipeline_IDbeq_forward_early/cpu_pipeline_IDbeq_forward_early.srcs/sources_1/new/cpu_pipeline.v:278]
INFO: [VRFC 10-2458] undeclared symbol alu_of, assumed default net type wire [D:/VivadoProject/COD/Lab5/cpu_pipeline_IDbeq_forward_early/cpu_pipeline_IDbeq_forward_early.srcs/sources_1/new/cpu_pipeline.v:279]
WARNING: [VRFC 10-3380] identifier 'equal_a' is used before its declaration [D:/VivadoProject/COD/Lab5/cpu_pipeline_IDbeq_forward_early/cpu_pipeline_IDbeq_forward_early.srcs/sources_1/new/cpu_pipeline.v:166]
INFO: [VRFC 10-2263] Analyzing Verilog file "D:/VivadoProject/COD/Lab5/cpu_pipeline_IDbeq_forward_early/cpu_pipeline_IDbeq_forward_early.srcs/sources_1/new/forwarding_unit.v" into library xil_defaultlib
INFO: [VRFC 10-311] analyzing module forwarding_unit
INFO: [VRFC 10-2263] Analyzing Verilog file "D:/VivadoProject/COD/Lab5/cpu_pipeline_IDbeq_forward_early/cpu_pipeline_IDbeq_forward_early.srcs/sources_1/new/hazard_detection_unit.v" into library xil_defaultlib
INFO: [VRFC 10-311] analyzing module hazard_detection_unit
INFO: [VRFC 10-2263] Analyzing Verilog file "D:/VivadoProject/COD/Lab5/cpu_pipeline_IDbeq_forward_early/cpu_pipeline_IDbeq_forward_early.srcs/sources_1/new/register.v" into library xil_defaultlib
INFO: [VRFC 10-311] analyzing module register_asyn
INFO: [VRFC 10-311] analyzing module register_syn
INFO: [VRFC 10-2263] Analyzing Verilog file "D:/VivadoProject/COD/Lab5/cpu_pipeline_IDbeq_forward_early/cpu_pipeline_IDbeq_forward_early.srcs/sources_1/new/register_file.v" into library xil_defaultlib
INFO: [VRFC 10-311] analyzing module register_file
INFO: [VRFC 10-2263] Analyzing Verilog file "D:/VivadoProject/COD/Lab5/cpu_pipeline_IDbeq_forward_early/cpu_pipeline_IDbeq_forward_early.srcs/sim_1/new/cpu_tb.v" into library xil_defaultlib
INFO: [VRFC 10-311] analyzing module cpu_tb
