#-----------------------------------------------------------
# Vivado v2019.1 (64-bit)
# SW Build 2552052 on Fri May 24 14:49:42 MDT 2019
# IP Build 2548770 on Fri May 24 18:01:18 MDT 2019
# Start of session at: Wed Apr  6 23:27:48 2022
# Process ID: 11020
# Current directory: C:/Users/expecto/Desktop/Lab/COD_Lab/USTC-2020-COD-Labs-master/USTC-2020-COD-Labs-master/Lab2/Lab2_single
# Command line: vivado.exe -gui_launcher_event rodinguilauncherevent832 C:\Users\expecto\Desktop\Lab\COD_Lab\USTC-2020-COD-Labs-master\USTC-2020-COD-Labs-master\Lab2\Lab2_single\Lab2_single.xpr
# Log file: C:/Users/expecto/Desktop/Lab/COD_Lab/USTC-2020-COD-Labs-master/USTC-2020-COD-Labs-master/Lab2/Lab2_single/vivado.log
# Journal file: C:/Users/expecto/Desktop/Lab/COD_Lab/USTC-2020-COD-Labs-master/USTC-2020-COD-Labs-master/Lab2/Lab2_single\vivado.jou
#-----------------------------------------------------------
start_gui
open_project C:/Users/expecto/Desktop/Lab/COD_Lab/USTC-2020-COD-Labs-master/USTC-2020-COD-Labs-master/Lab2/Lab2_single/Lab2_single.xpr
INFO: [ProjectBase 1-489] The host OS only allows 260 characters in a normal path. The project is stored in a path with more than 80 characters. If you experience issues with IP, Block Designs, or files not being found, please consider moving the project to a location with a shorter path. Alternately consider using the OS subst command to map part of the path to a drive letter.
Current project path is 'C:/Users/expecto/Desktop/Lab/COD_Lab/USTC-2020-COD-Labs-master/USTC-2020-COD-Labs-master/Lab2/Lab2_single'
INFO: [Project 1-313] Project file moved from 'D:/VivadoProject/COD/Lab2/Lab2_single' since last save.
CRITICAL WARNING: [Project 1-311] Could not find the file 'C:/Users/expecto/Desktop/Lab/COD_Lab/USTC-2020-COD-Labs-master/USTC-2020-COD-Labs-master/Lab2_single/Lab2_single.srcs/sources_1/ram_init.coe', nor could it be found using path 'D:/VivadoProject/COD/Lab2_single/Lab2_single.srcs/sources_1/ram_init.coe'.
Scanning sources...
Finished scanning sources
CRITICAL WARNING: [Project 1-505] Unrecognized Option Name DcpsUptoDate
INFO: [IP_Flow 19-234] Refreshing IP repositories
INFO: [IP_Flow 19-1704] No user IP repositories specified
INFO: [IP_Flow 19-2313] Loaded Vivado IP repository 'C:/Xilinx/Vivado/2019.1/data/ip'.
WARNING: [IP_Flow 19-2162] IP 'blk_mem_gen_16x8' is locked:
* Project containing IP 'blk_mem_gen_16x8' is read-only. * IP definition 'Block Memory Generator (8.4)' for IP 'blk_mem_gen_16x8' (customized with software release 2019.2) has a different revision in the IP Catalog.
WARNING: [IP_Flow 19-2162] IP 'dist_mem_gen_16x8' is locked:
* Project containing IP 'dist_mem_gen_16x8' is read-only.
WARNING: [Project 1-231] Project 'Lab2_single.xpr' was created with a future version and may or may not perform reliably with this version of Vivado. It has been opened in read-only mode for the protection of unrecognized data. Use 'File | Save Project As...' if you wish to alter a copy of the project.
update_compile_order -fileset sources_1
save_project_as project_1 C:/Users/expecto/Desktop/project_1 -force
CRITICAL WARNING: [IP_Flow 19-4309] IP 'blk_mem_gen_16x8' is locked, parameter file paths could not be changed. Please ensure the IP is unlocked and retry the SaveAs/Import operation.
WARNING: [IP_Flow 19-2162] IP 'blk_mem_gen_16x8' is locked:
* IP definition 'Block Memory Generator (8.4)' for IP 'blk_mem_gen_16x8' (customized with software release 2019.2) has a different revision in the IP Catalog.
WARNING: [IP_Flow 19-2162] IP 'blk_mem_gen_16x8' is locked:
* IP definition 'Block Memory Generator (8.4)' for IP 'blk_mem_gen_16x8' (customized with software release 2019.2) has a different revision in the IP Catalog.
CRITICAL WARNING: [IP_Flow 19-4309] IP 'dist_mem_gen_16x8' is locked, parameter file paths could not be changed. Please ensure the IP is unlocked and retry the SaveAs/Import operation.
convert_ips [get_files  C:/Users/expecto/Desktop/project_1/project_1.srcs/sources_1/ip/blk_mem_gen_16x8/blk_mem_gen_16x8.xci]
ERROR: [Vivado 12-4810] IP 'blk_mem_gen_16x8' is locked and cannot be converted:

* IP definition 'Block Memory Generator (8.4)' for IP 'blk_mem_gen_16x8' (customized with software release 2019.2) has a different revision in the IP Catalog.
exit
INFO: [Common 17-206] Exiting Vivado at Wed Apr  6 23:36:09 2022...
