#-----------------------------------------------------------
# Vivado v2019.1 (64-bit)
# SW Build 2552052 on Fri May 24 14:49:42 MDT 2019
# IP Build 2548770 on Fri May 24 18:01:18 MDT 2019
# Start of session at: Thu Nov 24 17:56:41 2022
# Process ID: 6460
# Current directory: C:/Users/expecto/Desktop/Program/Lab/Digital_Electronics_Lab/Lab7/Lab7
# Command line: vivado.exe -gui_launcher_event rodinguilauncherevent15536 C:\Users\expecto\Desktop\Program\Lab\Digital_Electronics_Lab\Lab7\Lab7\Lab7.xpr
# Log file: C:/Users/expecto/Desktop/Program/Lab/Digital_Electronics_Lab/Lab7/Lab7/vivado.log
# Journal file: C:/Users/expecto/Desktop/Program/Lab/Digital_Electronics_Lab/Lab7/Lab7\vivado.jou
#-----------------------------------------------------------
start_gui
open_project C:/Users/expecto/Desktop/Program/Lab/Digital_Electronics_Lab/Lab7/Lab7/Lab7.xpr
Scanning sources...
Finished scanning sources
INFO: [IP_Flow 19-234] Refreshing IP repositories
INFO: [IP_Flow 19-1704] No user IP repositories specified
INFO: [IP_Flow 19-2313] Loaded Vivado IP repository 'C:/Xilinx/Vivado/2019.1/data/ip'.
update_compile_order -fileset sources_1
generate_target all [get_files  C:/Users/expecto/Desktop/Program/Lab/Digital_Electronics_Lab/Lab7/Lab7/Lab7.srcs/sources_1/ip/dist_mem_gen_0/dist_mem_gen_0.xci]
INFO: [IP_Flow 19-1686] Generating 'Instantiation Template' target for IP 'dist_mem_gen_0'...
INFO: [IP_Flow 19-1686] Generating 'Synthesis' target for IP 'dist_mem_gen_0'...
INFO: [IP_Flow 19-1686] Generating 'Simulation' target for IP 'dist_mem_gen_0'...
INFO: [IP_Flow 19-1686] Generating 'Change Log' target for IP 'dist_mem_gen_0'...
catch { config_ip_cache -export [get_ips -all dist_mem_gen_0] }
export_ip_user_files -of_objects [get_files C:/Users/expecto/Desktop/Program/Lab/Digital_Electronics_Lab/Lab7/Lab7/Lab7.srcs/sources_1/ip/dist_mem_gen_0/dist_mem_gen_0.xci] -no_script -sync -force -quiet
reset_run dist_mem_gen_0_synth_1
launch_runs -jobs 6 dist_mem_gen_0_synth_1
[Thu Nov 24 17:58:08 2022] Launched dist_mem_gen_0_synth_1...
Run output will be captured here: C:/Users/expecto/Desktop/Program/Lab/Digital_Electronics_Lab/Lab7/Lab7/Lab7.runs/dist_mem_gen_0_synth_1/runme.log
export_simulation -of_objects [get_files C:/Users/expecto/Desktop/Program/Lab/Digital_Electronics_Lab/Lab7/Lab7/Lab7.srcs/sources_1/ip/dist_mem_gen_0/dist_mem_gen_0.xci] -directory C:/Users/expecto/Desktop/Program/Lab/Digital_Electronics_Lab/Lab7/Lab7/Lab7.ip_user_files/sim_scripts -ip_user_files_dir C:/Users/expecto/Desktop/Program/Lab/Digital_Electronics_Lab/Lab7/Lab7/Lab7.ip_user_files -ipstatic_source_dir C:/Users/expecto/Desktop/Program/Lab/Digital_Electronics_Lab/Lab7/Lab7/Lab7.ip_user_files/ipstatic -lib_map_path [list {modelsim=C:/Users/expecto/Desktop/Program/Lab/Digital_Electronics_Lab/Lab7/Lab7/Lab7.cache/compile_simlib/modelsim} {questa=C:/Users/expecto/Desktop/Program/Lab/Digital_Electronics_Lab/Lab7/Lab7/Lab7.cache/compile_simlib/questa} {riviera=C:/Users/expecto/Desktop/Program/Lab/Digital_Electronics_Lab/Lab7/Lab7/Lab7.cache/compile_simlib/riviera} {activehdl=C:/Users/expecto/Desktop/Program/Lab/Digital_Electronics_Lab/Lab7/Lab7/Lab7.cache/compile_simlib/activehdl}] -use_ip_compiled_libs -force -quiet
reset_run synth_1
WARNING: [Vivado 12-1017] Problems encountered:
1. Failed to delete one or more files in run directory C:/Users/expecto/Desktop/Program/Lab/Digital_Electronics_Lab/Lab7/Lab7/Lab7.runs/synth_1

launch_runs impl_1 -to_step write_bitstream -jobs 6
[Thu Nov 24 17:58:16 2022] Launched dist_mem_gen_0_synth_1, synth_1...
Run output will be captured here:
dist_mem_gen_0_synth_1: C:/Users/expecto/Desktop/Program/Lab/Digital_Electronics_Lab/Lab7/Lab7/Lab7.runs/dist_mem_gen_0_synth_1/runme.log
synth_1: C:/Users/expecto/Desktop/Program/Lab/Digital_Electronics_Lab/Lab7/Lab7/Lab7.runs/synth_1/runme.log
[Thu Nov 24 17:58:16 2022] Launched impl_1...
Run output will be captured here: C:/Users/expecto/Desktop/Program/Lab/Digital_Electronics_Lab/Lab7/Lab7/Lab7.runs/impl_1/runme.log
close [ open C:/Users/expecto/Desktop/Program/Lab/Digital_Electronics_Lab/Lab7/Lab7/Lab7.srcs/sources_1/new/T2.v w ]
add_files C:/Users/expecto/Desktop/Program/Lab/Digital_Electronics_Lab/Lab7/Lab7/Lab7.srcs/sources_1/new/T2.v
update_compile_order -fileset sources_1
set_property top T2 [current_fileset]
update_compile_order -fileset sources_1
close [ open C:/Users/expecto/Desktop/Program/Lab/Digital_Electronics_Lab/Lab7/Lab7/Lab7.srcs/constrs_1/new/T2_con.xdc w ]
add_files -fileset constrs_1 C:/Users/expecto/Desktop/Program/Lab/Digital_Electronics_Lab/Lab7/Lab7/Lab7.srcs/constrs_1/new/T2_con.xdc
set_property is_enabled false [get_files  C:/Users/expecto/Desktop/Program/Lab/Digital_Electronics_Lab/Lab7/Lab7/Lab7.srcs/constrs_1/new/constrain.xdc]
reset_run synth_1
launch_runs impl_1 -to_step write_bitstream -jobs 6
[Thu Nov 24 18:07:34 2022] Launched synth_1...
Run output will be captured here: C:/Users/expecto/Desktop/Program/Lab/Digital_Electronics_Lab/Lab7/Lab7/Lab7.runs/synth_1/runme.log
[Thu Nov 24 18:07:34 2022] Launched impl_1...
Run output will be captured here: C:/Users/expecto/Desktop/Program/Lab/Digital_Electronics_Lab/Lab7/Lab7/Lab7.runs/impl_1/runme.log
close [ open C:/Users/expecto/Desktop/Program/Lab/Digital_Electronics_Lab/Lab7/Lab7/Lab7.srcs/sources_1/new/T3.v w ]
add_files C:/Users/expecto/Desktop/Program/Lab/Digital_Electronics_Lab/Lab7/Lab7/Lab7.srcs/sources_1/new/T3.v
update_compile_order -fileset sources_1
close [ open C:/Users/expecto/Desktop/Program/Lab/Digital_Electronics_Lab/Lab7/Lab7/Lab7.srcs/sources_1/new/hexplay.v w ]
add_files C:/Users/expecto/Desktop/Program/Lab/Digital_Electronics_Lab/Lab7/Lab7/Lab7.srcs/sources_1/new/hexplay.v
update_compile_order -fileset sources_1
export_ip_user_files -of_objects  [get_files C:/Users/expecto/Desktop/Program/Lab/Digital_Electronics_Lab/Lab7/Lab7/Lab7.srcs/sources_1/new/hexplay.v] -no_script -reset -force -quiet
remove_files  C:/Users/expecto/Desktop/Program/Lab/Digital_Electronics_Lab/Lab7/Lab7/Lab7.srcs/sources_1/new/hexplay.v
file delete -force C:/Users/expecto/Desktop/Program/Lab/Digital_Electronics_Lab/Lab7/Lab7/Lab7.srcs/sources_1/new/hexplay.v
set_property top T3 [current_fileset]
update_compile_order -fileset sources_1
update_compile_order -fileset sources_1
update_compile_order -fileset sources_1
update_compile_order -fileset sources_1
update_compile_order -fileset sources_1
update_compile_order -fileset sources_1
update_compile_order -fileset sources_1
close [ open C:/Users/expecto/Desktop/Program/Lab/Digital_Electronics_Lab/Lab7/Lab7/Lab7.srcs/constrs_1/new/T3.xdc w ]
add_files -fileset constrs_1 C:/Users/expecto/Desktop/Program/Lab/Digital_Electronics_Lab/Lab7/Lab7/Lab7.srcs/constrs_1/new/T3.xdc
set_property is_enabled false [get_files  C:/Users/expecto/Desktop/Program/Lab/Digital_Electronics_Lab/Lab7/Lab7/Lab7.srcs/constrs_1/new/T2_con.xdc]
set_property is_enabled true [get_files  C:/Users/expecto/Desktop/Program/Lab/Digital_Electronics_Lab/Lab7/Lab7/Lab7.srcs/constrs_1/new/T2_con.xdc]
set_property is_enabled true [get_files  C:/Users/expecto/Desktop/Program/Lab/Digital_Electronics_Lab/Lab7/Lab7/Lab7.srcs/constrs_1/new/constrain.xdc]
set_property is_enabled false [get_files  C:/Users/expecto/Desktop/Program/Lab/Digital_Electronics_Lab/Lab7/Lab7/Lab7.srcs/constrs_1/new/T2_con.xdc]
set_property is_enabled false [get_files  C:/Users/expecto/Desktop/Program/Lab/Digital_Electronics_Lab/Lab7/Lab7/Lab7.srcs/constrs_1/new/constrain.xdc]
reset_run synth_1
launch_runs impl_1 -to_step write_bitstream -jobs 6 -scripts_only
reset_run synth_1
launch_runs impl_1 -to_step write_bitstream -jobs 6 -scripts_only
reset_run synth_1
launch_runs impl_1 -to_step write_bitstream -jobs 6 -scripts_only
reset_run synth_1
launch_runs impl_1 -to_step write_bitstream -jobs 6 -scripts_only
reset_run synth_1
launch_runs impl_1 -to_step write_bitstream -jobs 6
[Thu Nov 24 19:14:34 2022] Launched synth_1...
Run output will be captured here: C:/Users/expecto/Desktop/Program/Lab/Digital_Electronics_Lab/Lab7/Lab7/Lab7.runs/synth_1/runme.log
[Thu Nov 24 19:14:34 2022] Launched impl_1...
Run output will be captured here: C:/Users/expecto/Desktop/Program/Lab/Digital_Electronics_Lab/Lab7/Lab7/Lab7.runs/impl_1/runme.log
reset_run synth_1
launch_runs impl_1 -to_step write_bitstream -jobs 6
[Thu Nov 24 19:17:02 2022] Launched synth_1...
Run output will be captured here: C:/Users/expecto/Desktop/Program/Lab/Digital_Electronics_Lab/Lab7/Lab7/Lab7.runs/synth_1/runme.log
[Thu Nov 24 19:17:02 2022] Launched impl_1...
Run output will be captured here: C:/Users/expecto/Desktop/Program/Lab/Digital_Electronics_Lab/Lab7/Lab7/Lab7.runs/impl_1/runme.log
reset_run synth_1
launch_runs impl_1 -to_step write_bitstream -jobs 6
[Thu Nov 24 19:25:37 2022] Launched synth_1...
Run output will be captured here: C:/Users/expecto/Desktop/Program/Lab/Digital_Electronics_Lab/Lab7/Lab7/Lab7.runs/synth_1/runme.log
[Thu Nov 24 19:25:37 2022] Launched impl_1...
Run output will be captured here: C:/Users/expecto/Desktop/Program/Lab/Digital_Electronics_Lab/Lab7/Lab7/Lab7.runs/impl_1/runme.log
reset_run impl_1
reset_run synth_1
launch_runs impl_1 -to_step write_bitstream -jobs 6
[Thu Nov 24 19:27:01 2022] Launched synth_1...
Run output will be captured here: C:/Users/expecto/Desktop/Program/Lab/Digital_Electronics_Lab/Lab7/Lab7/Lab7.runs/synth_1/runme.log
[Thu Nov 24 19:27:01 2022] Launched impl_1...
Run output will be captured here: C:/Users/expecto/Desktop/Program/Lab/Digital_Electronics_Lab/Lab7/Lab7/Lab7.runs/impl_1/runme.log
reset_run synth_1
launch_runs impl_1 -to_step write_bitstream -jobs 6
[Thu Nov 24 19:39:11 2022] Launched synth_1...
Run output will be captured here: C:/Users/expecto/Desktop/Program/Lab/Digital_Electronics_Lab/Lab7/Lab7/Lab7.runs/synth_1/runme.log
[Thu Nov 24 19:39:11 2022] Launched impl_1...
Run output will be captured here: C:/Users/expecto/Desktop/Program/Lab/Digital_Electronics_Lab/Lab7/Lab7/Lab7.runs/impl_1/runme.log
reset_run impl_1 -prev_step 
reset_run synth_1
launch_runs impl_1 -to_step write_bitstream -jobs 12
[Thu Nov 24 19:40:48 2022] Launched synth_1...
Run output will be captured here: C:/Users/expecto/Desktop/Program/Lab/Digital_Electronics_Lab/Lab7/Lab7/Lab7.runs/synth_1/runme.log
[Thu Nov 24 19:40:48 2022] Launched impl_1...
Run output will be captured here: C:/Users/expecto/Desktop/Program/Lab/Digital_Electronics_Lab/Lab7/Lab7/Lab7.runs/impl_1/runme.log
set_property top T1 [current_fileset]
set_property is_enabled false [get_files  C:/Users/expecto/Desktop/Program/Lab/Digital_Electronics_Lab/Lab7/Lab7/Lab7.srcs/constrs_1/new/T3.xdc]
set_property is_enabled true [get_files  C:/Users/expecto/Desktop/Program/Lab/Digital_Electronics_Lab/Lab7/Lab7/Lab7.srcs/constrs_1/new/constrain.xdc]
update_compile_order -fileset sources_1
reset_run synth_1
launch_runs impl_1 -to_step write_bitstream -jobs 12
[Thu Nov 24 19:45:45 2022] Launched synth_1...
Run output will be captured here: C:/Users/expecto/Desktop/Program/Lab/Digital_Electronics_Lab/Lab7/Lab7/Lab7.runs/synth_1/runme.log
[Thu Nov 24 19:45:45 2022] Launched impl_1...
Run output will be captured here: C:/Users/expecto/Desktop/Program/Lab/Digital_Electronics_Lab/Lab7/Lab7/Lab7.runs/impl_1/runme.log
exit
INFO: [Common 17-206] Exiting Vivado at Thu Nov 24 19:50:58 2022...
