#-----------------------------------------------------------
# Vivado v2019.1 (64-bit)
# SW Build 2552052 on Fri May 24 14:49:42 MDT 2019
# IP Build 2548770 on Fri May 24 18:01:18 MDT 2019
# Start of session at: Thu Nov 24 19:56:22 2022
# Process ID: 4564
# Current directory: C:/Users/expecto/Desktop/Program/Lab/Digital_Electronics_Lab/Lab7/Lab7
# Command line: vivado.exe -gui_launcher_event rodinguilauncherevent15072 C:\Users\expecto\Desktop\Program\Lab\Digital_Electronics_Lab\Lab7\Lab7\Lab7.xpr
# Log file: C:/Users/expecto/Desktop/Program/Lab/Digital_Electronics_Lab/Lab7/Lab7/vivado.log
# Journal file: C:/Users/expecto/Desktop/Program/Lab/Digital_Electronics_Lab/Lab7/Lab7\vivado.jou
#-----------------------------------------------------------
start_gui
open_project C:/Users/expecto/Desktop/Program/Lab/Digital_Electronics_Lab/Lab7/Lab7/Lab7.xpr
Scanning sources...
Finished scanning sources
INFO: [IP_Flow 19-234] Refreshing IP repositories
INFO: [IP_Flow 19-1704] No user IP repositories specified
INFO: [IP_Flow 19-2313] Loaded Vivado IP repository 'C:/Xilinx/Vivado/2019.1/data/ip'.
update_compile_order -fileset sources_1
generate_target all [get_files  C:/Users/expecto/Desktop/Program/Lab/Digital_Electronics_Lab/Lab7/Lab7/Lab7.srcs/sources_1/ip/dist_mem_gen_0/dist_mem_gen_0.xci]
INFO: [IP_Flow 19-1686] Generating 'Instantiation Template' target for IP 'dist_mem_gen_0'...
INFO: [IP_Flow 19-1686] Generating 'Synthesis' target for IP 'dist_mem_gen_0'...
INFO: [IP_Flow 19-1686] Generating 'Simulation' target for IP 'dist_mem_gen_0'...
INFO: [IP_Flow 19-1686] Generating 'Change Log' target for IP 'dist_mem_gen_0'...
catch { config_ip_cache -export [get_ips -all dist_mem_gen_0] }
export_ip_user_files -of_objects [get_files C:/Users/expecto/Desktop/Program/Lab/Digital_Electronics_Lab/Lab7/Lab7/Lab7.srcs/sources_1/ip/dist_mem_gen_0/dist_mem_gen_0.xci] -no_script -sync -force -quiet
reset_run dist_mem_gen_0_synth_1
launch_runs -jobs 12 dist_mem_gen_0_synth_1
[Thu Nov 24 19:56:47 2022] Launched dist_mem_gen_0_synth_1...
Run output will be captured here: C:/Users/expecto/Desktop/Program/Lab/Digital_Electronics_Lab/Lab7/Lab7/Lab7.runs/dist_mem_gen_0_synth_1/runme.log
export_simulation -of_objects [get_files C:/Users/expecto/Desktop/Program/Lab/Digital_Electronics_Lab/Lab7/Lab7/Lab7.srcs/sources_1/ip/dist_mem_gen_0/dist_mem_gen_0.xci] -directory C:/Users/expecto/Desktop/Program/Lab/Digital_Electronics_Lab/Lab7/Lab7/Lab7.ip_user_files/sim_scripts -ip_user_files_dir C:/Users/expecto/Desktop/Program/Lab/Digital_Electronics_Lab/Lab7/Lab7/Lab7.ip_user_files -ipstatic_source_dir C:/Users/expecto/Desktop/Program/Lab/Digital_Electronics_Lab/Lab7/Lab7/Lab7.ip_user_files/ipstatic -lib_map_path [list {modelsim=C:/Users/expecto/Desktop/Program/Lab/Digital_Electronics_Lab/Lab7/Lab7/Lab7.cache/compile_simlib/modelsim} {questa=C:/Users/expecto/Desktop/Program/Lab/Digital_Electronics_Lab/Lab7/Lab7/Lab7.cache/compile_simlib/questa} {riviera=C:/Users/expecto/Desktop/Program/Lab/Digital_Electronics_Lab/Lab7/Lab7/Lab7.cache/compile_simlib/riviera} {activehdl=C:/Users/expecto/Desktop/Program/Lab/Digital_Electronics_Lab/Lab7/Lab7/Lab7.cache/compile_simlib/activehdl}] -use_ip_compiled_libs -force -quiet
reset_run synth_1
WARNING: [Vivado 12-1017] Problems encountered:
1. Failed to delete one or more files in run directory C:/Users/expecto/Desktop/Program/Lab/Digital_Electronics_Lab/Lab7/Lab7/Lab7.runs/synth_1

launch_runs impl_1 -to_step write_bitstream -jobs 12
[Thu Nov 24 19:56:54 2022] Launched dist_mem_gen_0_synth_1, synth_1...
Run output will be captured here:
dist_mem_gen_0_synth_1: C:/Users/expecto/Desktop/Program/Lab/Digital_Electronics_Lab/Lab7/Lab7/Lab7.runs/dist_mem_gen_0_synth_1/runme.log
synth_1: C:/Users/expecto/Desktop/Program/Lab/Digital_Electronics_Lab/Lab7/Lab7/Lab7.runs/synth_1/runme.log
[Thu Nov 24 19:56:54 2022] Launched impl_1...
Run output will be captured here: C:/Users/expecto/Desktop/Program/Lab/Digital_Electronics_Lab/Lab7/Lab7/Lab7.runs/impl_1/runme.log
exit
INFO: [Common 17-206] Exiting Vivado at Thu Nov 24 20:15:49 2022...
