#
# A fatal error has been detected by the Java Runtime Environment:
#
#  EXCEPTION_ACCESS_VIOLATION (0xc0000005) at pc=0x00007ff9ebde3370, pid=14168, tid=17992
#
# JRE version: Java(TM) SE Runtime Environment (9.0+11) (build 9.0.4+11)
# Java VM: Java HotSpot(TM) 64-Bit Server VM (9.0.4+11, mixed mode, tiered, compressed oops, g1 gc, windows-amd64)
# Problematic frame:
# C  [librdi_wavedata.dll+0x453370]
#
# No core dump will be written. Minidumps are not enabled by default on client versions of Windows
#
# If you would like to submit a bug report, please visit:
#   http://bugreport.java.com/bugreport/crash.jsp
# The crash happened outside the Java Virtual Machine in native code.
# See problematic frame for where to report the bug.
#

---------------  S U M M A R Y ------------

Command Line: -Dsun.java2d.pmoffscreen=false -Dsun.java2d.xrender=false -Dsun.java2d.d3d=false -Dsun.awt.nopixfmt=true -Dsun.java2d.dpiaware=true -Dsun.java2d.uiScale.enabled=false -Xverify:none -Dswing.aatext=true -XX:-UsePerfData -Djdk.map.althashing.threshold=512 -XX:StringTableSize=4072 --add-opens=java.base/java.nio=ALL-UNNAMED --add-opens=java.desktop/sun.swing=ALL-UNNAMED --add-opens=java.desktop/javax.swing=ALL-UNNAMED --add-opens=java.desktop/javax.swing.tree=ALL-UNNAMED --add-opens=java.desktop/javax.swing.plaf.basic=ALL-UNNAMED --add-opens=java.desktop/javax.swing.plaf.synth=ALL-UNNAMED --add-opens=java.desktop/com.sun.awt=ALL-UNNAMED -XX:NewSize=60m -XX:MaxNewSize=60m -Xms128m -Xmx3072m -Xss5m 

Host: Intel(R) Core(TM) i5-10600KF CPU @ 4.10GHz, 12 cores, 15G,  Windows 10 , 64 bit Build 22000 (10.0.22000.613)
Time: Wed Apr 20 19:41:42 2022 ?D1¨²¡À¨º¡Á?¨º¡À?? elapsed time: 739 seconds (0d 0h 12m 19s)

---------------  T H R E A D  ---------------

Current thread (0x000001688825b000):  JavaThread "AWT-EventQueue-1" [_thread_in_native, id=17992, stack(0x0000002ef4800000,0x0000002ef4d00000)]

Stack: [0x0000002ef4800000,0x0000002ef4d00000],  sp=0x0000002ef4cf3a58,  free space=5070k
Native frames: (J=compiled Java code, j=interpreted, Vv=VM code, C=native code)
C  [librdi_wavedata.dll+0x453370]

Java frames: (J=compiled Java code, j=interpreted, Vv=VM code)
j  ui.views.waveform.waveformi.WVExecutive_getValueDataSize(J)J+0
J 21912 c1 ui.views.waveform.executive.a.gFJ()Lui/views/waveform/executive/protobuf/WVNameValue$WVValueTreeMessage; (70 bytes) @ 0x0000016893eee9a4 [0x0000016893eee920+0x0000000000000084]
J 21911 c1 ui.views.waveform.f.w.gGB()[Ljava/lang/String; (53 bytes) @ 0x0000016893eeff8c [0x0000016893eefe80+0x000000000000010c]
j  ui.views.waveform.f.w.cRi()V+22
J 21896 c1 ui.views.waveform.m.cRi()V (28 bytes) @ 0x0000016893f731cc [0x0000016893f72d80+0x000000000000044c]
j  ui.views.waveform.w.cRi()V+29
J 20230 c1 ui.views.waveform.c.b.j(Lui/frmwork/b/i;)V (603 bytes) @ 0x00000168941aaf0c [0x00000168941a1d00+0x000000000000920c]
J 20229 c1 ui.views.waveform.w.a(Lui/frmwork/b/i;)V (17 bytes) @ 0x0000016893cc4394 [0x0000016893cc42c0+0x00000000000000d4]
J 15669 c1 ui.frmwork.b.l.d(Lui/frmwork/b/i;)V (61 bytes) @ 0x0000016892d7991c [0x0000016892d790c0+0x000000000000085c]
J 15659 c1 ui.frmwork.HTclEventBroker.i(JZ)V (471 bytes) @ 0x0000016893d4de2c [0x0000016893d49640+0x00000000000047ec]
J 15660 c1 ui.frmwork.HTclEventBroker.fireTclEvent(J)I (113 bytes) @ 0x0000016892e423cc [0x0000016892e41bc0+0x000000000000080c]
v  ~StubRoutines::call_stub
j  ui.views.waveform.waveformi.WVExecutive_processModelEvent(JJ)V+0
j  ui.views.waveform.executive.a.eE(J)V+5
j  ui.views.waveform.c.b.eD(J)V+8
J 20230 c1 ui.views.waveform.c.b.j(Lui/frmwork/b/i;)V (603 bytes) @ 0x00000168941abc44 [0x00000168941a1d00+0x0000000000009f44]
J 20229 c1 ui.views.waveform.w.a(Lui/frmwork/b/i;)V (17 bytes) @ 0x0000016893cc4394 [0x0000016893cc42c0+0x00000000000000d4]
J 15669 c1 ui.frmwork.b.l.d(Lui/frmwork/b/i;)V (61 bytes) @ 0x0000016892d7991c [0x0000016892d790c0+0x000000000000085c]
J 15659 c1 ui.frmwork.HTclEventBroker.i(JZ)V (471 bytes) @ 0x0000016893d4de2c [0x0000016893d49640+0x00000000000047ec]
J 15660 c1 ui.frmwork.HTclEventBroker.fireTclEvent(J)I (113 bytes) @ 0x0000016892e423cc [0x0000016892e41bc0+0x000000000000080c]
v  ~StubRoutines::call_stub
j  ui.views.waveform.waveformi.WVExecutive_processModelEvent(JJ)V+0
j  ui.views.waveform.executive.a.eE(J)V+5
j  ui.views.waveform.c.b.eD(J)V+8
j  ui.views.waveform.c.e.actionPerformed(Ljava/awt/event/ActionEvent;)V+8
J 19433 c2 javax.swing.Timer.fireActionPerformed(Ljava/awt/event/ActionEvent;)V java.desktop@9.0.4 (46 bytes) @ 0x0000016899b442d8 [0x0000016899b441c0+0x0000000000000118]
J 19439 c2 javax.swing.Timer$DoPostEvent.run()V java.desktop@9.0.4 (82 bytes) @ 0x0000016899b63c38 [0x0000016899b63940+0x00000000000002f8]
J 15723 c2 java.awt.EventQueue$3.run()Ljava/lang/Void; java.desktop@9.0.4 (60 bytes) @ 0x0000016899de8a8c [0x0000016899de8500+0x000000000000058c]
J 16305 c2 java.awt.EventQueue$3.run()Ljava/lang/Object; java.desktop@9.0.4 (5 bytes) @ 0x0000016899e898d4 [0x0000016899e898a0+0x0000000000000034]
v  ~StubRoutines::call_stub
J 4193  java.security.AccessController.doPrivileged(Ljava/security/PrivilegedAction;Ljava/security/AccessControlContext;)Ljava/lang/Object; java.base@9.0.4 (0 bytes) @ 0x0000016899229cc6 [0x0000016899229c60+0x0000000000000066]
J 13131 c2 ui.frmwork.b.d.dispatchEvent(Ljava/awt/AWTEvent;)V (34 bytes) @ 0x0000016899929734 [0x0000016899929360+0x00000000000003d4]
J 20102 c2 java.awt.EventDispatchThread.pumpOneEventForFilters(I)V java.desktop@9.0.4 (218 bytes) @ 0x000001689a1d0478 [0x000001689a1d00a0+0x00000000000003d8]
J 20617 c1 java.awt.EventDispatchThread.pumpEventsForFilter(ILjava/awt/Conditional;Ljava/awt/EventFilter;)V java.desktop@9.0.4 (47 bytes) @ 0x000001689435440c [0x0000016894354120+0x00000000000002ec]
j  java.awt.EventDispatchThread.pumpEventsForFilter(Ljava/awt/Conditional;Ljava/awt/EventFilter;)V+4 java.desktop@9.0.4
j  java.awt.WaitDispatchSupport$2.run()V+59 java.desktop@9.0.4
j  java.awt.WaitDispatchSupport$4.run()Ljava/lang/Void;+4 java.desktop@9.0.4
j  java.awt.WaitDispatchSupport$4.run()Ljava/lang/Object;+1 java.desktop@9.0.4
v  ~StubRoutines::call_stub
J 999  java.security.AccessController.doPrivileged(Ljava/security/PrivilegedAction;)Ljava/lang/Object; java.base@9.0.4 (0 bytes) @ 0x000001689903df32 [0x000001689903dee0+0x0000000000000052]
j  java.awt.WaitDispatchSupport.enter()Z+260 java.desktop@9.0.4
j  java.awt.Dialog.show()V+225 java.desktop@9.0.4
J 12795 c1 java.awt.Component.setVisible(Z)V java.desktop@9.0.4 (6 bytes) @ 0x00000168936e14cc [0x00000168936e12e0+0x00000000000001ec]
j  java.awt.Window.setVisible(Z)V+2 java.desktop@9.0.4
j  java.awt.Dialog.setVisible(Z)V+2 java.desktop@9.0.4
j  ui.b.c.g.setVisible(Z)V+2
j  ui.b.c.by.showDialog()V+64
j  ui.b.c.bF.actionPerformed(Ljava/awt/event/ActionEvent;)V+8
j  ui.b.c.by.cJI()V+396
j  ui.views.c.t.b.a.run()V+60
j  ui.frmwork.a.dWF()Z+66
j  ui.frmwork.V.dYl()V+42
j  ui.bk.actionPerformed(Ljava/awt/event/ActionEvent;)V+25
j  javax.swing.AbstractButton.fireActionPerformed(Ljava/awt/event/ActionEvent;)V+84 java.desktop@9.0.4
j  ui.utils.o.b.B.fireActionPerformed(Ljava/awt/event/ActionEvent;)V+7
j  javax.swing.AbstractButton$Handler.actionPerformed(Ljava/awt/event/ActionEvent;)V+5 java.desktop@9.0.4
j  javax.swing.DefaultButtonModel.fireActionPerformed(Ljava/awt/event/ActionEvent;)V+34 java.desktop@9.0.4
j  javax.swing.DefaultButtonModel.setPressed(Z)V+117 java.desktop@9.0.4
j  javax.swing.plaf.basic.BasicButtonListener.mouseReleased(Ljava/awt/event/MouseEvent;)V+35 java.desktop@9.0.4
j  com.jidesoft.plaf.basic.BasicJideButtonListener.mouseReleased(Ljava/awt/event/MouseEvent;)V+61
J 19912 c1 java.awt.AWTEventMulticaster.mouseReleased(Ljava/awt/event/MouseEvent;)V java.desktop@9.0.4 (27 bytes) @ 0x000001689395f60c [0x000001689395f400+0x000000000000020c]
J 19912 c1 java.awt.AWTEventMulticaster.mouseReleased(Ljava/awt/event/MouseEvent;)V java.desktop@9.0.4 (27 bytes) @ 0x000001689395f60c [0x000001689395f400+0x000000000000020c]
J 19912 c1 java.awt.AWTEventMulticaster.mouseReleased(Ljava/awt/event/MouseEvent;)V java.desktop@9.0.4 (27 bytes) @ 0x000001689395f60c [0x000001689395f400+0x000000000000020c]
J 19912 c1 java.awt.AWTEventMulticaster.mouseReleased(Ljava/awt/event/MouseEvent;)V java.desktop@9.0.4 (27 bytes) @ 0x000001689395f60c [0x000001689395f400+0x000000000000020c]
J 14398 c1 java.awt.Component.processMouseEvent(Ljava/awt/event/MouseEvent;)V java.desktop@9.0.4 (100 bytes) @ 0x0000016893a273b4 [0x0000016893a27020+0x0000000000000394]
J 14397 c1 javax.swing.JComponent.processMouseEvent(Ljava/awt/event/MouseEvent;)V java.desktop@9.0.4 (27 bytes) @ 0x0000016893a26b6c [0x0000016893a26960+0x000000000000020c]
J 12667 c2 java.awt.Container.processEvent(Ljava/awt/AWTEvent;)V java.desktop@9.0.4 (22 bytes) @ 0x000001689988b740 [0x000001689988b620+0x0000000000000120]
J 21964 c2 java.awt.Component.dispatchEventImpl(Ljava/awt/AWTEvent;)V java.desktop@9.0.4 (739 bytes) @ 0x000001689a493778 [0x000001689a492ce0+0x0000000000000a98]
J 20249 c2 java.awt.Container.dispatchEventImpl(Ljava/awt/AWTEvent;)V java.desktop@9.0.4 (129 bytes) @ 0x000001689a24d830 [0x000001689a24d640+0x00000000000001f0]
J 20015 c2 java.awt.LightweightDispatcher.retargetMouseEvent(Ljava/awt/Component;ILjava/awt/event/MouseEvent;)V java.desktop@9.0.4 (350 bytes) @ 0x000001689a1a32f0 [0x000001689a1a2d60+0x0000000000000590]
J 20249 c2 java.awt.Container.dispatchEventImpl(Ljava/awt/AWTEvent;)V java.desktop@9.0.4 (129 bytes) @ 0x000001689a24de68 [0x000001689a24d640+0x0000000000000828]
J 18138 c2 java.awt.Window.dispatchEventImpl(Ljava/awt/AWTEvent;)V java.desktop@9.0.4 (23 bytes) @ 0x000001689a03750c [0x000001689a0374c0+0x000000000000004c]
J 15723 c2 java.awt.EventQueue$3.run()Ljava/lang/Void; java.desktop@9.0.4 (60 bytes) @ 0x0000016899de8b3c [0x0000016899de8500+0x000000000000063c]
J 16305 c2 java.awt.EventQueue$3.run()Ljava/lang/Object; java.desktop@9.0.4 (5 bytes) @ 0x0000016899e898d4 [0x0000016899e898a0+0x0000000000000034]
v  ~StubRoutines::call_stub
J 4193  java.security.AccessController.doPrivileged(Ljava/security/PrivilegedAction;Ljava/security/AccessControlContext;)Ljava/lang/Object; java.base@9.0.4 (0 bytes) @ 0x0000016899229cc6 [0x0000016899229c60+0x0000000000000066]
J 15343 c2 java.awt.EventQueue$4.run()Ljava/lang/Object; java.desktop@9.0.4 (5 bytes) @ 0x0000016899d4ba34 [0x0000016899d4b7e0+0x0000000000000254]
v  ~StubRoutines::call_stub
J 4193  java.security.AccessController.doPrivileged(Ljava/security/PrivilegedAction;Ljava/security/AccessControlContext;)Ljava/lang/Object; java.base@9.0.4 (0 bytes) @ 0x0000016899229cc6 [0x0000016899229c60+0x0000000000000066]
J 13131 c2 ui.frmwork.b.d.dispatchEvent(Ljava/awt/AWTEvent;)V (34 bytes) @ 0x000001689992998c [0x0000016899929360+0x000000000000062c]
J 20102 c2 java.awt.EventDispatchThread.pumpOneEventForFilters(I)V java.desktop@9.0.4 (218 bytes) @ 0x000001689a1d0478 [0x000001689a1d00a0+0x00000000000003d8]
J 20601% c1 java.awt.EventDispatchThread.pumpEventsForFilter(ILjava/awt/Conditional;Ljava/awt/EventFilter;)V java.desktop@9.0.4 (47 bytes) @ 0x000001689433bee4 [0x000001689433bba0+0x0000000000000344]
j  java.awt.EventDispatchThread.pumpEventsForHierarchy(ILjava/awt/Conditional;Ljava/awt/Component;)V+11 java.desktop@9.0.4
j  java.awt.EventDispatchThread.pumpEvents(ILjava/awt/Conditional;)V+4 java.desktop@9.0.4
j  java.awt.EventDispatchThread.pumpEvents(Ljava/awt/Conditional;)V+3 java.desktop@9.0.4
j  java.awt.EventDispatchThread.run()V+9 java.desktop@9.0.4
v  ~StubRoutines::call_stub

siginfo: EXCEPTION_ACCESS_VIOLATION (0xc0000005), data execution prevention violation at address 0x00007ff9ebde3370


Register to memory mapping:

RIP=0x00007ff9ebde3370 librdi_wavedata.dll
RAX=0x00007ff9ebd885e0 librdi_wavedata.dll
RBX=0x0000000000000017 is an unknown value
RCX=0x00000168b483cb70 is an unknown value
RDX=0x0000016887d5bdc0 is an unknown value
RSP=0x0000002ef4cf3a58 is pointing into the stack for thread: 0x000001688825b000
RBP=0x0000002ef4cf3ac0 is pointing into the stack for thread: 0x000001688825b000
RSI=0x0000016887d5bdc0 is an unknown value
RDI=0x00000168b483cb70 is an unknown value
R8 =0x0000002ef4cf3d00 is pointing into the stack for thread: 0x000001688825b000
R9 =0x0000002ef4cf3d40 is pointing into the stack for thread: 0x000001688825b000
R10=0x0000000000000128 is an unknown value
R11=0x00000168b0144760 is an unknown value
R12=0x0000000000000000 is an unknown value
R13=0x0000002ef4cf3d00 is pointing into the stack for thread: 0x000001688825b000
R14=0x0000002ef4cf3d40 is pointing into the stack for thread: 0x000001688825b000
R15=0x0000000000000001 is an unknown value


Registers:
RAX=0x00007ff9ebd885e0, RBX=0x0000000000000017, RCX=0x00000168b483cb70, RDX=0x0000016887d5bdc0
RSP=0x0000002ef4cf3a58, RBP=0x0000002ef4cf3ac0, RSI=0x0000016887d5bdc0, RDI=0x00000168b483cb70
R8 =0x0000002ef4cf3d00, R9 =0x0000002ef4cf3d40, R10=0x0000000000000128, R11=0x00000168b0144760
R12=0x0000000000000000, R13=0x0000002ef4cf3d00, R14=0x0000002ef4cf3d40, R15=0x0000000000000001
RIP=0x00007ff9ebde3370, EFLAGS=0x0000000000010206

Top of Stack: (sp=0x0000002ef4cf3a58)
0x0000002ef4cf3a58:   00007ff9ebabf0f6 0000002ef4cf3ac0
0x0000002ef4cf3a68:   0000016800000000 0000000000008741
0x0000002ef4cf3a78:   0000000000000001 0000000000008745
0x0000002ef4cf3a88:   00007ffa00000001 fffffffffffffffe
0x0000002ef4cf3a98:   0000000000008740 000092542457a729
0x0000002ef4cf3aa8:   00000168b36157e0 0000000000000001
0x0000002ef4cf3ab8:   0000016887d5bdc0 0000000000000001
0x0000002ef4cf3ac8:   0000016887d5bdc0 0000000000000000
0x0000002ef4cf3ad8:   0000000000000000 0000000000000020
0x0000002ef4cf3ae8:   00007ff9ebabefd4 0000000000000200
0x0000002ef4cf3af8:   0000000000000017 0000016887d5bdc0
0x0000002ef4cf3b08:   00000168b5e5e580 0000016800000020
0x0000002ef4cf3b18:   0000002ef4cf3d40 0000002ef4cf3d00
0x0000002ef4cf3b28:   0000016887d5bdc0 fffffffffffffffe
0x0000002ef4cf3b38:   00007ff9eba9e650 0000000000000000
0x0000002ef4cf3b48:   f120000000000000 0000000000000000 

Instructions: (pc=0x00007ff9ebde3370)
0x00007ff9ebde3350:   00 00 00 00 ff ff ff ff 00 00 00 00 40 00 00 00
0x00007ff9ebde3360:   20 33 45 00 00 00 00 00 00 00 00 00 00 00 00 00
0x00007ff9ebde3370:   01 00 00 00 00 00 00 00 00 00 00 00 10 8a 58 00
0x00007ff9ebde3380:   98 33 45 00 70 33 45 00 00 00 00 00 00 00 00 00 



---------------  P R O C E S S  ---------------

Java Threads: ( => current thread )
  0x00000168ad900800 JavaThread "Relaunch Simulation" [_thread_blocked, id=19748, stack(0x0000002efa200000,0x0000002efa700000)]
  0x00000168ad8fd000 JavaThread "Monitor File Timestamp Swing Worker" [_thread_blocked, id=9996, stack(0x0000002efb900000,0x0000002efbe00000)]
  0x00000168ad8fc000 JavaThread "Timer-6" [_thread_blocked, id=17056, stack(0x0000002efb400000,0x0000002efb900000)]
  0x00000168ad8f7800 JavaThread "Monitor File Timestamp Swing Worker" [_thread_blocked, id=7564, stack(0x0000002ef9b00000,0x0000002efa000000)]
  0x00000168ad8fe800 JavaThread "Timer-3" [_thread_blocked, id=17536, stack(0x0000002ef9400000,0x0000002ef9900000)]
  0x00000168ad900000 JavaThread "Monitor File Timestamp Swing Worker" [_thread_blocked, id=5600, stack(0x0000002ef8200000,0x0000002ef8700000)]
  0x00000168ad8f6000 JavaThread "Timer-2" [_thread_blocked, id=18760, stack(0x0000002ef4d00000,0x0000002ef5200000)]
  0x00000168ad8f4000 JavaThread "Image Animator 0" daemon [_thread_blocked, id=17612, stack(0x0000002ef8c00000,0x0000002ef9100000)]
  0x00000168ad8f7000 JavaThread "Monitor File Timestamp Swing Worker" [_thread_blocked, id=19004, stack(0x0000002ef7d00000,0x0000002ef8200000)]
  0x00000168ad8fa800 JavaThread "Timer-0" [_thread_blocked, id=14220, stack(0x0000002ef6900000,0x0000002ef6e00000)]
  0x00000168ad8f2800 JavaThread "SyntheticaAnimation 50" daemon [_thread_blocked, id=3148, stack(0x0000002ef3900000,0x0000002ef3e00000)]
  0x00000168ad8f9000 JavaThread "Update Runs Swing Worker" [_thread_blocked, id=9564, stack(0x0000002ef8700000,0x0000002ef8c00000)]
  0x00000168ad8f3000 JavaThread "hw_ila_monitor" [_thread_blocked, id=5744, stack(0x0000002ef7800000,0x0000002ef7d00000)]
  0x00000168ad8f5800 JavaThread "Refresh Filesets Swing Worker" [_thread_blocked, id=7620, stack(0x0000002ef7300000,0x0000002ef7800000)]
  0x000001688a044800 JavaThread "SyntheticaAnimation 70" daemon [_thread_blocked, id=18652, stack(0x0000002ef6e00000,0x0000002ef7300000)]
  0x000001688a04a800 JavaThread "SyntheticaAnimation 25" daemon [_thread_blocked, id=6380, stack(0x0000002ef6400000,0x0000002ef6900000)]
  0x000001688a046800 JavaThread "SyntheticaAnimation 50" daemon [_thread_blocked, id=6472, stack(0x0000002ef5f00000,0x0000002ef6400000)]
  0x000001688a045000 JavaThread "Monitor HEventQueue" [_thread_blocked, id=9368, stack(0x0000002ef5a00000,0x0000002ef5f00000)]
  0x000001688a04b000 JavaThread "SyntheticaCleanerThread" daemon [_thread_blocked, id=16956, stack(0x0000002ef5200000,0x0000002ef5700000)]
  0x000001688a049800 JavaThread "Batik CleanerThread" daemon [_thread_blocked, id=8484, stack(0x0000002ef3e00000,0x0000002ef4300000)]
=>0x000001688825b000 JavaThread "AWT-EventQueue-1" [_thread_in_native, id=17992, stack(0x0000002ef4800000,0x0000002ef4d00000)]
  0x00000168ab532800 JavaThread "Process Messages" [_thread_blocked, id=16348, stack(0x0000002ef4300000,0x0000002ef4800000)]
  0x000001688676d000 JavaThread "Thread-1" [_thread_in_native, id=1696, stack(0x0000002eecc00000,0x0000002eee000000)]
  0x00000168886b1800 JavaThread "TimerQueue" daemon [_thread_blocked, id=17900, stack(0x0000002ef3400000,0x0000002ef3900000)]
  0x00000168881f6000 JavaThread "AWT-Windows" daemon [_thread_in_native, id=3432, stack(0x0000002ef2f00000,0x0000002ef3400000)]
  0x0000016887d2f000 JavaThread "AWT-Shutdown" [_thread_blocked, id=9236, stack(0x0000002ef2a00000,0x0000002ef2f00000)]
  0x0000016887d2e800 JavaThread "Java2D Disposer" daemon [_thread_blocked, id=12552, stack(0x0000002ef2500000,0x0000002ef2a00000)]
  0x0000016887d08800 JavaThread "Service Thread" daemon [_thread_blocked, id=18504, stack(0x0000002ef1f00000,0x0000002ef2400000)]
  0x000001688a8f2800 JavaThread "Common-Cleaner" daemon [_thread_blocked, id=6064, stack(0x0000002ef1a00000,0x0000002ef1f00000)]
  0x000001688a048000 JavaThread "Sweeper thread" daemon [_thread_blocked, id=15476, stack(0x0000002ef1500000,0x0000002ef1a00000)]
  0x000001688a8d4000 JavaThread "C1 CompilerThread3" daemon [_thread_blocked, id=3868, stack(0x0000002ef1400000,0x0000002ef1500000)]
  0x000001688a8d3800 JavaThread "C2 CompilerThread2" daemon [_thread_blocked, id=18312, stack(0x0000002ef1300000,0x0000002ef1400000)]
  0x000001688a8d2800 JavaThread "C2 CompilerThread1" daemon [_thread_blocked, id=15932, stack(0x0000002ef1200000,0x0000002ef1300000)]
  0x000001688a8c9800 JavaThread "C2 CompilerThread0" daemon [_thread_blocked, id=2460, stack(0x0000002ef1100000,0x0000002ef1200000)]
  0x000001688a8c8000 JavaThread "Attach Listener" daemon [_thread_blocked, id=10140, stack(0x0000002ef0c00000,0x0000002ef1100000)]
  0x000001688a8c7800 JavaThread "Signal Dispatcher" daemon [_thread_blocked, id=15116, stack(0x0000002ef0700000,0x0000002ef0c00000)]
  0x0000016886fd1000 JavaThread "Finalizer" daemon [_thread_blocked, id=13460, stack(0x0000002ef0200000,0x0000002ef0700000)]
  0x0000016886fcf800 JavaThread "Reference Handler" daemon [_thread_blocked, id=18216, stack(0x0000002eefd00000,0x0000002ef0200000)]
  0x000001688a602800 JavaThread "main" [_thread_blocked, id=6628, stack(0x0000002eecb00000,0x0000002eecc00000)]

Other Threads:
  0x0000016889e6a800 VMThread "VM Thread" [stack: 0x0000002eefc00000,0x0000002eefd00000] [id=15620]
  0x0000016887d92800 WatcherThread [stack: 0x0000002ef2400000,0x0000002ef2500000] [id=7348]
  0x0000016889f6d800 GCTaskThread "GC Thread#0" [stack: 0x0000002eee300000,0x0000002eee400000] [id=7524]
  0x000001688a49e800 GCTaskThread "GC Thread#1" [stack: 0x0000002eee400000,0x0000002eee500000] [id=4764]
  0x000001688a49f000 GCTaskThread "GC Thread#2" [stack: 0x0000002eee500000,0x0000002eee600000] [id=18000]
  0x000001688a498800 GCTaskThread "GC Thread#3" [stack: 0x0000002eee600000,0x0000002eee700000] [id=19336]
  0x000001688a499000 GCTaskThread "GC Thread#4" [stack: 0x0000002eee700000,0x0000002eee800000] [id=17488]
  0x000001688a499800 GCTaskThread "GC Thread#5" [stack: 0x0000002eee800000,0x0000002eee900000] [id=5672]
  0x000001688a49b800 GCTaskThread "GC Thread#6" [stack: 0x0000002eee900000,0x0000002eeea00000] [id=11992]
  0x000001688a49a000 GCTaskThread "GC Thread#7" [stack: 0x0000002eeea00000,0x0000002eeeb00000] [id=10044]
  0x000001688a49c800 GCTaskThread "GC Thread#8" [stack: 0x0000002eeeb00000,0x0000002eeec00000] [id=20012]
  0x000001688a49c000 GCTaskThread "GC Thread#9" [stack: 0x0000002eeec00000,0x0000002eeed00000] [id=11360]
  0x0000016887c21800 ConcurrentGCThread "G1 Main Marker" [stack: 0x0000002eef800000,0x0000002eef900000] [id=8432]
  0x000001688a49b000 ConcurrentGCThread "G1 Marker#0" [stack: 0x0000002eef900000,0x0000002eefa00000] [id=15952]
  0x000001688a49d800 ConcurrentGCThread "G1 Marker#1" [stack: 0x0000002eefa00000,0x0000002eefb00000] [id=3984]
  0x000001688a49e000 ConcurrentGCThread "G1 Marker#2" [stack: 0x0000002eefb00000,0x0000002eefc00000] [id=15840]
  0x0000016886d2a000 ConcurrentGCThread "G1 Refine#0" [stack: 0x0000002eef600000,0x0000002eef700000] [id=9924]
  0x0000016886d29800 ConcurrentGCThread "G1 Refine#1" [stack: 0x0000002eef500000,0x0000002eef600000] [id=13100]
  0x0000016886d28800 ConcurrentGCThread "G1 Refine#2" [stack: 0x0000002eef400000,0x0000002eef500000] [id=8984]
  0x000001688a7b6000 ConcurrentGCThread "G1 Refine#3" [stack: 0x0000002eef300000,0x0000002eef400000] [id=576]
  0x000001688a7b5800 ConcurrentGCThread "G1 Refine#4" [stack: 0x0000002eef200000,0x0000002eef300000] [id=6412]
  0x0000016887031800 ConcurrentGCThread "G1 Refine#5" [stack: 0x0000002eef100000,0x0000002eef200000] [id=5912]
  0x000001688a6d1800 ConcurrentGCThread "G1 Refine#6" [stack: 0x0000002eef000000,0x0000002eef100000] [id=10472]
  0x00000168876ae800 ConcurrentGCThread "G1 Refine#7" [stack: 0x0000002eeef00000,0x0000002eef000000] [id=19852]
  0x00000168876ae000 ConcurrentGCThread "G1 Refine#8" [stack: 0x0000002eeee00000,0x0000002eeef00000] [id=18844]
  0x000001688a63f000 ConcurrentGCThread "G1 Refine#9" [stack: 0x0000002eeed00000,0x0000002eeee00000] [id=10120]
  0x0000016887c18800 ConcurrentGCThread "G1 Young RemSet Sampling" [stack: 0x0000002eef700000,0x0000002eef800000] [id=18196]

Threads with active compile tasks:

VM state:not at safepoint (normal execution)

VM Mutex/Monitor currently owned by a thread: None

Heap address: 0x0000000700000000, size: 3072 MB, Compressed Oops mode: Zero based, Oop shift amount: 3
Narrow klass base: 0x0000000000000000, Narrow klass shift: 3
Compressed class space size: 1073741824 Address: 0x00000007c0000000

Heap:
 garbage-first heap   total 321536K, used 124019K [0x0000000700000000, 0x00000007001009d0, 0x00000007c0000000)
  region size 1024K, 39 young (39936K), 1 survivors (1024K)
 Metaspace       used 85904K, capacity 91819K, committed 91976K, reserved 1128448K
  class space    used 11536K, capacity 12568K, committed 12616K, reserved 1048576K
Heap Regions: E=young(eden), S=young(survivor), O=old, HS=humongous(starts), HC=humongous(continues), CS=collection set, F=free, A=archive, TS=gc time stamp, AC=allocation context, TAMS=top-at-mark-start (previous, next)
|   0|0x0000000700000000, 0x00000007000fd238, 0x0000000700100000| 98%| O|  |TS  0|AC  0|TAMS 0x0000000700000000, 0x0000000700000000|
|   1|0x0000000700100000, 0x0000000700200000, 0x0000000700200000|100%|HS|  |TS  0|AC  0|TAMS 0x0000000700100000, 0x0000000700100000|
|   2|0x0000000700200000, 0x0000000700300000, 0x0000000700300000|100%|HC|  |TS  0|AC  0|TAMS 0x0000000700200000, 0x0000000700200000|
|   3|0x0000000700300000, 0x0000000700400000, 0x0000000700400000|100%|HS|  |TS  0|AC  0|TAMS 0x0000000700300000, 0x0000000700300000|
|   4|0x0000000700400000, 0x00000007004e9bb0, 0x0000000700500000| 91%| O|  |TS  0|AC  0|TAMS 0x0000000700400000, 0x0000000700400000|
|   5|0x0000000700500000, 0x00000007005fffe8, 0x0000000700600000| 99%| O|  |TS  0|AC  0|TAMS 0x0000000700500000, 0x0000000700500000|
|   6|0x0000000700600000, 0x00000007006f0e98, 0x0000000700700000| 94%| O|  |TS  0|AC  0|TAMS 0x0000000700600000, 0x0000000700600000|
|   7|0x0000000700700000, 0x00000007007ffff8, 0x0000000700800000| 99%| O|  |TS  0|AC  0|TAMS 0x0000000700700000, 0x0000000700700000|
|   8|0x0000000700800000, 0x00000007008fffe0, 0x0000000700900000| 99%| O|  |TS  0|AC  0|TAMS 0x0000000700800000, 0x0000000700800000|
|   9|0x0000000700900000, 0x00000007009fffe8, 0x0000000700a00000| 99%| O|  |TS  0|AC  0|TAMS 0x0000000700900000, 0x0000000700900000|
|  10|0x0000000700a00000, 0x0000000700afffb0, 0x0000000700b00000| 99%| O|  |TS  0|AC  0|TAMS 0x0000000700a00000, 0x0000000700a00000|
|  11|0x0000000700b00000, 0x0000000700bfffa8, 0x0000000700c00000| 99%| O|  |TS  0|AC  0|TAMS 0x0000000700b00000, 0x0000000700b00000|
|  12|0x0000000700c00000, 0x0000000700cffff8, 0x0000000700d00000| 99%| O|  |TS  0|AC  0|TAMS 0x0000000700c00000, 0x0000000700c00000|
|  13|0x0000000700d00000, 0x0000000700e00000, 0x0000000700e00000|100%| O|  |TS  0|AC  0|TAMS 0x0000000700d00000, 0x0000000700d00000|
|  14|0x0000000700e00000, 0x0000000700ef4448, 0x0000000700f00000| 95%| O|  |TS  0|AC  0|TAMS 0x0000000700e00000, 0x0000000700e00000|
|  15|0x0000000700f00000, 0x0000000700fe9fd0, 0x0000000701000000| 91%| O|  |TS  0|AC  0|TAMS 0x0000000700f00000, 0x0000000700f00000|
|  16|0x0000000701000000, 0x00000007010f8838, 0x0000000701100000| 97%| O|  |TS  0|AC  0|TAMS 0x0000000701000000, 0x0000000701000000|
|  17|0x0000000701100000, 0x00000007011fffe8, 0x0000000701200000| 99%| O|  |TS  0|AC  0|TAMS 0x0000000701100000, 0x0000000701100000|
|  18|0x0000000701200000, 0x00000007012ffff8, 0x0000000701300000| 99%| O|  |TS  0|AC  0|TAMS 0x0000000701200000, 0x0000000701200000|
|  19|0x0000000701300000, 0x00000007013b1de0, 0x0000000701400000| 69%| O|  |TS  0|AC  0|TAMS 0x0000000701300000, 0x0000000701300000|
|  20|0x0000000701400000, 0x00000007014fffd0, 0x0000000701500000| 99%| O|  |TS  0|AC  0|TAMS 0x0000000701400000, 0x0000000701400000|
|  21|0x0000000701500000, 0x00000007015f9708, 0x0000000701600000| 97%| O|  |TS  0|AC  0|TAMS 0x0000000701500000, 0x0000000701500000|
|  22|0x0000000701600000, 0x0000000701700000, 0x0000000701700000|100%| O|  |TS  0|AC  0|TAMS 0x0000000701600000, 0x0000000701600000|
|  23|0x0000000701700000, 0x00000007017fffe0, 0x0000000701800000| 99%| O|  |TS  0|AC  0|TAMS 0x0000000701700000, 0x0000000701700000|
|  24|0x0000000701800000, 0x00000007018ffe80, 0x0000000701900000| 99%| O|  |TS  0|AC  0|TAMS 0x0000000701800000, 0x0000000701800000|
|  25|0x0000000701900000, 0x00000007019fffe8, 0x0000000701a00000| 99%| O|  |TS  0|AC  0|TAMS 0x0000000701900000, 0x0000000701900000|
|  26|0x0000000701a00000, 0x0000000701afffe8, 0x0000000701b00000| 99%| O|  |TS  0|AC  0|TAMS 0x0000000701a00000, 0x0000000701a00000|
|  27|0x0000000701b00000, 0x0000000701bffff8, 0x0000000701c00000| 99%| O|  |TS  0|AC  0|TAMS 0x0000000701b00000, 0x0000000701b00000|
|  28|0x0000000701c00000, 0x0000000701cfffe0, 0x0000000701d00000| 99%| O|  |TS  0|AC  0|TAMS 0x0000000701c00000, 0x0000000701c00000|
|  29|0x0000000701d00000, 0x0000000701dfffe8, 0x0000000701e00000| 99%| O|  |TS  0|AC  0|TAMS 0x0000000701d00000, 0x0000000701d00000|
|  30|0x0000000701e00000, 0x0000000701effff0, 0x0000000701f00000| 99%| O|  |TS  0|AC  0|TAMS 0x0000000701e00000, 0x0000000701e00000|
|  31|0x0000000701f00000, 0x0000000701ffffe8, 0x0000000702000000| 99%| O|  |TS  0|AC  0|TAMS 0x0000000701f00000, 0x0000000701f00000|
|  32|0x0000000702000000, 0x00000007020ffff0, 0x0000000702100000| 99%| O|  |TS  0|AC  0|TAMS 0x0000000702000000, 0x0000000702000000|
|  33|0x0000000702100000, 0x0000000702200000, 0x0000000702200000|100%| O|  |TS  0|AC  0|TAMS 0x0000000702100000, 0x0000000702100000|
|  34|0x0000000702200000, 0x00000007022fef08, 0x0000000702300000| 99%| O|  |TS  0|AC  0|TAMS 0x0000000702200000, 0x0000000702200000|
|  35|0x0000000702300000, 0x00000007023fffb8, 0x0000000702400000| 99%| O|  |TS  0|AC  0|TAMS 0x0000000702300000, 0x0000000702300000|
|  36|0x0000000702400000, 0x00000007024ffff8, 0x0000000702500000| 99%| O|  |TS  0|AC  0|TAMS 0x0000000702400000, 0x0000000702400000|
|  37|0x0000000702500000, 0x00000007025fffb8, 0x0000000702600000| 99%| O|  |TS  0|AC  0|TAMS 0x0000000702500000, 0x0000000702500000|
|  38|0x0000000702600000, 0x0000000702700000, 0x0000000702700000|100%| O|  |TS  0|AC  0|TAMS 0x0000000702600000, 0x0000000702600000|
|  39|0x0000000702700000, 0x00000007027c3888, 0x0000000702800000| 76%| O|  |TS  0|AC  0|TAMS 0x0000000702700000, 0x0000000702700000|
|  40|0x0000000702800000, 0x00000007028fffc8, 0x0000000702900000| 99%| O|  |TS  0|AC  0|TAMS 0x0000000702800000, 0x0000000702800000|
|  41|0x0000000702900000, 0x0000000702a00000, 0x0000000702a00000|100%| O|  |TS  0|AC  0|TAMS 0x0000000702900000, 0x0000000702900000|
|  42|0x0000000702a00000, 0x0000000702affb28, 0x0000000702b00000| 99%| O|  |TS  0|AC  0|TAMS 0x0000000702a00000, 0x0000000702a00000|
|  43|0x0000000702b00000, 0x0000000702c00000, 0x0000000702c00000|100%| O|  |TS  0|AC  0|TAMS 0x0000000702b00000, 0x0000000702b00000|
|  44|0x0000000702c00000, 0x0000000702cffff8, 0x0000000702d00000| 99%| O|  |TS  0|AC  0|TAMS 0x0000000702c00000, 0x0000000702c00000|
|  45|0x0000000702d00000, 0x0000000702e00000, 0x0000000702e00000|100%| O|  |TS  0|AC  0|TAMS 0x0000000702d00000, 0x0000000702d00000|
|  46|0x0000000702e00000, 0x0000000702efff78, 0x0000000702f00000| 99%| O|  |TS  0|AC  0|TAMS 0x0000000702e00000, 0x0000000702e00000|
|  47|0x0000000702f00000, 0x0000000702ffef30, 0x0000000703000000| 99%| O|  |TS  0|AC  0|TAMS 0x0000000702f00000, 0x0000000702f00000|
|  48|0x0000000703000000, 0x00000007030ffff0, 0x0000000703100000| 99%| O|  |TS  0|AC  0|TAMS 0x0000000703000000, 0x0000000703000000|
|  49|0x0000000703100000, 0x00000007031fe218, 0x0000000703200000| 99%| O|  |TS  0|AC  0|TAMS 0x0000000703100000, 0x0000000703100000|
|  50|0x0000000703200000, 0x00000007032ffff8, 0x0000000703300000| 99%| O|  |TS  0|AC  0|TAMS 0x0000000703200000, 0x0000000703200000|
|  51|0x0000000703300000, 0x00000007033fffd0, 0x0000000703400000| 99%| O|  |TS  0|AC  0|TAMS 0x0000000703300000, 0x0000000703300000|
|  52|0x0000000703400000, 0x00000007034ff8e8, 0x0000000703500000| 99%| O|  |TS  0|AC  0|TAMS 0x0000000703400000, 0x0000000703400000|
|  53|0x0000000703500000, 0x00000007035fffd0, 0x0000000703600000| 99%| O|  |TS  0|AC  0|TAMS 0x0000000703500000, 0x0000000703500000|
|  54|0x0000000703600000, 0x00000007036fffe8, 0x0000000703700000| 99%| O|  |TS  0|AC  0|TAMS 0x0000000703600000, 0x0000000703600000|
|  55|0x0000000703700000, 0x00000007037ffff8, 0x0000000703800000| 99%| O|  |TS  0|AC  0|TAMS 0x0000000703700000, 0x0000000703700000|
|  56|0x0000000703800000, 0x00000007038ffe78, 0x0000000703900000| 99%| O|  |TS  0|AC  0|TAMS 0x0000000703800000, 0x0000000703800000|
|  57|0x0000000703900000, 0x0000000703a00000, 0x0000000703a00000|100%| O|  |TS  0|AC  0|TAMS 0x0000000703900000, 0x0000000703900000|
|  58|0x0000000703a00000, 0x0000000703afffc0, 0x0000000703b00000| 99%| O|  |TS  0|AC  0|TAMS 0x0000000703a00000, 0x0000000703a00000|
|  59|0x0000000703b00000, 0x0000000703bffff0, 0x0000000703c00000| 99%| O|  |TS  0|AC  0|TAMS 0x0000000703b00000, 0x0000000703b00000|
|  60|0x0000000703c00000, 0x0000000703cfe1b8, 0x0000000703d00000| 99%| O|  |TS  0|AC  0|TAMS 0x0000000703c00000, 0x0000000703c00000|
|  61|0x0000000703d00000, 0x0000000703e00000, 0x0000000703e00000|100%| O|  |TS  0|AC  0|TAMS 0x0000000703d00000, 0x0000000703d00000|
|  62|0x0000000703e00000, 0x0000000703effff0, 0x0000000703f00000| 99%| O|  |TS  0|AC  0|TAMS 0x0000000703e00000, 0x0000000703e00000|
|  63|0x0000000703f00000, 0x0000000703fffff0, 0x0000000704000000| 99%| O|  |TS  0|AC  0|TAMS 0x0000000703f00000, 0x0000000703f00000|
|  64|0x0000000704000000, 0x00000007040f97e0, 0x0000000704100000| 97%| O|  |TS  0|AC  0|TAMS 0x0000000704000000, 0x0000000704000000|
|  65|0x0000000704100000, 0x000000070410d000, 0x0000000704200000|  5%| O|  |TS 33|AC  0|TAMS 0x0000000704100000, 0x0000000704100000|
|  66|0x0000000704200000, 0x0000000704200000, 0x0000000704300000|  0%| F|  |TS  0|AC  0|TAMS 0x0000000704200000, 0x0000000704200000|
|  67|0x0000000704300000, 0x0000000704300000, 0x0000000704400000|  0%| F|  |TS  0|AC  0|TAMS 0x0000000704300000, 0x0000000704300000|
|  68|0x0000000704400000, 0x0000000704400000, 0x0000000704500000|  0%| F|  |TS  0|AC  0|TAMS 0x0000000704400000, 0x0000000704400000|
|  69|0x0000000704500000, 0x0000000704500000, 0x0000000704600000|  0%| F|  |TS  0|AC  0|TAMS 0x0000000704500000, 0x0000000704500000|
|  70|0x0000000704600000, 0x0000000704600000, 0x0000000704700000|  0%| F|  |TS  0|AC  0|TAMS 0x0000000704600000, 0x0000000704600000|
|  71|0x0000000704700000, 0x0000000704800000, 0x0000000704800000|100%|HS|  |TS  0|AC  0|TAMS 0x0000000704700000, 0x0000000704700000|
|  72|0x0000000704800000, 0x0000000704900000, 0x0000000704900000|100%|HC|  |TS  0|AC  0|TAMS 0x0000000704800000, 0x0000000704800000|
|  73|0x0000000704900000, 0x0000000704a00000, 0x0000000704a00000|100%|HC|  |TS  0|AC  0|TAMS 0x0000000704900000, 0x0000000704900000|
|  74|0x0000000704a00000, 0x0000000704b00000, 0x0000000704b00000|100%|HC|  |TS  0|AC  0|TAMS 0x0000000704a00000, 0x0000000704a00000|
|  75|0x0000000704b00000, 0x0000000704c00000, 0x0000000704c00000|100%|HC|  |TS  0|AC  0|TAMS 0x0000000704b00000, 0x0000000704b00000|
|  76|0x0000000704c00000, 0x0000000704d00000, 0x0000000704d00000|100%|HC|  |TS  0|AC  0|TAMS 0x0000000704c00000, 0x0000000704c00000|
|  77|0x0000000704d00000, 0x0000000704e00000, 0x0000000704e00000|100%|HC|  |TS  0|AC  0|TAMS 0x0000000704d00000, 0x0000000704d00000|
|  78|0x0000000704e00000, 0x0000000704f00000, 0x0000000704f00000|100%|HC|  |TS  0|AC  0|TAMS 0x0000000704e00000, 0x0000000704e00000|
|  79|0x0000000704f00000, 0x0000000705000000, 0x0000000705000000|100%|HC|  |TS  0|AC  0|TAMS 0x0000000704f00000, 0x0000000704f00000|
|  80|0x0000000705000000, 0x0000000705100000, 0x0000000705100000|100%|HC|  |TS  0|AC  0|TAMS 0x0000000705000000, 0x0000000705000000|
|  81|0x0000000705100000, 0x0000000705200000, 0x0000000705200000|100%|HC|  |TS  0|AC  0|TAMS 0x0000000705100000, 0x0000000705100000|
|  82|0x0000000705200000, 0x0000000705300000, 0x0000000705300000|100%|HC|  |TS  0|AC  0|TAMS 0x0000000705200000, 0x0000000705200000|
|  83|0x0000000705300000, 0x0000000705400000, 0x0000000705400000|100%|HC|  |TS  0|AC  0|TAMS 0x0000000705300000, 0x0000000705300000|
|  84|0x0000000705400000, 0x0000000705500000, 0x0000000705500000|100%|HC|  |TS  0|AC  0|TAMS 0x0000000705400000, 0x0000000705400000|
|  85|0x0000000705500000, 0x0000000705600000, 0x0000000705600000|100%|HS|  |TS  0|AC  0|TAMS 0x0000000705500000, 0x0000000705500000|
|  86|0x0000000705600000, 0x0000000705700000, 0x0000000705700000|100%|HC|  |TS  0|AC  0|TAMS 0x0000000705600000, 0x0000000705600000|
|  87|0x0000000705700000, 0x0000000705800000, 0x0000000705800000|100%|HC|  |TS  0|AC  0|TAMS 0x0000000705700000, 0x0000000705700000|
|  88|0x0000000705800000, 0x0000000705900000, 0x0000000705900000|100%|HC|  |TS  0|AC  0|TAMS 0x0000000705800000, 0x0000000705800000|
|  89|0x0000000705900000, 0x0000000705a00000, 0x0000000705a00000|100%|HC|  |TS  0|AC  0|TAMS 0x0000000705900000, 0x0000000705900000|
|  90|0x0000000705a00000, 0x0000000705a00000, 0x0000000705b00000|  0%| F|  |TS  0|AC  0|TAMS 0x0000000705a00000, 0x0000000705a00000|
|  91|0x0000000705b00000, 0x0000000705b00000, 0x0000000705c00000|  0%| F|  |TS  0|AC  0|TAMS 0x0000000705b00000, 0x0000000705b00000|
|  92|0x0000000705c00000, 0x0000000705c00000, 0x0000000705d00000|  0%| F|  |TS  0|AC  0|TAMS 0x0000000705c00000, 0x0000000705c00000|
|  93|0x0000000705d00000, 0x0000000705d00000, 0x0000000705e00000|  0%| F|  |TS  0|AC  0|TAMS 0x0000000705d00000, 0x0000000705d00000|
|  94|0x0000000705e00000, 0x0000000705e00000, 0x0000000705f00000|  0%| F|  |TS  0|AC  0|TAMS 0x0000000705e00000, 0x0000000705e00000|
|  95|0x0000000705f00000, 0x0000000705f00000, 0x0000000706000000|  0%| F|  |TS  0|AC  0|TAMS 0x0000000705f00000, 0x0000000705f00000|
|  96|0x0000000706000000, 0x0000000706000000, 0x0000000706100000|  0%| F|  |TS  0|AC  0|TAMS 0x0000000706000000, 0x0000000706000000|
|  97|0x0000000706100000, 0x0000000706100000, 0x0000000706200000|  0%| F|  |TS  0|AC  0|TAMS 0x0000000706100000, 0x0000000706100000|
|  98|0x0000000706200000, 0x0000000706200000, 0x0000000706300000|  0%| F|  |TS  0|AC  0|TAMS 0x0000000706200000, 0x0000000706200000|
|  99|0x0000000706300000, 0x0000000706300000, 0x0000000706400000|  0%| F|  |TS  0|AC  0|TAMS 0x0000000706300000, 0x0000000706300000|
| 100|0x0000000706400000, 0x0000000706400000, 0x0000000706500000|  0%| F|  |TS  0|AC  0|TAMS 0x0000000706400000, 0x0000000706400000|
| 101|0x0000000706500000, 0x0000000706500000, 0x0000000706600000|  0%| F|  |TS  0|AC  0|TAMS 0x0000000706500000, 0x0000000706500000|
| 102|0x0000000706600000, 0x0000000706600000, 0x0000000706700000|  0%| F|  |TS  0|AC  0|TAMS 0x0000000706600000, 0x0000000706600000|
| 103|0x0000000706700000, 0x0000000706700000, 0x0000000706800000|  0%| F|  |TS  0|AC  0|TAMS 0x0000000706700000, 0x0000000706700000|
| 104|0x0000000706800000, 0x0000000706800000, 0x0000000706900000|  0%| F|  |TS  0|AC  0|TAMS 0x0000000706800000, 0x0000000706800000|
| 105|0x0000000706900000, 0x0000000706900000, 0x0000000706a00000|  0%| F|  |TS  0|AC  0|TAMS 0x0000000706900000, 0x0000000706900000|
| 106|0x0000000706a00000, 0x0000000706a00000, 0x0000000706b00000|  0%| F|  |TS  0|AC  0|TAMS 0x0000000706a00000, 0x0000000706a00000|
| 107|0x0000000706b00000, 0x0000000706b00000, 0x0000000706c00000|  0%| F|  |TS  0|AC  0|TAMS 0x0000000706b00000, 0x0000000706b00000|
| 108|0x0000000706c00000, 0x0000000706c00000, 0x0000000706d00000|  0%| F|  |TS  0|AC  0|TAMS 0x0000000706c00000, 0x0000000706c00000|
| 109|0x0000000706d00000, 0x0000000706d00000, 0x0000000706e00000|  0%| F|  |TS  0|AC  0|TAMS 0x0000000706d00000, 0x0000000706d00000|
| 110|0x0000000706e00000, 0x0000000706e00000, 0x0000000706f00000|  0%| F|  |TS  0|AC  0|TAMS 0x0000000706e00000, 0x0000000706e00000|
| 111|0x0000000706f00000, 0x0000000706f00000, 0x0000000707000000|  0%| F|  |TS  0|AC  0|TAMS 0x0000000706f00000, 0x0000000706f00000|
| 112|0x0000000707000000, 0x0000000707000000, 0x0000000707100000|  0%| F|  |TS  0|AC  0|TAMS 0x0000000707000000, 0x0000000707000000|
| 113|0x0000000707100000, 0x0000000707100000, 0x0000000707200000|  0%| F|  |TS  0|AC  0|TAMS 0x0000000707100000, 0x0000000707100000|
| 114|0x0000000707200000, 0x0000000707200000, 0x0000000707300000|  0%| F|  |TS  0|AC  0|TAMS 0x0000000707200000, 0x0000000707200000|
| 115|0x0000000707300000, 0x0000000707300000, 0x0000000707400000|  0%| F|  |TS  0|AC  0|TAMS 0x0000000707300000, 0x0000000707300000|
| 116|0x0000000707400000, 0x0000000707400000, 0x0000000707500000|  0%| F|  |TS  0|AC  0|TAMS 0x0000000707400000, 0x0000000707400000|
| 117|0x0000000707500000, 0x0000000707500000, 0x0000000707600000|  0%| F|  |TS  0|AC  0|TAMS 0x0000000707500000, 0x0000000707500000|
| 118|0x0000000707600000, 0x0000000707600000, 0x0000000707700000|  0%| F|  |TS  0|AC  0|TAMS 0x0000000707600000, 0x0000000707600000|
| 119|0x0000000707700000, 0x0000000707700000, 0x0000000707800000|  0%| F|  |TS  0|AC  0|TAMS 0x0000000707700000, 0x0000000707700000|
| 120|0x0000000707800000, 0x0000000707800000, 0x0000000707900000|  0%| F|  |TS  0|AC  0|TAMS 0x0000000707800000, 0x0000000707800000|
| 121|0x0000000707900000, 0x0000000707900000, 0x0000000707a00000|  0%| F|  |TS  0|AC  0|TAMS 0x0000000707900000, 0x0000000707900000|
| 122|0x0000000707a00000, 0x0000000707a00000, 0x0000000707b00000|  0%| F|  |TS  0|AC  0|TAMS 0x0000000707a00000, 0x0000000707a00000|
| 123|0x0000000707b00000, 0x0000000707b00000, 0x0000000707c00000|  0%| F|  |TS  0|AC  0|TAMS 0x0000000707b00000, 0x0000000707b00000|
| 124|0x0000000707c00000, 0x0000000707c00000, 0x0000000707d00000|  0%| F|  |TS  0|AC  0|TAMS 0x0000000707c00000, 0x0000000707c00000|
| 125|0x0000000707d00000, 0x0000000707d00000, 0x0000000707e00000|  0%| F|  |TS  0|AC  0|TAMS 0x0000000707d00000, 0x0000000707d00000|
| 126|0x0000000707e00000, 0x0000000707e00000, 0x0000000707f00000|  0%| F|  |TS  0|AC  0|TAMS 0x0000000707e00000, 0x0000000707e00000|
| 127|0x0000000707f00000, 0x0000000707f00000, 0x0000000708000000|  0%| F|  |TS  0|AC  0|TAMS 0x0000000707f00000, 0x0000000707f00000|
| 128|0x0000000708000000, 0x0000000708000000, 0x0000000708100000|  0%| F|  |TS  0|AC  0|TAMS 0x0000000708000000, 0x0000000708000000|
| 129|0x0000000708100000, 0x0000000708100000, 0x0000000708200000|  0%| F|  |TS  0|AC  0|TAMS 0x0000000708100000, 0x0000000708100000|
| 130|0x0000000708200000, 0x0000000708200000, 0x0000000708300000|  0%| F|  |TS  0|AC  0|TAMS 0x0000000708200000, 0x0000000708200000|
| 131|0x0000000708300000, 0x0000000708300000, 0x0000000708400000|  0%| F|  |TS  0|AC  0|TAMS 0x0000000708300000, 0x0000000708300000|
| 132|0x0000000708400000, 0x0000000708400000, 0x0000000708500000|  0%| F|  |TS  0|AC  0|TAMS 0x0000000708400000, 0x0000000708400000|
| 133|0x0000000708500000, 0x0000000708500000, 0x0000000708600000|  0%| F|  |TS  0|AC  0|TAMS 0x0000000708500000, 0x0000000708500000|
| 134|0x0000000708600000, 0x0000000708600000, 0x0000000708700000|  0%| F|  |TS  0|AC  0|TAMS 0x0000000708600000, 0x0000000708600000|
| 135|0x0000000708700000, 0x0000000708700000, 0x0000000708800000|  0%| F|  |TS  0|AC  0|TAMS 0x0000000708700000, 0x0000000708700000|
| 136|0x0000000708800000, 0x0000000708800000, 0x0000000708900000|  0%| F|  |TS  0|AC  0|TAMS 0x0000000708800000, 0x0000000708800000|
| 137|0x0000000708900000, 0x0000000708900000, 0x0000000708a00000|  0%| F|  |TS  0|AC  0|TAMS 0x0000000708900000, 0x0000000708900000|
| 138|0x0000000708a00000, 0x0000000708a00000, 0x0000000708b00000|  0%| F|  |TS  0|AC  0|TAMS 0x0000000708a00000, 0x0000000708a00000|
| 139|0x0000000708b00000, 0x0000000708b00000, 0x0000000708c00000|  0%| F|  |TS  0|AC  0|TAMS 0x0000000708b00000, 0x0000000708b00000|
| 140|0x0000000708c00000, 0x0000000708c00000, 0x0000000708d00000|  0%| F|  |TS  0|AC  0|TAMS 0x0000000708c00000, 0x0000000708c00000|
| 141|0x0000000708d00000, 0x0000000708d00000, 0x0000000708e00000|  0%| F|  |TS  0|AC  0|TAMS 0x0000000708d00000, 0x0000000708d00000|
| 142|0x0000000708e00000, 0x0000000708e00000, 0x0000000708f00000|  0%| F|  |TS  0|AC  0|TAMS 0x0000000708e00000, 0x0000000708e00000|
| 143|0x0000000708f00000, 0x0000000708f00000, 0x0000000709000000|  0%| F|  |TS  0|AC  0|TAMS 0x0000000708f00000, 0x0000000708f00000|
| 144|0x0000000709000000, 0x0000000709000000, 0x0000000709100000|  0%| F|  |TS  0|AC  0|TAMS 0x0000000709000000, 0x0000000709000000|
| 145|0x0000000709100000, 0x0000000709100000, 0x0000000709200000|  0%| F|  |TS  0|AC  0|TAMS 0x0000000709100000, 0x0000000709100000|
| 146|0x0000000709200000, 0x0000000709200000, 0x0000000709300000|  0%| F|  |TS  0|AC  0|TAMS 0x0000000709200000, 0x0000000709200000|
| 147|0x0000000709300000, 0x0000000709300000, 0x0000000709400000|  0%| F|  |TS  0|AC  0|TAMS 0x0000000709300000, 0x0000000709300000|
| 148|0x0000000709400000, 0x0000000709400000, 0x0000000709500000|  0%| F|  |TS  0|AC  0|TAMS 0x0000000709400000, 0x0000000709400000|
| 149|0x0000000709500000, 0x0000000709500000, 0x0000000709600000|  0%| F|  |TS  0|AC  0|TAMS 0x0000000709500000, 0x0000000709500000|
| 150|0x0000000709600000, 0x0000000709600000, 0x0000000709700000|  0%| F|  |TS  0|AC  0|TAMS 0x0000000709600000, 0x0000000709600000|
| 151|0x0000000709700000, 0x0000000709700000, 0x0000000709800000|  0%| F|  |TS  0|AC  0|TAMS 0x0000000709700000, 0x0000000709700000|
| 152|0x0000000709800000, 0x0000000709800000, 0x0000000709900000|  0%| F|  |TS  0|AC  0|TAMS 0x0000000709800000, 0x0000000709800000|
| 153|0x0000000709900000, 0x0000000709900000, 0x0000000709a00000|  0%| F|  |TS  0|AC  0|TAMS 0x0000000709900000, 0x0000000709900000|
| 154|0x0000000709a00000, 0x0000000709a00000, 0x0000000709b00000|  0%| F|  |TS  0|AC  0|TAMS 0x0000000709a00000, 0x0000000709a00000|
| 155|0x0000000709b00000, 0x0000000709b00000, 0x0000000709c00000|  0%| F|  |TS  0|AC  0|TAMS 0x0000000709b00000, 0x0000000709b00000|
| 156|0x0000000709c00000, 0x0000000709c00000, 0x0000000709d00000|  0%| F|  |TS  0|AC  0|TAMS 0x0000000709c00000, 0x0000000709c00000|
| 157|0x0000000709d00000, 0x0000000709d00000, 0x0000000709e00000|  0%| F|  |TS  0|AC  0|TAMS 0x0000000709d00000, 0x0000000709d00000|
| 158|0x0000000709e00000, 0x0000000709e00000, 0x0000000709f00000|  0%| F|  |TS  0|AC  0|TAMS 0x0000000709e00000, 0x0000000709e00000|
| 159|0x0000000709f00000, 0x0000000709f00000, 0x000000070a000000|  0%| F|  |TS  0|AC  0|TAMS 0x0000000709f00000, 0x0000000709f00000|
| 160|0x000000070a000000, 0x000000070a000000, 0x000000070a100000|  0%| F|  |TS  0|AC  0|TAMS 0x000000070a000000, 0x000000070a000000|
| 161|0x000000070a100000, 0x000000070a100000, 0x000000070a200000|  0%| F|  |TS  0|AC  0|TAMS 0x000000070a100000, 0x000000070a100000|
| 162|0x000000070a200000, 0x000000070a200000, 0x000000070a300000|  0%| F|  |TS  0|AC  0|TAMS 0x000000070a200000, 0x000000070a200000|
| 163|0x000000070a300000, 0x000000070a300000, 0x000000070a400000|  0%| F|  |TS  0|AC  0|TAMS 0x000000070a300000, 0x000000070a300000|
| 164|0x000000070a400000, 0x000000070a400000, 0x000000070a500000|  0%| F|  |TS  0|AC  0|TAMS 0x000000070a400000, 0x000000070a400000|
| 165|0x000000070a500000, 0x000000070a500000, 0x000000070a600000|  0%| F|  |TS  0|AC  0|TAMS 0x000000070a500000, 0x000000070a500000|
| 166|0x000000070a600000, 0x000000070a600000, 0x000000070a700000|  0%| F|  |TS  0|AC  0|TAMS 0x000000070a600000, 0x000000070a600000|
| 167|0x000000070a700000, 0x000000070a700000, 0x000000070a800000|  0%| F|  |TS  3|AC  0|TAMS 0x000000070a700000, 0x000000070a700000|
| 168|0x000000070a800000, 0x000000070a800000, 0x000000070a900000|  0%| F|  |TS  1|AC  0|TAMS 0x000000070a800000, 0x000000070a800000|
| 169|0x000000070a900000, 0x000000070a900000, 0x000000070aa00000|  0%| F|  |TS  1|AC  0|TAMS 0x000000070a900000, 0x000000070a900000|
| 170|0x000000070aa00000, 0x000000070aa00000, 0x000000070ab00000|  0%| F|  |TS  1|AC  0|TAMS 0x000000070aa00000, 0x000000070aa00000|
| 171|0x000000070ab00000, 0x000000070ab00000, 0x000000070ac00000|  0%| F|  |TS  1|AC  0|TAMS 0x000000070ab00000, 0x000000070ab00000|
| 172|0x000000070ac00000, 0x000000070ac00000, 0x000000070ad00000|  0%| F|  |TS  1|AC  0|TAMS 0x000000070ac00000, 0x000000070ac00000|
| 173|0x000000070ad00000, 0x000000070ad00000, 0x000000070ae00000|  0%| F|  |TS  1|AC  0|TAMS 0x000000070ad00000, 0x000000070ad00000|
| 174|0x000000070ae00000, 0x000000070ae00000, 0x000000070af00000|  0%| F|  |TS  1|AC  0|TAMS 0x000000070ae00000, 0x000000070ae00000|
| 175|0x000000070af00000, 0x000000070af00000, 0x000000070b000000|  0%| F|  |TS  1|AC  0|TAMS 0x000000070af00000, 0x000000070af00000|
| 176|0x000000070b000000, 0x000000070b000000, 0x000000070b100000|  0%| F|  |TS  1|AC  0|TAMS 0x000000070b000000, 0x000000070b000000|
| 177|0x000000070b100000, 0x000000070b100000, 0x000000070b200000|  0%| F|  |TS  1|AC  0|TAMS 0x000000070b100000, 0x000000070b100000|
| 178|0x000000070b200000, 0x000000070b200000, 0x000000070b300000|  0%| F|  |TS  1|AC  0|TAMS 0x000000070b200000, 0x000000070b200000|
| 179|0x000000070b300000, 0x000000070b300000, 0x000000070b400000|  0%| F|  |TS  1|AC  0|TAMS 0x000000070b300000, 0x000000070b300000|
| 180|0x000000070b400000, 0x000000070b400000, 0x000000070b500000|  0%| F|  |TS  1|AC  0|TAMS 0x000000070b400000, 0x000000070b400000|
| 181|0x000000070b500000, 0x000000070b500000, 0x000000070b600000|  0%| F|  |TS  1|AC  0|TAMS 0x000000070b500000, 0x000000070b500000|
| 182|0x000000070b600000, 0x000000070b600000, 0x000000070b700000|  0%| F|  |TS  1|AC  0|TAMS 0x000000070b600000, 0x000000070b600000|
| 183|0x000000070b700000, 0x000000070b700000, 0x000000070b800000|  0%| F|  |TS  1|AC  0|TAMS 0x000000070b700000, 0x000000070b700000|
| 184|0x000000070b800000, 0x000000070b800000, 0x000000070b900000|  0%| F|  |TS  1|AC  0|TAMS 0x000000070b800000, 0x000000070b800000|
| 185|0x000000070b900000, 0x000000070b900000, 0x000000070ba00000|  0%| F|  |TS  1|AC  0|TAMS 0x000000070b900000, 0x000000070b900000|
| 186|0x000000070ba00000, 0x000000070ba00000, 0x000000070bb00000|  0%| F|  |TS  1|AC  0|TAMS 0x000000070ba00000, 0x000000070ba00000|
| 187|0x000000070bb00000, 0x000000070bb00000, 0x000000070bc00000|  0%| F|  |TS  1|AC  0|TAMS 0x000000070bb00000, 0x000000070bb00000|
| 188|0x000000070bc00000, 0x000000070bc00000, 0x000000070bd00000|  0%| F|  |TS  1|AC  0|TAMS 0x000000070bc00000, 0x000000070bc00000|
| 189|0x000000070bd00000, 0x000000070bd00000, 0x000000070be00000|  0%| F|  |TS  1|AC  0|TAMS 0x000000070bd00000, 0x000000070bd00000|
| 190|0x000000070be00000, 0x000000070be00000, 0x000000070bf00000|  0%| F|  |TS  1|AC  0|TAMS 0x000000070be00000, 0x000000070be00000|
| 191|0x000000070bf00000, 0x000000070bf00000, 0x000000070c000000|  0%| F|  |TS  1|AC  0|TAMS 0x000000070bf00000, 0x000000070bf00000|
| 192|0x000000070c000000, 0x000000070c000000, 0x000000070c100000|  0%| F|  |TS  1|AC  0|TAMS 0x000000070c000000, 0x000000070c000000|
| 193|0x000000070c100000, 0x000000070c100000, 0x000000070c200000|  0%| F|  |TS  1|AC  0|TAMS 0x000000070c100000, 0x000000070c100000|
| 194|0x000000070c200000, 0x000000070c200000, 0x000000070c300000|  0%| F|  |TS  1|AC  0|TAMS 0x000000070c200000, 0x000000070c200000|
| 195|0x000000070c300000, 0x000000070c300000, 0x000000070c400000|  0%| F|  |TS  1|AC  0|TAMS 0x000000070c300000, 0x000000070c300000|
| 196|0x000000070c400000, 0x000000070c400000, 0x000000070c500000|  0%| F|  |TS  1|AC  0|TAMS 0x000000070c400000, 0x000000070c400000|
| 197|0x000000070c500000, 0x000000070c500000, 0x000000070c600000|  0%| F|  |TS  1|AC  0|TAMS 0x000000070c500000, 0x000000070c500000|
| 198|0x000000070c600000, 0x000000070c600000, 0x000000070c700000|  0%| F|  |TS  1|AC  0|TAMS 0x000000070c600000, 0x000000070c600000|
| 199|0x000000070c700000, 0x000000070c700000, 0x000000070c800000|  0%| F|  |TS  1|AC  0|TAMS 0x000000070c700000, 0x000000070c700000|
| 200|0x000000070c800000, 0x000000070c800000, 0x000000070c900000|  0%| F|  |TS  1|AC  0|TAMS 0x000000070c800000, 0x000000070c800000|
| 201|0x000000070c900000, 0x000000070c900000, 0x000000070ca00000|  0%| F|  |TS  1|AC  0|TAMS 0x000000070c900000, 0x000000070c900000|
| 202|0x000000070ca00000, 0x000000070ca00000, 0x000000070cb00000|  0%| F|  |TS  1|AC  0|TAMS 0x000000070ca00000, 0x000000070ca00000|
| 203|0x000000070cb00000, 0x000000070cb00000, 0x000000070cc00000|  0%| F|  |TS  1|AC  0|TAMS 0x000000070cb00000, 0x000000070cb00000|
| 204|0x000000070cc00000, 0x000000070cc00000, 0x000000070cd00000|  0%| F|  |TS  1|AC  0|TAMS 0x000000070cc00000, 0x000000070cc00000|
| 205|0x000000070cd00000, 0x000000070cd00000, 0x000000070ce00000|  0%| F|  |TS  1|AC  0|TAMS 0x000000070cd00000, 0x000000070cd00000|
| 206|0x000000070ce00000, 0x000000070ce00000, 0x000000070cf00000|  0%| F|  |TS  1|AC  0|TAMS 0x000000070ce00000, 0x000000070ce00000|
| 207|0x000000070cf00000, 0x000000070cf00000, 0x000000070d000000|  0%| F|  |TS  1|AC  0|TAMS 0x000000070cf00000, 0x000000070cf00000|
| 208|0x000000070d000000, 0x000000070d000000, 0x000000070d100000|  0%| F|  |TS  1|AC  0|TAMS 0x000000070d000000, 0x000000070d000000|
| 209|0x000000070d100000, 0x000000070d100000, 0x000000070d200000|  0%| F|  |TS  1|AC  0|TAMS 0x000000070d100000, 0x000000070d100000|
| 210|0x000000070d200000, 0x000000070d200000, 0x000000070d300000|  0%| F|  |TS  1|AC  0|TAMS 0x000000070d200000, 0x000000070d200000|
| 211|0x000000070d300000, 0x000000070d300000, 0x000000070d400000|  0%| F|  |TS  1|AC  0|TAMS 0x000000070d300000, 0x000000070d300000|
| 212|0x000000070d400000, 0x000000070d400000, 0x000000070d500000|  0%| F|  |TS  1|AC  0|TAMS 0x000000070d400000, 0x000000070d400000|
| 213|0x000000070d500000, 0x000000070d500000, 0x000000070d600000|  0%| F|  |TS  1|AC  0|TAMS 0x000000070d500000, 0x000000070d500000|
| 214|0x000000070d600000, 0x000000070d600000, 0x000000070d700000|  0%| F|  |TS  1|AC  0|TAMS 0x000000070d600000, 0x000000070d600000|
| 215|0x000000070d700000, 0x000000070d700000, 0x000000070d800000|  0%| F|  |TS  1|AC  0|TAMS 0x000000070d700000, 0x000000070d700000|
| 216|0x000000070d800000, 0x000000070d800000, 0x000000070d900000|  0%| F|  |TS  1|AC  0|TAMS 0x000000070d800000, 0x000000070d800000|
| 217|0x000000070d900000, 0x000000070d900000, 0x000000070da00000|  0%| F|  |TS  1|AC  0|TAMS 0x000000070d900000, 0x000000070d900000|
| 218|0x000000070da00000, 0x000000070da00000, 0x000000070db00000|  0%| F|  |TS  1|AC  0|TAMS 0x000000070da00000, 0x000000070da00000|
| 219|0x000000070db00000, 0x000000070db00000, 0x000000070dc00000|  0%| F|  |TS  1|AC  0|TAMS 0x000000070db00000, 0x000000070db00000|
| 220|0x000000070dc00000, 0x000000070dc00000, 0x000000070dd00000|  0%| F|  |TS  1|AC  0|TAMS 0x000000070dc00000, 0x000000070dc00000|
| 221|0x000000070dd00000, 0x000000070dd00000, 0x000000070de00000|  0%| F|  |TS  1|AC  0|TAMS 0x000000070dd00000, 0x000000070dd00000|
| 222|0x000000070de00000, 0x000000070de00000, 0x000000070df00000|  0%| F|  |TS  1|AC  0|TAMS 0x000000070de00000, 0x000000070de00000|
| 223|0x000000070df00000, 0x000000070df00000, 0x000000070e000000|  0%| F|  |TS  1|AC  0|TAMS 0x000000070df00000, 0x000000070df00000|
| 224|0x000000070e000000, 0x000000070e000000, 0x000000070e100000|  0%| F|  |TS  1|AC  0|TAMS 0x000000070e000000, 0x000000070e000000|
| 225|0x000000070e100000, 0x000000070e100000, 0x000000070e200000|  0%| F|  |TS  1|AC  0|TAMS 0x000000070e100000, 0x000000070e100000|
| 226|0x000000070e200000, 0x000000070e200000, 0x000000070e300000|  0%| F|  |TS  1|AC  0|TAMS 0x000000070e200000, 0x000000070e200000|
| 227|0x000000070e300000, 0x000000070e300000, 0x000000070e400000|  0%| F|  |TS  1|AC  0|TAMS 0x000000070e300000, 0x000000070e300000|
| 228|0x000000070e400000, 0x000000070e400000, 0x000000070e500000|  0%| F|  |TS  1|AC  0|TAMS 0x000000070e400000, 0x000000070e400000|
| 229|0x000000070e500000, 0x000000070e500000, 0x000000070e600000|  0%| F|  |TS  1|AC  0|TAMS 0x000000070e500000, 0x000000070e500000|
| 230|0x000000070e600000, 0x000000070e600000, 0x000000070e700000|  0%| F|  |TS  1|AC  0|TAMS 0x000000070e600000, 0x000000070e600000|
| 231|0x000000070e700000, 0x000000070e700000, 0x000000070e800000|  0%| F|  |TS  1|AC  0|TAMS 0x000000070e700000, 0x000000070e700000|
| 232|0x000000070e800000, 0x000000070e800000, 0x000000070e900000|  0%| F|  |TS  1|AC  0|TAMS 0x000000070e800000, 0x000000070e800000|
| 233|0x000000070e900000, 0x000000070e900000, 0x000000070ea00000|  0%| F|  |TS  1|AC  0|TAMS 0x000000070e900000, 0x000000070e900000|
| 234|0x000000070ea00000, 0x000000070ea00000, 0x000000070eb00000|  0%| F|  |TS  1|AC  0|TAMS 0x000000070ea00000, 0x000000070ea00000|
| 235|0x000000070eb00000, 0x000000070eb00000, 0x000000070ec00000|  0%| F|  |TS  1|AC  0|TAMS 0x000000070eb00000, 0x000000070eb00000|
| 236|0x000000070ec00000, 0x000000070ec00000, 0x000000070ed00000|  0%| F|  |TS  1|AC  0|TAMS 0x000000070ec00000, 0x000000070ec00000|
| 237|0x000000070ed00000, 0x000000070ed00000, 0x000000070ee00000|  0%| F|  |TS  1|AC  0|TAMS 0x000000070ed00000, 0x000000070ed00000|
| 238|0x000000070ee00000, 0x000000070ee00000, 0x000000070ef00000|  0%| F|  |TS  1|AC  0|TAMS 0x000000070ee00000, 0x000000070ee00000|
| 239|0x000000070ef00000, 0x000000070ef00000, 0x000000070f000000|  0%| F|  |TS  1|AC  0|TAMS 0x000000070ef00000, 0x000000070ef00000|
| 240|0x000000070f000000, 0x000000070f000000, 0x000000070f100000|  0%| F|  |TS  1|AC  0|TAMS 0x000000070f000000, 0x000000070f000000|
| 241|0x000000070f100000, 0x000000070f100000, 0x000000070f200000|  0%| F|  |TS  1|AC  0|TAMS 0x000000070f100000, 0x000000070f100000|
| 242|0x000000070f200000, 0x000000070f200000, 0x000000070f300000|  0%| F|  |TS  1|AC  0|TAMS 0x000000070f200000, 0x000000070f200000|
| 243|0x000000070f300000, 0x000000070f300000, 0x000000070f400000|  0%| F|  |TS  1|AC  0|TAMS 0x000000070f300000, 0x000000070f300000|
| 244|0x000000070f400000, 0x000000070f400000, 0x000000070f500000|  0%| F|  |TS  1|AC  0|TAMS 0x000000070f400000, 0x000000070f400000|
| 245|0x000000070f500000, 0x000000070f500000, 0x000000070f600000|  0%| F|  |TS  1|AC  0|TAMS 0x000000070f500000, 0x000000070f500000|
| 246|0x000000070f600000, 0x000000070f600000, 0x000000070f700000|  0%| F|  |TS  1|AC  0|TAMS 0x000000070f600000, 0x000000070f600000|
| 247|0x000000070f700000, 0x000000070f700000, 0x000000070f800000|  0%| F|  |TS  1|AC  0|TAMS 0x000000070f700000, 0x000000070f700000|
| 248|0x000000070f800000, 0x000000070f800000, 0x000000070f900000|  0%| F|  |TS  1|AC  0|TAMS 0x000000070f800000, 0x000000070f800000|
| 249|0x000000070f900000, 0x000000070f900000, 0x000000070fa00000|  0%| F|  |TS  1|AC  0|TAMS 0x000000070f900000, 0x000000070f900000|
| 250|0x000000070fa00000, 0x000000070fa00000, 0x000000070fb00000|  0%| F|  |TS  1|AC  0|TAMS 0x000000070fa00000, 0x000000070fa00000|
| 251|0x000000070fb00000, 0x000000070fb00000, 0x000000070fc00000|  0%| F|  |TS  1|AC  0|TAMS 0x000000070fb00000, 0x000000070fb00000|
| 252|0x000000070fc00000, 0x000000070fc00000, 0x000000070fd00000|  0%| F|  |TS 17|AC  0|TAMS 0x000000070fc00000, 0x000000070fc00000|
| 253|0x000000070fd00000, 0x000000070fd00000, 0x000000070fe00000|  0%| F|  |TS 33|AC  0|TAMS 0x000000070fd00000, 0x000000070fd00000|
| 254|0x000000070fe00000, 0x000000070ff00000, 0x000000070ff00000|100%| S|CS|TS 33|AC  0|TAMS 0x000000070fe00000, 0x000000070fe00000|
| 255|0x000000070ff00000, 0x000000070ff00000, 0x0000000710000000|  0%| F|  |TS 33|AC  0|TAMS 0x000000070ff00000, 0x000000070ff00000|
| 256|0x0000000710000000, 0x0000000710000000, 0x0000000710100000|  0%| F|  |TS 33|AC  0|TAMS 0x0000000710000000, 0x0000000710000000|
| 257|0x0000000710100000, 0x0000000710100000, 0x0000000710200000|  0%| F|  |TS 33|AC  0|TAMS 0x0000000710100000, 0x0000000710100000|
| 258|0x0000000710200000, 0x0000000710200000, 0x0000000710300000|  0%| F|  |TS 33|AC  0|TAMS 0x0000000710200000, 0x0000000710200000|
| 259|0x0000000710300000, 0x0000000710300000, 0x0000000710400000|  0%| F|  |TS 33|AC  0|TAMS 0x0000000710300000, 0x0000000710300000|
| 260|0x0000000710400000, 0x0000000710400000, 0x0000000710500000|  0%| F|  |TS 33|AC  0|TAMS 0x0000000710400000, 0x0000000710400000|
| 261|0x0000000710500000, 0x0000000710500000, 0x0000000710600000|  0%| F|  |TS 33|AC  0|TAMS 0x0000000710500000, 0x0000000710500000|
| 262|0x0000000710600000, 0x0000000710600000, 0x0000000710700000|  0%| F|  |TS 33|AC  0|TAMS 0x0000000710600000, 0x0000000710600000|
| 263|0x0000000710700000, 0x0000000710700000, 0x0000000710800000|  0%| F|  |TS 33|AC  0|TAMS 0x0000000710700000, 0x0000000710700000|
| 264|0x0000000710800000, 0x0000000710800000, 0x0000000710900000|  0%| F|  |TS 33|AC  0|TAMS 0x0000000710800000, 0x0000000710800000|
| 265|0x0000000710900000, 0x0000000710900000, 0x0000000710a00000|  0%| F|  |TS 33|AC  0|TAMS 0x0000000710900000, 0x0000000710900000|
| 266|0x0000000710a00000, 0x0000000710a00000, 0x0000000710b00000|  0%| F|  |TS 33|AC  0|TAMS 0x0000000710a00000, 0x0000000710a00000|
| 267|0x0000000710b00000, 0x0000000710b00000, 0x0000000710c00000|  0%| F|  |TS 33|AC  0|TAMS 0x0000000710b00000, 0x0000000710b00000|
| 268|0x0000000710c00000, 0x0000000710c00000, 0x0000000710d00000|  0%| F|  |TS 33|AC  0|TAMS 0x0000000710c00000, 0x0000000710c00000|
| 269|0x0000000710d00000, 0x0000000710d00000, 0x0000000710e00000|  0%| F|  |TS 33|AC  0|TAMS 0x0000000710d00000, 0x0000000710d00000|
| 270|0x0000000710e00000, 0x0000000710e00000, 0x0000000710f00000|  0%| F|  |TS 33|AC  0|TAMS 0x0000000710e00000, 0x0000000710e00000|
| 271|0x0000000710f00000, 0x0000000710f00000, 0x0000000711000000|  0%| F|  |TS 33|AC  0|TAMS 0x0000000710f00000, 0x0000000710f00000|
| 272|0x0000000711000000, 0x0000000711000000, 0x0000000711100000|  0%| F|  |TS 33|AC  0|TAMS 0x0000000711000000, 0x0000000711000000|
| 273|0x0000000711100000, 0x0000000711100000, 0x0000000711200000|  0%| F|  |TS 33|AC  0|TAMS 0x0000000711100000, 0x0000000711100000|
| 274|0x0000000711200000, 0x0000000711200000, 0x0000000711300000|  0%| F|  |TS 33|AC  0|TAMS 0x0000000711200000, 0x0000000711200000|
| 275|0x0000000711300000, 0x0000000711300000, 0x0000000711400000|  0%| F|  |TS 33|AC  0|TAMS 0x0000000711300000, 0x0000000711300000|
| 276|0x0000000711400000, 0x00000007114c04c8, 0x0000000711500000| 75%| E|  |TS 33|AC  0|TAMS 0x0000000711400000, 0x0000000711400000|
| 277|0x0000000711500000, 0x0000000711600000, 0x0000000711600000|100%| E|CS|TS 33|AC  0|TAMS 0x0000000711500000, 0x0000000711500000|
| 278|0x0000000711600000, 0x0000000711700000, 0x0000000711700000|100%| E|CS|TS 33|AC  0|TAMS 0x0000000711600000, 0x0000000711600000|
| 279|0x0000000711700000, 0x0000000711800000, 0x0000000711800000|100%| E|CS|TS 33|AC  0|TAMS 0x0000000711700000, 0x0000000711700000|
| 280|0x0000000711800000, 0x0000000711900000, 0x0000000711900000|100%| E|CS|TS 33|AC  0|TAMS 0x0000000711800000, 0x0000000711800000|
| 281|0x0000000711900000, 0x0000000711a00000, 0x0000000711a00000|100%| E|CS|TS 33|AC  0|TAMS 0x0000000711900000, 0x0000000711900000|
| 282|0x0000000711a00000, 0x0000000711b00000, 0x0000000711b00000|100%| E|CS|TS 33|AC  0|TAMS 0x0000000711a00000, 0x0000000711a00000|
| 283|0x0000000711b00000, 0x0000000711c00000, 0x0000000711c00000|100%| E|CS|TS 33|AC  0|TAMS 0x0000000711b00000, 0x0000000711b00000|
| 284|0x0000000711c00000, 0x0000000711d00000, 0x0000000711d00000|100%| E|CS|TS 33|AC  0|TAMS 0x0000000711c00000, 0x0000000711c00000|
| 285|0x0000000711d00000, 0x0000000711e00000, 0x0000000711e00000|100%| E|CS|TS 33|AC  0|TAMS 0x0000000711d00000, 0x0000000711d00000|
| 286|0x0000000711e00000, 0x0000000711f00000, 0x0000000711f00000|100%| E|CS|TS 33|AC  0|TAMS 0x0000000711e00000, 0x0000000711e00000|
| 287|0x0000000711f00000, 0x0000000712000000, 0x0000000712000000|100%| E|CS|TS 33|AC  0|TAMS 0x0000000711f00000, 0x0000000711f00000|
| 288|0x0000000712000000, 0x0000000712100000, 0x0000000712100000|100%| E|CS|TS 33|AC  0|TAMS 0x0000000712000000, 0x0000000712000000|
| 289|0x0000000712100000, 0x0000000712200000, 0x0000000712200000|100%| E|CS|TS 33|AC  0|TAMS 0x0000000712100000, 0x0000000712100000|
| 290|0x0000000712200000, 0x0000000712300000, 0x0000000712300000|100%| E|CS|TS 33|AC  0|TAMS 0x0000000712200000, 0x0000000712200000|
| 291|0x0000000712300000, 0x0000000712400000, 0x0000000712400000|100%| E|CS|TS 33|AC  0|TAMS 0x0000000712300000, 0x0000000712300000|
| 292|0x0000000712400000, 0x0000000712500000, 0x0000000712500000|100%| E|CS|TS 33|AC  0|TAMS 0x0000000712400000, 0x0000000712400000|
| 293|0x0000000712500000, 0x0000000712600000, 0x0000000712600000|100%| E|CS|TS 33|AC  0|TAMS 0x0000000712500000, 0x0000000712500000|
| 294|0x0000000712600000, 0x0000000712700000, 0x0000000712700000|100%| E|CS|TS 33|AC  0|TAMS 0x0000000712600000, 0x0000000712600000|
| 295|0x0000000712700000, 0x0000000712800000, 0x0000000712800000|100%| E|CS|TS 33|AC  0|TAMS 0x0000000712700000, 0x0000000712700000|
| 296|0x0000000712800000, 0x0000000712900000, 0x0000000712900000|100%| E|CS|TS 33|AC  0|TAMS 0x0000000712800000, 0x0000000712800000|
| 297|0x0000000712900000, 0x0000000712a00000, 0x0000000712a00000|100%| E|CS|TS 33|AC  0|TAMS 0x0000000712900000, 0x0000000712900000|
| 298|0x0000000712a00000, 0x0000000712b00000, 0x0000000712b00000|100%| E|CS|TS 33|AC  0|TAMS 0x0000000712a00000, 0x0000000712a00000|
| 299|0x0000000712b00000, 0x0000000712c00000, 0x0000000712c00000|100%| E|CS|TS 33|AC  0|TAMS 0x0000000712b00000, 0x0000000712b00000|
| 300|0x0000000712c00000, 0x0000000712d00000, 0x0000000712d00000|100%| E|CS|TS 33|AC  0|TAMS 0x0000000712c00000, 0x0000000712c00000|
| 301|0x0000000712d00000, 0x0000000712e00000, 0x0000000712e00000|100%| E|CS|TS 33|AC  0|TAMS 0x0000000712d00000, 0x0000000712d00000|
| 302|0x0000000712e00000, 0x0000000712f00000, 0x0000000712f00000|100%| E|CS|TS 33|AC  0|TAMS 0x0000000712e00000, 0x0000000712e00000|
| 303|0x0000000712f00000, 0x0000000713000000, 0x0000000713000000|100%| E|CS|TS 33|AC  0|TAMS 0x0000000712f00000, 0x0000000712f00000|
| 304|0x0000000713000000, 0x0000000713100000, 0x0000000713100000|100%| E|CS|TS 33|AC  0|TAMS 0x0000000713000000, 0x0000000713000000|
| 305|0x0000000713100000, 0x0000000713200000, 0x0000000713200000|100%| E|CS|TS 33|AC  0|TAMS 0x0000000713100000, 0x0000000713100000|
| 306|0x0000000713200000, 0x0000000713300000, 0x0000000713300000|100%| E|CS|TS 33|AC  0|TAMS 0x0000000713200000, 0x0000000713200000|
| 307|0x0000000713300000, 0x0000000713400000, 0x0000000713400000|100%| E|CS|TS 33|AC  0|TAMS 0x0000000713300000, 0x0000000713300000|
| 308|0x0000000713400000, 0x0000000713500000, 0x0000000713500000|100%| E|CS|TS 33|AC  0|TAMS 0x0000000713400000, 0x0000000713400000|
| 309|0x0000000713500000, 0x0000000713600000, 0x0000000713600000|100%| E|CS|TS 33|AC  0|TAMS 0x0000000713500000, 0x0000000713500000|
| 310|0x0000000713600000, 0x0000000713700000, 0x0000000713700000|100%| E|CS|TS 33|AC  0|TAMS 0x0000000713600000, 0x0000000713600000|
| 311|0x0000000713700000, 0x0000000713800000, 0x0000000713800000|100%| E|CS|TS 33|AC  0|TAMS 0x0000000713700000, 0x0000000713700000|
| 312|0x0000000713800000, 0x0000000713900000, 0x0000000713900000|100%| E|CS|TS 33|AC  0|TAMS 0x0000000713800000, 0x0000000713800000|
| 313|0x0000000713900000, 0x0000000713a00000, 0x0000000713a00000|100%| E|CS|TS 33|AC  0|TAMS 0x0000000713900000, 0x0000000713900000|

Card table byte_map: [0x00000168a0510000,0x00000168a0b10000] byte_map_base: 0x000001689cd10000

Marking Bits (Prev, Next): (CMBitMap*) 0x0000016887c20f68, (CMBitMap*) 0x0000016887c20f30
 Prev Bits: [0x00000168a4110000, 0x00000168a7110000)
 Next Bits: [0x00000168a1110000, 0x00000168a4110000)

Polling page: 0x00000168806c0000

CodeHeap 'non-profiled nmethods': size=120000Kb used=21804Kb max_used=21804Kb free=98195Kb
 bounds [0x0000016898fe0000, 0x000001689a530000, 0x00000168a0510000]
CodeHeap 'profiled nmethods': size=120000Kb used=44337Kb max_used=44337Kb free=75662Kb
 bounds [0x0000016891ab0000, 0x0000016894640000, 0x0000016898fe0000]
CodeHeap 'non-nmethods': size=5760Kb used=1798Kb max_used=1847Kb free=3961Kb
 bounds [0x0000016891510000, 0x0000016891780000, 0x0000016891ab0000]
 total_blobs=32373 nmethods=17787 adapters=1131
 compilation: enabled

Compilation events (10 events):
Event: 739.252 Thread 0x000001688a8d4000 22298       3       de.javasoft.plaf.synthetica.painter.ProgressBarPainter::paintProgressBarForeground (615 bytes)
Event: 739.256 Thread 0x000001688a8d4000 nmethod 22298 0x000001689462ed10 code [0x000001689462f540, 0x0000016894634c90]
Event: 739.256 Thread 0x000001688a8d4000 22299       3       javax.swing.plaf.synth.SynthProgressBarUI::paintBorder (24 bytes)
Event: 739.257 Thread 0x000001688a8d4000 nmethod 22299 0x0000016894636d90 code [0x0000016894636f80, 0x00000168946373e0]
Event: 739.257 Thread 0x000001688a8d4000 22300       3       javax.swing.plaf.synth.SynthPainter::paintProgressBarBorder (14 bytes)
Event: 739.257 Thread 0x000001688a8d4000 nmethod 22300 0x0000016894637590 code [0x0000016894637740, 0x0000016894637950]
Event: 739.257 Thread 0x000001688a8d4000 22301       3       de.javasoft.plaf.synthetica.painter.SyntheticaPainter::paintProgressBarBorder (81 bytes)
Event: 739.257 Thread 0x000001688a8d4000 nmethod 22301 0x0000016894637a10 code [0x0000016894637c60, 0x0000016894638930]
Event: 739.257 Thread 0x000001688a8d4000 22302       3       de.javasoft.plaf.synthetica.painter.ProgressBarPainter::paintProgressBarBorder (1 bytes)
Event: 739.257 Thread 0x000001688a8d4000 nmethod 22302 0x00000168937a3290 code [0x00000168937a3440, 0x00000168937a3598]

GC Heap History (10 events):
Event: 730.924 GC heap before
{Heap before GC invocations=290 (full 51):
 garbage-first heap   total 321536K, used 146411K [0x0000000700000000, 0x00000007001009d0, 0x00000007c0000000)
  region size 1024K, 60 young (61440K), 1 survivors (1024K)
 Metaspace       used 85864K, capacity 91755K, committed 91976K, reserved 1128448K
  class space    used 11536K, capacity 12568K, committed 12616K, reserved 1048576K
}
Event: 730.929 GC heap after
{Heap after GC invocations=291 (full 51):
 garbage-first heap   total 321536K, used 85810K [0x0000000700000000, 0x00000007001009d0, 0x00000007c0000000)
  region size 1024K, 1 young (1024K), 1 survivors (1024K)
 Metaspace       used 85864K, capacity 91755K, committed 91976K, reserved 1128448K
  class space    used 11536K, capacity 12568K, committed 12616K, reserved 1048576K
}
Event: 733.064 GC heap before
{Heap before GC invocations=291 (full 51):
 garbage-first heap   total 321536K, used 146226K [0x0000000700000000, 0x00000007001009d0, 0x00000007c0000000)
  region size 1024K, 60 young (61440K), 1 survivors (1024K)
 Metaspace       used 85864K, capacity 91755K, committed 91976K, reserved 1128448K
  class space    used 11536K, capacity 12568K, committed 12616K, reserved 1048576K
}
Event: 733.066 GC heap after
{Heap after GC invocations=292 (full 51):
 garbage-first heap   total 321536K, used 85834K [0x0000000700000000, 0x00000007001009d0, 0x00000007c0000000)
  region size 1024K, 1 young (1024K), 1 survivors (1024K)
 Metaspace       used 85864K, capacity 91755K, committed 91976K, reserved 1128448K
  class space    used 11536K, capacity 12568K, committed 12616K, reserved 1048576K
}
Event: 735.286 GC heap before
{Heap before GC invocations=292 (full 51):
 garbage-first heap   total 321536K, used 146250K [0x0000000700000000, 0x00000007001009d0, 0x00000007c0000000)
  region size 1024K, 60 young (61440K), 1 survivors (1024K)
 Metaspace       used 85865K, capacity 91819K, committed 91976K, reserved 1128448K
  class space    used 11536K, capacity 12568K, committed 12616K, reserved 1048576K
}
Event: 735.288 GC heap after
{Heap after GC invocations=293 (full 51):
 garbage-first heap   total 321536K, used 86019K [0x0000000700000000, 0x00000007001009d0, 0x00000007c0000000)
  region size 1024K, 1 young (1024K), 1 survivors (1024K)
 Metaspace       used 85865K, capacity 91819K, committed 91976K, reserved 1128448K
  class space    used 11536K, capacity 12568K, committed 12616K, reserved 1048576K
}
Event: 736.493 GC heap before
{Heap before GC invocations=293 (full 51):
 garbage-first heap   total 321536K, used 146435K [0x0000000700000000, 0x00000007001009d0, 0x00000007c0000000)
  region size 1024K, 60 young (61440K), 1 survivors (1024K)
 Metaspace       used 85869K, capacity 91819K, committed 91976K, reserved 1128448K
  class space    used 11536K, capacity 12568K, committed 12616K, reserved 1048576K
}
Event: 736.495 GC heap after
{Heap after GC invocations=294 (full 51):
 garbage-first heap   total 321536K, used 85889K [0x0000000700000000, 0x00000007001009d0, 0x00000007c0000000)
  region size 1024K, 1 young (1024K), 1 survivors (1024K)
 Metaspace       used 85869K, capacity 91819K, committed 91976K, reserved 1128448K
  class space    used 11536K, capacity 12568K, committed 12616K, reserved 1048576K
}
Event: 737.196 GC heap before
{Heap before GC invocations=294 (full 51):
 garbage-first heap   total 321536K, used 146305K [0x0000000700000000, 0x00000007001009d0, 0x00000007c0000000)
  region size 1024K, 60 young (61440K), 1 survivors (1024K)
 Metaspace       used 85874K, capacity 91819K, committed 91976K, reserved 1128448K
  class space    used 11536K, capacity 12568K, committed 12616K, reserved 1048576K
}
Event: 737.198 GC heap after
{Heap after GC invocations=295 (full 51):
 garbage-first heap   total 321536K, used 86131K [0x0000000700000000, 0x00000007001009d0, 0x00000007c0000000)
  region size 1024K, 1 young (1024K), 1 survivors (1024K)
 Metaspace       used 85874K, capacity 91819K, committed 91976K, reserved 1128448K
  class space    used 11536K, capacity 12568K, committed 12616K, reserved 1048576K
}

Deoptimization events (10 events):
Event: 684.069 Thread 0x000001688825b000 Uncommon trap: reason=unstable_if action=reinterpret pc=0x000001689995bfc8 method=java.util.ArrayList.remove(Ljava/lang/Object;)Z @ 1 c2
Event: 684.514 Thread 0x000001688825b000 Uncommon trap: reason=bimorphic_or_optimized_type_check action=maybe_recompile pc=0x0000016899b0d10c method=de.javasoft.plaf.synthetica.StyleFactory.getStyle(Ljavax/swing/JComponent;Ljavax/swing/plaf/synth/Region;Ljavax/swing/plaf/synth/SynthStyle;Z)Ljava
Event: 684.517 Thread 0x000001688825b000 Uncommon trap: reason=class_check action=maybe_recompile pc=0x0000016899c0cb6c method=javax.swing.plaf.synth.SynthBorder.getBorderInsets(Ljava/awt/Component;Ljava/awt/Insets;)Ljava/awt/Insets; @ 305 c2
Event: 686.470 Thread 0x000001688825b000 Uncommon trap: reason=class_check action=maybe_recompile pc=0x0000016899f01354 method=java.util.HashMap.removeNode(ILjava/lang/Object;Ljava/lang/Object;ZZ)Ljava/util/HashMap$Node; @ 143 c2
Event: 693.392 Thread 0x000001688825b000 Uncommon trap: reason=unstable_if action=reinterpret pc=0x0000016899bf3924 method=ui.data.o.b.b.a.b.h(Lui/data/o/a;)Ljava/awt/Paint; @ 4 c2
Event: 693.392 Thread 0x000001688825b000 Uncommon trap: reason=unstable_if action=reinterpret pc=0x000001689a47e96c method=ui.data.o.c.a.setPaint(Ljava/awt/Paint;)V @ 5 c2
Event: 693.392 Thread 0x000001688825b000 Uncommon trap: reason=unstable_if action=reinterpret pc=0x000001689a295e78 method=sun.java2d.SunGraphics2D.setPaint(Ljava/awt/Paint;)V @ 135 c2
Event: 693.392 Thread 0x000001688825b000 Uncommon trap: reason=bimorphic_or_optimized_type_check action=maybe_recompile pc=0x000001689a0fe018 method=sun.java2d.pipe.AlphaPaintPipe.startSequence(Lsun/java2d/SunGraphics2D;Ljava/awt/Shape;Ljava/awt/Rectangle;[I)Ljava/lang/Object; @ 23 c2
Event: 693.396 Thread 0x000001688825b000 Uncommon trap: reason=bimorphic_or_optimized_type_check action=maybe_recompile pc=0x0000016899760e0c method=sun.java2d.pipe.AlphaPaintPipe$TileContext.<init>(Lsun/java2d/SunGraphics2D;Ljava/awt/PaintContext;)V @ 16 c2
Event: 693.396 Thread 0x000001688825b000 Uncommon trap: reason=bimorphic_or_optimized_type_check action=maybe_recompile pc=0x000001689958c5dc method=sun.java2d.pipe.AlphaPaintPipe.endSequence(Ljava/lang/Object;)V @ 16 c2

Classes redefined (0 events):
No events

Internal exceptions (10 events):
Event: 672.059 Thread 0x000001688825b000 Implicit null exception at 0x0000016899f73adb to 0x0000016899f75791
Event: 672.930 Thread 0x000001688825b000 Implicit null exception at 0x00000168998dfa78 to 0x00000168998dfddd
Event: 674.482 Thread 0x00000168ad8ff000 Exception <a 'java/lang/InterruptedException'{0x000000070988ff28}: sleep interrupted> (0x000000070988ff28) thrown at [t:/workspace/hotspot/src/share/vm/prims/jvm.cpp, line 3023]
Event: 674.486 Thread 0x00000168ad900800 Exception <a 'java/lang/InterruptedException'{0x00000007098ad228}: sleep interrupted> (0x00000007098ad228) thrown at [t:/workspace/hotspot/src/share/vm/prims/jvm.cpp, line 3023]
Event: 675.461 Thread 0x000001688825b000 Implicit null exception at 0x0000016899589ce3 to 0x000001689958acd5
Event: 675.571 Thread 0x00000168ad8f2800 Implicit null exception at 0x000001689a20a334 to 0x000001689a20c1d9
Event: 675.783 Thread 0x000001688825b000 Implicit null exception at 0x0000016899950a77 to 0x0000016899951709
Event: 675.783 Thread 0x000001688825b000 Implicit null exception at 0x0000016899918a23 to 0x000001689991939d
Event: 683.846 Thread 0x000001688825b000 Implicit null exception at 0x0000016899f77754 to 0x0000016899f7778a
Event: 684.014 Thread 0x00000168ad8fd800 Exception <a 'java/lang/InterruptedException'{0x000000070c681060}: sleep interrupted> (0x000000070c681060) thrown at [t:/workspace/hotspot/src/share/vm/prims/jvm.cpp, line 2984]

Events (10 events):
Event: 737.298 Executing VM operation: RevokeBias done
Event: 737.487 Thread 0x00000168ad8ff000 Thread added: 0x00000168ad8ff000
Event: 737.490 Thread 0x00000168ad8ff000 Thread exited: 0x00000168ad8ff000
Event: 738.294 Thread 0x00000168ad900800 Thread added: 0x00000168ad900800
Event: 738.296 Executing VM operation: RevokeBias
Event: 738.299 Executing VM operation: RevokeBias done
Event: 738.299 Executing VM operation: RevokeBias
Event: 738.299 Executing VM operation: RevokeBias done
Event: 738.487 Thread 0x00000168ad8fd800 Thread added: 0x00000168ad8fd800
Event: 738.490 Thread 0x00000168ad8fd800 Thread exited: 0x00000168ad8fd800


Dynamic libraries:
0x00007ff6141d0000 - 0x00007ff614200000 	C:\Xilinx\Vivado\2019.1\bin\unwrapped\win64.o\vivado.exe
0x00007ffa932a0000 - 0x00007ffa934a9000 	C:\WINDOWS\SYSTEM32\ntdll.dll
0x00007ffa91600000 - 0x00007ffa916bd000 	C:\WINDOWS\System32\KERNEL32.DLL
0x00007ffa90be0000 - 0x00007ffa90f54000 	C:\WINDOWS\System32\KERNELBASE.dll
0x00007ffa90ac0000 - 0x00007ffa90bd1000 	C:\WINDOWS\System32\ucrtbase.dll
0x00007ffa75b90000 - 0x00007ffa75c1d000 	C:\WINDOWS\SYSTEM32\MSVCP140.dll
0x00007ffa892e0000 - 0x00007ffa892f4000 	C:\Xilinx\Vivado\2019.1\lib\win64.o\libboost_signals.dll
0x00007ffa77000000 - 0x00007ffa7701b000 	C:\WINDOWS\SYSTEM32\VCRUNTIME140.dll
0x00007ffa88d30000 - 0x00007ffa88d44000 	C:\Xilinx\Vivado\2019.1\lib\win64.o\librdi_commonmain.dll
0x00007ffa22600000 - 0x00007ffa234e2000 	C:\Xilinx\Vivado\2019.1\lib\win64.o\librdi_common.dll
0x00007ffa76a30000 - 0x00007ffa76a3c000 	C:\WINDOWS\SYSTEM32\VCRUNTIME140_1.dll
0x00007ffa92950000 - 0x00007ffa92afc000 	C:\WINDOWS\System32\USER32.dll
0x00007ffa90810000 - 0x00007ffa90836000 	C:\WINDOWS\System32\win32u.dll
0x00007ffa844a0000 - 0x00007ffa844c6000 	C:\Xilinx\Vivado\2019.1\lib\win64.o\libboost_filesystem.dll
0x00007ffa915d0000 - 0x00007ffa915f9000 	C:\WINDOWS\System32\GDI32.dll
0x00007ffa931b0000 - 0x00007ffa9325e000 	C:\WINDOWS\System32\ADVAPI32.dll
0x00007ffa8c6c0000 - 0x00007ffa8c6ca000 	C:\Xilinx\Vivado\2019.1\lib\win64.o\librdi_commonversion.dll
0x00007ffa90f60000 - 0x00007ffa91072000 	C:\WINDOWS\System32\gdi32full.dll
0x00007ffa917b0000 - 0x00007ffa91853000 	C:\WINDOWS\System32\msvcrt.dll
0x00007ffa69480000 - 0x00007ffa695a1000 	C:\Xilinx\Vivado\2019.1\lib\win64.o\librdi_commonxillic.dll
0x00007ffa909b0000 - 0x00007ffa90a4d000 	C:\WINDOWS\System32\msvcp_win.dll
0x00007ffa927a0000 - 0x00007ffa9283e000 	C:\WINDOWS\System32\sechost.dll
0x00007ffa912c0000 - 0x00007ffa913e0000 	C:\WINDOWS\System32\RPCRT4.dll
0x00007ffa91fd0000 - 0x00007ffa9277f000 	C:\WINDOWS\System32\SHELL32.dll
0x0000000067f20000 - 0x000000006804b000 	C:\Xilinx\Vivado\2019.1\lib\win64.o\tcl85t.dll
0x00007ffa92840000 - 0x00007ffa928af000 	C:\WINDOWS\System32\WS2_32.dll
0x00007ffa42cd0000 - 0x00007ffa4303e000 	C:\Xilinx\Vivado\2019.1\lib\win64.o\libCOIN-all.dll
0x00007ffa84190000 - 0x00007ffa841a4000 	C:\Xilinx\Vivado\2019.1\lib\win64.o\libboost_date_time.dll
0x00007ffa67360000 - 0x00007ffa673df000 	C:\Xilinx\Vivado\2019.1\lib\win64.o\libboost_program_options.dll
0x00007ffa567d0000 - 0x00007ffa568e4000 	C:\Xilinx\Vivado\2019.1\lib\win64.o\libboost_regex.dll
0x00007ffa86710000 - 0x00007ffa8671b000 	C:\Xilinx\Vivado\2019.1\lib\win64.o\libboost_system.dll
0x00007ffa77c80000 - 0x00007ffa77ca1000 	C:\Xilinx\Vivado\2019.1\lib\win64.o\libboost_thread.dll
0x00007ffa63360000 - 0x00007ffa633e2000 	C:\Xilinx\Vivado\2019.1\lib\win64.o\libhdlpsolve.dll
0x00007ffa84490000 - 0x00007ffa8449f000 	C:\Xilinx\Vivado\2019.1\lib\win64.o\libboost_xilinx.dll
0x00007ffa556b0000 - 0x00007ffa55755000 	C:\Xilinx\Vivado\2019.1\lib\win64.o\libhdxml.dll
0x00007ffa21530000 - 0x00007ffa220df400 	C:\Xilinx\Vivado\2019.1\lib\win64.o\libisl_iostreams.dll
0x00007ffa77430000 - 0x00007ffa7745e000 	C:\Xilinx\Vivado\2019.1\lib\win64.o\libisl_sysinfo.dll
0x00007ffa74130000 - 0x00007ffa74195000 	C:\Xilinx\Vivado\2019.1\lib\win64.o\liblmx6.0.dll
0x00007ffa84170000 - 0x00007ffa8418a000 	C:\Xilinx\Vivado\2019.1\lib\win64.o\pthreadVC2.dll
0x00007ffa78910000 - 0x00007ffa7892c000 	C:\Xilinx\Vivado\2019.1\lib\win64.o\librdiconfig.dll
0x00007ffa74850000 - 0x00007ffa74871000 	C:\Xilinx\Vivado\2019.1\lib\win64.o\librdizlib.dll
0x0000000012000000 - 0x0000000012270000 	C:\Xilinx\Vivado\2019.1\lib\win64.o\xerces-c_3_1.dll
0x00007ffa54570000 - 0x00007ffa54848000 	C:\Xilinx\Vivado\2019.1\lib\win64.o\libXil_lmgr11.dll
0x00007ffa916c0000 - 0x00007ffa917ac000 	C:\WINDOWS\System32\COMDLG32.dll
0x00007ffa91bd0000 - 0x00007ffa91f48000 	C:\WINDOWS\System32\combase.dll
0x00007ffa84470000 - 0x00007ffa8448a000 	C:\WINDOWS\SYSTEM32\NETAPI32.dll
0x00007ffa7a0c0000 - 0x00007ffa7a5ba000 	C:\WINDOWS\SYSTEM32\WININET.dll
0x00007ffa911d0000 - 0x00007ffa912ba000 	C:\WINDOWS\System32\shcore.dll
0x00007ffa8a110000 - 0x00007ffa8a21c000 	C:\WINDOWS\SYSTEM32\WINHTTP.dll
0x00007ffa890f0000 - 0x00007ffa892df000 	C:\WINDOWS\SYSTEM32\urlmon.dll
0x00007ffa91860000 - 0x00007ffa918bd000 	C:\WINDOWS\System32\SHLWAPI.dll
0x00007ffa914f0000 - 0x00007ffa915c6000 	C:\WINDOWS\System32\OLEAUT32.dll
0x00007ffa92b80000 - 0x00007ffa92d1a000 	C:\WINDOWS\System32\ole32.dll
0x00007ffa74bd0000 - 0x00007ffa74bd9000 	C:\WINDOWS\SYSTEM32\WSOCK32.dll
0x00007ffa90a50000 - 0x00007ffa90ab7000 	C:\WINDOWS\System32\WINTRUST.dll
0x00007ffa73af0000 - 0x00007ffa73b21000 	C:\WINDOWS\SYSTEM32\VCOMP140.DLL
0x00007ffa20690000 - 0x00007ffa21521000 	C:\Xilinx\Vivado\2019.1\lib\win64.o\gurobi65.dll
0x00007ffa90840000 - 0x00007ffa909a2000 	C:\WINDOWS\System32\CRYPT32.dll
0x00007ffa84460000 - 0x00007ffa8446d000 	C:\Xilinx\Vivado\2019.1\lib\win64.o\libboost_chrono.dll
0x00007ffa718c0000 - 0x00007ffa718e5000 	C:\Xilinx\Vivado\2019.1\lib\win64.o\libisl_iosutils.dll
0x00007ffa784e0000 - 0x00007ffa784fb000 	C:\Xilinx\Vivado\2019.1\lib\win64.o\libboost_iostreams.dll
0x00007ffa88d50000 - 0x00007ffa89003000 	C:\WINDOWS\SYSTEM32\iertutil.dll
0x00007ffa89010000 - 0x00007ffa89038000 	C:\WINDOWS\SYSTEM32\srvcli.dll
0x00007ffa8f3b0000 - 0x00007ffa8f3bc000 	C:\WINDOWS\SYSTEM32\netutils.dll
0x00007ffa7b080000 - 0x00007ffa7b132000 	C:\WINDOWS\WinSxS\amd64_microsoft.windows.common-controls_6595b64144ccf1df_5.82.22000.1_none_271a8fad6a2d1b1e\COMCTL32.dll
0x00007ffa8aae0000 - 0x00007ffa8aafe000 	C:\WINDOWS\SYSTEM32\dhcpcsvc.DLL
0x00007ffa928b0000 - 0x00007ffa928e1000 	C:\WINDOWS\System32\IMM32.DLL
0x00007ffa90050000 - 0x00007ffa90062000 	C:\WINDOWS\SYSTEM32\MSASN1.dll
0x00007ffa8f910000 - 0x00007ffa8f928000 	C:\WINDOWS\SYSTEM32\kernel.appcore.dll
0x00007ffa3b0b0000 - 0x00007ffa3b5c7000 	C:\Xilinx\Vivado\2019.1\lib\win64.o\librdi_commontasks.dll
0x00007ffa86750000 - 0x00007ffa8675a000 	C:\WINDOWS\SYSTEM32\VERSION.dll
0x00007ffa4d960000 - 0x00007ffa4dbe6000 	C:\Xilinx\Vivado\2019.1\lib\win64.o\librdi_sio.dll
0x00000000674f0000 - 0x0000000067f15000 	C:\Xilinx\Vivado\2019.1\tps\win64\jre9.0.4\bin\server\jvm.dll
0x00007ffa91f50000 - 0x00007ffa91f58000 	C:\WINDOWS\System32\PSAPI.DLL
0x00007ffa8f3c0000 - 0x00007ffa8f3ed000 	C:\WINDOWS\SYSTEM32\IPHLPAPI.DLL
0x00007ffa85460000 - 0x00007ffa85493000 	C:\WINDOWS\SYSTEM32\WINMM.dll
0x00007ffa4bd00000 - 0x00007ffa4bdef000 	C:\WINDOWS\SYSTEM32\MSVCR120.dll
0x00007ffa8fdb0000 - 0x00007ffa8fe17000 	C:\WINDOWS\SYSTEM32\MSWSOCK.DLL
0x00007ffa8e900000 - 0x00007ffa8f168000 	C:\WINDOWS\SYSTEM32\windows.storage.dll
0x00007ffa8e790000 - 0x00007ffa8e8f6000 	C:\WINDOWS\SYSTEM32\wintypes.dll
0x00007ffa1e1d0000 - 0x00007ffa2068c000 	C:\Xilinx\Vivado\2019.1\lib\win64.o\librdi_tcltasks.dll
0x00007ffa3f490000 - 0x00007ffa3f621000 	C:\Xilinx\Vivado\2019.1\lib\win64.o\librdi_board.dll
0x00007ffa63f50000 - 0x00007ffa63fc8000 	C:\Xilinx\Vivado\2019.1\lib\win64.o\librdi_boarddep.dll
0x00007ffa239b0000 - 0x00007ffa23db8000 	C:\Xilinx\Vivado\2019.1\lib\win64.o\librdi_bitstream.dll
0x00007ffa3f9f0000 - 0x00007ffa3fadb000 	C:\Xilinx\Vivado\2019.1\lib\win64.o\librdi_chipscope.dll
0x00007ffa3c640000 - 0x00007ffa3c796000 	C:\Xilinx\Vivado\2019.1\lib\win64.o\librdi_containers.dll
0x00007ffa17830000 - 0x00007ffa1921a000 	C:\Xilinx\Vivado\2019.1\lib\win64.o\librdi_constraints.dll
0x00007ffa15970000 - 0x00007ffa17821000 	C:\Xilinx\Vivado\2019.1\lib\win64.o\librdi_coregen.dll
0x00007ffa3c480000 - 0x00007ffa3c63d000 	C:\Xilinx\Vivado\2019.1\lib\win64.o\librdi_chipscopeimpl.dll
0x00007ffa1daf0000 - 0x00007ffa1e1ca000 	C:\Xilinx\Vivado\2019.1\lib\win64.o\librdi_coregenipxact.dll
0x00007ffa3bce0000 - 0x00007ffa3bffe000 	C:\Xilinx\Vivado\2019.1\lib\win64.o\librdi_dlyest.dll
0x00007ffa1ac70000 - 0x00007ffa1b20a000 	C:\Xilinx\Vivado\2019.1\lib\win64.o\librdi_drc.dll
0x00007ffa3f820000 - 0x00007ffa3f8e4000 	C:\Xilinx\Vivado\2019.1\lib\win64.o\librdi_dsp.dll
0x00007ffa11920000 - 0x00007ffa15963000 	C:\Xilinx\Vivado\2019.1\lib\win64.o\librdi_designutils.dll
0x00007ffa1a620000 - 0x00007ffa1ac6d000 	C:\Xilinx\Vivado\2019.1\lib\win64.o\librdi_filemgmt.dll
0x00007ffa35480000 - 0x00007ffa35763000 	C:\Xilinx\Vivado\2019.1\lib\win64.o\librdi_guitools.dll
0x00007ffa67480000 - 0x00007ffa674e5000 	C:\Xilinx\Vivado\2019.1\lib\win64.o\librdi_hdf.dll
0x00007ffa1a000000 - 0x00007ffa1a615000 	C:\Xilinx\Vivado\2019.1\lib\win64.o\librdi_memdata.dll
0x00007ffa10360000 - 0x00007ffa11920000 	C:\Xilinx\Vivado\2019.1\lib\win64.o\librdi_implflow.dll
0x00007ffa56750000 - 0x00007ffa567c3000 	C:\Xilinx\Vivado\2019.1\lib\win64.o\librdi_memoryarray.dll
0x00007ffa63310000 - 0x00007ffa6335b000 	C:\Xilinx\Vivado\2019.1\lib\win64.o\librdi_pfi.dll
0x00007ff9f4010000 - 0x00007ffa0643c000 	C:\Xilinx\Vivado\2019.1\lib\win64.o\librdi_device.dll
0x00007ffa19950000 - 0x00007ffa19ff2000 	C:\Xilinx\Vivado\2019.1\lib\win64.o\librdi_netlist.dll
0x00007ff9f1320000 - 0x00007ff9f4006000 	C:\Xilinx\Vivado\2019.1\lib\win64.o\librdi_mig.dll
0x00007ffa222f0000 - 0x00007ffa225ff000 	C:\Xilinx\Vivado\2019.1\lib\win64.o\librdi_platform.dll
0x00007ffa0b440000 - 0x00007ffa0bb8a000 	C:\Xilinx\Vivado\2019.1\lib\win64.o\librdi_power.dll
0x00007ff9eeca0000 - 0x00007ff9f1316000 	C:\Xilinx\Vivado\2019.1\lib\win64.o\librdi_place.dll
0x00007ff9ee720000 - 0x00007ff9eec9f000 	C:\Xilinx\Vivado\2019.1\lib\win64.o\librdi_project.dll
0x00007ff9ee010000 - 0x00007ff9ee719000 	C:\Xilinx\Vivado\2019.1\lib\win64.o\librdi_psta.dll
0x00007ff9ed900000 - 0x00007ff9ee006000 	C:\Xilinx\Vivado\2019.1\lib\win64.o\librdi_rsb.dll
0x00007ffa1bde0000 - 0x00007ffa1c1d1000 	C:\Xilinx\Vivado\2019.1\lib\win64.o\librdi_runs.dll
0x00007ffa3f390000 - 0x00007ffa3f48a000 	C:\Xilinx\Vivado\2019.1\lib\win64.o\librdi_runsbase.dll
0x00007ffa10100000 - 0x00007ffa10356000 	C:\Xilinx\Vivado\2019.1\lib\win64.o\librdi_simdata.dll
0x00007ff9ecae0000 - 0x00007ff9ed8f1000 	C:\Xilinx\Vivado\2019.1\lib\win64.o\librdi_timing.dll
0x00007ffa35110000 - 0x00007ffa35282000 	C:\Xilinx\Vivado\2019.1\lib\win64.o\librdi_advchipscopeimpl.dll
0x00007ffa5cc20000 - 0x00007ffa5cc6c000 	C:\Xilinx\Vivado\2019.1\lib\win64.o\libboost_serialization.dll
0x00007ffa34680000 - 0x00007ffa3481f000 	C:\Xilinx\Vivado\2019.1\lib\win64.o\librdi_hip_devdesign.dll
0x00007ffa3f120000 - 0x00007ffa3f1e2000 	C:\Xilinx\Vivado\2019.1\lib\win64.o\librdi_ipconfig_readwrite.dll
0x00007ffa5c1b0000 - 0x00007ffa5c1f3000 	C:\Xilinx\Vivado\2019.1\lib\win64.o\librdi_noc_frameworks.dll
0x00007ffa54870000 - 0x00007ffa5490e000 	C:\Xilinx\Vivado\2019.1\lib\win64.o\libise.dll
0x00007ff9ebf90000 - 0x00007ff9ecad7000 	C:\Xilinx\Vivado\2019.1\lib\win64.o\libverific.dll
0x00007ffa5bbf0000 - 0x00007ffa5bc30000 	C:\Xilinx\Vivado\2019.1\lib\win64.o\librdi_wavedata_SimpleApi.dll
0x00007ff9eb5a0000 - 0x00007ff9eb985000 	C:\Xilinx\Vivado\2019.1\lib\win64.o\librdi_hip_config.dll
0x00007ff9eb990000 - 0x00007ff9ebf8c000 	C:\Xilinx\Vivado\2019.1\lib\win64.o\librdi_wavedata.dll
0x00007ff9eb050000 - 0x00007ff9eb59e000 	C:\Xilinx\Vivado\2019.1\lib\win64.o\librdi_xdm.dll
0x00007ffa57790000 - 0x00007ffa577cf000 	C:\Xilinx\Vivado\2019.1\lib\win64.o\librdi_schedmon.dll
0x00007ffa0fea0000 - 0x00007ffa100f9000 	C:\Xilinx\Vivado\2019.1\lib\win64.o\librdi_hsm.dll
0x00007ff9e9ec0000 - 0x00007ff9eb04d000 	C:\Xilinx\Vivado\2019.1\lib\win64.o\librdi_route.dll

VM Arguments:
jvm_args: -Dsun.java2d.pmoffscreen=false -Dsun.java2d.xrender=false -Dsun.java2d.d3d=false -Dsun.awt.nopixfmt=true -Dsun.java2d.dpiaware=true -Dsun.java2d.uiScale.enabled=false -Xverify:none -Dswing.aatext=true -XX:-UsePerfData -Djdk.map.althashing.threshold=512 -XX:StringTableSize=4072 --add-opens=java.base/java.nio=ALL-UNNAMED --add-opens=java.desktop/sun.swing=ALL-UNNAMED --add-opens=java.desktop/javax.swing=ALL-UNNAMED --add-opens=java.desktop/javax.swing.tree=ALL-UNNAMED --add-opens=java.desktop/javax.swing.plaf.basic=ALL-UNNAMED --add-opens=java.desktop/javax.swing.plaf.synth=ALL-UNNAMED --add-opens=java.desktop/com.sun.awt=ALL-UNNAMED -XX:NewSize=60m -XX:MaxNewSize=60m -Xms128m -Xmx3072m -Xss5m 
java_command: <unknown>
java_class_path (initial): C:/Xilinx/Vivado/2019.1\lib\classes\alloy.jar;C:/Xilinx/Vivado/2019.1\lib\classes\autopilot.scelaborator.jar;C:/Xilinx/Vivado/2019.1\lib\classes\autopilot.sourceprocessor.jar;C:/Xilinx/Vivado/2019.1\lib\classes\autopilot.tbprocessor.jar;C:/Xilinx/Vivado/2019.1\lib\classes\batik-anim.jar;C:/Xilinx/Vivado/2019.1\lib\classes\batik-awt-util.jar;C:/Xilinx/Vivado/2019.1\lib\classes\batik-bridge.jar;C:/Xilinx/Vivado/2019.1\lib\classes\batik-codec.jar;C:/Xilinx/Vivado/2019.1\lib\classes\batik-css.jar;C:/Xilinx/Vivado/2019.1\lib\classes\batik-dom.jar;C:/Xilinx/Vivado/2019.1\lib\classes\batik-ext.jar;C:/Xilinx/Vivado/2019.1\lib\classes\batik-gui-util.jar;C:/Xilinx/Vivado/2019.1\lib\classes\batik-gvt.jar;C:/Xilinx/Vivado/2019.1\lib\classes\batik-parser.jar;C:/Xilinx/Vivado/2019.1\lib\classes\batik-script.jar;C:/Xilinx/Vivado/2019.1\lib\classes\batik-svg-dom.jar;C:/Xilinx/Vivado/2019.1\lib\classes\batik-swing.jar;C:/Xilinx/Vivado/2019.1\lib\classes\batik-transcoder.jar;C:/Xilinx/Vivado/2019.1\lib\classes\batik-util.jar;C:/Xilinx/Vivado/2019.1\lib\classes\batik-xml.jar;C:/Xilinx/Vivado/2019.1\lib\classes\com.google.gson_2.7.0.v20170129-0911.jar;C:/Xilinx/Vivado/2019.1\lib\classes\com.google.guava_21.0.0.v20170206-1425.jar;C:/Xilinx/Vivado/2019.1\lib\classes\com.google.inject_3.0.0.v201605172100.jar;C:/Xilinx/Vivado/2019.1\lib\classes\com.ibm.icu_4.4.2.v20110208.jar;C:/Xilinx/Vivado/2019.1\lib\classes\com.sigasi.hdt.annotations.runtime_4.3.0.201903071210.jar;C:/Xilinx/Vivado/2019.1\lib\classes\com.sigasi.hdt.blockdiagram.model_4.3.0.201903071210.jar;C:/Xilinx/Vivado/2019.1\lib\classes\com.sigasi.hdt.connection_4.3.0.201903071210.jar;C:/Xilinx/Vivado/2019.1\lib\classes\com.sigasi.hdt.dependencies.model_4.3.0.201903071210.jar;C:/Xilinx/Vivado/2019.1\lib\classes\com.sigasi.hdt.epl_4.3.0.201903071210.jar;C:/Xilinx/Vivado/2019.1\lib\classes\com.sigasi.hdt.graphics.model_4.3.0.201903071210.jar;C:/Xilinx/Vivado/2019.1\lib\classes\com.sigasi.hdt.project_4.3.0
Launcher Type: generic

Logging:
Log output configuration:
#0: stdout all=warning uptime,level,tags
#1: stderr all=off uptime,level,tags

Environment Variables:
PATH=C:/Xilinx/Vivado/2019.1/bin;C:/Xilinx/Vivado/2019.1/lib/win64.o;C:/Xilinx/Vivado/2019.1/tps/win64/jre9.0.4/bin/server;C:/Xilinx/Vivado/2019.1/tps/win64/jre9.0.4/bin;C:/Xilinx/SDK/2019.1/bin;C:/Xilinx/Vivado/2019.1/ids_lite/ISE/bin/nt64;C:/Xilinx/Vivado/2019.1/ids_lite/ISE/lib/nt64;C:\Program Files\Common Files\Oracle\Java\javapath;C:\Program Files (x86)\Common Files\Oracle\Java\javapath;C:\Windows\system32;C:\Windows;C:\Windows\System32\Wbem;C:\Windows\System32\WindowsPowerShell\v1.0\;C:\Windows\System32\OpenSSH\;F:\matlab\bin;C:\Program Files (x86)\NVIDIA Corporation\PhysX\Common;C:\Program Files\dotnet\;C:\Program Files (x86)\Wolfram Research\WolframScript\;F:\program\ffmpeg\bin;C:\Users\expecto\AppData\Local\Programs\Python\Python310;C:\Program Files (x86)\Bitvise SSH Client;C:\Users\expecto\Downloads\Compressed\platform-tools_r33.0.0-windows\platform-tools;;C:\Program Files\NVIDIA Corporation\NVIDIA NvDLISR;C:\Users\expecto\AppData\Local\Programs\Python\Python39\Scripts\;C:\Users\expecto\AppData\Local\Programs\Python\Python39\;C:\Users\expecto\AppData\Local\Microsoft\WindowsApps;C:\Program Files\JetBrains\PyCharm 2020.3.3\bin;C:\Users\expecto\AppData\Local\Programs\Fiddler;F:\program\MIKTex\miktex\bin\x64\;F:\program\Fiddler;C:\Users\expecto\AppData\Local\Programs\Microsoft VS Code\bin;C:/Xilinx/Vivado/2019.1\tps\mingw\6.2.0\win64.o\nt\bin;C:/Xilinx/Vivado/2019.1\tps\mingw\6.2.0\win64.o\nt\libexec\gcc\x86_64-w64-mingw32\6.2.0;C:/Xilinx/Vivado/2019.1\tps\win64\python-2.7.5;C:/Xilinx/Vivado/2019.1\tps\win64\python-2.7.5\lib;C:/Xilinx/Vivado/2019.1\tps\win64\python-2.7.5\Lib\lib-tk;C:/Xilinx/Vivado/2019.1\tps\win64\python-2.7.5\lib\site-packages
USERNAME=expecto
OS=Windows_NT
PROCESSOR_IDENTIFIER=Intel64 Family 6 Model 165 Stepping 5, GenuineIntel



---------------  S Y S T E M  ---------------

OS: Windows 10 , 64 bit Build 22000 (10.0.22000.613)

CPU:total 12 (initial active 12) (6 cores per cpu, 2 threads per core) family 6 model 165 stepping 5, cmov, cx8, fxsr, mmx, sse, sse2, sse3, ssse3, sse4.1, sse4.2, popcnt, avx, avx2, aes, clmul, erms, 3dnowpref, lzcnt, ht, tsc, tscinvbit, bmi1, bmi2, adx, fma

Memory: 4k page, physical 16713740k(10553496k free), swap 37685260k(29537300k free)

vm_info: Java HotSpot(TM) 64-Bit Server VM (9.0.4+11) for windows-amd64 JRE (9.0.4+11), built on Dec 20 2017 02:18:54 by "mach5one" with MS VC++ 12.0 (VS2013)

END.
