INFO: [VRFC 10-2263] Analyzing Verilog file "D:/VivadoProject/COD/Lab3/Single_Cycle_CPU/Single_Cycle_CPU.sim/sim_1/synth/timing/xsim/dbu_tb_TA_time_synth.v" into library xil_defaultlib
INFO: [VRFC 10-311] analyzing module RAM128X1D_UNIQ_BASE_
INFO: [VRFC 10-311] analyzing module RAM128X1D_HD825
INFO: [VRFC 10-311] analyzing module RAM128X1D_HD826
INFO: [VRFC 10-311] analyzing module RAM128X1D_HD827
INFO: [VRFC 10-311] analyzing module RAM128X1D_HD828
INFO: [VRFC 10-311] analyzing module RAM128X1D_HD829
INFO: [VRFC 10-311] analyzing module RAM128X1D_HD830
INFO: [VRFC 10-311] analyzing module RAM128X1D_HD831
INFO: [VRFC 10-311] analyzing module RAM128X1D_HD832
INFO: [VRFC 10-311] analyzing module RAM128X1D_HD833
INFO: [VRFC 10-311] analyzing module RAM128X1D_HD834
INFO: [VRFC 10-311] analyzing module RAM128X1D_HD835
INFO: [VRFC 10-311] analyzing module RAM128X1D_HD836
INFO: [VRFC 10-311] analyzing module RAM128X1D_HD837
INFO: [VRFC 10-311] analyzing module RAM128X1D_HD838
INFO: [VRFC 10-311] analyzing module RAM128X1D_HD839
INFO: [VRFC 10-311] analyzing module RAM128X1D_HD840
INFO: [VRFC 10-311] analyzing module RAM128X1D_HD841
INFO: [VRFC 10-311] analyzing module RAM128X1D_HD842
INFO: [VRFC 10-311] analyzing module RAM128X1D_HD843
INFO: [VRFC 10-311] analyzing module RAM128X1D_HD844
INFO: [VRFC 10-311] analyzing module RAM128X1D_HD845
INFO: [VRFC 10-311] analyzing module RAM128X1D_HD846
INFO: [VRFC 10-311] analyzing module RAM128X1D_HD847
INFO: [VRFC 10-311] analyzing module RAM128X1D_HD848
INFO: [VRFC 10-311] analyzing module RAM128X1D_HD849
INFO: [VRFC 10-311] analyzing module RAM128X1D_HD850
INFO: [VRFC 10-311] analyzing module RAM128X1D_HD851
INFO: [VRFC 10-311] analyzing module RAM128X1D_HD852
INFO: [VRFC 10-311] analyzing module RAM128X1D_HD853
INFO: [VRFC 10-311] analyzing module RAM128X1D_HD854
INFO: [VRFC 10-311] analyzing module RAM128X1D_HD855
INFO: [VRFC 10-311] analyzing module RAM128X1D_HD856
INFO: [VRFC 10-311] analyzing module RAM128X1D_HD857
INFO: [VRFC 10-311] analyzing module RAM128X1D_HD858
INFO: [VRFC 10-311] analyzing module RAM128X1D_HD859
INFO: [VRFC 10-311] analyzing module RAM128X1D_HD860
INFO: [VRFC 10-311] analyzing module RAM128X1D_HD861
INFO: [VRFC 10-311] analyzing module RAM128X1D_HD862
INFO: [VRFC 10-311] analyzing module RAM128X1D_HD863
INFO: [VRFC 10-311] analyzing module RAM128X1D_HD864
INFO: [VRFC 10-311] analyzing module RAM128X1D_HD865
INFO: [VRFC 10-311] analyzing module RAM128X1D_HD866
INFO: [VRFC 10-311] analyzing module RAM128X1D_HD867
INFO: [VRFC 10-311] analyzing module RAM128X1D_HD868
INFO: [VRFC 10-311] analyzing module RAM128X1D_HD869
INFO: [VRFC 10-311] analyzing module RAM128X1D_HD870
INFO: [VRFC 10-311] analyzing module RAM128X1D_HD871
INFO: [VRFC 10-311] analyzing module RAM128X1D_HD872
INFO: [VRFC 10-311] analyzing module RAM128X1D_HD873
INFO: [VRFC 10-311] analyzing module RAM128X1D_HD874
INFO: [VRFC 10-311] analyzing module RAM128X1D_HD875
INFO: [VRFC 10-311] analyzing module RAM128X1D_HD876
INFO: [VRFC 10-311] analyzing module RAM128X1D_HD877
INFO: [VRFC 10-311] analyzing module RAM128X1D_HD878
INFO: [VRFC 10-311] analyzing module RAM128X1D_HD879
INFO: [VRFC 10-311] analyzing module RAM128X1D_HD880
INFO: [VRFC 10-311] analyzing module RAM128X1D_HD881
INFO: [VRFC 10-311] analyzing module RAM128X1D_HD882
INFO: [VRFC 10-311] analyzing module RAM128X1D_HD883
INFO: [VRFC 10-311] analyzing module RAM128X1D_HD884
INFO: [VRFC 10-311] analyzing module RAM128X1D_HD885
INFO: [VRFC 10-311] analyzing module RAM128X1D_HD886
INFO: [VRFC 10-311] analyzing module RAM128X1D_HD887
INFO: [VRFC 10-311] analyzing module ALU
INFO: [VRFC 10-311] analyzing module cpu_one_circle
INFO: [VRFC 10-311] analyzing module dbu
INFO: [VRFC 10-311] analyzing module dist_instruction_memory_256x32
INFO: [VRFC 10-311] analyzing module dist_memory_256x32
INFO: [VRFC 10-311] analyzing module edge_taker
INFO: [VRFC 10-311] analyzing module edge_taker_0
INFO: [VRFC 10-311] analyzing module edge_taker_1
INFO: [VRFC 10-311] analyzing module nixietube
INFO: [VRFC 10-311] analyzing module register_file
INFO: [VRFC 10-311] analyzing module dist_instruction_memory_256x32_dist_mem_gen_v8_0_13
INFO: [VRFC 10-311] analyzing module dist_instruction_memory_256x32_dist_mem_gen_v8_0_13_synth
INFO: [VRFC 10-311] analyzing module dist_instruction_memory_256x32_rom
INFO: [VRFC 10-311] analyzing module dist_memory_256x32_dist_mem_gen_v8_0_13
INFO: [VRFC 10-311] analyzing module dist_memory_256x32_dist_mem_gen_v8_0_13_synth
INFO: [VRFC 10-311] analyzing module dist_memory_256x32_dpram
INFO: [VRFC 10-311] analyzing module glbl
INFO: [VRFC 10-2263] Analyzing Verilog file "D:/VivadoProject/COD/Lab3/Single_Cycle_CPU/Single_Cycle_CPU.srcs/sim_1/new/dbu_tb_TA.v" into library xil_defaultlib
INFO: [VRFC 10-311] analyzing module dbu_tb_TA
