Vivado Simulator 2019.2
Copyright 1986-1999, 2001-2019 Xilinx, Inc. All Rights Reserved.
Running: E:/Xilinx/Vivado/2019.2/bin/unwrapped/win64.o/xelab.exe -wto 4c1a0e51d72d44f19f0bce3add951700 --incr --debug typical --relax --mt 2 --maxdelay -L xil_defaultlib -L simprims_ver -L secureip --snapshot dbu_tb_time_synth -transport_int_delays -pulse_r 0 -pulse_int_r 0 -pulse_e 0 -pulse_int_e 0 xil_defaultlib.dbu_tb xil_defaultlib.glbl -log elaborate.log 
Using 2 slave threads.
Starting static elaboration
Pass Through NonSizing Optimizer
Completed static elaboration
Starting simulation data flow analysis
Completed simulation data flow analysis
INFO: [XSIM 43-3451] SDF backannotation process started with SDF file "dbu_tb_time_synth.sdf", for root module "dbu_tb/dbu".
INFO: [XSIM 43-3452] SDF backannotation was successful for SDF file "dbu_tb_time_synth.sdf", for root module "dbu_tb/dbu".
Time Resolution for simulation is 1ps
Compiling module simprims_ver.FDCE_default
Compiling module simprims_ver.OBUF
Compiling module simprims_ver.BUFG
Compiling module simprims_ver.IBUF
Compiling module simprims_ver.LUT4
Compiling module simprims_ver.LUT5
Compiling module simprims_ver.LUT6
Compiling module simprims_ver.CARRY4
Compiling module xil_defaultlib.ALU
Compiling module simprims_ver.x_lut3_mux8
Compiling module simprims_ver.LUT3
Compiling module simprims_ver.FDPE_default
Compiling module simprims_ver.x_lut2_mux4
Compiling module simprims_ver.LUT2
Compiling module xil_defaultlib.control_unit
Compiling module simprims_ver.GND
Compiling module simprims_ver.FDRE_default
Compiling module simprims_ver.RAMD64E(RAM_ADDRESS_MASK=2'b10,R...
Compiling module simprims_ver.RAMD64E(RAM_ADDRESS_MASK=2'b10,R...
Compiling module simprims_ver.MUXF7
Compiling module xil_defaultlib.RAM128X1D_UNIQ_BASE_
Compiling module xil_defaultlib.RAM128X1D_HD1
Compiling module xil_defaultlib.RAM128X1D_HD2
Compiling module xil_defaultlib.RAM128X1D_HD3
Compiling module xil_defaultlib.RAM128X1D_HD4
Compiling module xil_defaultlib.RAM128X1D_HD5
Compiling module xil_defaultlib.RAM128X1D_HD6
Compiling module xil_defaultlib.RAM128X1D_HD7
Compiling module xil_defaultlib.RAM128X1D_HD8
Compiling module xil_defaultlib.RAM128X1D_HD9
Compiling module xil_defaultlib.RAM128X1D_HD10
Compiling module xil_defaultlib.RAM128X1D_HD11
Compiling module xil_defaultlib.RAM128X1D_HD12
Compiling module xil_defaultlib.RAM128X1D_HD13
Compiling module xil_defaultlib.RAM128X1D_HD14
Compiling module xil_defaultlib.RAM128X1D_HD15
Compiling module xil_defaultlib.RAM128X1D_HD16
Compiling module xil_defaultlib.RAM128X1D_HD17
Compiling module xil_defaultlib.RAM128X1D_HD18
Compiling module xil_defaultlib.RAM128X1D_HD19
Compiling module xil_defaultlib.RAM128X1D_HD20
Compiling module xil_defaultlib.RAM128X1D_HD21
Compiling module xil_defaultlib.RAM128X1D_HD22
Compiling module xil_defaultlib.RAM128X1D_HD23
Compiling module xil_defaultlib.RAM128X1D_HD24
Compiling module xil_defaultlib.RAM128X1D_HD25
Compiling module xil_defaultlib.RAM128X1D_HD26
Compiling module xil_defaultlib.RAM128X1D_HD27
Compiling module xil_defaultlib.RAM128X1D_HD28
Compiling module xil_defaultlib.RAM128X1D_HD29
Compiling module xil_defaultlib.RAM128X1D_HD30
Compiling module xil_defaultlib.RAM128X1D_HD31
Compiling module xil_defaultlib.RAM128X1D_HD32
Compiling module xil_defaultlib.RAM128X1D_HD33
Compiling module xil_defaultlib.RAM128X1D_HD34
Compiling module xil_defaultlib.RAM128X1D_HD35
Compiling module xil_defaultlib.RAM128X1D_HD36
Compiling module xil_defaultlib.RAM128X1D_HD37
Compiling module xil_defaultlib.RAM128X1D_HD38
Compiling module xil_defaultlib.RAM128X1D_HD39
Compiling module xil_defaultlib.RAM128X1D_HD40
Compiling module xil_defaultlib.RAM128X1D_HD41
Compiling module xil_defaultlib.RAM128X1D_HD42
Compiling module xil_defaultlib.RAM128X1D_HD43
Compiling module xil_defaultlib.RAM128X1D_HD44
Compiling module xil_defaultlib.RAM128X1D_HD45
Compiling module xil_defaultlib.RAM128X1D_HD46
Compiling module xil_defaultlib.RAM128X1D_HD47
Compiling module xil_defaultlib.RAM128X1D_HD48
Compiling module xil_defaultlib.RAM128X1D_HD49
Compiling module xil_defaultlib.RAM128X1D_HD50
Compiling module xil_defaultlib.RAM128X1D_HD51
Compiling module xil_defaultlib.RAM128X1D_HD52
Compiling module xil_defaultlib.RAM128X1D_HD53
Compiling module xil_defaultlib.RAM128X1D_HD54
Compiling module xil_defaultlib.RAM128X1D_HD55
Compiling module xil_defaultlib.RAM128X1D_HD56
Compiling module xil_defaultlib.RAM128X1D_HD57
Compiling module xil_defaultlib.RAM128X1D_HD58
Compiling module xil_defaultlib.RAM128X1D_HD59
Compiling module xil_defaultlib.RAM128X1D_HD60
Compiling module xil_defaultlib.RAM128X1D_HD61
Compiling module xil_defaultlib.RAM128X1D_HD62
Compiling module xil_defaultlib.RAM128X1D_HD63
Compiling module xil_defaultlib.RAM128X1D_HD64
Compiling module xil_defaultlib.RAM128X1D_HD65
Compiling module xil_defaultlib.RAM128X1D_HD66
Compiling module xil_defaultlib.RAM128X1D_HD67
Compiling module xil_defaultlib.RAM128X1D_HD68
Compiling module xil_defaultlib.RAM128X1D_HD69
Compiling module xil_defaultlib.RAM128X1D_HD70
Compiling module xil_defaultlib.RAM128X1D_HD71
Compiling module xil_defaultlib.RAM128X1D_HD72
Compiling module xil_defaultlib.RAM128X1D_HD73
Compiling module xil_defaultlib.RAM128X1D_HD74
Compiling module xil_defaultlib.RAM128X1D_HD75
Compiling module xil_defaultlib.RAM128X1D_HD76
Compiling module xil_defaultlib.RAM128X1D_HD77
Compiling module xil_defaultlib.RAM128X1D_HD78
Compiling module xil_defaultlib.RAM128X1D_HD79
Compiling module xil_defaultlib.RAM128X1D_HD80
Compiling module xil_defaultlib.RAM128X1D_HD81
Compiling module xil_defaultlib.RAM128X1D_HD82
Compiling module xil_defaultlib.RAM128X1D_HD83
Compiling module xil_defaultlib.RAM128X1D_HD84
Compiling module xil_defaultlib.RAM128X1D_HD85
Compiling module xil_defaultlib.RAM128X1D_HD86
Compiling module xil_defaultlib.RAM128X1D_HD87
Compiling module xil_defaultlib.RAM128X1D_HD88
Compiling module xil_defaultlib.RAM128X1D_HD89
Compiling module xil_defaultlib.RAM128X1D_HD90
Compiling module xil_defaultlib.RAM128X1D_HD91
Compiling module xil_defaultlib.RAM128X1D_HD92
Compiling module xil_defaultlib.RAM128X1D_HD93
Compiling module xil_defaultlib.RAM128X1D_HD94
Compiling module xil_defaultlib.RAM128X1D_HD95
Compiling module xil_defaultlib.RAM128X1D_HD96
Compiling module xil_defaultlib.RAM128X1D_HD97
Compiling module xil_defaultlib.RAM128X1D_HD98
Compiling module xil_defaultlib.RAM128X1D_HD99
Compiling module xil_defaultlib.RAM128X1D_HD100
Compiling module xil_defaultlib.RAM128X1D_HD101
Compiling module xil_defaultlib.RAM128X1D_HD102
Compiling module xil_defaultlib.RAM128X1D_HD103
Compiling module xil_defaultlib.RAM128X1D_HD104
Compiling module xil_defaultlib.RAM128X1D_HD105
Compiling module xil_defaultlib.RAM128X1D_HD106
Compiling module xil_defaultlib.RAM128X1D_HD107
Compiling module xil_defaultlib.RAM128X1D_HD108
Compiling module xil_defaultlib.RAM128X1D_HD109
Compiling module xil_defaultlib.RAM128X1D_HD110
Compiling module xil_defaultlib.RAM128X1D_HD111
Compiling module xil_defaultlib.RAM128X1D_HD112
Compiling module xil_defaultlib.RAM128X1D_HD113
Compiling module xil_defaultlib.RAM128X1D_HD114
Compiling module xil_defaultlib.RAM128X1D_HD115
Compiling module xil_defaultlib.RAM128X1D_HD116
Compiling module xil_defaultlib.RAM128X1D_HD117
Compiling module xil_defaultlib.RAM128X1D_HD118
Compiling module xil_defaultlib.RAM128X1D_HD119
Compiling module xil_defaultlib.RAM128X1D_HD120
Compiling module xil_defaultlib.RAM128X1D_HD121
Compiling module xil_defaultlib.RAM128X1D_HD122
Compiling module xil_defaultlib.RAM128X1D_HD123
Compiling module xil_defaultlib.RAM128X1D_HD124
Compiling module xil_defaultlib.RAM128X1D_HD125
Compiling module xil_defaultlib.RAM128X1D_HD126
Compiling module xil_defaultlib.RAM128X1D_HD127
Compiling module xil_defaultlib.dist_mem_512x32_dpram
Compiling module xil_defaultlib.dist_mem_512x32_dist_mem_gen_v8_...
Compiling module xil_defaultlib.dist_mem_512x32_dist_mem_gen_v8_...
Compiling module xil_defaultlib.dist_mem_512x32
Compiling module xil_defaultlib.register_file
Compiling module xil_defaultlib.cpu_multicycle
Compiling module xil_defaultlib.edge_taker
Compiling module xil_defaultlib.edge_taker_0
Compiling module xil_defaultlib.edge_taker_1
Compiling module xil_defaultlib.dbu
Compiling module xil_defaultlib.dbu_tb
Compiling module xil_defaultlib.glbl
Built simulation snapshot dbu_tb_time_synth
