#-----------------------------------------------------------
# Vivado v2019.1 (64-bit)
# SW Build 2552052 on Fri May 24 14:49:42 MDT 2019
# IP Build 2548770 on Fri May 24 18:01:18 MDT 2019
# Start of session at: Thu Nov 24 18:09:12 2022
# Process ID: 5044
# Current directory: C:/Users/expecto/Desktop/Program/Lab/COD_Lab/Lab4/one_circle_CPU
# Command line: vivado.exe -gui_launcher_event rodinguilauncherevent2436 C:\Users\expecto\Desktop\Program\Lab\COD_Lab\Lab4\one_circle_CPU\one_circle_CPU.xpr
# Log file: C:/Users/expecto/Desktop/Program/Lab/COD_Lab/Lab4/one_circle_CPU/vivado.log
# Journal file: C:/Users/expecto/Desktop/Program/Lab/COD_Lab/Lab4/one_circle_CPU\vivado.jou
#-----------------------------------------------------------
start_gui
open_project C:/Users/expecto/Desktop/Program/Lab/COD_Lab/Lab4/one_circle_CPU/one_circle_CPU.xpr
INFO: [Project 1-313] Project file moved from 'C:/Users/expecto/Desktop/Lab/COD_Lab/Lab4/one_circle_CPU' since last save.
Scanning sources...
Finished scanning sources
INFO: [IP_Flow 19-234] Refreshing IP repositories
INFO: [IP_Flow 19-1704] No user IP repositories specified
INFO: [IP_Flow 19-2313] Loaded Vivado IP repository 'C:/Xilinx/Vivado/2019.1/data/ip'.
update_compile_order -fileset sources_1
exit
INFO: [Common 17-206] Exiting Vivado at Thu Nov 24 18:20:20 2022...
