#-----------------------------------------------------------
# Vivado v2019.1 (64-bit)
# SW Build 2552052 on Fri May 24 14:49:42 MDT 2019
# IP Build 2548770 on Fri May 24 18:01:18 MDT 2019
# Start of session at: Thu May  5 21:22:03 2022
# Process ID: 15120
# Current directory: C:/Users/expecto/Desktop/Lab/COD_Lab/Lab4/one_circle_CPU
# Command line: vivado.exe -gui_launcher_event rodinguilauncherevent17772 C:\Users\expecto\Desktop\Lab\COD_Lab\Lab4\one_circle_CPU\one_circle_CPU.xpr
# Log file: C:/Users/expecto/Desktop/Lab/COD_Lab/Lab4/one_circle_CPU/vivado.log
# Journal file: C:/Users/expecto/Desktop/Lab/COD_Lab/Lab4/one_circle_CPU\vivado.jou
#-----------------------------------------------------------
start_gui
open_project C:/Users/expecto/Desktop/Lab/COD_Lab/Lab4/one_circle_CPU/one_circle_CPU.xpr
Scanning sources...
Finished scanning sources
INFO: [IP_Flow 19-234] Refreshing IP repositories
INFO: [IP_Flow 19-1704] No user IP repositories specified
INFO: [IP_Flow 19-2313] Loaded Vivado IP repository 'C:/Xilinx/Vivado/2019.1/data/ip'.
update_compile_order -fileset sources_1
launch_simulation
INFO: [Vivado 12-5698] Checking validity of IPs in the design for the 'XSim' simulator...
INFO: [Vivado 12-5682] Launching behavioral simulation in 'C:/Users/expecto/Desktop/Lab/COD_Lab/Lab4/one_circle_CPU/one_circle_CPU.sim/sim_1/behav/xsim'
INFO: [Vivado 12-4795] Using compiled simulation libraries for IPs
INFO: [SIM-utils-51] Simulation object is 'sim_1'
INFO: [USF-XSim-7] Finding pre-compiled libraries...
INFO: [USF-XSim-11] File 'C:/Xilinx/Vivado/2019.1/data/xsim/xsim.ini' copied to run dir:'C:/Users/expecto/Desktop/Lab/COD_Lab/Lab4/one_circle_CPU/one_circle_CPU.sim/sim_1/behav/xsim'
INFO: [SIM-utils-54] Inspecting design source files for 'TOP_sim' in fileset 'sim_1'...
INFO: [SIM-utils-43] Exported 'C:/Users/expecto/Desktop/Lab/COD_Lab/Lab4/one_circle_CPU/one_circle_CPU.sim/sim_1/behav/xsim/ROM_Instruction.mif'
INFO: [SIM-utils-43] Exported 'C:/Users/expecto/Desktop/Lab/COD_Lab/Lab4/one_circle_CPU/one_circle_CPU.sim/sim_1/behav/xsim/fib_test.coe'
INFO: [SIM-utils-43] Exported 'C:/Users/expecto/Desktop/Lab/COD_Lab/Lab4/one_circle_CPU/one_circle_CPU.sim/sim_1/behav/xsim/all10_test.coe'
INFO: [SIM-utils-43] Exported 'C:/Users/expecto/Desktop/Lab/COD_Lab/Lab4/one_circle_CPU/one_circle_CPU.sim/sim_1/behav/xsim/te.coe'
INFO: [SIM-utils-43] Exported 'C:/Users/expecto/Desktop/Lab/COD_Lab/Lab4/one_circle_CPU/one_circle_CPU.sim/sim_1/behav/xsim/tes.coe'
INFO: [USF-XSim-97] Finding global include files...
INFO: [USF-XSim-98] Fetching design files from 'sim_1'...
INFO: [USF-XSim-2] XSim::Compile design
INFO: [USF-XSim-61] Executing 'COMPILE and ANALYZE' step in 'C:/Users/expecto/Desktop/Lab/COD_Lab/Lab4/one_circle_CPU/one_circle_CPU.sim/sim_1/behav/xsim'
"xvlog --incr --relax -prj TOP_sim_vlog.prj"
INFO: [VRFC 10-2263] Analyzing Verilog file "C:/Users/expecto/Desktop/Lab/COD_Lab/Lab4/one_circle_CPU/one_circle_CPU.srcs/sources_1/ip/ROM_Instruction/sim/ROM_Instruction.v" into library xil_defaultlib
INFO: [VRFC 10-311] analyzing module ROM_Instruction
INFO: [VRFC 10-2263] Analyzing Verilog file "C:/Users/expecto/Desktop/Lab/COD_Lab/Lab4/one_circle_CPU/one_circle_CPU.srcs/sources_1/new/ALU.v" into library xil_defaultlib
INFO: [VRFC 10-311] analyzing module ALU
WARNING: [VRFC 10-2096] empty statement in sequential block [C:/Users/expecto/Desktop/Lab/COD_Lab/Lab4/one_circle_CPU/one_circle_CPU.srcs/sources_1/new/ALU.v:20]
INFO: [VRFC 10-2263] Analyzing Verilog file "C:/Users/expecto/Desktop/Lab/COD_Lab/Lab4/one_circle_CPU/one_circle_CPU.srcs/sources_1/new/Control_Unit.v" into library xil_defaultlib
INFO: [VRFC 10-311] analyzing module ControlUnit
INFO: [VRFC 10-2263] Analyzing Verilog file "C:/Users/expecto/Desktop/Lab/COD_Lab/Lab4/one_circle_CPU/one_circle_CPU.srcs/sources_1/new/DataMEM.v" into library xil_defaultlib
INFO: [VRFC 10-311] analyzing module DataMEM
INFO: [VRFC 10-2263] Analyzing Verilog file "C:/Users/expecto/Desktop/Lab/COD_Lab/Lab4/one_circle_CPU/one_circle_CPU.srcs/sources_1/new/ImmGen.v" into library xil_defaultlib
INFO: [VRFC 10-311] analyzing module Extend
INFO: [VRFC 10-2263] Analyzing Verilog file "C:/Users/expecto/Desktop/Lab/COD_Lab/Lab4/one_circle_CPU/one_circle_CPU.srcs/sources_1/new/InsMem.v" into library xil_defaultlib
INFO: [VRFC 10-311] analyzing module InsMEM
INFO: [VRFC 10-2263] Analyzing Verilog file "C:/Users/expecto/Desktop/Lab/COD_Lab/Lab4/one_circle_CPU/one_circle_CPU.srcs/sources_1/new/MUX_register_input.v" into library xil_defaultlib
INFO: [VRFC 10-311] analyzing module MUX_reg_input
INFO: [VRFC 10-2263] Analyzing Verilog file "C:/Users/expecto/Desktop/Lab/COD_Lab/Lab4/one_circle_CPU/one_circle_CPU.srcs/sources_1/new/PC.v" into library xil_defaultlib
INFO: [VRFC 10-311] analyzing module PC
INFO: [VRFC 10-2263] Analyzing Verilog file "C:/Users/expecto/Desktop/Lab/COD_Lab/Lab4/one_circle_CPU/one_circle_CPU.srcs/sources_1/new/PDU.v" into library xil_defaultlib
INFO: [VRFC 10-311] analyzing module pdu_1cycle
INFO: [VRFC 10-2263] Analyzing Verilog file "C:/Users/expecto/Desktop/Lab/COD_Lab/Lab4/one_circle_CPU/one_circle_CPU.srcs/sources_1/new/Regfile.v" into library xil_defaultlib
INFO: [VRFC 10-311] analyzing module register_file
INFO: [VRFC 10-2263] Analyzing Verilog file "C:/Users/expecto/Desktop/Lab/COD_Lab/Lab4/one_circle_CPU/one_circle_CPU.srcs/sources_1/new/one_circle_cpu.v" into library xil_defaultlib
INFO: [VRFC 10-311] analyzing module cpu
INFO: [VRFC 10-2263] Analyzing Verilog file "C:/Users/expecto/Desktop/Lab/COD_Lab/Lab4/one_circle_CPU/one_circle_CPU.srcs/sources_1/new/top.v" into library xil_defaultlib
INFO: [VRFC 10-311] analyzing module top
INFO: [VRFC 10-2263] Analyzing Verilog file "C:/Users/expecto/Desktop/Lab/COD_Lab/Lab4/one_circle_CPU/one_circle_CPU.srcs/sim_1/new/TOP_sim.v" into library xil_defaultlib
INFO: [VRFC 10-311] analyzing module TOP_sim
INFO: [USF-XSim-69] 'compile' step finished in '2' seconds
INFO: [USF-XSim-3] XSim::Elaborate design
INFO: [USF-XSim-61] Executing 'ELABORATE' step in 'C:/Users/expecto/Desktop/Lab/COD_Lab/Lab4/one_circle_CPU/one_circle_CPU.sim/sim_1/behav/xsim'
"xelab -wto b808fbe2baae409297c73edaf1cc35ff --incr --debug typical --relax --mt 2 -L dist_mem_gen_v8_0_13 -L xil_defaultlib -L unisims_ver -L unimacro_ver -L secureip -L xpm --snapshot TOP_sim_behav xil_defaultlib.TOP_sim xil_defaultlib.glbl -log elaborate.log"
Vivado Simulator 2019.1
Copyright 1986-1999, 2001-2019 Xilinx, Inc. All Rights Reserved.
Running: C:/Xilinx/Vivado/2019.1/bin/unwrapped/win64.o/xelab.exe -wto b808fbe2baae409297c73edaf1cc35ff --incr --debug typical --relax --mt 2 -L dist_mem_gen_v8_0_13 -L xil_defaultlib -L unisims_ver -L unimacro_ver -L secureip -L xpm --snapshot TOP_sim_behav xil_defaultlib.TOP_sim xil_defaultlib.glbl -log elaborate.log 
Using 2 slave threads.
Starting static elaboration
Completed static elaboration
Starting simulation data flow analysis
Completed simulation data flow analysis
Time Resolution for simulation is 1ps
Compiling module xil_defaultlib.pdu_1cycle
Compiling module xil_defaultlib.PC
Compiling module dist_mem_gen_v8_0_13.dist_mem_gen_v8_0_13(C_FAMILY="a...
Compiling module xil_defaultlib.ROM_Instruction
Compiling module xil_defaultlib.InsMEM
Compiling module xil_defaultlib.ControlUnit
Compiling module xil_defaultlib.register_file
Compiling module xil_defaultlib.Extend
Compiling module xil_defaultlib.ALU
Compiling module xil_defaultlib.DataMEM
Compiling module xil_defaultlib.MUX_reg_input
Compiling module xil_defaultlib.cpu
Compiling module xil_defaultlib.top
Compiling module xil_defaultlib.TOP_sim
Compiling module xil_defaultlib.glbl
Built simulation snapshot TOP_sim_behav

****** Webtalk v2019.1 (64-bit)
  **** SW Build 2552052 on Fri May 24 14:49:42 MDT 2019
  **** IP Build 2548770 on Fri May 24 18:01:18 MDT 2019
    ** Copyright 1986-2019 Xilinx, Inc. All Rights Reserved.

source C:/Users/expecto/Desktop/Lab/COD_Lab/Lab4/one_circle_CPU/one_circle_CPU.sim/sim_1/behav/xsim/xsim.dir/TOP_sim_behav/webtalk/xsim_webtalk.tcl -notrace
INFO: [Common 17-186] 'C:/Users/expecto/Desktop/Lab/COD_Lab/Lab4/one_circle_CPU/one_circle_CPU.sim/sim_1/behav/xsim/xsim.dir/TOP_sim_behav/webtalk/usage_statistics_ext_xsim.xml' has been successfully sent to Xilinx on Thu May  5 21:24:37 2022. For additional details about this file, please refer to the WebTalk help file at C:/Xilinx/Vivado/2019.1/doc/webtalk_introduction.html.
INFO: [Common 17-206] Exiting Webtalk at Thu May  5 21:24:37 2022...
run_program: Time (s): cpu = 00:00:01 ; elapsed = 00:00:08 . Memory (MB): peak = 977.766 ; gain = 0.000
INFO: [USF-XSim-69] 'elaborate' step finished in '8' seconds
INFO: [USF-XSim-4] XSim::Simulate design
INFO: [USF-XSim-61] Executing 'SIMULATE' step in 'C:/Users/expecto/Desktop/Lab/COD_Lab/Lab4/one_circle_CPU/one_circle_CPU.sim/sim_1/behav/xsim'
INFO: [USF-XSim-98] *** Running xsim
   with args "TOP_sim_behav -key {Behavioral:sim_1:Functional:TOP_sim} -tclbatch {TOP_sim.tcl} -log {simulate.log}"
INFO: [USF-XSim-8] Loading simulator feature
Vivado Simulator 2019.1
Time resolution is 1 ps
source TOP_sim.tcl
# set curr_wave [current_wave_config]
# if { [string length $curr_wave] == 0 } {
#   if { [llength [get_objects]] > 0} {
#     add_wave /
#     set_property needs_save false [current_wave_config]
#   } else {
#      send_msg_id Add_Wave-1 WARNING "No top level signals found. Simulator will start without a wave window. If you want to open a wave window go to 'File->New Waveform Configuration' or type 'create_wave_config' in the TCL console."
#   }
# }
# run 1000ns
WARNING: This core is supplied with a behavioral model. To model cycle-accurate behavior you must run timing simulation.
INFO: [USF-XSim-96] XSim completed. Design snapshot 'TOP_sim_behav' loaded.
INFO: [USF-XSim-97] XSim simulation ran for 1000ns
launch_simulation: Time (s): cpu = 00:00:08 ; elapsed = 00:00:14 . Memory (MB): peak = 986.184 ; gain = 10.562
