#
# A fatal error has been detected by the Java Runtime Environment:
#
#  EXCEPTION_ACCESS_VIOLATION (0xc0000005) at pc=0x00007ff866d0db50, pid=12976, tid=17584
#
# JRE version: Java(TM) SE Runtime Environment (9.0+11) (build 9.0.4+11)
# Java VM: Java HotSpot(TM) 64-Bit Server VM (9.0.4+11, mixed mode, tiered, compressed oops, g1 gc, windows-amd64)
# Problematic frame:
# C  0x00007ff866d0db50
#
# No core dump will be written. Minidumps are not enabled by default on client versions of Windows
#
# If you would like to submit a bug report, please visit:
#   http://bugreport.java.com/bugreport/crash.jsp
# The crash happened outside the Java Virtual Machine in native code.
# See problematic frame for where to report the bug.
#

---------------  S U M M A R Y ------------

Command Line: -Dsun.java2d.pmoffscreen=false -Dsun.java2d.xrender=false -Dsun.java2d.d3d=false -Dsun.awt.nopixfmt=true -Dsun.java2d.dpiaware=true -Dsun.java2d.uiScale.enabled=false -Xverify:none -Dswing.aatext=true -XX:-UsePerfData -Djdk.map.althashing.threshold=512 -XX:StringTableSize=4072 --add-opens=java.base/java.nio=ALL-UNNAMED --add-opens=java.desktop/sun.swing=ALL-UNNAMED --add-opens=java.desktop/javax.swing=ALL-UNNAMED --add-opens=java.desktop/javax.swing.tree=ALL-UNNAMED --add-opens=java.desktop/javax.swing.plaf.basic=ALL-UNNAMED --add-opens=java.desktop/javax.swing.plaf.synth=ALL-UNNAMED --add-opens=java.desktop/com.sun.awt=ALL-UNNAMED -XX:NewSize=60m -XX:MaxNewSize=60m -Xms128m -Xmx3072m -Xss5m 

Host: Intel(R) Core(TM) i7-4702HQ CPU @ 2.20GHz, 8 cores, 15G,  Windows 10 , 64 bit Build 18362 (10.0.18362.778)
Time: Thu Apr 30 15:40:19 2020 ?D1¨²¡À¨º¡Á?¨º¡À?? elapsed time: 2647 seconds (0d 0h 44m 7s)

---------------  T H R E A D  ---------------

Current thread (0x0000017b99279000):  JavaThread "AWT-EventQueue-1" [_thread_in_native, id=17584, stack(0x0000004b11200000,0x0000004b11700000)]

Stack: [0x0000004b11200000,0x0000004b11700000],  sp=0x0000004b116fb498,  free space=5101k
Native frames: (J=compiled Java code, j=interpreted, Vv=VM code, C=native code)

Java frames: (J=compiled Java code, j=interpreted, Vv=VM code)
J 16316  ui.views.simulator.executive.simulationi.SimulationExecutive_getCodeTooltipValue(JLjava/lang/String;IZ)Ljava/lang/String; (0 bytes) @ 0x0000017b8893b43f [0x0000017b8893b3e0+0x000000000000005f]
J 22824 c2 ui.views.O.d.mouseMoved(Ljava/awt/event/MouseEvent;)V (13 bytes) @ 0x0000017b88d47a94 [0x0000017b88d477a0+0x00000000000002f4]
J 16070 c2 java.awt.AWTEventMulticaster.mouseMoved(Ljava/awt/event/MouseEvent;)V java.desktop@9.0.4 (27 bytes) @ 0x0000017b888b8c74 [0x0000017b888b8bc0+0x00000000000000b4]
J 19184 c2 javax.swing.JComponent.processMouseMotionEvent(Ljava/awt/event/MouseEvent;)V java.desktop@9.0.4 (46 bytes) @ 0x0000017b8839f440 [0x0000017b8839f360+0x00000000000000e0]
J 20971 c2 java.awt.Container.processEvent(Ljava/awt/AWTEvent;)V java.desktop@9.0.4 (22 bytes) @ 0x0000017b88dc29bc [0x0000017b88dc2840+0x000000000000017c]
J 25403 c1 java.awt.Component.dispatchEventImpl(Ljava/awt/AWTEvent;)V java.desktop@9.0.4 (739 bytes) @ 0x0000017b834ece2c [0x0000017b834e9040+0x0000000000003dec]
J 24188 c2 java.awt.Container.dispatchEventImpl(Ljava/awt/AWTEvent;)V java.desktop@9.0.4 (129 bytes) @ 0x0000017b89147a7c [0x0000017b89147880+0x00000000000001fc]
J 23941 c2 java.awt.LightweightDispatcher.retargetMouseEvent(Ljava/awt/Component;ILjava/awt/event/MouseEvent;)V java.desktop@9.0.4 (350 bytes) @ 0x0000017b890d44ec [0x0000017b890d3f40+0x00000000000005ac]
J 17406 c2 java.awt.LightweightDispatcher.processMouseEvent(Ljava/awt/event/MouseEvent;)Z java.desktop@9.0.4 (265 bytes) @ 0x0000017b88ab054c [0x0000017b88aafdc0+0x000000000000078c]
J 24188 c2 java.awt.Container.dispatchEventImpl(Ljava/awt/AWTEvent;)V java.desktop@9.0.4 (129 bytes) @ 0x0000017b89147cbc [0x0000017b89147880+0x000000000000043c]
J 17199 c2 java.awt.Window.dispatchEventImpl(Ljava/awt/AWTEvent;)V java.desktop@9.0.4 (23 bytes) @ 0x0000017b87f2348c [0x0000017b87f23440+0x000000000000004c]
J 13653 c2 java.awt.EventQueue$3.run()Ljava/lang/Object; java.desktop@9.0.4 (5 bytes) @ 0x0000017b8857533c [0x0000017b88575180+0x00000000000001bc]
v  ~StubRoutines::call_stub
J 4342  java.security.AccessController.doPrivileged(Ljava/security/PrivilegedAction;Ljava/security/AccessControlContext;)Ljava/lang/Object; java.base@9.0.4 (0 bytes) @ 0x0000017b87d39a46 [0x0000017b87d399e0+0x0000000000000066]
J 16666 c2 java.awt.EventQueue$4.run()Ljava/lang/Object; java.desktop@9.0.4 (5 bytes) @ 0x0000017b889c9040 [0x0000017b889c8de0+0x0000000000000260]
v  ~StubRoutines::call_stub
J 4342  java.security.AccessController.doPrivileged(Ljava/security/PrivilegedAction;Ljava/security/AccessControlContext;)Ljava/lang/Object; java.base@9.0.4 (0 bytes) @ 0x0000017b87d39a46 [0x0000017b87d399e0+0x0000000000000066]
J 13612 c2 ui.frmwork.b.d.dispatchEvent(Ljava/awt/AWTEvent;)V (34 bytes) @ 0x0000017b885704a8 [0x0000017b88570080+0x0000000000000428]
J 24054 c2 java.awt.EventDispatchThread.pumpOneEventForFilters(I)V java.desktop@9.0.4 (218 bytes) @ 0x0000017b8910bba0 [0x0000017b8910b900+0x00000000000002a0]
J 22030% c2 java.awt.EventDispatchThread.pumpEventsForFilter(ILjava/awt/Conditional;Ljava/awt/EventFilter;)V java.desktop@9.0.4 (47 bytes) @ 0x0000017b883abdd8 [0x0000017b883abcc0+0x0000000000000118]
j  java.awt.EventDispatchThread.pumpEventsForHierarchy(ILjava/awt/Conditional;Ljava/awt/Component;)V+11 java.desktop@9.0.4
j  java.awt.EventDispatchThread.pumpEvents(ILjava/awt/Conditional;)V+4 java.desktop@9.0.4
j  java.awt.EventDispatchThread.pumpEvents(Ljava/awt/Conditional;)V+3 java.desktop@9.0.4
j  java.awt.EventDispatchThread.run()V+9 java.desktop@9.0.4
v  ~StubRoutines::call_stub

siginfo: EXCEPTION_ACCESS_VIOLATION (0xc0000005), data execution prevention violation at address 0x00007ff866d0db50


Register to memory mapping:

RIP=0x00007ff866d0db50 is an unknown value
RAX=0x00007ff866cb1620 is an unknown value
RBX=0x0000017bb4fea440 is an unknown value
RCX=0x0000017bb415b5b0 is an unknown value
RDX=0x0000004b116fb4c8 is pointing into the stack for thread: 0x0000017b99279000
RSP=0x0000004b116fb498 is pointing into the stack for thread: 0x0000017b99279000
RBP=0x0000000000000000 is an unknown value
RSI=0x0000004b116fb5a8 is pointing into the stack for thread: 0x0000017b99279000
RDI=0x0000017baefe5388 is an unknown value
R8 =0x0000004b116fb5a8 is pointing into the stack for thread: 0x0000017b99279000
R9 =0x0000000000000000 is an unknown value
R10=0x0000017bb4fb2f40 is an unknown value
R11=0x0000004b116fb4f0 is pointing into the stack for thread: 0x0000017b99279000
R12=0x0000000000000000 is an unknown value
R13=0x0000004b116fb800 is pointing into the stack for thread: 0x0000017b99279000
R14=0x0000004b116fb5a8 is pointing into the stack for thread: 0x0000017b99279000
R15=0x0000017bb4fea440 is an unknown value


Registers:
RAX=0x00007ff866cb1620, RBX=0x0000017bb4fea440, RCX=0x0000017bb415b5b0, RDX=0x0000004b116fb4c8
RSP=0x0000004b116fb498, RBP=0x0000000000000000, RSI=0x0000004b116fb5a8, RDI=0x0000017baefe5388
R8 =0x0000004b116fb5a8, R9 =0x0000000000000000, R10=0x0000017bb4fb2f40, R11=0x0000004b116fb4f0
R12=0x0000000000000000, R13=0x0000004b116fb800, R14=0x0000004b116fb5a8, R15=0x0000017bb4fea440
RIP=0x00007ff866d0db50, EFLAGS=0x0000000000010202

Top of Stack: (sp=0x0000004b116fb498)
0x0000004b116fb498:   00007ff8669ba646 0000000000000003
0x0000004b116fb4a8:   00000007002b0e10 000000000000000f
0x0000004b116fb4b8:   0000231fe00561c2 fffffffffffffffe
0x0000004b116fb4c8:   00000007078d1820 0000000000000003
0x0000004b116fb4d8:   0000017baefe5388 00000007078d1820
0x0000004b116fb4e8:   0000231f4a7f46b4 0000000000000000
0x0000004b116fb4f8:   0000000000000000 0000004b116fb6db
0x0000004b116fb508:   0000017baefe5388 0000004b116fb5a8
0x0000004b116fb518:   00007ff8669c812c 00000007078d1820
0x0000004b116fb528:   0000017b891027b0 0000017bb4fea440
0x0000004b116fb538:   0000004b116fb5f9 0000000000000000
0x0000004b116fb548:   00007ff8669ca3bb 0000000000000000
0x0000004b116fb558:   0000017baefe5388 0000000000000137
0x0000004b116fb568:   0000027100000544 00000007078d0780
0x0000004b116fb578:   00007ff90cdbc43f 0000000001c40000
0x0000004b116fb588:   0000000000000000 0000000000000000 

Instructions: (pc=0x00007ff866d0db50)
0x00007ff866d0db30:   00 00 00 00 ff ff ff ff 00 00 00 00 40 00 00 00
0x00007ff866d0db40:   00 db 46 00 00 00 00 00 00 00 00 00 00 00 00 00
0x00007ff866d0db50:   01 00 00 00 00 00 00 00 00 00 00 00 40 6d 5a 00
0x00007ff866d0db60:   78 db 46 00 50 db 46 00 00 00 00 00 00 00 00 00 



---------------  P R O C E S S  ---------------

Java Threads: ( => current thread )
  0x0000017bb60f9000 JavaThread "Relaunch Simulation Thread" [_thread_blocked, id=12728, stack(0x0000004b14c00000,0x0000004b15100000)]
  0x0000017b9926a000 JavaThread "SyntheticaAnimation 50" daemon [_thread_blocked, id=7268, stack(0x0000004b14200000,0x0000004b14700000)]
  0x0000017b9d4e2000 JavaThread "Update Runs Swing Worker Thread" [_thread_blocked, id=19356, stack(0x0000004b14700000,0x0000004b14c00000)]
  0x0000017b9d4e9000 JavaThread "Thread-678" [_thread_in_native, id=2964, stack(0x0000004b10400000,0x0000004b10500000)]
  0x0000017b9d4e7800 JavaThread "Thread-677" [_thread_in_native, id=1756, stack(0x0000004b09900000,0x0000004b09a00000)]
  0x0000017b9d4ea000 JavaThread "ForkJoinPool.commonPool-worker-9" daemon [_thread_blocked, id=17280, stack(0x0000004b16b00000,0x0000004b17000000)]
  0x0000017b9d4e4800 JavaThread "SyntheticaAnimation 50" daemon [_thread_blocked, id=18744, stack(0x0000004b16000000,0x0000004b16500000)]
  0x0000017b9d4e6000 JavaThread "Image Animator 0" daemon [_thread_blocked, id=14116, stack(0x0000004b15b00000,0x0000004b16000000)]
  0x0000017b9d4dd000 JavaThread "hw_ila_monitor" [_thread_blocked, id=9824, stack(0x0000004b11700000,0x0000004b11c00000)]
  0x0000017b9d4dc000 JavaThread "Refresh Filesets Swing Worker Thread" [_thread_blocked, id=18584, stack(0x0000004b13d00000,0x0000004b14200000)]
  0x0000017b9d4da800 JavaThread "SyntheticaAnimation 70" daemon [_thread_blocked, id=13924, stack(0x0000004b13800000,0x0000004b13d00000)]
  0x0000017b9d4de800 JavaThread "SyntheticaAnimation 25" daemon [_thread_blocked, id=17420, stack(0x0000004b13300000,0x0000004b13800000)]
  0x0000017b9d4dd800 JavaThread "SyntheticaAnimation 50" daemon [_thread_blocked, id=16448, stack(0x0000004b12e00000,0x0000004b13300000)]
  0x0000017b99269000 JavaThread "Monitor HEventQueue Thread" [_thread_blocked, id=9684, stack(0x0000004b12900000,0x0000004b12e00000)]
  0x0000017b9926b800 JavaThread "SyntheticaCleanerThread" daemon [_thread_blocked, id=16188, stack(0x0000004b11c00000,0x0000004b12100000)]
  0x0000017b9926a800 JavaThread "Batik CleanerThread" daemon [_thread_blocked, id=16856, stack(0x0000004b10800000,0x0000004b10d00000)]
=>0x0000017b99279000 JavaThread "AWT-EventQueue-1" [_thread_in_native, id=17584, stack(0x0000004b11200000,0x0000004b11700000)]
  0x0000017b9927d800 JavaThread "Process Messages Thread" [_thread_blocked, id=10264, stack(0x0000004b10d00000,0x0000004b11200000)]
  0x0000017b993aa800 JavaThread "Thread-1" [_thread_in_native, id=5560, stack(0x0000004b09b00000,0x0000004b0af00000)]
  0x0000017b9905b800 JavaThread "TimerQueue" daemon [_thread_blocked, id=14680, stack(0x0000004b0fe00000,0x0000004b10300000)]
  0x0000017befaec000 JavaThread "AWT-Windows" daemon [_thread_in_native, id=14032, stack(0x0000004b0f900000,0x0000004b0fe00000)]
  0x0000017b98cef800 JavaThread "AWT-Shutdown" [_thread_blocked, id=3868, stack(0x0000004b0f400000,0x0000004b0f900000)]
  0x0000017b98cb5000 JavaThread "Java2D Disposer" daemon [_thread_blocked, id=10304, stack(0x0000004b0ef00000,0x0000004b0f400000)]
  0x0000017bef8e6800 JavaThread "Service Thread" daemon [_thread_blocked, id=18984, stack(0x0000004b0e900000,0x0000004b0ee00000)]
  0x0000017bf507c800 JavaThread "Common-Cleaner" daemon [_thread_blocked, id=19232, stack(0x0000004b0e400000,0x0000004b0e900000)]
  0x0000017bf7084000 JavaThread "Sweeper thread" daemon [_thread_blocked, id=17196, stack(0x0000004b0df00000,0x0000004b0e400000)]
  0x0000017bf7083800 JavaThread "C1 CompilerThread3" daemon [_thread_blocked, id=14580, stack(0x0000004b0de00000,0x0000004b0df00000)]
  0x0000017bf3a78800 JavaThread "C2 CompilerThread2" daemon [_thread_blocked, id=18896, stack(0x0000004b0dd00000,0x0000004b0de00000)]
  0x0000017bf26f7000 JavaThread "C2 CompilerThread1" daemon [_thread_blocked, id=18508, stack(0x0000004b0dc00000,0x0000004b0dd00000)]
  0x0000017bf26f6800 JavaThread "C2 CompilerThread0" daemon [_thread_blocked, id=17940, stack(0x0000004b0db00000,0x0000004b0dc00000)]
  0x0000017bf664a800 JavaThread "Attach Listener" daemon [_thread_blocked, id=15220, stack(0x0000004b0d600000,0x0000004b0db00000)]
  0x0000017bf76d9000 JavaThread "Signal Dispatcher" daemon [_thread_blocked, id=18444, stack(0x0000004b0d100000,0x0000004b0d600000)]
  0x0000017bf603d800 JavaThread "Finalizer" daemon [_thread_blocked, id=9388, stack(0x0000004b0cc00000,0x0000004b0d100000)]
  0x0000017bf8c27000 JavaThread "Reference Handler" daemon [_thread_blocked, id=17632, stack(0x0000004b0c700000,0x0000004b0cc00000)]
  0x0000017beacbc800 JavaThread "main" [_thread_blocked, id=9112, stack(0x0000004b09a00000,0x0000004b09b00000)]

Other Threads:
  0x0000017bf8c26800 VMThread "VM Thread" [stack: 0x0000004b0c600000,0x0000004b0c700000] [id=18180]
  0x0000017bf343e000 WatcherThread [stack: 0x0000004b0ee00000,0x0000004b0ef00000] [id=9168]
  0x0000017bf8152800 GCTaskThread "GC Thread#0" [stack: 0x0000004b0b200000,0x0000004b0b300000] [id=18108]
  0x0000017bf8153000 GCTaskThread "GC Thread#1" [stack: 0x0000004b0b300000,0x0000004b0b400000] [id=5536]
  0x0000017bf3c78800 GCTaskThread "GC Thread#2" [stack: 0x0000004b0b400000,0x0000004b0b500000] [id=4772]
  0x0000017bf6d8c800 GCTaskThread "GC Thread#3" [stack: 0x0000004b0b500000,0x0000004b0b600000] [id=18096]
  0x0000017bf8342800 GCTaskThread "GC Thread#4" [stack: 0x0000004b0b600000,0x0000004b0b700000] [id=18668]
  0x0000017bf820a000 GCTaskThread "GC Thread#5" [stack: 0x0000004b0b700000,0x0000004b0b800000] [id=5692]
  0x0000017bf697e000 GCTaskThread "GC Thread#6" [stack: 0x0000004b0b800000,0x0000004b0b900000] [id=8712]
  0x0000017bf7d6f800 GCTaskThread "GC Thread#7" [stack: 0x0000004b0b900000,0x0000004b0ba00000] [id=14780]
  0x0000017bf8416000 ConcurrentGCThread "G1 Main Marker" [stack: 0x0000004b0c300000,0x0000004b0c400000] [id=18592]
  0x0000017bf6652800 ConcurrentGCThread "G1 Marker#0" [stack: 0x0000004b0c400000,0x0000004b0c500000] [id=19236]
  0x0000017bf6653000 ConcurrentGCThread "G1 Marker#1" [stack: 0x0000004b0c500000,0x0000004b0c600000] [id=15656]
  0x0000017bf81de800 ConcurrentGCThread "G1 Refine#0" [stack: 0x0000004b0c100000,0x0000004b0c200000] [id=2500]
  0x0000017bf81de000 ConcurrentGCThread "G1 Refine#1" [stack: 0x0000004b0c000000,0x0000004b0c100000] [id=16148]
  0x0000017bf83c7000 ConcurrentGCThread "G1 Refine#2" [stack: 0x0000004b0bf00000,0x0000004b0c000000] [id=15236]
  0x0000017bf83c6800 ConcurrentGCThread "G1 Refine#3" [stack: 0x0000004b0be00000,0x0000004b0bf00000] [id=15808]
  0x0000017bf83a9800 ConcurrentGCThread "G1 Refine#4" [stack: 0x0000004b0bd00000,0x0000004b0be00000] [id=16828]
  0x0000017bf3269800 ConcurrentGCThread "G1 Refine#5" [stack: 0x0000004b0bc00000,0x0000004b0bd00000] [id=5192]
  0x0000017becc34000 ConcurrentGCThread "G1 Refine#6" [stack: 0x0000004b0bb00000,0x0000004b0bc00000] [id=5404]
  0x0000017becc33000 ConcurrentGCThread "G1 Refine#7" [stack: 0x0000004b0ba00000,0x0000004b0bb00000] [id=15704]
  0x0000017bf7c59000 ConcurrentGCThread "G1 Young RemSet Sampling" [stack: 0x0000004b0c200000,0x0000004b0c300000] [id=14736]

Threads with active compile tasks:

VM state:not at safepoint (normal execution)

VM Mutex/Monitor currently owned by a thread: None

Heap address: 0x0000000700000000, size: 3072 MB, Compressed Oops mode: Zero based, Oop shift amount: 3
Narrow klass base: 0x0000000000000000, Narrow klass shift: 3
Compressed class space size: 1073741824 Address: 0x00000007c0000000

Heap:
 garbage-first heap   total 167936K, used 122430K [0x0000000700000000, 0x0000000700100520, 0x00000007c0000000)
  region size 1024K, 46 young (47104K), 1 survivors (1024K)
 Metaspace       used 90142K, capacity 97235K, committed 97360K, reserved 1132544K
  class space    used 12113K, capacity 13358K, committed 13436K, reserved 1048576K
Heap Regions: E=young(eden), S=young(survivor), O=old, HS=humongous(starts), HC=humongous(continues), CS=collection set, F=free, A=archive, TS=gc time stamp, AC=allocation context, TAMS=top-at-mark-start (previous, next)
|   0|0x0000000700000000, 0x00000007000fdbe8, 0x0000000700100000| 99%| O|  |TS  0|AC  0|TAMS 0x00000007000fdbe8, 0x00000007000fdbe8|
|   1|0x0000000700100000, 0x00000007001ff158, 0x0000000700200000| 99%| O|  |TS  0|AC  0|TAMS 0x00000007001ff158, 0x00000007001ff158|
|   2|0x0000000700200000, 0x00000007002df5d8, 0x0000000700300000| 87%| O|  |TS  0|AC  0|TAMS 0x00000007002df5d8, 0x00000007002df5d8|
|   3|0x0000000700300000, 0x00000007003fb5f0, 0x0000000700400000| 98%| O|  |TS  0|AC  0|TAMS 0x00000007003fb5f0, 0x00000007003fb5f0|
|   4|0x0000000700400000, 0x0000000700500000, 0x0000000700500000|100%|HS|  |TS  0|AC  0|TAMS 0x0000000700500000, 0x0000000700500000|
|   5|0x0000000700500000, 0x0000000700600000, 0x0000000700600000|100%|HC|  |TS  0|AC  0|TAMS 0x0000000700600000, 0x0000000700600000|
|   6|0x0000000700600000, 0x0000000700700000, 0x0000000700700000|100%|HS|  |TS  0|AC  0|TAMS 0x0000000700700000, 0x0000000700700000|
|   7|0x0000000700700000, 0x00000007007f6e18, 0x0000000700800000| 96%| O|  |TS  0|AC  0|TAMS 0x00000007007f6e18, 0x00000007007f6e18|
|   8|0x0000000700800000, 0x00000007008e00e8, 0x0000000700900000| 87%| O|  |TS  0|AC  0|TAMS 0x00000007008e00e8, 0x00000007008e00e8|
|   9|0x0000000700900000, 0x00000007009ffc78, 0x0000000700a00000| 99%| O|  |TS  0|AC  0|TAMS 0x00000007009ffc78, 0x00000007009ffc78|
|  10|0x0000000700a00000, 0x0000000700affff0, 0x0000000700b00000| 99%| O|  |TS  0|AC  0|TAMS 0x0000000700affff0, 0x0000000700affff0|
|  11|0x0000000700b00000, 0x0000000700bfffe0, 0x0000000700c00000| 99%| O|  |TS  0|AC  0|TAMS 0x0000000700bfffe0, 0x0000000700bfffe0|
|  12|0x0000000700c00000, 0x0000000700cfffe8, 0x0000000700d00000| 99%| O|  |TS  0|AC  0|TAMS 0x0000000700cfffe8, 0x0000000700cfffe8|
|  13|0x0000000700d00000, 0x0000000700dffff0, 0x0000000700e00000| 99%| O|  |TS  0|AC  0|TAMS 0x0000000700dffff0, 0x0000000700dffff0|
|  14|0x0000000700e00000, 0x0000000700ec4110, 0x0000000700f00000| 76%| O|  |TS  0|AC  0|TAMS 0x0000000700ec4110, 0x0000000700ec4110|
|  15|0x0000000700f00000, 0x0000000700ffcfe8, 0x0000000701000000| 98%| O|  |TS  0|AC  0|TAMS 0x0000000700ffcfe8, 0x0000000700ffcfe8|
|  16|0x0000000701000000, 0x00000007010ffff0, 0x0000000701100000| 99%| O|  |TS  0|AC  0|TAMS 0x00000007010ffff0, 0x00000007010ffff0|
|  17|0x0000000701100000, 0x00000007011ffff8, 0x0000000701200000| 99%| O|  |TS  0|AC  0|TAMS 0x00000007011ffff8, 0x00000007011ffff8|
|  18|0x0000000701200000, 0x00000007012fffb0, 0x0000000701300000| 99%| O|  |TS  0|AC  0|TAMS 0x00000007012fffb0, 0x00000007012fffb0|
|  19|0x0000000701300000, 0x00000007013fffe8, 0x0000000701400000| 99%| O|  |TS  0|AC  0|TAMS 0x00000007013fffe8, 0x00000007013fffe8|
|  20|0x0000000701400000, 0x00000007014fd648, 0x0000000701500000| 98%| O|  |TS  0|AC  0|TAMS 0x00000007014fd648, 0x00000007014fd648|
|  21|0x0000000701500000, 0x00000007015ffff8, 0x0000000701600000| 99%| O|  |TS  0|AC  0|TAMS 0x00000007015ffff8, 0x00000007015ffff8|
|  22|0x0000000701600000, 0x00000007016fffe8, 0x0000000701700000| 99%| O|  |TS  0|AC  0|TAMS 0x00000007016fffe8, 0x00000007016fffe8|
|  23|0x0000000701700000, 0x0000000701800000, 0x0000000701800000|100%| O|  |TS  0|AC  0|TAMS 0x0000000701800000, 0x0000000701800000|
|  24|0x0000000701800000, 0x00000007018fffe0, 0x0000000701900000| 99%| O|  |TS  0|AC  0|TAMS 0x00000007018fffe0, 0x00000007018fffe0|
|  25|0x0000000701900000, 0x00000007019fffd8, 0x0000000701a00000| 99%| O|  |TS  0|AC  0|TAMS 0x00000007019fffd8, 0x00000007019fffd8|
|  26|0x0000000701a00000, 0x0000000701afff70, 0x0000000701b00000| 99%| O|  |TS  0|AC  0|TAMS 0x0000000701afff70, 0x0000000701afff70|
|  27|0x0000000701b00000, 0x0000000701bfffd8, 0x0000000701c00000| 99%| O|  |TS  0|AC  0|TAMS 0x0000000701bfffd8, 0x0000000701bfffd8|
|  28|0x0000000701c00000, 0x0000000701cfffa8, 0x0000000701d00000| 99%| O|  |TS  0|AC  0|TAMS 0x0000000701cfffa8, 0x0000000701cfffa8|
|  29|0x0000000701d00000, 0x0000000701dfffe0, 0x0000000701e00000| 99%| O|  |TS  0|AC  0|TAMS 0x0000000701dfffe0, 0x0000000701dfffe0|
|  30|0x0000000701e00000, 0x0000000701efffd8, 0x0000000701f00000| 99%| O|  |TS  0|AC  0|TAMS 0x0000000701efffd8, 0x0000000701efffd8|
|  31|0x0000000701f00000, 0x0000000702000000, 0x0000000702000000|100%| O|  |TS  0|AC  0|TAMS 0x0000000702000000, 0x0000000702000000|
|  32|0x0000000702000000, 0x0000000702100000, 0x0000000702100000|100%| O|  |TS  0|AC  0|TAMS 0x0000000702100000, 0x0000000702100000|
|  33|0x0000000702100000, 0x0000000702200000, 0x0000000702200000|100%| O|  |TS  0|AC  0|TAMS 0x0000000702200000, 0x0000000702200000|
|  34|0x0000000702200000, 0x00000007022e76f8, 0x0000000702300000| 90%| O|  |TS  0|AC  0|TAMS 0x00000007022e76f8, 0x00000007022e76f8|
|  35|0x0000000702300000, 0x00000007023ff348, 0x0000000702400000| 99%| O|  |TS  0|AC  0|TAMS 0x00000007023ff348, 0x00000007023ff348|
|  36|0x0000000702400000, 0x00000007024ffff8, 0x0000000702500000| 99%| O|  |TS  0|AC  0|TAMS 0x00000007024ffff8, 0x00000007024ffff8|
|  37|0x0000000702500000, 0x00000007025fffc0, 0x0000000702600000| 99%| O|  |TS  0|AC  0|TAMS 0x00000007025fffc0, 0x00000007025fffc0|
|  38|0x0000000702600000, 0x00000007026ffff8, 0x0000000702700000| 99%| O|  |TS  0|AC  0|TAMS 0x00000007026ffff8, 0x00000007026ffff8|
|  39|0x0000000702700000, 0x00000007027ffff8, 0x0000000702800000| 99%| O|  |TS  0|AC  0|TAMS 0x00000007027ffff8, 0x00000007027ffff8|
|  40|0x0000000702800000, 0x00000007028fffb0, 0x0000000702900000| 99%| O|  |TS  0|AC  0|TAMS 0x00000007028fffb0, 0x00000007028fffb0|
|  41|0x0000000702900000, 0x00000007029fffc8, 0x0000000702a00000| 99%| O|  |TS  0|AC  0|TAMS 0x00000007029fffc8, 0x00000007029fffc8|
|  42|0x0000000702a00000, 0x0000000702affff0, 0x0000000702b00000| 99%| O|  |TS  0|AC  0|TAMS 0x0000000702affff0, 0x0000000702affff0|
|  43|0x0000000702b00000, 0x0000000702bfffe8, 0x0000000702c00000| 99%| O|  |TS  0|AC  0|TAMS 0x0000000702bfffe8, 0x0000000702bfffe8|
|  44|0x0000000702c00000, 0x0000000702d00000, 0x0000000702d00000|100%|HS|  |TS  0|AC  0|TAMS 0x0000000702d00000, 0x0000000702d00000|
|  45|0x0000000702d00000, 0x0000000702e00000, 0x0000000702e00000|100%|HC|  |TS  0|AC  0|TAMS 0x0000000702e00000, 0x0000000702e00000|
|  46|0x0000000702e00000, 0x0000000702f00000, 0x0000000702f00000|100%|HC|  |TS  0|AC  0|TAMS 0x0000000702f00000, 0x0000000702f00000|
|  47|0x0000000702f00000, 0x0000000703000000, 0x0000000703000000|100%|HC|  |TS  0|AC  0|TAMS 0x0000000703000000, 0x0000000703000000|
|  48|0x0000000703000000, 0x0000000703100000, 0x0000000703100000|100%|HC|  |TS  0|AC  0|TAMS 0x0000000703100000, 0x0000000703100000|
|  49|0x0000000703100000, 0x0000000703200000, 0x0000000703200000|100%|HC|  |TS  0|AC  0|TAMS 0x0000000703200000, 0x0000000703200000|
|  50|0x0000000703200000, 0x0000000703300000, 0x0000000703300000|100%|HC|  |TS  0|AC  0|TAMS 0x0000000703300000, 0x0000000703300000|
|  51|0x0000000703300000, 0x0000000703400000, 0x0000000703400000|100%|HC|  |TS  0|AC  0|TAMS 0x0000000703400000, 0x0000000703400000|
|  52|0x0000000703400000, 0x0000000703500000, 0x0000000703500000|100%| O|  |TS  0|AC  0|TAMS 0x0000000703500000, 0x0000000703500000|
|  53|0x0000000703500000, 0x00000007035fff90, 0x0000000703600000| 99%| O|  |TS  0|AC  0|TAMS 0x00000007035fff90, 0x00000007035fff90|
|  54|0x0000000703600000, 0x00000007036fe500, 0x0000000703700000| 99%| O|  |TS  0|AC  0|TAMS 0x00000007036fe500, 0x00000007036fe500|
|  55|0x0000000703700000, 0x0000000703800000, 0x0000000703800000|100%| O|  |TS  0|AC  0|TAMS 0x0000000703800000, 0x0000000703800000|
|  56|0x0000000703800000, 0x0000000703900000, 0x0000000703900000|100%| O|  |TS  0|AC  0|TAMS 0x0000000703900000, 0x0000000703900000|
|  57|0x0000000703900000, 0x00000007039ffcf8, 0x0000000703a00000| 99%| O|  |TS  0|AC  0|TAMS 0x00000007039ffcf8, 0x00000007039ffcf8|
|  58|0x0000000703a00000, 0x0000000703affff8, 0x0000000703b00000| 99%| O|  |TS  0|AC  0|TAMS 0x0000000703affff8, 0x0000000703affff8|
|  59|0x0000000703b00000, 0x0000000703bffff8, 0x0000000703c00000| 99%| O|  |TS  0|AC  0|TAMS 0x0000000703bffff8, 0x0000000703bffff8|
|  60|0x0000000703c00000, 0x0000000703cfffe8, 0x0000000703d00000| 99%| O|  |TS  0|AC  0|TAMS 0x0000000703cfffe8, 0x0000000703cfffe8|
|  61|0x0000000703d00000, 0x0000000703dffea0, 0x0000000703e00000| 99%| O|  |TS  0|AC  0|TAMS 0x0000000703dffea0, 0x0000000703dffea0|
|  62|0x0000000703e00000, 0x0000000703effff0, 0x0000000703f00000| 99%| O|  |TS  0|AC  0|TAMS 0x0000000703effff0, 0x0000000703effff0|
|  63|0x0000000703f00000, 0x0000000703fffff8, 0x0000000704000000| 99%| O|  |TS  0|AC  0|TAMS 0x0000000703fffff8, 0x0000000703fffff8|
|  64|0x0000000704000000, 0x00000007040fffb8, 0x0000000704100000| 99%| O|  |TS  0|AC  0|TAMS 0x00000007040fffb8, 0x00000007040fffb8|
|  65|0x0000000704100000, 0x00000007041ffff8, 0x0000000704200000| 99%| O|  |TS  0|AC  0|TAMS 0x00000007041ffff8, 0x00000007041ffff8|
|  66|0x0000000704200000, 0x00000007042fef88, 0x0000000704300000| 99%| O|  |TS  0|AC  0|TAMS 0x00000007042fef88, 0x00000007042fef88|
|  67|0x0000000704300000, 0x00000007043fced0, 0x0000000704400000| 98%| O|  |TS  0|AC  0|TAMS 0x00000007043fced0, 0x00000007043fced0|
|  68|0x0000000704400000, 0x0000000704500000, 0x0000000704500000|100%| O|  |TS  0|AC  0|TAMS 0x0000000704500000, 0x0000000704500000|
|  69|0x0000000704500000, 0x0000000704600000, 0x0000000704600000|100%| O|  |TS  0|AC  0|TAMS 0x0000000704600000, 0x0000000704600000|
|  70|0x0000000704600000, 0x00000007046fffb0, 0x0000000704700000| 99%| O|  |TS  0|AC  0|TAMS 0x00000007046fffb0, 0x00000007046fffb0|
|  71|0x0000000704700000, 0x00000007047ffff8, 0x0000000704800000| 99%| O|  |TS  0|AC  0|TAMS 0x00000007047ffff8, 0x00000007047ffff8|
|  72|0x0000000704800000, 0x000000070487df08, 0x0000000704900000| 49%| O|  |TS  0|AC  0|TAMS 0x000000070487df08, 0x000000070487df08|
|  73|0x0000000704900000, 0x0000000704a00000, 0x0000000704a00000|100%|HS|  |TS  0|AC  0|TAMS 0x0000000704a00000, 0x0000000704a00000|
|  74|0x0000000704a00000, 0x0000000704b00000, 0x0000000704b00000|100%|HS|  |TS  0|AC  0|TAMS 0x0000000704b00000, 0x0000000704b00000|
|  75|0x0000000704b00000, 0x0000000704c00000, 0x0000000704c00000|100%|HC|  |TS  0|AC  0|TAMS 0x0000000704c00000, 0x0000000704c00000|
|  76|0x0000000704c00000, 0x0000000704c25c00, 0x0000000704d00000| 14%| O|  |TS  1|AC  0|TAMS 0x0000000704c23200, 0x0000000704c23200|
|  77|0x0000000704d00000, 0x0000000704d00000, 0x0000000704e00000|  0%| F|  |TS  0|AC  0|TAMS 0x0000000704d00000, 0x0000000704d00000|
|  78|0x0000000704e00000, 0x0000000704e00000, 0x0000000704f00000|  0%| F|  |TS  0|AC  0|TAMS 0x0000000704e00000, 0x0000000704e00000|
|  79|0x0000000704f00000, 0x0000000704f00000, 0x0000000705000000|  0%| F|  |TS  0|AC  0|TAMS 0x0000000704f00000, 0x0000000704f00000|
|  80|0x0000000705000000, 0x0000000705000000, 0x0000000705100000|  0%| F|  |TS  0|AC  0|TAMS 0x0000000705000000, 0x0000000705000000|
|  81|0x0000000705100000, 0x0000000705100000, 0x0000000705200000|  0%| F|  |TS  0|AC  0|TAMS 0x0000000705100000, 0x0000000705100000|
|  82|0x0000000705200000, 0x0000000705200000, 0x0000000705300000|  0%| F|  |TS  0|AC  0|TAMS 0x0000000705200000, 0x0000000705200000|
|  83|0x0000000705300000, 0x0000000705300000, 0x0000000705400000|  0%| F|  |TS  0|AC  0|TAMS 0x0000000705300000, 0x0000000705300000|
|  84|0x0000000705400000, 0x0000000705400000, 0x0000000705500000|  0%| F|  |TS  0|AC  0|TAMS 0x0000000705400000, 0x0000000705400000|
|  85|0x0000000705500000, 0x0000000705500000, 0x0000000705600000|  0%| F|  |TS  0|AC  0|TAMS 0x0000000705500000, 0x0000000705500000|
|  86|0x0000000705600000, 0x0000000705600000, 0x0000000705700000|  0%| F|  |TS  0|AC  0|TAMS 0x0000000705600000, 0x0000000705600000|
|  87|0x0000000705700000, 0x0000000705700000, 0x0000000705800000|  0%| F|  |TS  0|AC  0|TAMS 0x0000000705700000, 0x0000000705700000|
|  88|0x0000000705800000, 0x0000000705800000, 0x0000000705900000|  0%| F|  |TS  0|AC  0|TAMS 0x0000000705800000, 0x0000000705800000|
|  89|0x0000000705900000, 0x0000000705900000, 0x0000000705a00000|  0%| F|  |TS  0|AC  0|TAMS 0x0000000705900000, 0x0000000705900000|
|  90|0x0000000705a00000, 0x0000000705a00000, 0x0000000705b00000|  0%| F|  |TS  0|AC  0|TAMS 0x0000000705a00000, 0x0000000705a00000|
|  91|0x0000000705b00000, 0x0000000705b00000, 0x0000000705c00000|  0%| F|  |TS  0|AC  0|TAMS 0x0000000705b00000, 0x0000000705b00000|
|  92|0x0000000705c00000, 0x0000000705c00000, 0x0000000705d00000|  0%| F|  |TS  0|AC  0|TAMS 0x0000000705c00000, 0x0000000705c00000|
|  93|0x0000000705d00000, 0x0000000705d00000, 0x0000000705e00000|  0%| F|  |TS  0|AC  0|TAMS 0x0000000705d00000, 0x0000000705d00000|
|  94|0x0000000705e00000, 0x0000000705e00000, 0x0000000705f00000|  0%| F|  |TS  0|AC  0|TAMS 0x0000000705e00000, 0x0000000705e00000|
|  95|0x0000000705f00000, 0x0000000705f00000, 0x0000000706000000|  0%| F|  |TS  0|AC  0|TAMS 0x0000000705f00000, 0x0000000705f00000|
|  96|0x0000000706000000, 0x0000000706000000, 0x0000000706100000|  0%| F|  |TS  0|AC  0|TAMS 0x0000000706000000, 0x0000000706000000|
|  97|0x0000000706100000, 0x0000000706100000, 0x0000000706200000|  0%| F|  |TS  0|AC  0|TAMS 0x0000000706100000, 0x0000000706100000|
|  98|0x0000000706200000, 0x0000000706200000, 0x0000000706300000|  0%| F|  |TS  0|AC  0|TAMS 0x0000000706200000, 0x0000000706200000|
|  99|0x0000000706300000, 0x0000000706300000, 0x0000000706400000|  0%| F|  |TS  0|AC  0|TAMS 0x0000000706300000, 0x0000000706300000|
| 100|0x0000000706400000, 0x0000000706400000, 0x0000000706500000|  0%| F|  |TS  0|AC  0|TAMS 0x0000000706400000, 0x0000000706400000|
| 101|0x0000000706500000, 0x0000000706500000, 0x0000000706600000|  0%| F|  |TS  0|AC  0|TAMS 0x0000000706500000, 0x0000000706500000|
| 102|0x0000000706600000, 0x0000000706600000, 0x0000000706700000|  0%| F|  |TS  0|AC  0|TAMS 0x0000000706600000, 0x0000000706600000|
| 103|0x0000000706700000, 0x0000000706700000, 0x0000000706800000|  0%| F|  |TS  1|AC  0|TAMS 0x0000000706700000, 0x0000000706700000|
| 104|0x0000000706800000, 0x000000070689ee08, 0x0000000706900000| 62%| S|CS|TS  1|AC  0|TAMS 0x0000000706800000, 0x0000000706800000|
| 105|0x0000000706900000, 0x0000000706900000, 0x0000000706a00000|  0%| F|  |TS  1|AC  0|TAMS 0x0000000706900000, 0x0000000706900000|
| 106|0x0000000706a00000, 0x0000000706a00000, 0x0000000706b00000|  0%| F|  |TS  1|AC  0|TAMS 0x0000000706a00000, 0x0000000706a00000|
| 107|0x0000000706b00000, 0x0000000706b00000, 0x0000000706c00000|  0%| F|  |TS  1|AC  0|TAMS 0x0000000706b00000, 0x0000000706b00000|
| 108|0x0000000706c00000, 0x0000000706c00000, 0x0000000706d00000|  0%| F|  |TS  1|AC  0|TAMS 0x0000000706c00000, 0x0000000706c00000|
| 109|0x0000000706d00000, 0x0000000706d00000, 0x0000000706e00000|  0%| F|  |TS  1|AC  0|TAMS 0x0000000706d00000, 0x0000000706d00000|
| 110|0x0000000706e00000, 0x0000000706e00000, 0x0000000706f00000|  0%| F|  |TS  1|AC  0|TAMS 0x0000000706e00000, 0x0000000706e00000|
| 111|0x0000000706f00000, 0x0000000706f00000, 0x0000000707000000|  0%| F|  |TS  1|AC  0|TAMS 0x0000000706f00000, 0x0000000706f00000|
| 112|0x0000000707000000, 0x0000000707000000, 0x0000000707100000|  0%| F|  |TS  1|AC  0|TAMS 0x0000000707000000, 0x0000000707000000|
| 113|0x0000000707100000, 0x0000000707100000, 0x0000000707200000|  0%| F|  |TS  1|AC  0|TAMS 0x0000000707100000, 0x0000000707100000|
| 114|0x0000000707200000, 0x0000000707200000, 0x0000000707300000|  0%| F|  |TS  1|AC  0|TAMS 0x0000000707200000, 0x0000000707200000|
| 115|0x0000000707300000, 0x0000000707300000, 0x0000000707400000|  0%| F|  |TS  1|AC  0|TAMS 0x0000000707300000, 0x0000000707300000|
| 116|0x0000000707400000, 0x0000000707400000, 0x0000000707500000|  0%| F|  |TS  1|AC  0|TAMS 0x0000000707400000, 0x0000000707400000|
| 117|0x0000000707500000, 0x0000000707500000, 0x0000000707600000|  0%| F|  |TS  1|AC  0|TAMS 0x0000000707500000, 0x0000000707500000|
| 118|0x0000000707600000, 0x0000000707600000, 0x0000000707700000|  0%| F|  |TS  1|AC  0|TAMS 0x0000000707600000, 0x0000000707600000|
| 119|0x0000000707700000, 0x0000000707716520, 0x0000000707800000|  8%| E|  |TS  1|AC  0|TAMS 0x0000000707700000, 0x0000000707700000|
| 120|0x0000000707800000, 0x0000000707900000, 0x0000000707900000|100%| E|CS|TS  1|AC  0|TAMS 0x0000000707800000, 0x0000000707800000|
| 121|0x0000000707900000, 0x0000000707a00000, 0x0000000707a00000|100%| E|CS|TS  1|AC  0|TAMS 0x0000000707900000, 0x0000000707900000|
| 122|0x0000000707a00000, 0x0000000707b00000, 0x0000000707b00000|100%| E|CS|TS  1|AC  0|TAMS 0x0000000707a00000, 0x0000000707a00000|
| 123|0x0000000707b00000, 0x0000000707c00000, 0x0000000707c00000|100%| E|CS|TS  1|AC  0|TAMS 0x0000000707b00000, 0x0000000707b00000|
| 124|0x0000000707c00000, 0x0000000707d00000, 0x0000000707d00000|100%| E|CS|TS  1|AC  0|TAMS 0x0000000707c00000, 0x0000000707c00000|
| 125|0x0000000707d00000, 0x0000000707e00000, 0x0000000707e00000|100%| E|CS|TS  1|AC  0|TAMS 0x0000000707d00000, 0x0000000707d00000|
| 126|0x0000000707e00000, 0x0000000707f00000, 0x0000000707f00000|100%| E|CS|TS  1|AC  0|TAMS 0x0000000707e00000, 0x0000000707e00000|
| 127|0x0000000707f00000, 0x0000000708000000, 0x0000000708000000|100%| E|CS|TS  1|AC  0|TAMS 0x0000000707f00000, 0x0000000707f00000|
| 128|0x0000000708000000, 0x0000000708100000, 0x0000000708100000|100%| E|CS|TS  1|AC  0|TAMS 0x0000000708000000, 0x0000000708000000|
| 129|0x0000000708100000, 0x0000000708200000, 0x0000000708200000|100%| E|CS|TS  1|AC  0|TAMS 0x0000000708100000, 0x0000000708100000|
| 130|0x0000000708200000, 0x0000000708300000, 0x0000000708300000|100%| E|CS|TS  1|AC  0|TAMS 0x0000000708200000, 0x0000000708200000|
| 131|0x0000000708300000, 0x0000000708400000, 0x0000000708400000|100%| E|CS|TS  1|AC  0|TAMS 0x0000000708300000, 0x0000000708300000|
| 132|0x0000000708400000, 0x0000000708500000, 0x0000000708500000|100%| E|CS|TS  1|AC  0|TAMS 0x0000000708400000, 0x0000000708400000|
| 133|0x0000000708500000, 0x0000000708600000, 0x0000000708600000|100%| E|CS|TS  1|AC  0|TAMS 0x0000000708500000, 0x0000000708500000|
| 134|0x0000000708600000, 0x0000000708700000, 0x0000000708700000|100%| E|CS|TS  1|AC  0|TAMS 0x0000000708600000, 0x0000000708600000|
| 135|0x0000000708700000, 0x0000000708800000, 0x0000000708800000|100%| E|CS|TS  1|AC  0|TAMS 0x0000000708700000, 0x0000000708700000|
| 136|0x0000000708800000, 0x0000000708900000, 0x0000000708900000|100%| E|CS|TS  1|AC  0|TAMS 0x0000000708800000, 0x0000000708800000|
| 137|0x0000000708900000, 0x0000000708a00000, 0x0000000708a00000|100%| E|CS|TS  1|AC  0|TAMS 0x0000000708900000, 0x0000000708900000|
| 138|0x0000000708a00000, 0x0000000708b00000, 0x0000000708b00000|100%| E|CS|TS  1|AC  0|TAMS 0x0000000708a00000, 0x0000000708a00000|
| 139|0x0000000708b00000, 0x0000000708c00000, 0x0000000708c00000|100%| E|CS|TS  1|AC  0|TAMS 0x0000000708b00000, 0x0000000708b00000|
| 140|0x0000000708c00000, 0x0000000708d00000, 0x0000000708d00000|100%| E|CS|TS  1|AC  0|TAMS 0x0000000708c00000, 0x0000000708c00000|
| 141|0x0000000708d00000, 0x0000000708e00000, 0x0000000708e00000|100%| E|CS|TS  1|AC  0|TAMS 0x0000000708d00000, 0x0000000708d00000|
| 142|0x0000000708e00000, 0x0000000708f00000, 0x0000000708f00000|100%| E|CS|TS  1|AC  0|TAMS 0x0000000708e00000, 0x0000000708e00000|
| 143|0x0000000708f00000, 0x0000000709000000, 0x0000000709000000|100%| E|CS|TS  1|AC  0|TAMS 0x0000000708f00000, 0x0000000708f00000|
| 144|0x0000000709000000, 0x0000000709100000, 0x0000000709100000|100%| E|CS|TS  1|AC  0|TAMS 0x0000000709000000, 0x0000000709000000|
| 145|0x0000000709100000, 0x0000000709200000, 0x0000000709200000|100%| E|CS|TS  1|AC  0|TAMS 0x0000000709100000, 0x0000000709100000|
| 146|0x0000000709200000, 0x0000000709300000, 0x0000000709300000|100%| E|CS|TS  1|AC  0|TAMS 0x0000000709200000, 0x0000000709200000|
| 147|0x0000000709300000, 0x0000000709400000, 0x0000000709400000|100%| E|CS|TS  1|AC  0|TAMS 0x0000000709300000, 0x0000000709300000|
| 148|0x0000000709400000, 0x0000000709500000, 0x0000000709500000|100%| E|CS|TS  1|AC  0|TAMS 0x0000000709400000, 0x0000000709400000|
| 149|0x0000000709500000, 0x0000000709600000, 0x0000000709600000|100%| E|CS|TS  1|AC  0|TAMS 0x0000000709500000, 0x0000000709500000|
| 150|0x0000000709600000, 0x0000000709700000, 0x0000000709700000|100%| E|CS|TS  1|AC  0|TAMS 0x0000000709600000, 0x0000000709600000|
| 151|0x0000000709700000, 0x0000000709800000, 0x0000000709800000|100%| E|CS|TS  1|AC  0|TAMS 0x0000000709700000, 0x0000000709700000|
| 152|0x0000000709800000, 0x0000000709900000, 0x0000000709900000|100%| E|CS|TS  1|AC  0|TAMS 0x0000000709800000, 0x0000000709800000|
| 153|0x0000000709900000, 0x0000000709a00000, 0x0000000709a00000|100%| E|CS|TS  1|AC  0|TAMS 0x0000000709900000, 0x0000000709900000|
| 154|0x0000000709a00000, 0x0000000709b00000, 0x0000000709b00000|100%| E|CS|TS  1|AC  0|TAMS 0x0000000709a00000, 0x0000000709a00000|
| 155|0x0000000709b00000, 0x0000000709c00000, 0x0000000709c00000|100%| E|CS|TS  1|AC  0|TAMS 0x0000000709b00000, 0x0000000709b00000|
| 156|0x0000000709c00000, 0x0000000709d00000, 0x0000000709d00000|100%| E|CS|TS  1|AC  0|TAMS 0x0000000709c00000, 0x0000000709c00000|
| 157|0x0000000709d00000, 0x0000000709e00000, 0x0000000709e00000|100%| E|CS|TS  1|AC  0|TAMS 0x0000000709d00000, 0x0000000709d00000|
| 158|0x0000000709e00000, 0x0000000709f00000, 0x0000000709f00000|100%| E|CS|TS  1|AC  0|TAMS 0x0000000709e00000, 0x0000000709e00000|
| 159|0x0000000709f00000, 0x000000070a000000, 0x000000070a000000|100%| E|CS|TS  1|AC  0|TAMS 0x0000000709f00000, 0x0000000709f00000|
| 160|0x000000070a000000, 0x000000070a100000, 0x000000070a100000|100%| E|CS|TS  1|AC  0|TAMS 0x000000070a000000, 0x000000070a000000|
| 161|0x000000070a100000, 0x000000070a200000, 0x000000070a200000|100%| E|CS|TS  1|AC  0|TAMS 0x000000070a100000, 0x000000070a100000|
| 162|0x000000070a200000, 0x000000070a300000, 0x000000070a300000|100%| E|CS|TS  1|AC  0|TAMS 0x000000070a200000, 0x000000070a200000|
| 163|0x000000070a300000, 0x000000070a400000, 0x000000070a400000|100%| E|CS|TS  1|AC  0|TAMS 0x000000070a300000, 0x000000070a300000|

Card table byte_map: [0x0000017b8f600000,0x0000017b8fc00000] byte_map_base: 0x0000017b8be00000

Marking Bits (Prev, Next): (CMBitMap*) 0x0000017bf641a6d8, (CMBitMap*) 0x0000017bf641a6a0
 Prev Bits: [0x0000017b93200000, 0x0000017b96200000)
 Next Bits: [0x0000017b90200000, 0x0000017b93200000)

Polling page: 0x0000017beae90000

CodeHeap 'non-profiled nmethods': size=120000Kb used=25812Kb max_used=25812Kb free=94187Kb
 bounds [0x0000017b87ad0000, 0x0000017b89410000, 0x0000017b8f000000]
CodeHeap 'profiled nmethods': size=120000Kb used=48386Kb max_used=48386Kb free=71613Kb
 bounds [0x0000017b805a0000, 0x0000017b83530000, 0x0000017b87ad0000]
CodeHeap 'non-nmethods': size=5760Kb used=1865Kb max_used=1912Kb free=3894Kb
 bounds [0x0000017b80000000, 0x0000017b80270000, 0x0000017b805a0000]
 total_blobs=37350 nmethods=19885 adapters=1236
 compilation: enabled

Compilation events (10 events):
Event: 2645.880 Thread 0x0000017bf26f6800 25438       4       javax.swing.text.FlowView::getViewIndexAtPosition (58 bytes)
Event: 2645.889 Thread 0x0000017bf26f6800 nmethod 25438 0x0000017b89404610 code [0x0000017b89404820, 0x0000017b89404f98]
Event: 2645.938 Thread 0x0000017bf7083800 25439       3       java.awt.event.WindowAdapter::windowDeactivated (1 bytes)
Event: 2645.938 Thread 0x0000017bf7083800 nmethod 25439 0x0000017b821c4c10 code [0x0000017b821c4dc0, 0x0000017b821c4f18]
Event: 2647.033 Thread 0x0000017bf7083800 25440   !   3       java.awt.DefaultKeyboardFocusManager::sendMessage (145 bytes)
Event: 2647.034 Thread 0x0000017bf7083800 nmethod 25440 0x0000017b83525210 code [0x0000017b835254e0, 0x0000017b83526560]
Event: 2647.034 Thread 0x0000017bf7083800 25441       3       java.awt.DefaultKeyboardFocusManager$DefaultKeyboardFocusManagerSentEvent::<init> (7 bytes)
Event: 2647.034 Thread 0x0000017bf7083800 nmethod 25441 0x0000017b83526b10 code [0x0000017b83526d60, 0x0000017b835278e0]
Event: 2647.034 Thread 0x0000017bf7083800 25442       3       java.awt.DefaultKeyboardFocusManager::access$110 (12 bytes)
Event: 2647.034 Thread 0x0000017bf7083800 nmethod 25442 0x0000017b83527c90 code [0x0000017b83527e40, 0x0000017b83527f98]

GC Heap History (10 events):
Event: 2632.951 GC heap before
{Heap before GC invocations=607 (full 92):
 garbage-first heap   total 167936K, used 137558K [0x0000000700000000, 0x0000000700100520, 0x00000007c0000000)
  region size 1024K, 60 young (61440K), 1 survivors (1024K)
 Metaspace       used 90107K, capacity 97171K, committed 97360K, reserved 1132544K
  class space    used 12113K, capacity 13358K, committed 13436K, reserved 1048576K
}
Event: 2632.954 GC heap after
{Heap after GC invocations=608 (full 92):
 garbage-first heap   total 167936K, used 77207K [0x0000000700000000, 0x0000000700100520, 0x00000007c0000000)
  region size 1024K, 1 young (1024K), 1 survivors (1024K)
 Metaspace       used 90107K, capacity 97171K, committed 97360K, reserved 1132544K
  class space    used 12113K, capacity 13358K, committed 13436K, reserved 1048576K
}
Event: 2633.661 GC heap before
{Heap before GC invocations=608 (full 92):
 garbage-first heap   total 167936K, used 137623K [0x0000000700000000, 0x0000000700100520, 0x00000007c0000000)
  region size 1024K, 60 young (61440K), 1 survivors (1024K)
 Metaspace       used 90107K, capacity 97171K, committed 97360K, reserved 1132544K
  class space    used 12113K, capacity 13358K, committed 13436K, reserved 1048576K
}
Event: 2633.665 GC heap after
{Heap after GC invocations=609 (full 92):
 garbage-first heap   total 167936K, used 77197K [0x0000000700000000, 0x0000000700100520, 0x00000007c0000000)
  region size 1024K, 1 young (1024K), 1 survivors (1024K)
 Metaspace       used 90107K, capacity 97171K, committed 97360K, reserved 1132544K
  class space    used 12113K, capacity 13358K, committed 13436K, reserved 1048576K
}
Event: 2640.704 GC heap before
{Heap before GC invocations=610 (full 92):
 garbage-first heap   total 167936K, used 137613K [0x0000000700000000, 0x0000000700100520, 0x00000007c0000000)
  region size 1024K, 60 young (61440K), 1 survivors (1024K)
 Metaspace       used 90107K, capacity 97171K, committed 97360K, reserved 1132544K
  class space    used 12113K, capacity 13358K, committed 13436K, reserved 1048576K
}
Event: 2640.707 GC heap after
{Heap after GC invocations=611 (full 92):
 garbage-first heap   total 167936K, used 77223K [0x0000000700000000, 0x0000000700100520, 0x00000007c0000000)
  region size 1024K, 1 young (1024K), 1 survivors (1024K)
 Metaspace       used 90107K, capacity 97171K, committed 97360K, reserved 1132544K
  class space    used 12113K, capacity 13358K, committed 13436K, reserved 1048576K
}
Event: 2645.642 GC heap before
{Heap before GC invocations=611 (full 92):
 garbage-first heap   total 167936K, used 137639K [0x0000000700000000, 0x0000000700100520, 0x00000007c0000000)
  region size 1024K, 60 young (61440K), 1 survivors (1024K)
 Metaspace       used 90139K, capacity 97235K, committed 97360K, reserved 1132544K
  class space    used 12113K, capacity 13358K, committed 13436K, reserved 1048576K
}
Event: 2645.646 GC heap after
{Heap after GC invocations=612 (full 92):
 garbage-first heap   total 167936K, used 77322K [0x0000000700000000, 0x0000000700100520, 0x00000007c0000000)
  region size 1024K, 1 young (1024K), 1 survivors (1024K)
 Metaspace       used 90139K, capacity 97235K, committed 97360K, reserved 1132544K
  class space    used 12113K, capacity 13358K, committed 13436K, reserved 1048576K
}
Event: 2646.938 GC heap before
{Heap before GC invocations=613 (full 92):
 garbage-first heap   total 167936K, used 137738K [0x0000000700000000, 0x0000000700100520, 0x00000007c0000000)
  region size 1024K, 60 young (61440K), 1 survivors (1024K)
 Metaspace       used 90140K, capacity 97235K, committed 97360K, reserved 1132544K
  class space    used 12113K, capacity 13358K, committed 13436K, reserved 1048576K
}
Event: 2646.941 GC heap after
{Heap after GC invocations=614 (full 92):
 garbage-first heap   total 167936K, used 77374K [0x0000000700000000, 0x0000000700100520, 0x00000007c0000000)
  region size 1024K, 1 young (1024K), 1 survivors (1024K)
 Metaspace       used 90140K, capacity 97235K, committed 97360K, reserved 1132544K
  class space    used 12113K, capacity 13358K, committed 13436K, reserved 1048576K
}

Deoptimization events (10 events):
Event: 2329.612 Thread 0x0000017b99279000 Uncommon trap: reason=unstable_if action=reinterpret pc=0x0000017b88441158 method=ui.views.waveform.b.a.bJ(Ljava/awt/event/MouseEvent;)V @ 101 c2
Event: 2419.063 Thread 0x0000017b99279000 Uncommon trap: reason=unstable_if action=reinterpret pc=0x0000017b8832f468 method=java.awt.KeyboardFocusManager.processCurrentLightweightRequests()V @ 153 c2
Event: 2483.506 Thread 0x0000017b99279000 Uncommon trap: reason=unstable_if action=reinterpret pc=0x0000017b88ed6e00 method=ui.views.d.w.paintComponent(Ljava/awt/Graphics;)V @ 275 c2
Event: 2543.085 Thread 0x0000017b99279000 Uncommon trap: reason=bimorphic_or_optimized_type_check action=maybe_recompile pc=0x0000017b888a73a0 method=javax.swing.JComponent._paintImmediately(IIII)V @ 218 c2
Event: 2599.834 Thread 0x0000017b99279000 Uncommon trap: reason=class_check action=maybe_recompile pc=0x0000017b88fde84c method=ui.views.d.p.propertyChange(Ljava/beans/PropertyChangeEvent;)V @ 13 c2
Event: 2599.834 Thread 0x0000017b99279000 Uncommon trap: reason=class_check action=maybe_recompile pc=0x0000017b88fde84c method=ui.views.d.p.propertyChange(Ljava/beans/PropertyChangeEvent;)V @ 13 c2
Event: 2599.834 Thread 0x0000017b99279000 Uncommon trap: reason=class_check action=maybe_recompile pc=0x0000017b88b68f0c method=com.jidesoft.editor.c.<init>(Lcom/jidesoft/editor/CodeEditor;I)V @ 40 c2
Event: 2599.957 Thread 0x0000017b99279000 Uncommon trap: reason=unstable_if action=reinterpret pc=0x0000017b89166a7c method=java.awt.Component.dispatchEventImpl(Ljava/awt/AWTEvent;)V @ 302 c2
Event: 2599.958 Thread 0x0000017b99279000 Uncommon trap: reason=unstable_if action=reinterpret pc=0x0000017b89105fdc method=sun.awt.im.InputContext.getComponentWindow(Ljava/awt/Component;)Ljava/awt/Window; @ 1 c2
Event: 2632.530 Thread 0x0000017b99279000 Uncommon trap: reason=unstable_if action=reinterpret pc=0x0000017b88cbca6c method=sun.java2d.pipe.Region.getIntersectionXYXY(IIII)Lsun/java2d/pipe/Region; @ 23 c2

Classes redefined (0 events):
No events

Internal exceptions (10 events):
Event: 1948.909 Thread 0x0000017b99279000 Exception <a 'java/lang/NoSuchMethodError'{0x0000000709784f10}: java.lang.invoke.DirectMethodHandle$Holder.invokeStatic(Ljava/lang/Object;Ljava/lang/Object;Ljava/lang/Object;Ljava/lang/Object;Ljava/lang/Object;Ljava/lang/Object;Ljava/lang/Object;Ljava/lan
Event: 1948.910 Thread 0x0000017b99279000 Exception <a 'java/lang/NoSuchMethodError'{0x00000007097a6df0}: method resolution failed> (0x00000007097a6df0) thrown at [t:/workspace/hotspot/src/share/vm/prims/methodHandles.cpp, line 1256]
Event: 1948.911 Thread 0x0000017b99279000 Exception <a 'java/lang/NoSuchMethodError'{0x00000007097b58e0}: method resolution failed> (0x00000007097b58e0) thrown at [t:/workspace/hotspot/src/share/vm/prims/methodHandles.cpp, line 1256]
Event: 1948.911 Thread 0x0000017b99279000 Exception <a 'java/lang/NoSuchMethodError'{0x00000007097b9618}: java.lang.invoke.DelegatingMethodHandle$Holder.reinvoke_L(Ljava/lang/Object;Ljava/lang/Object;Ljava/lang/Object;Ljava/lang/Object;Ljava/lang/Object;III)Ljava/lang/Object;> (0x00000007097b9618
Event: 1949.142 Thread 0x0000017b99279000 Implicit null exception at 0x0000017b88de50ac to 0x0000017b88de5a69
Event: 2548.612 Thread 0x0000017b99279000 Exception <a 'java/awt/IllegalComponentStateException'{0x000000070901b2a8}> (0x000000070901b2a8) thrown at [t:/workspace/hotspot/src/share/vm/prims/jvm.cpp, line 1314]
Event: 2599.880 Thread 0x0000017b99279000 Exception <a 'java/lang/NoSuchMethodError'{0x0000000707c4f240}: java.lang.invoke.DirectMethodHandle$Holder.invokeStatic(Ljava/lang/Object;Ljava/lang/Object;Ljava/lang/Object;)V> (0x0000000707c4f240) thrown at [t:/workspace/hotspot/src/share/vm/interpreter
Event: 2599.957 Thread 0x0000017b99279000 Implicit null exception at 0x0000017b891647a4 to 0x0000017b89166a51
Event: 2631.663 Thread 0x0000017b99279000 Exception <a 'java/awt/IllegalComponentStateException'{0x00000007070ab780}> (0x00000007070ab780) thrown at [t:/workspace/hotspot/src/share/vm/prims/jvm.cpp, line 1314]
Event: 2633.984 Thread 0x0000017b99279000 Exception <a 'java/awt/IllegalComponentStateException'{0x0000000708379a00}> (0x0000000708379a00) thrown at [t:/workspace/hotspot/src/share/vm/prims/jvm.cpp, line 1314]

Events (10 events):
Event: 2645.900 Executing VM operation: RevokeBias
Event: 2645.900 Executing VM operation: RevokeBias done
Event: 2645.902 Executing VM operation: RevokeBias
Event: 2645.902 Executing VM operation: RevokeBias done
Event: 2645.938 Executing VM operation: BulkRevokeBias
Event: 2645.938 Executing VM operation: BulkRevokeBias done
Event: 2646.523 Thread 0x0000017bb60f6000 Thread added: 0x0000017bb60f6000
Event: 2646.526 Thread 0x0000017bb60f6000 Thread exited: 0x0000017bb60f6000
Event: 2646.938 Executing VM operation: G1IncCollectionPause
Event: 2646.941 Executing VM operation: G1IncCollectionPause done


Dynamic libraries:
0x00007ff78c4e0000 - 0x00007ff78c510000 	E:\Xilinx\Vivado\2019.2\bin\unwrapped\win64.o\vivado.exe
0x00007ff90cd80000 - 0x00007ff90cf70000 	C:\Windows\SYSTEM32\ntdll.dll
0x00007ff90bcb0000 - 0x00007ff90bd62000 	C:\Windows\System32\KERNEL32.DLL
0x00007ff909e70000 - 0x00007ff90a113000 	C:\Windows\System32\KERNELBASE.dll
0x00007ff90a9f0000 - 0x00007ff90aaea000 	C:\Windows\System32\ucrtbase.dll
0x00007ff8fe5b0000 - 0x00007ff8fe641000 	C:\Windows\SYSTEM32\MSVCP140.dll
0x00007ff9039a0000 - 0x00007ff9039b4000 	E:\Xilinx\Vivado\2019.2\lib\win64.o\libboost_signals.dll
0x00007ff901e70000 - 0x00007ff901e86000 	E:\Xilinx\Vivado\2019.2\lib\win64.o\librdi_commonmain.dll
0x00007ff8a1f70000 - 0x00007ff8a2eb3000 	E:\Xilinx\Vivado\2019.2\lib\win64.o\librdi_common.dll
0x00007ff8ff520000 - 0x00007ff8ff539000 	C:\Windows\SYSTEM32\VCRUNTIME140.dll
0x00007ff8fedf0000 - 0x00007ff8fedfc000 	C:\Windows\SYSTEM32\VCRUNTIME140_1.dll
0x00007ff90b930000 - 0x00007ff90bac4000 	C:\Windows\System32\USER32.dll
0x00007ff909d60000 - 0x00007ff909d81000 	C:\Windows\System32\win32u.dll
0x00007ff900b10000 - 0x00007ff900b36000 	E:\Xilinx\Vivado\2019.2\lib\win64.o\libboost_filesystem.dll
0x00007ff90bc10000 - 0x00007ff90bc36000 	C:\Windows\System32\GDI32.dll
0x00007ff907dc0000 - 0x00007ff907dca000 	E:\Xilinx\Vivado\2019.2\lib\win64.o\librdi_commonversion.dll
0x00007ff90cc80000 - 0x00007ff90cd23000 	C:\Windows\System32\ADVAPI32.dll
0x00007ff90ab90000 - 0x00007ff90ad24000 	C:\Windows\System32\gdi32full.dll
0x00007ff90c360000 - 0x00007ff90c3fe000 	C:\Windows\System32\msvcrt.dll
0x00007ff8cccf0000 - 0x00007ff8cce91000 	E:\Xilinx\Vivado\2019.2\lib\win64.o\librdi_commonxillic.dll
0x00007ff90aaf0000 - 0x00007ff90ab8e000 	C:\Windows\System32\msvcp_win.dll
0x00007ff90bad0000 - 0x00007ff90bb3f000 	C:\Windows\System32\WS2_32.dll
0x00007ff90b770000 - 0x00007ff90b807000 	C:\Windows\System32\sechost.dll
0x00000000571e0000 - 0x000000005730b000 	E:\Xilinx\Vivado\2019.2\lib\win64.o\tcl85t.dll
0x00007ff90cb50000 - 0x00007ff90cc70000 	C:\Windows\System32\RPCRT4.dll
0x00007ff90c460000 - 0x00007ff90cb45000 	C:\Windows\System32\SHELL32.dll
0x00007ff909d90000 - 0x00007ff909db6000 	C:\Windows\System32\bcrypt.dll
0x00007ff909d10000 - 0x00007ff909d5a000 	C:\Windows\System32\cfgmgr32.dll
0x00007ff90b020000 - 0x00007ff90b0c9000 	C:\Windows\System32\shcore.dll
0x00007ff90be70000 - 0x00007ff90c1a6000 	C:\Windows\System32\combase.dll
0x00007ff901e50000 - 0x00007ff901e64000 	E:\Xilinx\Vivado\2019.2\lib\win64.o\libboost_date_time.dll
0x00007ff8c31a0000 - 0x00007ff8c350e000 	E:\Xilinx\Vivado\2019.2\lib\win64.o\libCOIN-all.dll
0x00007ff90adb0000 - 0x00007ff90ae30000 	C:\Windows\System32\bcryptPrimitives.dll
0x00007ff8f86b0000 - 0x00007ff8f872f000 	E:\Xilinx\Vivado\2019.2\lib\win64.o\libboost_program_options.dll
0x00007ff90a270000 - 0x00007ff90a9f0000 	C:\Windows\System32\windows.storage.dll
0x00007ff906070000 - 0x00007ff90607b000 	E:\Xilinx\Vivado\2019.2\lib\win64.o\libboost_system.dll
0x00007ff909cc0000 - 0x00007ff909ce3000 	C:\Windows\System32\profapi.dll
0x00007ff8dbd40000 - 0x00007ff8dbe54000 	E:\Xilinx\Vivado\2019.2\lib\win64.o\libboost_regex.dll
0x00007ff909c70000 - 0x00007ff909cba000 	C:\Windows\System32\powrprof.dll
0x00007ff8fd080000 - 0x00007ff8fd0a1000 	E:\Xilinx\Vivado\2019.2\lib\win64.o\libboost_thread.dll
0x00007ff909c40000 - 0x00007ff909c50000 	C:\Windows\System32\UMPDC.dll
0x00007ff90bba0000 - 0x00007ff90bbf2000 	C:\Windows\System32\shlwapi.dll
0x00007ff906040000 - 0x00007ff90604f000 	E:\Xilinx\Vivado\2019.2\lib\win64.o\libboost_xilinx.dll
0x00007ff909c50000 - 0x00007ff909c61000 	C:\Windows\System32\kernel.appcore.dll
0x00007ff8f80a0000 - 0x00007ff8f8122000 	E:\Xilinx\Vivado\2019.2\lib\win64.o\libhdlpsolve.dll
0x00007ff8dd3c0000 - 0x00007ff8dd465000 	E:\Xilinx\Vivado\2019.2\lib\win64.o\libhdxml.dll
0x00007ff90ad30000 - 0x00007ff90ad47000 	C:\Windows\System32\cryptsp.dll
0x00007ff8a1370000 - 0x00007ff8a1f6c200 	E:\Xilinx\Vivado\2019.2\lib\win64.o\libisl_iostreams.dll
0x00007ff8f8b70000 - 0x00007ff8f8b9e000 	E:\Xilinx\Vivado\2019.2\lib\win64.o\libisl_sysinfo.dll
0x00007ff8f83b0000 - 0x00007ff8f8415000 	E:\Xilinx\Vivado\2019.2\lib\win64.o\liblmx6.0.dll
0x00007ff900da0000 - 0x00007ff900dba000 	E:\Xilinx\Vivado\2019.2\lib\win64.o\pthreadVC2.dll
0x00007ff900d00000 - 0x00007ff900d1c000 	E:\Xilinx\Vivado\2019.2\lib\win64.o\librdiconfig.dll
0x00007ff8f8a80000 - 0x00007ff8f8aa1000 	E:\Xilinx\Vivado\2019.2\lib\win64.o\librdizlib.dll
0x0000000012000000 - 0x0000000012270000 	E:\Xilinx\Vivado\2019.2\lib\win64.o\xerces-c_3_1.dll
0x00007ff8c1820000 - 0x00007ff8c1afb000 	E:\Xilinx\Vivado\2019.2\lib\win64.o\libXil_lmgr11.dll
0x00007ff90bda0000 - 0x00007ff90be70000 	C:\Windows\System32\COMDLG32.dll
0x00007ff9041d0000 - 0x00007ff9041e7000 	C:\Windows\SYSTEM32\NETAPI32.dll
0x00007ff8fc890000 - 0x00007ff8fcd65000 	C:\Windows\SYSTEM32\WININET.dll
0x00007ff90b0d0000 - 0x00007ff90b194000 	C:\Windows\System32\OLEAUT32.dll
0x00007ff903220000 - 0x00007ff903310000 	C:\Windows\SYSTEM32\WINHTTP.dll
0x00007ff90b1a0000 - 0x00007ff90b2f7000 	C:\Windows\System32\ole32.dll
0x00007ff8fd750000 - 0x00007ff8fd925000 	C:\Windows\SYSTEM32\urlmon.dll
0x00007ff90ad50000 - 0x00007ff90adac000 	C:\Windows\System32\WINTRUST.dll
0x00007ff909cf0000 - 0x00007ff909d02000 	C:\Windows\System32\MSASN1.dll
0x00007ff90a120000 - 0x00007ff90a269000 	C:\Windows\System32\CRYPT32.dll
0x00007ff903d80000 - 0x00007ff903d8d000 	E:\Xilinx\Vivado\2019.2\lib\win64.o\libboost_chrono.dll
0x00007ff8fc430000 - 0x00007ff8fc439000 	C:\Windows\SYSTEM32\WSOCK32.dll
0x00007ff8f89c0000 - 0x00007ff8f89e8000 	C:\Windows\SYSTEM32\VCOMP140.DLL
0x00007ff8a04d0000 - 0x00007ff8a1361000 	E:\Xilinx\Vivado\2019.2\lib\win64.o\gurobi65.dll
0x00007ff8fd0d0000 - 0x00007ff8fd0eb000 	E:\Xilinx\Vivado\2019.2\lib\win64.o\libboost_iostreams.dll
0x00007ff8f84b0000 - 0x00007ff8f84d5000 	E:\Xilinx\Vivado\2019.2\lib\win64.o\libisl_iosutils.dll
0x00007ff8fa2e0000 - 0x00007ff8fa389000 	C:\Windows\WinSxS\amd64_microsoft.windows.common-controls_6595b64144ccf1df_5.82.18362.778_none_2a29d4a64667eb69\COMCTL32.dll
0x00007ff903940000 - 0x00007ff90395c000 	C:\Windows\SYSTEM32\dhcpcsvc.DLL
0x00007ff8fcdb0000 - 0x00007ff8fd056000 	C:\Windows\SYSTEM32\iertutil.dll
0x00007ff90cc70000 - 0x00007ff90cc78000 	C:\Windows\System32\NSI.dll
0x00007ff909620000 - 0x00007ff90962c000 	C:\Windows\SYSTEM32\CRYPTBASE.DLL
0x00007ff909270000 - 0x00007ff90927c000 	C:\Windows\SYSTEM32\NETUTILS.DLL
0x00007ff90bd70000 - 0x00007ff90bd9e000 	C:\Windows\System32\IMM32.DLL
0x00007ff8b7020000 - 0x00007ff8b7537000 	E:\Xilinx\Vivado\2019.2\lib\win64.o\librdi_commontasks.dll
0x00007ff903060000 - 0x00007ff90306a000 	C:\Windows\SYSTEM32\VERSION.dll
0x00007ff8c1530000 - 0x00007ff8c1813000 	E:\Xilinx\Vivado\2019.2\lib\win64.o\librdi_sio.dll
0x00000000567b0000 - 0x00000000571d5000 	E:\Xilinx\Vivado\2019.2\tps\win64\jre9.0.4\bin\server\jvm.dll
0x00007ff90cd30000 - 0x00007ff90cd38000 	C:\Windows\System32\PSAPI.DLL
0x00007ff909160000 - 0x00007ff90919a000 	C:\Windows\SYSTEM32\IPHLPAPI.DLL
0x00007ff907dd0000 - 0x00007ff907df4000 	C:\Windows\SYSTEM32\WINMM.dll
0x00007ff8ff540000 - 0x00007ff8ff62f000 	C:\Windows\SYSTEM32\MSVCR120.dll
0x00007ff9077e0000 - 0x00007ff90780d000 	C:\Windows\SYSTEM32\winmmbase.dll
0x00007ff909450000 - 0x00007ff9094b7000 	C:\Windows\SYSTEM32\MSWSOCK.DLL
0x00007ff88db20000 - 0x00007ff890265000 	E:\Xilinx\Vivado\2019.2\lib\win64.o\librdi_tcltasks.dll
0x00007ff8c4c00000 - 0x00007ff8c4d9d000 	E:\Xilinx\Vivado\2019.2\lib\win64.o\librdi_board.dll
0x00007ff8f7f90000 - 0x00007ff8f800b000 	E:\Xilinx\Vivado\2019.2\lib\win64.o\librdi_boarddep.dll
0x00007ff8bb400000 - 0x00007ff8bb8b4000 	E:\Xilinx\Vivado\2019.2\lib\win64.o\librdi_bitstream.dll
0x00007ff8c68a0000 - 0x00007ff8c69f2000 	E:\Xilinx\Vivado\2019.2\lib\win64.o\librdi_cd_client.dll
0x00007ff8d6290000 - 0x00007ff8d637f000 	E:\Xilinx\Vivado\2019.2\lib\win64.o\librdi_chipscope.dll
0x00007ff8c2fe0000 - 0x00007ff8c31a0000 	E:\Xilinx\Vivado\2019.2\lib\win64.o\librdi_chipscopeimpl.dll
0x00007ff8ba960000 - 0x00007ff8bac84000 	E:\Xilinx\Vivado\2019.2\lib\win64.o\librdi_containers.dll
0x00007ff89e9f0000 - 0x00007ff8a04ca000 	E:\Xilinx\Vivado\2019.2\lib\win64.o\librdi_constraints.dll
0x00007ff8b4aa0000 - 0x00007ff8b5179000 	E:\Xilinx\Vivado\2019.2\lib\win64.o\librdi_coregenipxact.dll
0x00007ff88bb30000 - 0x00007ff88db20000 	E:\Xilinx\Vivado\2019.2\lib\win64.o\librdi_coregen.dll
0x00007ff8b5cb0000 - 0x00007ff8b5ffa000 	E:\Xilinx\Vivado\2019.2\lib\win64.o\librdi_dlyest.dll
0x00007ff887860000 - 0x00007ff88bb2b000 	E:\Xilinx\Vivado\2019.2\lib\win64.o\librdi_designutils.dll
0x00007ff8cb010000 - 0x00007ff8cb0d4000 	E:\Xilinx\Vivado\2019.2\lib\win64.o\librdi_dsp.dll
0x00007ff8b1840000 - 0x00007ff8b1e0d000 	E:\Xilinx\Vivado\2019.2\lib\win64.o\librdi_drc.dll
0x00007ff8ae970000 - 0x00007ff8aefdb000 	E:\Xilinx\Vivado\2019.2\lib\win64.o\librdi_filemgmt.dll
0x00007ff8b4790000 - 0x00007ff8b4aa0000 	E:\Xilinx\Vivado\2019.2\lib\win64.o\librdi_guitools.dll
0x00007ff8f8030000 - 0x00007ff8f809a000 	E:\Xilinx\Vivado\2019.2\lib\win64.o\librdi_hdf.dll
0x00007ff8c6630000 - 0x00007ff8c6778000 	E:\Xilinx\Vivado\2019.2\lib\win64.o\librdi_hip_perf_analysis.dll
0x00007ff8baf20000 - 0x00007ff8bb140000 	E:\Xilinx\Vivado\2019.2\lib\win64.o\librdi_hip_devdesign.dll
0x00007ff871540000 - 0x00007ff872cad000 	E:\Xilinx\Vivado\2019.2\lib\win64.o\librdi_implflow.dll
0x00007ff8e6970000 - 0x00007ff8e69e4000 	E:\Xilinx\Vivado\2019.2\lib\win64.o\librdi_memoryarray.dll
0x00007ff89e3b0000 - 0x00007ff89e9e1000 	E:\Xilinx\Vivado\2019.2\lib\win64.o\librdi_memdata.dll
0x00007ff8f8170000 - 0x00007ff8f81bc000 	E:\Xilinx\Vivado\2019.2\lib\win64.o\librdi_pfi.dll
0x00007ff872cb0000 - 0x00007ff88785b000 	E:\Xilinx\Vivado\2019.2\lib\win64.o\librdi_device.dll
0x00007ff86e770000 - 0x00007ff87153b000 	E:\Xilinx\Vivado\2019.2\lib\win64.o\librdi_mig.dll
0x00007ff86cd50000 - 0x00007ff86d433000 	E:\Xilinx\Vivado\2019.2\lib\win64.o\librdi_netlist.dll
0x00007ff8ad0e0000 - 0x00007ff8ad3fb000 	E:\Xilinx\Vivado\2019.2\lib\win64.o\librdi_platform.dll
0x00007ff8696b0000 - 0x00007ff869c6a000 	E:\Xilinx\Vivado\2019.2\lib\win64.o\librdi_project.dll
0x00007ff869c70000 - 0x00007ff86a47b000 	E:\Xilinx\Vivado\2019.2\lib\win64.o\librdi_power.dll
0x00007ff86a480000 - 0x00007ff86cd47000 	E:\Xilinx\Vivado\2019.2\lib\win64.o\librdi_place.dll
0x00007ff868f70000 - 0x00007ff8696a3000 	E:\Xilinx\Vivado\2019.2\lib\win64.o\librdi_psta.dll
0x00007ff8688a0000 - 0x00007ff868f61000 	E:\Xilinx\Vivado\2019.2\lib\win64.o\librdi_rsb.dll
0x00007ff8995c0000 - 0x00007ff8999e3000 	E:\Xilinx\Vivado\2019.2\lib\win64.o\librdi_runs.dll
0x00007ff8c5f10000 - 0x00007ff8c6018000 	E:\Xilinx\Vivado\2019.2\lib\win64.o\librdi_runsbase.dll
0x00007ff8b3110000 - 0x00007ff8b3385000 	E:\Xilinx\Vivado\2019.2\lib\win64.o\librdi_simdata.dll
0x00007ff867a10000 - 0x00007ff86889d000 	E:\Xilinx\Vivado\2019.2\lib\win64.o\librdi_timing.dll
0x00007ff8b9e20000 - 0x00007ff8b9fc0000 	E:\Xilinx\Vivado\2019.2\lib\win64.o\librdi_cd_protocol.dll
0x00007ff8b2c70000 - 0x00007ff8b2e11000 	E:\Xilinx\Vivado\2019.2\lib\win64.o\librdi_advchipscopeimpl.dll
0x00007ff8f1da0000 - 0x00007ff8f1dec000 	E:\Xilinx\Vivado\2019.2\lib\win64.o\libboost_serialization.dll

VM Arguments:
jvm_args: -Dsun.java2d.pmoffscreen=false -Dsun.java2d.xrender=false -Dsun.java2d.d3d=false -Dsun.awt.nopixfmt=true -Dsun.java2d.dpiaware=true -Dsun.java2d.uiScale.enabled=false -Xverify:none -Dswing.aatext=true -XX:-UsePerfData -Djdk.map.althashing.threshold=512 -XX:StringTableSize=4072 --add-opens=java.base/java.nio=ALL-UNNAMED --add-opens=java.desktop/sun.swing=ALL-UNNAMED --add-opens=java.desktop/javax.swing=ALL-UNNAMED --add-opens=java.desktop/javax.swing.tree=ALL-UNNAMED --add-opens=java.desktop/javax.swing.plaf.basic=ALL-UNNAMED --add-opens=java.desktop/javax.swing.plaf.synth=ALL-UNNAMED --add-opens=java.desktop/com.sun.awt=ALL-UNNAMED -XX:NewSize=60m -XX:MaxNewSize=60m -Xms128m -Xmx3072m -Xss5m 
java_command: <unknown>
java_class_path (initial): E:/Xilinx/Vivado/2019.2\lib\classes\alloy.jar;E:/Xilinx/Vivado/2019.2\lib\classes\autoesl-common.jar;E:/Xilinx/Vivado/2019.2\lib\classes\autoesl-models.jar;E:/Xilinx/Vivado/2019.2\lib\classes\autoesl-report.jar;E:/Xilinx/Vivado/2019.2\lib\classes\autopilot.scelaborator.jar;E:/Xilinx/Vivado/2019.2\lib\classes\autopilot.sourceprocessor.jar;E:/Xilinx/Vivado/2019.2\lib\classes\autopilot.tbprocessor.jar;E:/Xilinx/Vivado/2019.2\lib\classes\batik-anim.jar;E:/Xilinx/Vivado/2019.2\lib\classes\batik-awt-util.jar;E:/Xilinx/Vivado/2019.2\lib\classes\batik-bridge.jar;E:/Xilinx/Vivado/2019.2\lib\classes\batik-codec.jar;E:/Xilinx/Vivado/2019.2\lib\classes\batik-css.jar;E:/Xilinx/Vivado/2019.2\lib\classes\batik-dom.jar;E:/Xilinx/Vivado/2019.2\lib\classes\batik-ext.jar;E:/Xilinx/Vivado/2019.2\lib\classes\batik-gui-util.jar;E:/Xilinx/Vivado/2019.2\lib\classes\batik-gvt.jar;E:/Xilinx/Vivado/2019.2\lib\classes\batik-parser.jar;E:/Xilinx/Vivado/2019.2\lib\classes\batik-script.jar;E:/Xilinx/Vivado/2019.2\lib\classes\batik-svg-dom.jar;E:/Xilinx/Vivado/2019.2\lib\classes\batik-swing.jar;E:/Xilinx/Vivado/2019.2\lib\classes\batik-transcoder.jar;E:/Xilinx/Vivado/2019.2\lib\classes\batik-util.jar;E:/Xilinx/Vivado/2019.2\lib\classes\batik-xml.jar;E:/Xilinx/Vivado/2019.2\lib\classes\com.google.gson_2.7.0.v20170129-0911.jar;E:/Xilinx/Vivado/2019.2\lib\classes\com.google.guava_21.0.0.v20170206-1425.jar;E:/Xilinx/Vivado/2019.2\lib\classes\com.ibm.icu_4.4.2.v20110208.jar;E:/Xilinx/Vivado/2019.2\lib\classes\com.sigasi.hdt.connection_4.5.0.201909241521.jar;E:/Xilinx/Vivado/2019.2\lib\classes\com.sigasi.hdt.epl_4.5.0.201909241521.jar;E:/Xilinx/Vivado/2019.2\lib\classes\com.sigasi.hdt.project_4.5.0.201909241521.jar;E:/Xilinx/Vivado/2019.2\lib\classes\com.sigasi.hdt.readonlyfilesystem_4.5.0.201909241521.jar;E:/Xilinx/Vivado/2019.2\lib\classes\com.sigasi.lcm_4.5.0.201909241521.jar;E:/Xilinx/Vivado/2019.2\lib\classes\com.sigasi.sdk.client_4.5.0.201909241521.jar;E:/Xilinx/Vivado
Launcher Type: generic

Logging:
Log output configuration:
#0: stdout all=warning uptime,level,tags
#1: stderr all=off uptime,level,tags

Environment Variables:
JAVA_HOME=E:\Java\jdk1.8.0_241
CLASSPATH=G:\LINGO64_18\Lingo18.jar
PATH=E:/Xilinx/Vivado/2019.2\gnuwin\bin;E:/Xilinx/Vivado/2019.2\gnu\microblaze\nt\bin;E:/Xilinx/Vivado/2019.2/bin;E:/Xilinx/Vivado/2019.2/lib/win64.o;E:/Xilinx/Vivado/2019.2/tps/win64/jre9.0.4/bin/server;E:/Xilinx/Vivado/2019.2/tps/win64/jre9.0.4/bin;E:/Xilinx/Vivado/2019.2/ids_lite/ISE/bin/nt64;E:/Xilinx/Vivado/2019.2/ids_lite/ISE/lib/nt64;E:\NVIDIA GPU Computing Toolkit\CUDA\v10.1\bin;E:\NVIDIA GPU Computing Toolkit\CUDA\v10.1\libnvvp;E:\NVIDIA GPU Computing Toolkit\cuDNN\bin;E:\NVIDIA GPU Computing Toolkit\CUDA\v10.1\lib\x64;E:\NVIDIA GPU Computing Toolkit\CUDA\v10.1\include;E:\NVIDIA GPU Computing Toolkit\CUDA\v10.1\extras\CUPTI\lib64;C:\Windows\system32;C:\Windows;C:\Windows\System32\Wbem;C:\Windows\System32\WindowsPowerShell\v1.0\;C:\Windows\System32\OpenSSH\;C:\Program Files\Microsoft SQL Server\130\Tools\Binn\;C:\Program Files\Microsoft SQL Server\Client SDK\ODBC\170\Tools\Binn\;G:\Matlab2019b\runtime\win64;G:\Matlab2019b\bin;G:\PuTTY\;G:\Git\cmd;G:\CMake\bin;G:\LINGO64_18\;E:\Visual_Studio_Community_2019\VC\Tools\MSVC\14.24.28314\bin\Hostx64\x64;E:\neo4j\neo4j-community-3\bin;E:\Java\jdk-14\\classpath;C:\Program Files\NVIDIA Corporation\Nsight Compute 2019.4.0\;C:\Program Files (x86)\NVIDIA Corporation\PhysX\Common;C:\Program Files\NVIDIA Corporation\NVIDIA NvDLISR;C:\Program Files\dotnet\;E:\mysql-8.0.19-winx64\bin;G:\graphviz-2.38\release\bin;E:\Java\jdk1.8.0_241\bin;E:\Java\jdk1.8.0_241\jre\bin;E:\anaconda3;E:\anaconda3\Library\mingw-w64\bin;E:\anaconda3\Library\usr\bin;E:\anaconda3\Library\bin;E:\anaconda3\Scripts;C:\Users\89565\.cargo\bin;C:\Users\89565\AppData\Local\Microsoft\WindowsApps;G:\JetBrains\PyCharm Community Edition 2019.3\PyCharm Community Edition 2019.3.3\bin;C:\Users\89565\AppData\Local\GitHubDesktop\bin;G:\JetBrains\IntelliJ IDEA 2019.3.3\bin;;E:\JetBrains\IntelliJ IDEA Community Edition 2019.3.3\bin;G:\texlive\2019\bin\win32;E:\JetBrains\PyCharm Community Edition 2019.3\PyCharm Community Edition 2019.3.3\bin;E:\VSCode\Microsoft VS Code\bin
USERNAME=Rabbit
OS=Windows_NT
PROCESSOR_IDENTIFIER=Intel64 Family 6 Model 60 Stepping 3, GenuineIntel



---------------  S Y S T E M  ---------------

OS: Windows 10 , 64 bit Build 18362 (10.0.18362.778)

CPU:total 8 (initial active 8) (4 cores per cpu, 2 threads per core) family 6 model 60 stepping 3, cmov, cx8, fxsr, mmx, sse, sse2, sse3, ssse3, sse4.1, sse4.2, popcnt, avx, avx2, aes, clmul, erms, lzcnt, ht, tsc, tscinvbit, bmi1, bmi2, fma

Memory: 4k page, physical 16658548k(8598052k free), swap 24708492k(4789276k free)

vm_info: Java HotSpot(TM) 64-Bit Server VM (9.0.4+11) for windows-amd64 JRE (9.0.4+11), built on Dec 20 2017 02:18:54 by "mach5one" with MS VC++ 12.0 (VS2013)

END.
