#-----------------------------------------------------------
# Vivado v2019.1 (64-bit)
# SW Build 2552052 on Fri May 24 14:49:42 MDT 2019
# IP Build 2548770 on Fri May 24 18:01:18 MDT 2019
# Start of session at: Sun Apr 17 13:12:56 2022
# Process ID: 5420
# Current directory: C:/Users/expecto/Desktop/Lab/COD_Lab/USTC-2020-COD-Labs-master/USTC-2020-COD-Labs-master/Lab3/Lab4_onecicle_CPU
# Command line: vivado.exe -gui_launcher_event rodinguilauncherevent7908 C:\Users\expecto\Desktop\Lab\COD_Lab\USTC-2020-COD-Labs-master\USTC-2020-COD-Labs-master\Lab3\Lab4_onecicle_CPU\Lab4_onecicle_CPU.xpr
# Log file: C:/Users/expecto/Desktop/Lab/COD_Lab/USTC-2020-COD-Labs-master/USTC-2020-COD-Labs-master/Lab3/Lab4_onecicle_CPU/vivado.log
# Journal file: C:/Users/expecto/Desktop/Lab/COD_Lab/USTC-2020-COD-Labs-master/USTC-2020-COD-Labs-master/Lab3/Lab4_onecicle_CPU\vivado.jou
#-----------------------------------------------------------
start_gui
open_project C:/Users/expecto/Desktop/Lab/COD_Lab/USTC-2020-COD-Labs-master/USTC-2020-COD-Labs-master/Lab3/Lab4_onecicle_CPU/Lab4_onecicle_CPU.xpr
INFO: [ProjectBase 1-489] The host OS only allows 260 characters in a normal path. The project is stored in a path with more than 80 characters. If you experience issues with IP, Block Designs, or files not being found, please consider moving the project to a location with a shorter path. Alternately consider using the OS subst command to map part of the path to a drive letter.
Current project path is 'C:/Users/expecto/Desktop/Lab/COD_Lab/USTC-2020-COD-Labs-master/USTC-2020-COD-Labs-master/Lab3/Lab4_onecicle_CPU'
Scanning sources...
Finished scanning sources
INFO: [IP_Flow 19-234] Refreshing IP repositories
INFO: [IP_Flow 19-1704] No user IP repositories specified
INFO: [IP_Flow 19-2313] Loaded Vivado IP repository 'C:/Xilinx/Vivado/2019.1/data/ip'.
update_compile_order -fileset sources_1
save_project_as one_circle_CPU C:/Users/expecto/Desktop/Lab/COD_Lab/Lab4/one_circle_CPU -force
close [ open C:/Users/expecto/Desktop/Lab/COD_Lab/Lab4/one_circle_CPU/one_circle_CPU.srcs/sources_1/new/Immgen.v w ]
add_files C:/Users/expecto/Desktop/Lab/COD_Lab/Lab4/one_circle_CPU/one_circle_CPU.srcs/sources_1/new/Immgen.v
update_compile_order -fileset sources_1
