#
# A fatal error has been detected by the Java Runtime Environment:
#
#  EXCEPTION_ACCESS_VIOLATION (0xc0000005) at pc=0x00007ff9c41fed95, pid=8948, tid=15532
#
# JRE version: Java(TM) SE Runtime Environment (9.0+11) (build 9.0.4+11)
# Java VM: Java HotSpot(TM) 64-Bit Server VM (9.0.4+11, mixed mode, tiered, compressed oops, g1 gc, windows-amd64)
# Problematic frame:
# C  [librdi_common.dll+0x17ed95]
#
# No core dump will be written. Minidumps are not enabled by default on client versions of Windows
#
# If you would like to submit a bug report, please visit:
#   http://bugreport.java.com/bugreport/crash.jsp
# The crash happened outside the Java Virtual Machine in native code.
# See problematic frame for where to report the bug.
#

---------------  S U M M A R Y ------------

Command Line: -Dsun.java2d.pmoffscreen=false -Dsun.java2d.xrender=false -Dsun.java2d.d3d=false -Dsun.awt.nopixfmt=true -Dsun.java2d.dpiaware=true -Dsun.java2d.uiScale.enabled=false -Xverify:none -Dswing.aatext=true -XX:-UsePerfData -Djdk.map.althashing.threshold=512 -XX:StringTableSize=4072 --add-opens=java.base/java.nio=ALL-UNNAMED --add-opens=java.desktop/sun.swing=ALL-UNNAMED --add-opens=java.desktop/javax.swing=ALL-UNNAMED --add-opens=java.desktop/javax.swing.tree=ALL-UNNAMED --add-opens=java.desktop/javax.swing.plaf.basic=ALL-UNNAMED --add-opens=java.desktop/javax.swing.plaf.synth=ALL-UNNAMED --add-opens=java.desktop/com.sun.awt=ALL-UNNAMED -XX:NewSize=60m -XX:MaxNewSize=60m -Xms128m -Xmx3072m -Xss5m 

Host: Intel(R) Core(TM) i7-4702HQ CPU @ 2.20GHz, 8 cores, 15G,  Windows 10 , 64 bit Build 18362 (10.0.18362.778)
Time: Tue Jun 02 00:23:56 2020 ?D1¨²¡À¨º¡Á?¨º¡À?? elapsed time: 32763 seconds (0d 9h 6m 3s)

---------------  T H R E A D  ---------------

Current thread (0x00000277ecb08800):  JavaThread "AWT-EventQueue-1" [_thread_in_native, id=15532, stack(0x000000cc58b00000,0x000000cc59000000)]

Stack: [0x000000cc58b00000,0x000000cc59000000],  sp=0x000000cc58ffab40,  free space=5098k
Native frames: (J=compiled Java code, j=interpreted, Vv=VM code, C=native code)
C  [librdi_common.dll+0x17ed95]
C  [librdi_common.dll+0x173b75]
C  [librdi_common.dll+0x13cd4a]
C  0x00007ff992a821df
C  0x00007ff992b021ef
C  0x00007ff992b09f09
C  0x00007ff992ada6cb
C  0x00007ff992b16e97
C  0x00000277dcd1b2ba

Java frames: (J=compiled Java code, j=interpreted, Vv=VM code)
J 21342  ui.views.waveform.waveformi.WVExecutive_getTooltipTextDelayed(J)Ljava/lang/String; (0 bytes) @ 0x00000277dcd1b221 [0x00000277dcd1b1e0+0x0000000000000041]
J 21337 c1 ui.views.waveform.b.a.bJ(Ljava/awt/event/MouseEvent;)V (135 bytes) @ 0x00000277d657e824 [0x00000277d657e180+0x00000000000006a4]
J 29179 c1 ui.views.waveform.b.a.mouseMoved(Ljava/awt/event/MouseEvent;)V (32 bytes) @ 0x00000277d46a734c [0x00000277d46a6e20+0x000000000000052c]
J 18099 c2 java.awt.AWTEventMulticaster.mouseMoved(Ljava/awt/event/MouseEvent;)V java.desktop@9.0.4 (27 bytes) @ 0x00000277dc8a0374 [0x00000277dc8a02c0+0x00000000000000b4]
J 18099 c2 java.awt.AWTEventMulticaster.mouseMoved(Ljava/awt/event/MouseEvent;)V java.desktop@9.0.4 (27 bytes) @ 0x00000277dc8a0334 [0x00000277dc8a02c0+0x0000000000000074]
J 28490 c2 javax.swing.JComponent.processMouseMotionEvent(Ljava/awt/event/MouseEvent;)V java.desktop@9.0.4 (46 bytes) @ 0x00000277dd5b5070 [0x00000277dd5b4fc0+0x00000000000000b0]
J 29863 c1 ui.frmwork.c.i.processMouseMotionEvent(Ljava/awt/event/MouseEvent;)V (131 bytes) @ 0x00000277d59fffb4 [0x00000277d59ff100+0x0000000000000eb4]
J 13227 c2 java.awt.Container.processEvent(Ljava/awt/AWTEvent;)V java.desktop@9.0.4 (22 bytes) @ 0x00000277dc337e18 [0x00000277dc337ca0+0x0000000000000178]
J 29235 c2 java.awt.Component.dispatchEventImpl(Ljava/awt/AWTEvent;)V java.desktop@9.0.4 (739 bytes) @ 0x00000277dd02d394 [0x00000277dd02c460+0x0000000000000f34]
J 29199 c2 java.awt.Container.dispatchEventImpl(Ljava/awt/AWTEvent;)V java.desktop@9.0.4 (129 bytes) @ 0x00000277dc9ee3a8 [0x00000277dc9ee2c0+0x00000000000000e8]
J 29145 c2 java.awt.LightweightDispatcher.retargetMouseEvent(Ljava/awt/Component;ILjava/awt/event/MouseEvent;)V java.desktop@9.0.4 (350 bytes) @ 0x00000277dc4a4074 [0x00000277dc4a3ac0+0x00000000000005b4]
J 29199 c2 java.awt.Container.dispatchEventImpl(Ljava/awt/AWTEvent;)V java.desktop@9.0.4 (129 bytes) @ 0x00000277dc9eeb44 [0x00000277dc9ee2c0+0x0000000000000884]
J 19528 c2 java.awt.Window.dispatchEventImpl(Ljava/awt/AWTEvent;)V java.desktop@9.0.4 (23 bytes) @ 0x00000277dc5a158c [0x00000277dc5a1540+0x000000000000004c]
J 13894 c2 java.awt.EventQueue$3.run()Ljava/lang/Object; java.desktop@9.0.4 (5 bytes) @ 0x00000277db92ed7c [0x00000277db92e780+0x00000000000005fc]
v  ~StubRoutines::call_stub
J 4424  java.security.AccessController.doPrivileged(Ljava/security/PrivilegedAction;Ljava/security/AccessControlContext;)Ljava/lang/Object; java.base@9.0.4 (0 bytes) @ 0x00000277db8c5ec6 [0x00000277db8c5e60+0x0000000000000066]
J 18089 c2 java.awt.EventQueue$4.run()Ljava/lang/Object; java.desktop@9.0.4 (5 bytes) @ 0x00000277dc8988c0 [0x00000277dc898660+0x0000000000000260]
v  ~StubRoutines::call_stub
J 4424  java.security.AccessController.doPrivileged(Ljava/security/PrivilegedAction;Ljava/security/AccessControlContext;)Ljava/lang/Object; java.base@9.0.4 (0 bytes) @ 0x00000277db8c5ec6 [0x00000277db8c5e60+0x0000000000000066]
J 16104 c2 java.awt.EventQueue.dispatchEvent(Ljava/awt/AWTEvent;)V java.desktop@9.0.4 (80 bytes) @ 0x00000277dc5e8740 [0x00000277dc5e83c0+0x0000000000000380]
J 22831 c2 ui.frmwork.b.d.dispatchEvent(Ljava/awt/AWTEvent;)V (34 bytes) @ 0x00000277dba5ef60 [0x00000277dba5ee80+0x00000000000000e0]
J 29182 c2 java.awt.EventDispatchThread.pumpOneEventForFilters(I)V java.desktop@9.0.4 (218 bytes) @ 0x00000277dc4b955c [0x00000277dc4b9200+0x000000000000035c]
J 18844% c2 java.awt.EventDispatchThread.pumpEventsForFilter(ILjava/awt/Conditional;Ljava/awt/EventFilter;)V java.desktop@9.0.4 (47 bytes) @ 0x00000277dbbac740 [0x00000277dbbac640+0x0000000000000100]
j  java.awt.EventDispatchThread.pumpEventsForHierarchy(ILjava/awt/Conditional;Ljava/awt/Component;)V+11 java.desktop@9.0.4
j  java.awt.EventDispatchThread.pumpEvents(ILjava/awt/Conditional;)V+4 java.desktop@9.0.4
j  java.awt.EventDispatchThread.pumpEvents(Ljava/awt/Conditional;)V+3 java.desktop@9.0.4
j  java.awt.EventDispatchThread.run()V+9 java.desktop@9.0.4
v  ~StubRoutines::call_stub

siginfo: EXCEPTION_ACCESS_VIOLATION (0xc0000005), reading address 0xffffffffffffffff


Register to memory mapping:

RIP=0x00007ff9c41fed95 librdi_common.dll
RAX=0x00000277c0a1eb01 is an unknown value
RBX=0x90016c003a7f0632 is an unknown value
RCX=0x00000277c0a1eb30 is an unknown value
RDX=0x90016c003a7f0632 is an unknown value
RSP=0x000000cc58ffab40 is pointing into the stack for thread: 0x00000277ecb08800
RBP=0x000000cc58ffac70 is pointing into the stack for thread: 0x00000277ecb08800
RSI=0x00000277f4408f40 is an unknown value
RDI=0x000000cc58ffad58 is pointing into the stack for thread: 0x00000277ecb08800
R8 =0x000000cc58ffad58 is pointing into the stack for thread: 0x00000277ecb08800
R9 =0x0000000000000000 is an unknown value
R10=0x00000277891e3100 is an unknown value
R11=0x0000027789c5fc60 is an unknown value
R12=0x000000cc58ffad58 is pointing into the stack for thread: 0x00000277ecb08800
R13=0x0000000000000000 is an unknown value
R14=0x00000277bde30fe0 is an unknown value
R15=0x90016c003a7f0632 is an unknown value


Registers:
RAX=0x00000277c0a1eb01, RBX=0x90016c003a7f0632, RCX=0x00000277c0a1eb30, RDX=0x90016c003a7f0632
RSP=0x000000cc58ffab40, RBP=0x000000cc58ffac70, RSI=0x00000277f4408f40, RDI=0x000000cc58ffad58
R8 =0x000000cc58ffad58, R9 =0x0000000000000000, R10=0x00000277891e3100, R11=0x0000027789c5fc60
R12=0x000000cc58ffad58, R13=0x0000000000000000, R14=0x00000277bde30fe0, R15=0x90016c003a7f0632
RIP=0x00007ff9c41fed95, EFLAGS=0x0000000000010202

Top of Stack: (sp=0x000000cc58ffab40)
0x000000cc58ffab40:   000000cc58ffaef0 00007ffa01ad2f87
0x000000cc58ffab50:   0000027700000000 90016c003a7f0632
0x000000cc58ffab60:   90016c003a7f0632 00007ff9c41f3b75
0x000000cc58ffab70:   000002778a602828 00007ffa01ad321f
0x000000cc58ffab80:   00008e9bbaf13f6b 0000000000000019
0x000000cc58ffab90:   00000277f38c7ed0 000002778a602800
0x000000cc58ffaba0:   0000000000000002 00007ff9c425c825
0x000000cc58ffabb0:   00000277f2b87d50 000002778a602808
0x000000cc58ffabc0:   000002778a602848 000002778a602800
0x000000cc58ffabd0:   fffffffffffffffe 00007ff9c4818aad
0x000000cc58ffabe0:   fffffffffffffffe 00007ff9c4f0dbc0
0x000000cc58ffabf0:   000002778a602800 00000277bdebd8d8
0x000000cc58ffac00:   000000cc58ffad58 00007ff9c425bb16
0x000000cc58ffac10:   000002778a602800 000000cc58ffad58
0x000000cc58ffac20:   0000027700000002 0000000000000000
0x000000cc58ffac30:   fffffffffffffffe 000000000000000f 

Instructions: (pc=0x00007ff9c41fed95)
0x00007ff9c41fed75:   20 48 8b d9 e8 22 c4 04 00 48 8b c8 48 8b d3 e8
0x00007ff9c41fed85:   27 0d 05 00 84 c0 75 08 33 c0 48 83 c4 20 5b c3
0x00007ff9c41fed95:   48 8b 4b 50 48 85 c9 74 0a 48 83 c4 20 5b e9 68
0x00007ff9c41feda5:   e2 04 00 48 8b d3 48 8d 0d 66 ce 78 00 e8 59 b7 



---------------  P R O C E S S  ---------------

Java Threads: ( => current thread )
  0x00000277c1631000 JavaThread "Relaunch Simulation Thread" [_thread_blocked, id=15536, stack(0x000000cc5bd00000,0x000000cc5c200000)]
  0x00000277c162e800 JavaThread "Thread-22547" [_thread_in_native, id=5864, stack(0x000000cc5ae00000,0x000000cc5af00000)]
  0x00000277c162e000 JavaThread "Thread-22546" [_thread_in_native, id=14920, stack(0x000000cc51100000,0x000000cc51200000)]
  0x00000277c162f800 JavaThread "Thread-21562" [_thread_in_native, id=11472, stack(0x000000cc5af00000,0x000000cc5b000000)]
  0x00000277c1626800 JavaThread "Thread-20895" [_thread_in_native, id=8656, stack(0x000000cc51200000,0x000000cc51300000)]
  0x00000277c1629800 JavaThread "Thread-20754" [_thread_in_native, id=6948, stack(0x000000cc5ae00000,0x000000cc5af00000)]
  0x00000277c1628800 JavaThread "Thread-20753" [_thread_in_native, id=3436, stack(0x000000cc51100000,0x000000cc51200000)]
  0x00000277c162a000 JavaThread "Thread-19933" [_thread_in_native, id=5188, stack(0x000000cc57e00000,0x000000cc57f00000)]
  0x00000277cb5fb000 JavaThread "Thread-19758" [_thread_in_native, id=16252, stack(0x000000cc51100000,0x000000cc51200000)]
  0x00000277cb5fe000 JavaThread "Thread-19757" [_thread_in_native, id=5248, stack(0x000000cc57d00000,0x000000cc57e00000)]
  0x00000277edab5000 JavaThread "Thread-19290" [_thread_in_native, id=16620, stack(0x000000cc58000000,0x000000cc58100000)]
  0x00000277edab6800 JavaThread "Thread-19256" [_thread_in_native, id=14480, stack(0x000000cc57e00000,0x000000cc57f00000)]
  0x00000277edab5800 JavaThread "Thread-19255" [_thread_in_native, id=18820, stack(0x000000cc5ae00000,0x000000cc5af00000)]
  0x00000277edab4000 JavaThread "Thread-18122" [_thread_in_native, id=580, stack(0x000000cc57d00000,0x000000cc57e00000)]
  0x00000277edab7000 JavaThread "Thread-18020" [_thread_in_native, id=10596, stack(0x000000cc51200000,0x000000cc51300000)]
  0x00000277edaac800 JavaThread "Thread-18019" [_thread_in_native, id=9292, stack(0x000000cc57e00000,0x000000cc57f00000)]
  0x00000277edaac000 JavaThread "Monitor File Timestamp Swing Worker Thread" [_thread_blocked, id=11108, stack(0x000000cc5d100000,0x000000cc5d600000)]
  0x00000277edaaf800 JavaThread "Timer-4" [_thread_blocked, id=7404, stack(0x000000cc5c200000,0x000000cc5c700000)]
  0x00000277edab2800 JavaThread "Image Animator 3" daemon [_thread_blocked, id=10436, stack(0x000000cc5d600000,0x000000cc5db00000)]
  0x00000277edaad800 JavaThread "ForkJoinPool.commonPool-worker-9" daemon [_thread_blocked, id=11764, stack(0x000000cc59000000,0x000000cc59500000)]
  0x00000277edaa9800 JavaThread "SyntheticaAnimation 50" daemon [_thread_blocked, id=16736, stack(0x000000cc5c700000,0x000000cc5cc00000)]
  0x00000277edaae000 JavaThread "Update Runs Swing Worker Thread" [_thread_blocked, id=4280, stack(0x000000cc5cc00000,0x000000cc5d100000)]
  0x00000277edaa8000 JavaThread "hw_ila_monitor" [_thread_blocked, id=7352, stack(0x000000cc5a900000,0x000000cc5ae00000)]
  0x00000277edaab000 JavaThread "Refresh Filesets Swing Worker Thread" [_thread_blocked, id=14628, stack(0x000000cc5b800000,0x000000cc5bd00000)]
  0x00000277edaa9000 JavaThread "SyntheticaAnimation 70" daemon [_thread_blocked, id=5776, stack(0x000000cc5b300000,0x000000cc5b800000)]
  0x00000277cb5fb800 JavaThread "SyntheticaAnimation 25" daemon [_thread_blocked, id=17308, stack(0x000000cc59a00000,0x000000cc59f00000)]
  0x00000277cb5fa000 JavaThread "SyntheticaAnimation 50" daemon [_thread_blocked, id=12460, stack(0x000000cc5a400000,0x000000cc5a900000)]
  0x00000277cb5f9800 JavaThread "Monitor HEventQueue Thread" [_thread_blocked, id=2252, stack(0x000000cc59f00000,0x000000cc5a400000)]
  0x00000277cb5fd000 JavaThread "SyntheticaCleanerThread" daemon [_thread_blocked, id=6336, stack(0x000000cc59500000,0x000000cc59a00000)]
  0x00000277cb5fc800 JavaThread "Batik CleanerThread" daemon [_thread_blocked, id=7232, stack(0x000000cc58100000,0x000000cc58600000)]
=>0x00000277ecb08800 JavaThread "AWT-EventQueue-1" [_thread_in_native, id=15532, stack(0x000000cc58b00000,0x000000cc59000000)]
  0x00000277ec337000 JavaThread "Process Messages Thread" [_thread_blocked, id=16496, stack(0x000000cc58600000,0x000000cc58b00000)]
  0x00000277ec8f8800 JavaThread "Thread-1" [_thread_in_native, id=13820, stack(0x000000cc51400000,0x000000cc52800000)]
  0x00000277ec799800 JavaThread "TimerQueue" daemon [_thread_blocked, id=8972, stack(0x000000cc57700000,0x000000cc57c00000)]
  0x00000277c1d4e000 JavaThread "AWT-Windows" daemon [_thread_in_native, id=1588, stack(0x000000cc57200000,0x000000cc57700000)]
  0x00000277ebc08800 JavaThread "AWT-Shutdown" [_thread_blocked, id=5796, stack(0x000000cc56d00000,0x000000cc57200000)]
  0x00000277ebc34000 JavaThread "Java2D Disposer" daemon [_thread_blocked, id=1884, stack(0x000000cc56800000,0x000000cc56d00000)]
  0x00000277c16ab000 JavaThread "Service Thread" daemon [_thread_blocked, id=15484, stack(0x000000cc56200000,0x000000cc56700000)]
  0x00000277cbff6000 JavaThread "Common-Cleaner" daemon [_thread_blocked, id=3884, stack(0x000000cc55d00000,0x000000cc56200000)]
  0x00000277cb600000 JavaThread "Sweeper thread" daemon [_thread_blocked, id=16724, stack(0x000000cc55800000,0x000000cc55d00000)]
  0x00000277cb0cc800 JavaThread "C1 CompilerThread3" daemon [_thread_blocked, id=10612, stack(0x000000cc55700000,0x000000cc55800000)]
  0x00000277c58cc800 JavaThread "C2 CompilerThread2" daemon [_thread_blocked, id=10588, stack(0x000000cc55600000,0x000000cc55700000)]
  0x00000277c58cb000 JavaThread "C2 CompilerThread1" daemon [_thread_blocked, id=16836, stack(0x000000cc55500000,0x000000cc55600000)]
  0x00000277c58ca800 JavaThread "C2 CompilerThread0" daemon [_thread_blocked, id=8900, stack(0x000000cc55400000,0x000000cc55500000)]
  0x00000277c58c9800 JavaThread "Attach Listener" daemon [_thread_blocked, id=15368, stack(0x000000cc54f00000,0x000000cc55400000)]
  0x00000277cbb5f800 JavaThread "Signal Dispatcher" daemon [_thread_blocked, id=16600, stack(0x000000cc54a00000,0x000000cc54f00000)]
  0x00000277ca5e3000 JavaThread "Finalizer" daemon [_thread_blocked, id=1800, stack(0x000000cc54500000,0x000000cc54a00000)]
  0x00000277ca5e2800 JavaThread "Reference Handler" daemon [_thread_blocked, id=5460, stack(0x000000cc54000000,0x000000cc54500000)]
  0x00000277c1837800 JavaThread "main" [_thread_blocked, id=3160, stack(0x000000cc51300000,0x000000cc51400000)]

Other Threads:
  0x00000277cbd9b800 VMThread "VM Thread" [stack: 0x000000cc53f00000,0x000000cc54000000] [id=9848]
  0x00000277c1dd5800 WatcherThread [stack: 0x000000cc56700000,0x000000cc56800000] [id=17120]
  0x00000277cc776800 GCTaskThread "GC Thread#0" [stack: 0x000000cc52b00000,0x000000cc52c00000] [id=5980]
  0x00000277c95d1800 GCTaskThread "GC Thread#1" [stack: 0x000000cc52c00000,0x000000cc52d00000] [id=12528]
  0x00000277c95d2000 GCTaskThread "GC Thread#2" [stack: 0x000000cc52d00000,0x000000cc52e00000] [id=276]
  0x00000277cbf6f800 GCTaskThread "GC Thread#3" [stack: 0x000000cc52e00000,0x000000cc52f00000] [id=3200]
  0x00000277cbf70000 GCTaskThread "GC Thread#4" [stack: 0x000000cc52f00000,0x000000cc53000000] [id=16932]
  0x00000277c6013800 GCTaskThread "GC Thread#5" [stack: 0x000000cc53000000,0x000000cc53100000] [id=16464]
  0x00000277c6016000 GCTaskThread "GC Thread#6" [stack: 0x000000cc53100000,0x000000cc53200000] [id=17040]
  0x00000277c6016800 GCTaskThread "GC Thread#7" [stack: 0x000000cc53200000,0x000000cc53300000] [id=10168]
  0x00000277c94fb800 ConcurrentGCThread "G1 Main Marker" [stack: 0x000000cc53c00000,0x000000cc53d00000] [id=15696]
  0x00000277c1dd6000 ConcurrentGCThread "G1 Marker#0" [stack: 0x000000cc53d00000,0x000000cc53e00000] [id=8544]
  0x00000277c1ddb800 ConcurrentGCThread "G1 Marker#1" [stack: 0x000000cc53e00000,0x000000cc53f00000] [id=1356]
  0x00000277c67ab000 ConcurrentGCThread "G1 Refine#0" [stack: 0x000000cc53a00000,0x000000cc53b00000] [id=14896]
  0x00000277cc4e5800 ConcurrentGCThread "G1 Refine#1" [stack: 0x000000cc53900000,0x000000cc53a00000] [id=4596]
  0x00000277cc4e4800 ConcurrentGCThread "G1 Refine#2" [stack: 0x000000cc53800000,0x000000cc53900000] [id=6288]
  0x00000277cb15c800 ConcurrentGCThread "G1 Refine#3" [stack: 0x000000cc53700000,0x000000cc53800000] [id=14288]
  0x00000277c5924000 ConcurrentGCThread "G1 Refine#4" [stack: 0x000000cc53600000,0x000000cc53700000] [id=15220]
  0x00000277c5898000 ConcurrentGCThread "G1 Refine#5" [stack: 0x000000cc53500000,0x000000cc53600000] [id=15804]
  0x00000277c5897800 ConcurrentGCThread "G1 Refine#6" [stack: 0x000000cc53400000,0x000000cc53500000] [id=1184]
  0x00000277cc021000 ConcurrentGCThread "G1 Refine#7" [stack: 0x000000cc53300000,0x000000cc53400000] [id=13392]
  0x00000277ca8ec800 ConcurrentGCThread "G1 Young RemSet Sampling" [stack: 0x000000cc53b00000,0x000000cc53c00000] [id=16028]

Threads with active compile tasks:

VM state:not at safepoint (normal execution)

VM Mutex/Monitor currently owned by a thread: None

Heap address: 0x0000000700000000, size: 3072 MB, Compressed Oops mode: Zero based, Oop shift amount: 3
Narrow klass base: 0x0000000000000000, Narrow klass shift: 3
Compressed class space size: 1073741824 Address: 0x00000007c0000000

Heap:
 garbage-first heap   total 294912K, used 154675K [0x0000000700000000, 0x0000000700100900, 0x00000007c0000000)
  region size 1024K, 60 young (61440K), 0 survivors (0K)
 Metaspace       used 91053K, capacity 93655K, committed 98940K, reserved 1134592K
  class space    used 11794K, capacity 12328K, committed 13436K, reserved 1048576K
Heap Regions: E=young(eden), S=young(survivor), O=old, HS=humongous(starts), HC=humongous(continues), CS=collection set, F=free, A=archive, TS=gc time stamp, AC=allocation context, TAMS=top-at-mark-start (previous, next)
|   0|0x0000000700000000, 0x00000007000ffb60, 0x0000000700100000| 99%| O|  |TS  0|AC  0|TAMS 0x0000000700000000, 0x0000000700000000|
|   1|0x0000000700100000, 0x00000007001ffdc0, 0x0000000700200000| 99%| O|  |TS  0|AC  0|TAMS 0x0000000700100000, 0x0000000700100000|
|   2|0x0000000700200000, 0x00000007002f6e90, 0x0000000700300000| 96%| O|  |TS  0|AC  0|TAMS 0x0000000700200000, 0x0000000700200000|
|   3|0x0000000700300000, 0x00000007003ffee0, 0x0000000700400000| 99%| O|  |TS  0|AC  0|TAMS 0x0000000700300000, 0x0000000700300000|
|   4|0x0000000700400000, 0x0000000700500000, 0x0000000700500000|100%|HS|  |TS  0|AC  0|TAMS 0x0000000700400000, 0x0000000700400000|
|   5|0x0000000700500000, 0x0000000700600000, 0x0000000700600000|100%|HC|  |TS  0|AC  0|TAMS 0x0000000700500000, 0x0000000700500000|
|   6|0x0000000700600000, 0x0000000700700000, 0x0000000700700000|100%|HS|  |TS  0|AC  0|TAMS 0x0000000700600000, 0x0000000700600000|
|   7|0x0000000700700000, 0x00000007007f6e58, 0x0000000700800000| 96%| O|  |TS  0|AC  0|TAMS 0x0000000700700000, 0x0000000700700000|
|   8|0x0000000700800000, 0x00000007008ff690, 0x0000000700900000| 99%| O|  |TS  0|AC  0|TAMS 0x0000000700800000, 0x0000000700800000|
|   9|0x0000000700900000, 0x00000007009fffe8, 0x0000000700a00000| 99%| O|  |TS  0|AC  0|TAMS 0x0000000700900000, 0x0000000700900000|
|  10|0x0000000700a00000, 0x0000000700b00000, 0x0000000700b00000|100%| O|  |TS  0|AC  0|TAMS 0x0000000700a00000, 0x0000000700a00000|
|  11|0x0000000700b00000, 0x0000000700bffff0, 0x0000000700c00000| 99%| O|  |TS  0|AC  0|TAMS 0x0000000700b00000, 0x0000000700b00000|
|  12|0x0000000700c00000, 0x0000000700d00000, 0x0000000700d00000|100%| O|  |TS  0|AC  0|TAMS 0x0000000700c00000, 0x0000000700c00000|
|  13|0x0000000700d00000, 0x0000000700dfe178, 0x0000000700e00000| 99%| O|  |TS  0|AC  0|TAMS 0x0000000700d00000, 0x0000000700d00000|
|  14|0x0000000700e00000, 0x0000000700ee2110, 0x0000000700f00000| 88%| O|  |TS  0|AC  0|TAMS 0x0000000700e00000, 0x0000000700e00000|
|  15|0x0000000700f00000, 0x0000000700ffff80, 0x0000000701000000| 99%| O|  |TS  0|AC  0|TAMS 0x0000000700f00000, 0x0000000700f00000|
|  16|0x0000000701000000, 0x00000007010ffff8, 0x0000000701100000| 99%| O|  |TS  0|AC  0|TAMS 0x0000000701000000, 0x0000000701000000|
|  17|0x0000000701100000, 0x00000007011ffed8, 0x0000000701200000| 99%| O|  |TS  0|AC  0|TAMS 0x0000000701100000, 0x0000000701100000|
|  18|0x0000000701200000, 0x00000007012ffff0, 0x0000000701300000| 99%| O|  |TS  0|AC  0|TAMS 0x0000000701200000, 0x0000000701200000|
|  19|0x0000000701300000, 0x00000007013fffe8, 0x0000000701400000| 99%| O|  |TS  0|AC  0|TAMS 0x0000000701300000, 0x0000000701300000|
|  20|0x0000000701400000, 0x00000007014ffff8, 0x0000000701500000| 99%| O|  |TS  0|AC  0|TAMS 0x0000000701400000, 0x0000000701400000|
|  21|0x0000000701500000, 0x00000007015ffff8, 0x0000000701600000| 99%| O|  |TS  0|AC  0|TAMS 0x0000000701500000, 0x0000000701500000|
|  22|0x0000000701600000, 0x0000000701700000, 0x0000000701700000|100%| O|  |TS  0|AC  0|TAMS 0x0000000701600000, 0x0000000701600000|
|  23|0x0000000701700000, 0x00000007017fffd8, 0x0000000701800000| 99%| O|  |TS  0|AC  0|TAMS 0x0000000701700000, 0x0000000701700000|
|  24|0x0000000701800000, 0x00000007018ffff8, 0x0000000701900000| 99%| O|  |TS  0|AC  0|TAMS 0x0000000701800000, 0x0000000701800000|
|  25|0x0000000701900000, 0x00000007019ffd30, 0x0000000701a00000| 99%| O|  |TS  0|AC  0|TAMS 0x0000000701900000, 0x0000000701900000|
|  26|0x0000000701a00000, 0x0000000701affff8, 0x0000000701b00000| 99%| O|  |TS  0|AC  0|TAMS 0x0000000701a00000, 0x0000000701a00000|
|  27|0x0000000701b00000, 0x0000000701bfff38, 0x0000000701c00000| 99%| O|  |TS  0|AC  0|TAMS 0x0000000701b00000, 0x0000000701b00000|
|  28|0x0000000701c00000, 0x0000000701cffff8, 0x0000000701d00000| 99%| O|  |TS  0|AC  0|TAMS 0x0000000701c00000, 0x0000000701c00000|
|  29|0x0000000701d00000, 0x0000000701dfff78, 0x0000000701e00000| 99%| O|  |TS  0|AC  0|TAMS 0x0000000701d00000, 0x0000000701d00000|
|  30|0x0000000701e00000, 0x0000000701efffd0, 0x0000000701f00000| 99%| O|  |TS  0|AC  0|TAMS 0x0000000701e00000, 0x0000000701e00000|
|  31|0x0000000701f00000, 0x0000000701ffffe8, 0x0000000702000000| 99%| O|  |TS  0|AC  0|TAMS 0x0000000701f00000, 0x0000000701f00000|
|  32|0x0000000702000000, 0x00000007020c9168, 0x0000000702100000| 78%| O|  |TS  0|AC  0|TAMS 0x0000000702000000, 0x0000000702000000|
|  33|0x0000000702100000, 0x00000007021fffc8, 0x0000000702200000| 99%| O|  |TS  0|AC  0|TAMS 0x0000000702100000, 0x0000000702100000|
|  34|0x0000000702200000, 0x00000007022fffe0, 0x0000000702300000| 99%| O|  |TS  0|AC  0|TAMS 0x0000000702200000, 0x0000000702200000|
|  35|0x0000000702300000, 0x0000000702400000, 0x0000000702400000|100%| O|  |TS  0|AC  0|TAMS 0x0000000702300000, 0x0000000702300000|
|  36|0x0000000702400000, 0x00000007024fc1d0, 0x0000000702500000| 98%| O|  |TS  0|AC  0|TAMS 0x0000000702400000, 0x0000000702400000|
|  37|0x0000000702500000, 0x00000007025ffff8, 0x0000000702600000| 99%| O|  |TS  0|AC  0|TAMS 0x0000000702500000, 0x0000000702500000|
|  38|0x0000000702600000, 0x00000007026fffd8, 0x0000000702700000| 99%| O|  |TS  0|AC  0|TAMS 0x0000000702600000, 0x0000000702600000|
|  39|0x0000000702700000, 0x00000007027ffff0, 0x0000000702800000| 99%| O|  |TS  0|AC  0|TAMS 0x0000000702700000, 0x0000000702700000|
|  40|0x0000000702800000, 0x00000007028fffa8, 0x0000000702900000| 99%| O|  |TS  0|AC  0|TAMS 0x0000000702800000, 0x0000000702800000|
|  41|0x0000000702900000, 0x00000007029fff38, 0x0000000702a00000| 99%| O|  |TS  0|AC  0|TAMS 0x0000000702900000, 0x0000000702900000|
|  42|0x0000000702a00000, 0x0000000702affff8, 0x0000000702b00000| 99%| O|  |TS  0|AC  0|TAMS 0x0000000702a00000, 0x0000000702a00000|
|  43|0x0000000702b00000, 0x0000000702bffef0, 0x0000000702c00000| 99%| O|  |TS  0|AC  0|TAMS 0x0000000702b00000, 0x0000000702b00000|
|  44|0x0000000702c00000, 0x0000000702cffff0, 0x0000000702d00000| 99%| O|  |TS  0|AC  0|TAMS 0x0000000702c00000, 0x0000000702c00000|
|  45|0x0000000702d00000, 0x0000000702dffff8, 0x0000000702e00000| 99%| O|  |TS  0|AC  0|TAMS 0x0000000702d00000, 0x0000000702d00000|
|  46|0x0000000702e00000, 0x0000000702effff0, 0x0000000702f00000| 99%| O|  |TS  0|AC  0|TAMS 0x0000000702e00000, 0x0000000702e00000|
|  47|0x0000000702f00000, 0x0000000702ffffe8, 0x0000000703000000| 99%| O|  |TS  0|AC  0|TAMS 0x0000000702f00000, 0x0000000702f00000|
|  48|0x0000000703000000, 0x00000007030f8ce0, 0x0000000703100000| 97%| O|  |TS  0|AC  0|TAMS 0x0000000703000000, 0x0000000703000000|
|  49|0x0000000703100000, 0x0000000703200000, 0x0000000703200000|100%|HS|  |TS  0|AC  0|TAMS 0x0000000703100000, 0x0000000703100000|
|  50|0x0000000703200000, 0x0000000703300000, 0x0000000703300000|100%|HC|  |TS  0|AC  0|TAMS 0x0000000703200000, 0x0000000703200000|
|  51|0x0000000703300000, 0x0000000703400000, 0x0000000703400000|100%|HC|  |TS  0|AC  0|TAMS 0x0000000703300000, 0x0000000703300000|
|  52|0x0000000703400000, 0x0000000703500000, 0x0000000703500000|100%|HC|  |TS  0|AC  0|TAMS 0x0000000703400000, 0x0000000703400000|
|  53|0x0000000703500000, 0x0000000703600000, 0x0000000703600000|100%|HC|  |TS  0|AC  0|TAMS 0x0000000703500000, 0x0000000703500000|
|  54|0x0000000703600000, 0x0000000703700000, 0x0000000703700000|100%|HC|  |TS  0|AC  0|TAMS 0x0000000703600000, 0x0000000703600000|
|  55|0x0000000703700000, 0x0000000703800000, 0x0000000703800000|100%|HC|  |TS  0|AC  0|TAMS 0x0000000703700000, 0x0000000703700000|
|  56|0x0000000703800000, 0x0000000703900000, 0x0000000703900000|100%|HC|  |TS  0|AC  0|TAMS 0x0000000703800000, 0x0000000703800000|
|  57|0x0000000703900000, 0x0000000703a00000, 0x0000000703a00000|100%| O|  |TS  0|AC  0|TAMS 0x0000000703900000, 0x0000000703900000|
|  58|0x0000000703a00000, 0x0000000703b00000, 0x0000000703b00000|100%| O|  |TS  0|AC  0|TAMS 0x0000000703a00000, 0x0000000703a00000|
|  59|0x0000000703b00000, 0x0000000703bfffd8, 0x0000000703c00000| 99%| O|  |TS  0|AC  0|TAMS 0x0000000703b00000, 0x0000000703b00000|
|  60|0x0000000703c00000, 0x0000000703d00000, 0x0000000703d00000|100%| O|  |TS  0|AC  0|TAMS 0x0000000703c00000, 0x0000000703c00000|
|  61|0x0000000703d00000, 0x0000000703dfffe8, 0x0000000703e00000| 99%| O|  |TS  0|AC  0|TAMS 0x0000000703d00000, 0x0000000703d00000|
|  62|0x0000000703e00000, 0x0000000703f00000, 0x0000000703f00000|100%| O|  |TS  0|AC  0|TAMS 0x0000000703e00000, 0x0000000703e00000|
|  63|0x0000000703f00000, 0x0000000703ffeda0, 0x0000000704000000| 99%| O|  |TS  0|AC  0|TAMS 0x0000000703f00000, 0x0000000703f00000|
|  64|0x0000000704000000, 0x00000007040ffff8, 0x0000000704100000| 99%| O|  |TS  0|AC  0|TAMS 0x0000000704000000, 0x0000000704000000|
|  65|0x0000000704100000, 0x0000000704200000, 0x0000000704200000|100%| O|  |TS  0|AC  0|TAMS 0x0000000704100000, 0x0000000704100000|
|  66|0x0000000704200000, 0x00000007042fff20, 0x0000000704300000| 99%| O|  |TS  0|AC  0|TAMS 0x0000000704200000, 0x0000000704200000|
|  67|0x0000000704300000, 0x00000007043ffff8, 0x0000000704400000| 99%| O|  |TS  0|AC  0|TAMS 0x0000000704300000, 0x0000000704300000|
|  68|0x0000000704400000, 0x0000000704500000, 0x0000000704500000|100%| O|  |TS  0|AC  0|TAMS 0x0000000704400000, 0x0000000704400000|
|  69|0x0000000704500000, 0x00000007045ffff0, 0x0000000704600000| 99%| O|  |TS  0|AC  0|TAMS 0x0000000704500000, 0x0000000704500000|
|  70|0x0000000704600000, 0x0000000704700000, 0x0000000704700000|100%| O|  |TS  0|AC  0|TAMS 0x0000000704600000, 0x0000000704600000|
|  71|0x0000000704700000, 0x00000007047ffde0, 0x0000000704800000| 99%| O|  |TS  0|AC  0|TAMS 0x0000000704700000, 0x0000000704700000|
|  72|0x0000000704800000, 0x0000000704900000, 0x0000000704900000|100%| O|  |TS  0|AC  0|TAMS 0x0000000704800000, 0x0000000704800000|
|  73|0x0000000704900000, 0x00000007049ffde0, 0x0000000704a00000| 99%| O|  |TS  0|AC  0|TAMS 0x0000000704900000, 0x0000000704900000|
|  74|0x0000000704a00000, 0x0000000704afffd0, 0x0000000704b00000| 99%| O|  |TS  0|AC  0|TAMS 0x0000000704a00000, 0x0000000704a00000|
|  75|0x0000000704b00000, 0x0000000704bffff8, 0x0000000704c00000| 99%| O|  |TS  0|AC  0|TAMS 0x0000000704b00000, 0x0000000704b00000|
|  76|0x0000000704c00000, 0x0000000704cfffd0, 0x0000000704d00000| 99%| O|  |TS  0|AC  0|TAMS 0x0000000704c00000, 0x0000000704c00000|
|  77|0x0000000704d00000, 0x0000000704dfff98, 0x0000000704e00000| 99%| O|  |TS  0|AC  0|TAMS 0x0000000704d00000, 0x0000000704d00000|
|  78|0x0000000704e00000, 0x0000000704effff8, 0x0000000704f00000| 99%| O|  |TS  0|AC  0|TAMS 0x0000000704e00000, 0x0000000704e00000|
|  79|0x0000000704f00000, 0x0000000704fffff0, 0x0000000705000000| 99%| O|  |TS  0|AC  0|TAMS 0x0000000704f00000, 0x0000000704f00000|
|  80|0x0000000705000000, 0x00000007050ffb98, 0x0000000705100000| 99%| O|  |TS  0|AC  0|TAMS 0x0000000705000000, 0x0000000705000000|
|  81|0x0000000705100000, 0x00000007051ffff8, 0x0000000705200000| 99%| O|  |TS  0|AC  0|TAMS 0x0000000705100000, 0x0000000705100000|
|  82|0x0000000705200000, 0x00000007052fe610, 0x0000000705300000| 99%| O|  |TS  0|AC  0|TAMS 0x0000000705200000, 0x0000000705200000|
|  83|0x0000000705300000, 0x00000007053ffea8, 0x0000000705400000| 99%| O|  |TS  0|AC  0|TAMS 0x0000000705300000, 0x0000000705300000|
|  84|0x0000000705400000, 0x00000007054ffff8, 0x0000000705500000| 99%| O|  |TS  0|AC  0|TAMS 0x0000000705400000, 0x0000000705400000|
|  85|0x0000000705500000, 0x00000007055ffff8, 0x0000000705600000| 99%| O|  |TS  0|AC  0|TAMS 0x0000000705500000, 0x0000000705500000|
|  86|0x0000000705600000, 0x00000007056fffe8, 0x0000000705700000| 99%| O|  |TS  0|AC  0|TAMS 0x0000000705600000, 0x0000000705600000|
|  87|0x0000000705700000, 0x00000007057ffff8, 0x0000000705800000| 99%| O|  |TS  0|AC  0|TAMS 0x0000000705700000, 0x0000000705700000|
|  88|0x0000000705800000, 0x0000000705886298, 0x0000000705900000| 52%| O|  |TS  0|AC  0|TAMS 0x0000000705800000, 0x0000000705800000|
|  89|0x0000000705900000, 0x0000000705a00000, 0x0000000705a00000|100%|HS|  |TS  0|AC  0|TAMS 0x0000000705900000, 0x0000000705900000|
|  90|0x0000000705a00000, 0x0000000705a00000, 0x0000000705b00000|  0%| F|  |TS  0|AC  0|TAMS 0x0000000705a00000, 0x0000000705a00000|
|  91|0x0000000705b00000, 0x0000000705b00000, 0x0000000705c00000|  0%| F|  |TS  0|AC  0|TAMS 0x0000000705b00000, 0x0000000705b00000|
|  92|0x0000000705c00000, 0x0000000705d00000, 0x0000000705d00000|100%|HS|  |TS  0|AC  0|TAMS 0x0000000705c00000, 0x0000000705c00000|
|  93|0x0000000705d00000, 0x0000000705e00000, 0x0000000705e00000|100%|HS|  |TS  0|AC  0|TAMS 0x0000000705d00000, 0x0000000705d00000|
|  94|0x0000000705e00000, 0x0000000705f00000, 0x0000000705f00000|100%|HC|  |TS  0|AC  0|TAMS 0x0000000705e00000, 0x0000000705e00000|
|  95|0x0000000705f00000, 0x0000000705f00000, 0x0000000706000000|  0%| F|  |TS  0|AC  0|TAMS 0x0000000705f00000, 0x0000000705f00000|
|  96|0x0000000706000000, 0x0000000706000000, 0x0000000706100000|  0%| F|  |TS  0|AC  0|TAMS 0x0000000706000000, 0x0000000706000000|
|  97|0x0000000706100000, 0x0000000706100000, 0x0000000706200000|  0%| F|  |TS  0|AC  0|TAMS 0x0000000706100000, 0x0000000706100000|
|  98|0x0000000706200000, 0x0000000706200000, 0x0000000706300000|  0%| F|  |TS  0|AC  0|TAMS 0x0000000706200000, 0x0000000706200000|
|  99|0x0000000706300000, 0x0000000706300000, 0x0000000706400000|  0%| F|  |TS  0|AC  0|TAMS 0x0000000706300000, 0x0000000706300000|
| 100|0x0000000706400000, 0x0000000706400000, 0x0000000706500000|  0%| F|  |TS  0|AC  0|TAMS 0x0000000706400000, 0x0000000706400000|
| 101|0x0000000706500000, 0x0000000706500000, 0x0000000706600000|  0%| F|  |TS  0|AC  0|TAMS 0x0000000706500000, 0x0000000706500000|
| 102|0x0000000706600000, 0x0000000706600000, 0x0000000706700000|  0%| F|  |TS  0|AC  0|TAMS 0x0000000706600000, 0x0000000706600000|
| 103|0x0000000706700000, 0x0000000706700000, 0x0000000706800000|  0%| F|  |TS  0|AC  0|TAMS 0x0000000706700000, 0x0000000706700000|
| 104|0x0000000706800000, 0x0000000706800000, 0x0000000706900000|  0%| F|  |TS  0|AC  0|TAMS 0x0000000706800000, 0x0000000706800000|
| 105|0x0000000706900000, 0x0000000706900000, 0x0000000706a00000|  0%| F|  |TS  0|AC  0|TAMS 0x0000000706900000, 0x0000000706900000|
| 106|0x0000000706a00000, 0x0000000706a00000, 0x0000000706b00000|  0%| F|  |TS  0|AC  0|TAMS 0x0000000706a00000, 0x0000000706a00000|
| 107|0x0000000706b00000, 0x0000000706b00000, 0x0000000706c00000|  0%| F|  |TS  0|AC  0|TAMS 0x0000000706b00000, 0x0000000706b00000|
| 108|0x0000000706c00000, 0x0000000706c00000, 0x0000000706d00000|  0%| F|  |TS  0|AC  0|TAMS 0x0000000706c00000, 0x0000000706c00000|
| 109|0x0000000706d00000, 0x0000000706d00000, 0x0000000706e00000|  0%| F|  |TS  0|AC  0|TAMS 0x0000000706d00000, 0x0000000706d00000|
| 110|0x0000000706e00000, 0x0000000706e00000, 0x0000000706f00000|  0%| F|  |TS  0|AC  0|TAMS 0x0000000706e00000, 0x0000000706e00000|
| 111|0x0000000706f00000, 0x0000000706f00000, 0x0000000707000000|  0%| F|  |TS  0|AC  0|TAMS 0x0000000706f00000, 0x0000000706f00000|
| 112|0x0000000707000000, 0x0000000707000000, 0x0000000707100000|  0%| F|  |TS  0|AC  0|TAMS 0x0000000707000000, 0x0000000707000000|
| 113|0x0000000707100000, 0x0000000707100000, 0x0000000707200000|  0%| F|  |TS  0|AC  0|TAMS 0x0000000707100000, 0x0000000707100000|
| 114|0x0000000707200000, 0x0000000707200000, 0x0000000707300000|  0%| F|  |TS  0|AC  0|TAMS 0x0000000707200000, 0x0000000707200000|
| 115|0x0000000707300000, 0x0000000707300000, 0x0000000707400000|  0%| F|  |TS  0|AC  0|TAMS 0x0000000707300000, 0x0000000707300000|
| 116|0x0000000707400000, 0x0000000707400000, 0x0000000707500000|  0%| F|  |TS  0|AC  0|TAMS 0x0000000707400000, 0x0000000707400000|
| 117|0x0000000707500000, 0x0000000707500000, 0x0000000707600000|  0%| F|  |TS  0|AC  0|TAMS 0x0000000707500000, 0x0000000707500000|
| 118|0x0000000707600000, 0x0000000707600000, 0x0000000707700000|  0%| F|  |TS  0|AC  0|TAMS 0x0000000707600000, 0x0000000707600000|
| 119|0x0000000707700000, 0x0000000707700000, 0x0000000707800000|  0%| F|  |TS  0|AC  0|TAMS 0x0000000707700000, 0x0000000707700000|
| 120|0x0000000707800000, 0x0000000707800000, 0x0000000707900000|  0%| F|  |TS  0|AC  0|TAMS 0x0000000707800000, 0x0000000707800000|
| 121|0x0000000707900000, 0x0000000707900000, 0x0000000707a00000|  0%| F|  |TS  0|AC  0|TAMS 0x0000000707900000, 0x0000000707900000|
| 122|0x0000000707a00000, 0x0000000707a00000, 0x0000000707b00000|  0%| F|  |TS  0|AC  0|TAMS 0x0000000707a00000, 0x0000000707a00000|
| 123|0x0000000707b00000, 0x0000000707b00000, 0x0000000707c00000|  0%| F|  |TS  0|AC  0|TAMS 0x0000000707b00000, 0x0000000707b00000|
| 124|0x0000000707c00000, 0x0000000707c00000, 0x0000000707d00000|  0%| F|  |TS  0|AC  0|TAMS 0x0000000707c00000, 0x0000000707c00000|
| 125|0x0000000707d00000, 0x0000000707d00000, 0x0000000707e00000|  0%| F|  |TS  0|AC  0|TAMS 0x0000000707d00000, 0x0000000707d00000|
| 126|0x0000000707e00000, 0x0000000707e00000, 0x0000000707f00000|  0%| F|  |TS  0|AC  0|TAMS 0x0000000707e00000, 0x0000000707e00000|
| 127|0x0000000707f00000, 0x0000000707f00000, 0x0000000708000000|  0%| F|  |TS  0|AC  0|TAMS 0x0000000707f00000, 0x0000000707f00000|
| 128|0x0000000708000000, 0x0000000708000000, 0x0000000708100000|  0%| F|  |TS  0|AC  0|TAMS 0x0000000708000000, 0x0000000708000000|
| 129|0x0000000708100000, 0x0000000708100000, 0x0000000708200000|  0%| F|  |TS  0|AC  0|TAMS 0x0000000708100000, 0x0000000708100000|
| 130|0x0000000708200000, 0x0000000708200000, 0x0000000708300000|  0%| F|  |TS  0|AC  0|TAMS 0x0000000708200000, 0x0000000708200000|
| 131|0x0000000708300000, 0x0000000708300000, 0x0000000708400000|  0%| F|  |TS  0|AC  0|TAMS 0x0000000708300000, 0x0000000708300000|
| 132|0x0000000708400000, 0x0000000708400000, 0x0000000708500000|  0%| F|  |TS  0|AC  0|TAMS 0x0000000708400000, 0x0000000708400000|
| 133|0x0000000708500000, 0x0000000708500000, 0x0000000708600000|  0%| F|  |TS  0|AC  0|TAMS 0x0000000708500000, 0x0000000708500000|
| 134|0x0000000708600000, 0x0000000708600000, 0x0000000708700000|  0%| F|  |TS  0|AC  0|TAMS 0x0000000708600000, 0x0000000708600000|
| 135|0x0000000708700000, 0x0000000708700000, 0x0000000708800000|  0%| F|  |TS  0|AC  0|TAMS 0x0000000708700000, 0x0000000708700000|
| 136|0x0000000708800000, 0x0000000708800000, 0x0000000708900000|  0%| F|  |TS  0|AC  0|TAMS 0x0000000708800000, 0x0000000708800000|
| 137|0x0000000708900000, 0x0000000708900000, 0x0000000708a00000|  0%| F|  |TS  0|AC  0|TAMS 0x0000000708900000, 0x0000000708900000|
| 138|0x0000000708a00000, 0x0000000708a00000, 0x0000000708b00000|  0%| F|  |TS  0|AC  0|TAMS 0x0000000708a00000, 0x0000000708a00000|
| 139|0x0000000708b00000, 0x0000000708b00000, 0x0000000708c00000|  0%| F|  |TS  0|AC  0|TAMS 0x0000000708b00000, 0x0000000708b00000|
| 140|0x0000000708c00000, 0x0000000708c00000, 0x0000000708d00000|  0%| F|  |TS  0|AC  0|TAMS 0x0000000708c00000, 0x0000000708c00000|
| 141|0x0000000708d00000, 0x0000000708d00000, 0x0000000708e00000|  0%| F|  |TS  0|AC  0|TAMS 0x0000000708d00000, 0x0000000708d00000|
| 142|0x0000000708e00000, 0x0000000708e00000, 0x0000000708f00000|  0%| F|  |TS  0|AC  0|TAMS 0x0000000708e00000, 0x0000000708e00000|
| 143|0x0000000708f00000, 0x0000000708f00000, 0x0000000709000000|  0%| F|  |TS  0|AC  0|TAMS 0x0000000708f00000, 0x0000000708f00000|
| 144|0x0000000709000000, 0x0000000709000000, 0x0000000709100000|  0%| F|  |TS  0|AC  0|TAMS 0x0000000709000000, 0x0000000709000000|
| 145|0x0000000709100000, 0x0000000709100000, 0x0000000709200000|  0%| F|  |TS  0|AC  0|TAMS 0x0000000709100000, 0x0000000709100000|
| 146|0x0000000709200000, 0x0000000709200000, 0x0000000709300000|  0%| F|  |TS  0|AC  0|TAMS 0x0000000709200000, 0x0000000709200000|
| 147|0x0000000709300000, 0x0000000709300000, 0x0000000709400000|  0%| F|  |TS  0|AC  0|TAMS 0x0000000709300000, 0x0000000709300000|
| 148|0x0000000709400000, 0x0000000709400000, 0x0000000709500000|  0%| F|  |TS  0|AC  0|TAMS 0x0000000709400000, 0x0000000709400000|
| 149|0x0000000709500000, 0x0000000709500000, 0x0000000709600000|  0%| F|  |TS  0|AC  0|TAMS 0x0000000709500000, 0x0000000709500000|
| 150|0x0000000709600000, 0x0000000709600000, 0x0000000709700000|  0%| F|  |TS  0|AC  0|TAMS 0x0000000709600000, 0x0000000709600000|
| 151|0x0000000709700000, 0x0000000709700000, 0x0000000709800000|  0%| F|  |TS  0|AC  0|TAMS 0x0000000709700000, 0x0000000709700000|
| 152|0x0000000709800000, 0x0000000709800000, 0x0000000709900000|  0%| F|  |TS  0|AC  0|TAMS 0x0000000709800000, 0x0000000709800000|
| 153|0x0000000709900000, 0x0000000709900000, 0x0000000709a00000|  0%| F|  |TS  0|AC  0|TAMS 0x0000000709900000, 0x0000000709900000|
| 154|0x0000000709a00000, 0x0000000709a00000, 0x0000000709b00000|  0%| F|  |TS  0|AC  0|TAMS 0x0000000709a00000, 0x0000000709a00000|
| 155|0x0000000709b00000, 0x0000000709b00000, 0x0000000709c00000|  0%| F|  |TS  0|AC  0|TAMS 0x0000000709b00000, 0x0000000709b00000|
| 156|0x0000000709c00000, 0x0000000709c00000, 0x0000000709d00000|  0%| F|  |TS  0|AC  0|TAMS 0x0000000709c00000, 0x0000000709c00000|
| 157|0x0000000709d00000, 0x0000000709d00000, 0x0000000709e00000|  0%| F|  |TS  0|AC  0|TAMS 0x0000000709d00000, 0x0000000709d00000|
| 158|0x0000000709e00000, 0x0000000709e00000, 0x0000000709f00000|  0%| F|  |TS  0|AC  0|TAMS 0x0000000709e00000, 0x0000000709e00000|
| 159|0x0000000709f00000, 0x0000000709f00000, 0x000000070a000000|  0%| F|  |TS  0|AC  0|TAMS 0x0000000709f00000, 0x0000000709f00000|
| 160|0x000000070a000000, 0x000000070a000000, 0x000000070a100000|  0%| F|  |TS  0|AC  0|TAMS 0x000000070a000000, 0x000000070a000000|
| 161|0x000000070a100000, 0x000000070a100000, 0x000000070a200000|  0%| F|  |TS  0|AC  0|TAMS 0x000000070a100000, 0x000000070a100000|
| 162|0x000000070a200000, 0x000000070a200000, 0x000000070a300000|  0%| F|  |TS  0|AC  0|TAMS 0x000000070a200000, 0x000000070a200000|
| 163|0x000000070a300000, 0x000000070a300000, 0x000000070a400000|  0%| F|  |TS  0|AC  0|TAMS 0x000000070a300000, 0x000000070a300000|
| 164|0x000000070a400000, 0x000000070a400000, 0x000000070a500000|  0%| F|  |TS  0|AC  0|TAMS 0x000000070a400000, 0x000000070a400000|
| 165|0x000000070a500000, 0x000000070a500000, 0x000000070a600000|  0%| F|  |TS  0|AC  0|TAMS 0x000000070a500000, 0x000000070a500000|
| 166|0x000000070a600000, 0x000000070a600000, 0x000000070a700000|  0%| F|  |TS  0|AC  0|TAMS 0x000000070a600000, 0x000000070a600000|
| 167|0x000000070a700000, 0x000000070a700000, 0x000000070a800000|  0%| F|  |TS  0|AC  0|TAMS 0x000000070a700000, 0x000000070a700000|
| 168|0x000000070a800000, 0x000000070a800000, 0x000000070a900000|  0%| F|  |TS  0|AC  0|TAMS 0x000000070a800000, 0x000000070a800000|
| 169|0x000000070a900000, 0x000000070a900000, 0x000000070aa00000|  0%| F|  |TS  0|AC  0|TAMS 0x000000070a900000, 0x000000070a900000|
| 170|0x000000070aa00000, 0x000000070aa00000, 0x000000070ab00000|  0%| F|  |TS  0|AC  0|TAMS 0x000000070aa00000, 0x000000070aa00000|
| 171|0x000000070ab00000, 0x000000070ab00000, 0x000000070ac00000|  0%| F|  |TS  0|AC  0|TAMS 0x000000070ab00000, 0x000000070ab00000|
| 172|0x000000070ac00000, 0x000000070ac00000, 0x000000070ad00000|  0%| F|  |TS  0|AC  0|TAMS 0x000000070ac00000, 0x000000070ac00000|
| 173|0x000000070ad00000, 0x000000070ad00000, 0x000000070ae00000|  0%| F|  |TS  0|AC  0|TAMS 0x000000070ad00000, 0x000000070ad00000|
| 174|0x000000070ae00000, 0x000000070ae00000, 0x000000070af00000|  0%| F|  |TS  0|AC  0|TAMS 0x000000070ae00000, 0x000000070ae00000|
| 175|0x000000070af00000, 0x000000070af00000, 0x000000070b000000|  0%| F|  |TS  0|AC  0|TAMS 0x000000070af00000, 0x000000070af00000|
| 176|0x000000070b000000, 0x000000070b000000, 0x000000070b100000|  0%| F|  |TS  0|AC  0|TAMS 0x000000070b000000, 0x000000070b000000|
| 177|0x000000070b100000, 0x000000070b100000, 0x000000070b200000|  0%| F|  |TS  0|AC  0|TAMS 0x000000070b100000, 0x000000070b100000|
| 178|0x000000070b200000, 0x000000070b200000, 0x000000070b300000|  0%| F|  |TS  0|AC  0|TAMS 0x000000070b200000, 0x000000070b200000|
| 179|0x000000070b300000, 0x000000070b300000, 0x000000070b400000|  0%| F|  |TS  0|AC  0|TAMS 0x000000070b300000, 0x000000070b300000|
| 180|0x000000070b400000, 0x000000070b400000, 0x000000070b500000|  0%| F|  |TS  0|AC  0|TAMS 0x000000070b400000, 0x000000070b400000|
| 181|0x000000070b500000, 0x000000070b500000, 0x000000070b600000|  0%| F|  |TS  0|AC  0|TAMS 0x000000070b500000, 0x000000070b500000|
| 182|0x000000070b600000, 0x000000070b600000, 0x000000070b700000|  0%| F|  |TS  0|AC  0|TAMS 0x000000070b600000, 0x000000070b600000|
| 183|0x000000070b700000, 0x000000070b700000, 0x000000070b800000|  0%| F|  |TS  0|AC  0|TAMS 0x000000070b700000, 0x000000070b700000|
| 184|0x000000070b800000, 0x000000070b800000, 0x000000070b900000|  0%| F|  |TS  0|AC  0|TAMS 0x000000070b800000, 0x000000070b800000|
| 185|0x000000070b900000, 0x000000070b900000, 0x000000070ba00000|  0%| F|  |TS  0|AC  0|TAMS 0x000000070b900000, 0x000000070b900000|
| 186|0x000000070ba00000, 0x000000070ba00000, 0x000000070bb00000|  0%| F|  |TS  0|AC  0|TAMS 0x000000070ba00000, 0x000000070ba00000|
| 187|0x000000070bb00000, 0x000000070bb00000, 0x000000070bc00000|  0%| F|  |TS  0|AC  0|TAMS 0x000000070bb00000, 0x000000070bb00000|
| 188|0x000000070bc00000, 0x000000070bc00000, 0x000000070bd00000|  0%| F|  |TS  0|AC  0|TAMS 0x000000070bc00000, 0x000000070bc00000|
| 189|0x000000070bd00000, 0x000000070bd00000, 0x000000070be00000|  0%| F|  |TS  0|AC  0|TAMS 0x000000070bd00000, 0x000000070bd00000|
| 190|0x000000070be00000, 0x000000070be00000, 0x000000070bf00000|  0%| F|  |TS  0|AC  0|TAMS 0x000000070be00000, 0x000000070be00000|
| 191|0x000000070bf00000, 0x000000070bf00000, 0x000000070c000000|  0%| F|  |TS  0|AC  0|TAMS 0x000000070bf00000, 0x000000070bf00000|
| 192|0x000000070c000000, 0x000000070c000000, 0x000000070c100000|  0%| F|  |TS  0|AC  0|TAMS 0x000000070c000000, 0x000000070c000000|
| 193|0x000000070c100000, 0x000000070c100000, 0x000000070c200000|  0%| F|  |TS  0|AC  0|TAMS 0x000000070c100000, 0x000000070c100000|
| 194|0x000000070c200000, 0x000000070c200000, 0x000000070c300000|  0%| F|  |TS  0|AC  0|TAMS 0x000000070c200000, 0x000000070c200000|
| 195|0x000000070c300000, 0x000000070c300000, 0x000000070c400000|  0%| F|  |TS  0|AC  0|TAMS 0x000000070c300000, 0x000000070c300000|
| 196|0x000000070c400000, 0x000000070c400000, 0x000000070c500000|  0%| F|  |TS  0|AC  0|TAMS 0x000000070c400000, 0x000000070c400000|
| 197|0x000000070c500000, 0x000000070c500000, 0x000000070c600000|  0%| F|  |TS  0|AC  0|TAMS 0x000000070c500000, 0x000000070c500000|
| 198|0x000000070c600000, 0x000000070c600000, 0x000000070c700000|  0%| F|  |TS  0|AC  0|TAMS 0x000000070c600000, 0x000000070c600000|
| 199|0x000000070c700000, 0x000000070c700000, 0x000000070c800000|  0%| F|  |TS  0|AC  0|TAMS 0x000000070c700000, 0x000000070c700000|
| 200|0x000000070c800000, 0x000000070c800000, 0x000000070c900000|  0%| F|  |TS  0|AC  0|TAMS 0x000000070c800000, 0x000000070c800000|
| 201|0x000000070c900000, 0x000000070c900000, 0x000000070ca00000|  0%| F|  |TS  0|AC  0|TAMS 0x000000070c900000, 0x000000070c900000|
| 202|0x000000070ca00000, 0x000000070ca00000, 0x000000070cb00000|  0%| F|  |TS  0|AC  0|TAMS 0x000000070ca00000, 0x000000070ca00000|
| 203|0x000000070cb00000, 0x000000070cb00000, 0x000000070cc00000|  0%| F|  |TS  0|AC  0|TAMS 0x000000070cb00000, 0x000000070cb00000|
| 204|0x000000070cc00000, 0x000000070cc00000, 0x000000070cd00000|  0%| F|  |TS  0|AC  0|TAMS 0x000000070cc00000, 0x000000070cc00000|
| 205|0x000000070cd00000, 0x000000070cd00000, 0x000000070ce00000|  0%| F|  |TS  0|AC  0|TAMS 0x000000070cd00000, 0x000000070cd00000|
| 206|0x000000070ce00000, 0x000000070ce00000, 0x000000070cf00000|  0%| F|  |TS  0|AC  0|TAMS 0x000000070ce00000, 0x000000070ce00000|
| 207|0x000000070cf00000, 0x000000070cf00000, 0x000000070d000000|  0%| F|  |TS  0|AC  0|TAMS 0x000000070cf00000, 0x000000070cf00000|
| 208|0x000000070d000000, 0x000000070d000000, 0x000000070d100000|  0%| F|  |TS  0|AC  0|TAMS 0x000000070d000000, 0x000000070d000000|
| 209|0x000000070d100000, 0x000000070d100000, 0x000000070d200000|  0%| F|  |TS  0|AC  0|TAMS 0x000000070d100000, 0x000000070d100000|
| 210|0x000000070d200000, 0x000000070d200000, 0x000000070d300000|  0%| F|  |TS  0|AC  0|TAMS 0x000000070d200000, 0x000000070d200000|
| 211|0x000000070d300000, 0x000000070d300000, 0x000000070d400000|  0%| F|  |TS  0|AC  0|TAMS 0x000000070d300000, 0x000000070d300000|
| 212|0x000000070d400000, 0x000000070d400000, 0x000000070d500000|  0%| F|  |TS  0|AC  0|TAMS 0x000000070d400000, 0x000000070d400000|
| 213|0x000000070d500000, 0x000000070d500000, 0x000000070d600000|  0%| F|  |TS  0|AC  0|TAMS 0x000000070d500000, 0x000000070d500000|
| 214|0x000000070d600000, 0x000000070d600000, 0x000000070d700000|  0%| F|  |TS  0|AC  0|TAMS 0x000000070d600000, 0x000000070d600000|
| 215|0x000000070d700000, 0x000000070d700000, 0x000000070d800000|  0%| F|  |TS  0|AC  0|TAMS 0x000000070d700000, 0x000000070d700000|
| 216|0x000000070d800000, 0x000000070d800000, 0x000000070d900000|  0%| F|  |TS  0|AC  0|TAMS 0x000000070d800000, 0x000000070d800000|
| 217|0x000000070d900000, 0x000000070d900000, 0x000000070da00000|  0%| F|  |TS  0|AC  0|TAMS 0x000000070d900000, 0x000000070d900000|
| 218|0x000000070da00000, 0x000000070da00000, 0x000000070db00000|  0%| F|  |TS  0|AC  0|TAMS 0x000000070da00000, 0x000000070da00000|
| 219|0x000000070db00000, 0x000000070db00000, 0x000000070dc00000|  0%| F|  |TS  0|AC  0|TAMS 0x000000070db00000, 0x000000070db00000|
| 220|0x000000070dc00000, 0x000000070dc00000, 0x000000070dd00000|  0%| F|  |TS  0|AC  0|TAMS 0x000000070dc00000, 0x000000070dc00000|
| 221|0x000000070dd00000, 0x000000070dd00000, 0x000000070de00000|  0%| F|  |TS  0|AC  0|TAMS 0x000000070dd00000, 0x000000070dd00000|
| 222|0x000000070de00000, 0x000000070de00000, 0x000000070df00000|  0%| F|  |TS  0|AC  0|TAMS 0x000000070de00000, 0x000000070de00000|
| 223|0x000000070df00000, 0x000000070df00000, 0x000000070e000000|  0%| F|  |TS  0|AC  0|TAMS 0x000000070df00000, 0x000000070df00000|
| 224|0x000000070e000000, 0x000000070e000000, 0x000000070e100000|  0%| F|  |TS  0|AC  0|TAMS 0x000000070e000000, 0x000000070e000000|
| 225|0x000000070e100000, 0x000000070e100000, 0x000000070e200000|  0%| F|  |TS  0|AC  0|TAMS 0x000000070e100000, 0x000000070e100000|
| 226|0x000000070e200000, 0x000000070e200000, 0x000000070e300000|  0%| F|  |TS  0|AC  0|TAMS 0x000000070e200000, 0x000000070e200000|
| 227|0x000000070e300000, 0x000000070e300000, 0x000000070e400000|  0%| F|  |TS  0|AC  0|TAMS 0x000000070e300000, 0x000000070e300000|
| 228|0x000000070e400000, 0x000000070e4dbc90, 0x000000070e500000| 85%| E|  |TS  0|AC  0|TAMS 0x000000070e400000, 0x000000070e400000|
| 229|0x000000070e500000, 0x000000070e600000, 0x000000070e600000|100%| E|CS|TS  0|AC  0|TAMS 0x000000070e500000, 0x000000070e500000|
| 230|0x000000070e600000, 0x000000070e700000, 0x000000070e700000|100%| E|CS|TS  0|AC  0|TAMS 0x000000070e600000, 0x000000070e600000|
| 231|0x000000070e700000, 0x000000070e800000, 0x000000070e800000|100%| E|CS|TS  0|AC  0|TAMS 0x000000070e700000, 0x000000070e700000|
| 232|0x000000070e800000, 0x000000070e900000, 0x000000070e900000|100%| E|CS|TS  0|AC  0|TAMS 0x000000070e800000, 0x000000070e800000|
| 233|0x000000070e900000, 0x000000070ea00000, 0x000000070ea00000|100%| E|CS|TS  0|AC  0|TAMS 0x000000070e900000, 0x000000070e900000|
| 234|0x000000070ea00000, 0x000000070eb00000, 0x000000070eb00000|100%| E|CS|TS  0|AC  0|TAMS 0x000000070ea00000, 0x000000070ea00000|
| 235|0x000000070eb00000, 0x000000070ec00000, 0x000000070ec00000|100%| E|CS|TS  0|AC  0|TAMS 0x000000070eb00000, 0x000000070eb00000|
| 236|0x000000070ec00000, 0x000000070ed00000, 0x000000070ed00000|100%| E|CS|TS  0|AC  0|TAMS 0x000000070ec00000, 0x000000070ec00000|
| 237|0x000000070ed00000, 0x000000070ee00000, 0x000000070ee00000|100%| E|CS|TS  0|AC  0|TAMS 0x000000070ed00000, 0x000000070ed00000|
| 238|0x000000070ee00000, 0x000000070ef00000, 0x000000070ef00000|100%| E|CS|TS  0|AC  0|TAMS 0x000000070ee00000, 0x000000070ee00000|
| 239|0x000000070ef00000, 0x000000070f000000, 0x000000070f000000|100%| E|CS|TS  0|AC  0|TAMS 0x000000070ef00000, 0x000000070ef00000|
| 240|0x000000070f000000, 0x000000070f100000, 0x000000070f100000|100%| E|CS|TS  0|AC  0|TAMS 0x000000070f000000, 0x000000070f000000|
| 241|0x000000070f100000, 0x000000070f200000, 0x000000070f200000|100%| E|CS|TS  0|AC  0|TAMS 0x000000070f100000, 0x000000070f100000|
| 242|0x000000070f200000, 0x000000070f300000, 0x000000070f300000|100%| E|CS|TS  0|AC  0|TAMS 0x000000070f200000, 0x000000070f200000|
| 243|0x000000070f300000, 0x000000070f400000, 0x000000070f400000|100%| E|CS|TS  0|AC  0|TAMS 0x000000070f300000, 0x000000070f300000|
| 244|0x000000070f400000, 0x000000070f500000, 0x000000070f500000|100%| E|CS|TS  0|AC  0|TAMS 0x000000070f400000, 0x000000070f400000|
| 245|0x000000070f500000, 0x000000070f600000, 0x000000070f600000|100%| E|CS|TS  0|AC  0|TAMS 0x000000070f500000, 0x000000070f500000|
| 246|0x000000070f600000, 0x000000070f700000, 0x000000070f700000|100%| E|CS|TS  0|AC  0|TAMS 0x000000070f600000, 0x000000070f600000|
| 247|0x000000070f700000, 0x000000070f800000, 0x000000070f800000|100%| E|CS|TS  0|AC  0|TAMS 0x000000070f700000, 0x000000070f700000|
| 248|0x000000070f800000, 0x000000070f900000, 0x000000070f900000|100%| E|CS|TS  0|AC  0|TAMS 0x000000070f800000, 0x000000070f800000|
| 249|0x000000070f900000, 0x000000070fa00000, 0x000000070fa00000|100%| E|CS|TS  0|AC  0|TAMS 0x000000070f900000, 0x000000070f900000|
| 250|0x000000070fa00000, 0x000000070fb00000, 0x000000070fb00000|100%| E|CS|TS  0|AC  0|TAMS 0x000000070fa00000, 0x000000070fa00000|
| 251|0x000000070fb00000, 0x000000070fc00000, 0x000000070fc00000|100%| E|CS|TS  0|AC  0|TAMS 0x000000070fb00000, 0x000000070fb00000|
| 252|0x000000070fc00000, 0x000000070fd00000, 0x000000070fd00000|100%| E|CS|TS  0|AC  0|TAMS 0x000000070fc00000, 0x000000070fc00000|
| 253|0x000000070fd00000, 0x000000070fe00000, 0x000000070fe00000|100%| E|CS|TS  0|AC  0|TAMS 0x000000070fd00000, 0x000000070fd00000|
| 254|0x000000070fe00000, 0x000000070ff00000, 0x000000070ff00000|100%| E|CS|TS  0|AC  0|TAMS 0x000000070fe00000, 0x000000070fe00000|
| 255|0x000000070ff00000, 0x0000000710000000, 0x0000000710000000|100%| E|CS|TS  0|AC  0|TAMS 0x000000070ff00000, 0x000000070ff00000|
| 256|0x0000000710000000, 0x0000000710100000, 0x0000000710100000|100%| E|CS|TS  0|AC  0|TAMS 0x0000000710000000, 0x0000000710000000|
| 257|0x0000000710100000, 0x0000000710200000, 0x0000000710200000|100%| E|CS|TS  0|AC  0|TAMS 0x0000000710100000, 0x0000000710100000|
| 258|0x0000000710200000, 0x0000000710300000, 0x0000000710300000|100%| E|CS|TS  0|AC  0|TAMS 0x0000000710200000, 0x0000000710200000|
| 259|0x0000000710300000, 0x0000000710400000, 0x0000000710400000|100%| E|CS|TS  0|AC  0|TAMS 0x0000000710300000, 0x0000000710300000|
| 260|0x0000000710400000, 0x0000000710500000, 0x0000000710500000|100%| E|CS|TS  0|AC  0|TAMS 0x0000000710400000, 0x0000000710400000|
| 261|0x0000000710500000, 0x0000000710600000, 0x0000000710600000|100%| E|CS|TS  0|AC  0|TAMS 0x0000000710500000, 0x0000000710500000|
| 262|0x0000000710600000, 0x0000000710700000, 0x0000000710700000|100%| E|CS|TS  0|AC  0|TAMS 0x0000000710600000, 0x0000000710600000|
| 263|0x0000000710700000, 0x0000000710800000, 0x0000000710800000|100%| E|CS|TS  0|AC  0|TAMS 0x0000000710700000, 0x0000000710700000|
| 264|0x0000000710800000, 0x0000000710900000, 0x0000000710900000|100%| E|CS|TS  0|AC  0|TAMS 0x0000000710800000, 0x0000000710800000|
| 265|0x0000000710900000, 0x0000000710a00000, 0x0000000710a00000|100%| E|CS|TS  0|AC  0|TAMS 0x0000000710900000, 0x0000000710900000|
| 266|0x0000000710a00000, 0x0000000710b00000, 0x0000000710b00000|100%| E|CS|TS  0|AC  0|TAMS 0x0000000710a00000, 0x0000000710a00000|
| 267|0x0000000710b00000, 0x0000000710c00000, 0x0000000710c00000|100%| E|CS|TS  0|AC  0|TAMS 0x0000000710b00000, 0x0000000710b00000|
| 268|0x0000000710c00000, 0x0000000710d00000, 0x0000000710d00000|100%| E|CS|TS  0|AC  0|TAMS 0x0000000710c00000, 0x0000000710c00000|
| 269|0x0000000710d00000, 0x0000000710e00000, 0x0000000710e00000|100%| E|CS|TS  0|AC  0|TAMS 0x0000000710d00000, 0x0000000710d00000|
| 270|0x0000000710e00000, 0x0000000710f00000, 0x0000000710f00000|100%| E|CS|TS  0|AC  0|TAMS 0x0000000710e00000, 0x0000000710e00000|
| 271|0x0000000710f00000, 0x0000000711000000, 0x0000000711000000|100%| E|CS|TS  0|AC  0|TAMS 0x0000000710f00000, 0x0000000710f00000|
| 272|0x0000000711000000, 0x0000000711100000, 0x0000000711100000|100%| E|CS|TS  0|AC  0|TAMS 0x0000000711000000, 0x0000000711000000|
| 273|0x0000000711100000, 0x0000000711200000, 0x0000000711200000|100%| E|CS|TS  0|AC  0|TAMS 0x0000000711100000, 0x0000000711100000|
| 274|0x0000000711200000, 0x0000000711300000, 0x0000000711300000|100%| E|CS|TS  0|AC  0|TAMS 0x0000000711200000, 0x0000000711200000|
| 275|0x0000000711300000, 0x0000000711400000, 0x0000000711400000|100%| E|CS|TS  0|AC  0|TAMS 0x0000000711300000, 0x0000000711300000|
| 276|0x0000000711400000, 0x0000000711500000, 0x0000000711500000|100%| E|CS|TS  0|AC  0|TAMS 0x0000000711400000, 0x0000000711400000|
| 277|0x0000000711500000, 0x0000000711600000, 0x0000000711600000|100%| E|CS|TS  0|AC  0|TAMS 0x0000000711500000, 0x0000000711500000|
| 278|0x0000000711600000, 0x0000000711700000, 0x0000000711700000|100%| E|CS|TS  0|AC  0|TAMS 0x0000000711600000, 0x0000000711600000|
| 279|0x0000000711700000, 0x0000000711800000, 0x0000000711800000|100%| E|CS|TS  0|AC  0|TAMS 0x0000000711700000, 0x0000000711700000|
| 280|0x0000000711800000, 0x0000000711900000, 0x0000000711900000|100%| E|CS|TS  0|AC  0|TAMS 0x0000000711800000, 0x0000000711800000|
| 281|0x0000000711900000, 0x0000000711a00000, 0x0000000711a00000|100%| E|CS|TS  0|AC  0|TAMS 0x0000000711900000, 0x0000000711900000|
| 282|0x0000000711a00000, 0x0000000711b00000, 0x0000000711b00000|100%| E|CS|TS  0|AC  0|TAMS 0x0000000711a00000, 0x0000000711a00000|
| 283|0x0000000711b00000, 0x0000000711c00000, 0x0000000711c00000|100%| E|CS|TS  0|AC  0|TAMS 0x0000000711b00000, 0x0000000711b00000|
| 284|0x0000000711c00000, 0x0000000711d00000, 0x0000000711d00000|100%| E|CS|TS  0|AC  0|TAMS 0x0000000711c00000, 0x0000000711c00000|
| 285|0x0000000711d00000, 0x0000000711e00000, 0x0000000711e00000|100%| E|CS|TS  0|AC  0|TAMS 0x0000000711d00000, 0x0000000711d00000|
| 286|0x0000000711e00000, 0x0000000711f00000, 0x0000000711f00000|100%| E|CS|TS  0|AC  0|TAMS 0x0000000711e00000, 0x0000000711e00000|
| 287|0x0000000711f00000, 0x0000000712000000, 0x0000000712000000|100%| E|CS|TS  0|AC  0|TAMS 0x0000000711f00000, 0x0000000711f00000|

Card table byte_map: [0x00000277c86f0000,0x00000277c8cf0000] byte_map_base: 0x00000277c4ef0000

Marking Bits (Prev, Next): (CMBitMap*) 0x00000277cc004118, (CMBitMap*) 0x00000277cc0040e0
 Prev Bits: [0x00000277e5db0000, 0x00000277e8db0000)
 Next Bits: [0x00000277e2db0000, 0x00000277e5db0000)

Polling page: 0x00000277be0f0000

CodeHeap 'non-profiled nmethods': size=120000Kb used=31605Kb max_used=31605Kb free=88394Kb
 bounds [0x00000277db880000, 0x00000277dd770000, 0x00000277e2db0000]
CodeHeap 'profiled nmethods': size=120000Kb used=49216Kb max_used=51320Kb free=70784Kb
 bounds [0x00000277d4350000, 0x00000277d7690000, 0x00000277db880000]
CodeHeap 'non-nmethods': size=5760Kb used=1823Kb max_used=1879Kb free=3936Kb
 bounds [0x00000277d3db0000, 0x00000277d4020000, 0x00000277d4350000]
 total_blobs=44907 nmethods=21609 adapters=1175
 compilation: enabled

Compilation events (10 events):
Event: 32761.070 Thread 0x00000277cb0cc800 29901   !   3       sun.awt.datatransfer.TransferableProxy::getTransferData (111 bytes)
Event: 32761.072 Thread 0x00000277cb0cc800 nmethod 29901 0x00000277d5ecf010 code [0x00000277d5ecf360, 0x00000277d5ed0c80]
Event: 32761.072 Thread 0x00000277cb0cc800 29902       1       java.awt.geom.LineIterator::getWindingRule (2 bytes)
Event: 32761.072 Thread 0x00000277cb0cc800 nmethod 29902 0x00000277dd762d10 code [0x00000277dd762ec0, 0x00000277dd762fd8]
Event: 32761.307 Thread 0x00000277c58cc800 29903       4       ui.cB::gQ (5 bytes)
Event: 32761.308 Thread 0x00000277c58cc800 nmethod 29903 0x00000277dd763090 code [0x00000277dd763220, 0x00000277dd7632d8]
Event: 32761.654 Thread 0x00000277c58cb000 29904       4       ui.views.c.o.Q::ej (5 bytes)
Event: 32761.655 Thread 0x00000277c58cb000 nmethod 29904 0x00000277dd763410 code [0x00000277dd7635c0, 0x00000277dd763708]
Event: 32762.325 Thread 0x00000277c58ca800 29905       4       javax.swing.JViewport::fireStateChanged (69 bytes)
Event: 32762.330 Thread 0x00000277c58ca800 nmethod 29905 0x00000277dd763910 code [0x00000277dd763ac0, 0x00000277dd763e78]

GC Heap History (10 events):
Event: 32756.332 GC heap before
{Heap before GC invocations=1186 (full 102):
 garbage-first heap   total 294912K, used 155136K [0x0000000700000000, 0x0000000700100900, 0x00000007c0000000)
  region size 1024K, 61 young (62464K), 1 survivors (1024K)
 Metaspace       used 91026K, capacity 93655K, committed 98940K, reserved 1134592K
  class space    used 11794K, capacity 12328K, committed 13436K, reserved 1048576K
}
Event: 32756.335 GC heap after
{Heap after GC invocations=1187 (full 102):
 garbage-first heap   total 294912K, used 94768K [0x0000000700000000, 0x0000000700100900, 0x00000007c0000000)
  region size 1024K, 1 young (1024K), 1 survivors (1024K)
 Metaspace       used 91026K, capacity 93655K, committed 98940K, reserved 1134592K
  class space    used 11794K, capacity 12328K, committed 13436K, reserved 1048576K
}
Event: 32759.109 GC heap before
{Heap before GC invocations=1187 (full 102):
 garbage-first heap   total 294912K, used 155184K [0x0000000700000000, 0x0000000700100900, 0x00000007c0000000)
  region size 1024K, 60 young (61440K), 1 survivors (1024K)
 Metaspace       used 91026K, capacity 93655K, committed 98940K, reserved 1134592K
  class space    used 11794K, capacity 12328K, committed 13436K, reserved 1048576K
}
Event: 32759.112 GC heap after
{Heap after GC invocations=1188 (full 102):
 garbage-first heap   total 294912K, used 94797K [0x0000000700000000, 0x0000000700100900, 0x00000007c0000000)
  region size 1024K, 1 young (1024K), 1 survivors (1024K)
 Metaspace       used 91026K, capacity 93655K, committed 98940K, reserved 1134592K
  class space    used 11794K, capacity 12328K, committed 13436K, reserved 1048576K
}
Event: 32759.536 GC heap before
{Heap before GC invocations=1188 (full 102):
 garbage-first heap   total 294912K, used 155213K [0x0000000700000000, 0x0000000700100900, 0x00000007c0000000)
  region size 1024K, 60 young (61440K), 1 survivors (1024K)
 Metaspace       used 91026K, capacity 93655K, committed 98940K, reserved 1134592K
  class space    used 11794K, capacity 12328K, committed 13436K, reserved 1048576K
}
Event: 32759.540 GC heap after
{Heap after GC invocations=1189 (full 102):
 garbage-first heap   total 294912K, used 94772K [0x0000000700000000, 0x0000000700100900, 0x00000007c0000000)
  region size 1024K, 1 young (1024K), 1 survivors (1024K)
 Metaspace       used 91026K, capacity 93655K, committed 98940K, reserved 1134592K
  class space    used 11794K, capacity 12328K, committed 13436K, reserved 1048576K
}
Event: 32761.108 GC heap before
{Heap before GC invocations=1189 (full 102):
 garbage-first heap   total 294912K, used 155188K [0x0000000700000000, 0x0000000700100900, 0x00000007c0000000)
  region size 1024K, 60 young (61440K), 1 survivors (1024K)
 Metaspace       used 91053K, capacity 93655K, committed 98940K, reserved 1134592K
  class space    used 11794K, capacity 12328K, committed 13436K, reserved 1048576K
}
Event: 32761.112 GC heap after
{Heap after GC invocations=1190 (full 102):
 garbage-first heap   total 294912K, used 94930K [0x0000000700000000, 0x0000000700100900, 0x00000007c0000000)
  region size 1024K, 1 young (1024K), 1 survivors (1024K)
 Metaspace       used 91053K, capacity 93655K, committed 98940K, reserved 1134592K
  class space    used 11794K, capacity 12328K, committed 13436K, reserved 1048576K
}
Event: 32761.325 GC heap before
{Heap before GC invocations=1190 (full 102):
 garbage-first heap   total 294912K, used 117458K [0x0000000700000000, 0x0000000700100900, 0x00000007c0000000)
  region size 1024K, 24 young (24576K), 1 survivors (1024K)
 Metaspace       used 91053K, capacity 93655K, committed 98940K, reserved 1134592K
  class space    used 11794K, capacity 12328K, committed 13436K, reserved 1048576K
}
Event: 32761.647 GC heap after
{Heap after GC invocations=1191 (full 103):
 garbage-first heap   total 294912K, used 94259K [0x0000000700000000, 0x0000000700100900, 0x00000007c0000000)
  region size 1024K, 0 young (0K), 0 survivors (0K)
 Metaspace       used 91053K, capacity 93655K, committed 98940K, reserved 1134592K
  class space    used 11794K, capacity 12328K, committed 13436K, reserved 1048576K
}

Deoptimization events (10 events):
Event: 32586.293 Thread 0x00000277ecb08800 Uncommon trap: reason=speculate_class_check action=maybe_recompile pc=0x00000277dd3af1c8 method=java.nio.charset.CharsetDecoder.decode(Ljava/nio/ByteBuffer;Ljava/nio/CharBuffer;Z)Ljava/nio/charset/CoderResult; @ 57 c2
Event: 32586.296 Thread 0x00000277ecb08800 Uncommon trap: reason=speculate_class_check action=maybe_recompile pc=0x00000277dd3af1c8 method=java.nio.charset.CharsetDecoder.decode(Ljava/nio/ByteBuffer;Ljava/nio/CharBuffer;Z)Ljava/nio/charset/CoderResult; @ 57 c2
Event: 32587.197 Thread 0x00000277ecb08800 Uncommon trap: reason=speculate_class_check action=maybe_recompile pc=0x00000277dd3af1c8 method=java.nio.charset.CharsetDecoder.decode(Ljava/nio/ByteBuffer;Ljava/nio/CharBuffer;Z)Ljava/nio/charset/CoderResult; @ 57 c2
Event: 32587.200 Thread 0x00000277ecb08800 Uncommon trap: reason=speculate_class_check action=maybe_recompile pc=0x00000277dd3af1c8 method=java.nio.charset.CharsetDecoder.decode(Ljava/nio/ByteBuffer;Ljava/nio/CharBuffer;Z)Ljava/nio/charset/CoderResult; @ 57 c2
Event: 32632.888 Thread 0x00000277ecb08800 Uncommon trap: reason=bimorphic_or_optimized_type_check action=maybe_recompile pc=0x00000277dd012d50 method=java.util.TimSort.gallopLeft(Ljava/lang/Object;[Ljava/lang/Object;IIILjava/util/Comparator;)I @ 77 c2
Event: 32659.305 Thread 0x00000277ecb08800 Uncommon trap: reason=unstable_if action=reinterpret pc=0x00000277dcfaf148 method=com.jidesoft.editor.SyntaxDocument.a([Ljava/lang/String;IIZZZ)I @ 405 c2
Event: 32748.974 Thread 0x00000277ecb08800 Uncommon trap: reason=unstable_if action=reinterpret pc=0x00000277dd30eb68 method=javax.swing.text.html.parser.Parser.parseContent()V @ 296 c2
Event: 32752.898 Thread 0x00000277ecb08800 Uncommon trap: reason=unstable_if action=reinterpret pc=0x00000277dd4dbc78 method=ui.frmwork.c.i.processMouseMotionEvent(Ljava/awt/event/MouseEvent;)V @ 79 c2
Event: 32752.919 Thread 0x00000277ecb08800 Uncommon trap: reason=unstable_if action=reinterpret pc=0x00000277dc9af3d8 method=ui.data.p.b.c.l.g(Lui/data/p/a;II)V @ 122 c2
Event: 32760.536 Thread 0x00000277ecb08800 Uncommon trap: reason=class_check action=maybe_recompile pc=0x00000277dc030a6c method=java.lang.Throwable.<init>()V @ 24 c2

Classes redefined (0 events):
No events

Internal exceptions (10 events):
Event: 32038.462 Thread 0x00000277c162c800 Exception <a 'java/lang/InterruptedException'{0x000000071160ea90}: sleep interrupted> (0x000000071160ea90) thrown at [t:/workspace/hotspot/src/share/vm/prims/jvm.cpp, line 2984]
Event: 32052.930 Thread 0x00000277ecb08800 Exception <a 'java/awt/IllegalComponentStateException'{0x000000070f8b3e70}> (0x000000070f8b3e70) thrown at [t:/workspace/hotspot/src/share/vm/prims/jvm.cpp, line 1314]
Event: 32058.810 Thread 0x00000277ecb08800 Exception <a 'java/awt/IllegalComponentStateException'{0x0000000711385a58}> (0x0000000711385a58) thrown at [t:/workspace/hotspot/src/share/vm/prims/jvm.cpp, line 1314]
Event: 32073.881 Thread 0x00000277ecb08800 Exception <a 'java/lang/NoSuchMethodError'{0x000000070ed47ae8}: method resolution failed> (0x000000070ed47ae8) thrown at [t:/workspace/hotspot/src/share/vm/prims/methodHandles.cpp, line 1256]
Event: 32073.882 Thread 0x00000277ecb08800 Exception <a 'java/lang/NoSuchMethodError'{0x000000070ed4be08}: java.lang.invoke.DelegatingMethodHandle$Holder.reinvoke_L(Ljava/lang/Object;Ljava/lang/Object;IILjava/lang/Object;Ljava/lang/Object;ILjava/lang/Object;II)Ljava/lang/Object;> (0x000000070ed4be
Event: 32073.884 Thread 0x00000277ecb08800 Exception <a 'java/lang/NoSuchMethodError'{0x000000070edb92f0}: java.lang.invoke.DirectMethodHandle$Holder.invokeSpecial(Ljava/lang/Object;Ljava/lang/Object;IIILjava/lang/Object;Ljava/lang/Object;ILjava/lang/Object;II)Ljava/lang/Object;> (0x000000070edb92
Event: 32073.884 Thread 0x00000277ecb08800 Exception <a 'java/lang/NoSuchMethodError'{0x000000070edbd000}: java.lang.invoke.DelegatingMethodHandle$Holder.reinvoke_L(Ljava/lang/Object;IIILjava/lang/Object;Ljava/lang/Object;ILjava/lang/Object;II)Ljava/lang/Object;> (0x000000070edbd000) thrown at [t:
Event: 32073.885 Thread 0x00000277ecb08800 Exception <a 'java/lang/NoSuchMethodError'{0x000000070eddb2c0}: method resolution failed> (0x000000070eddb2c0) thrown at [t:/workspace/hotspot/src/share/vm/prims/methodHandles.cpp, line 1256]
Event: 32073.958 Thread 0x00000277ecb08800 Exception <a 'java/lang/NoSuchMethodError'{0x000000070e53d598}: java.lang.invoke.DirectMethodHandle$Holder.invokeSpecial(Ljava/lang/Object;Ljava/lang/Object;ILjava/lang/Object;)V> (0x000000070e53d598) thrown at [t:/workspace/hotspot/src/share/vm/interpret
Event: 32073.959 Thread 0x00000277ecb08800 Exception <a 'java/lang/NoSuchMethodError'{0x000000070e542ec0}: java.lang.invoke.DirectMethodHandle$Holder.invokeStatic(Ljava/lang/Object;Ljava/lang/Object;ILjava/lang/Object;)Ljava/lang/Object;> (0x000000070e542ec0) thrown at [t:/workspace/hotspot/src/sh

Events (10 events):
Event: 32762.232 Executing VM operation: RevokeBias
Event: 32762.232 Executing VM operation: RevokeBias done
Event: 32762.233 Executing VM operation: RevokeBias
Event: 32762.233 Executing VM operation: RevokeBias done
Event: 32762.324 Executing VM operation: BulkRevokeBias
Event: 32762.324 Executing VM operation: BulkRevokeBias done
Event: 32762.648 Thread 0x00000277c162b000 Thread added: 0x00000277c162b000
Event: 32762.651 Thread 0x00000277c162b000 Thread exited: 0x00000277c162b000
Event: 32763.650 Thread 0x00000277c1631800 Thread added: 0x00000277c1631800
Event: 32763.654 Thread 0x00000277c1631800 Thread exited: 0x00000277c1631800


Dynamic libraries:
0x00007ff7b6350000 - 0x00007ff7b6380000 	E:\Xilinx\Vivado\2019.2\bin\unwrapped\win64.o\vivado.exe
0x00007ffa11100000 - 0x00007ffa112f0000 	C:\Windows\SYSTEM32\ntdll.dll
0x00007ffa10870000 - 0x00007ffa10922000 	C:\Windows\System32\KERNEL32.DLL
0x00007ffa0e2b0000 - 0x00007ffa0e554000 	C:\Windows\System32\KERNELBASE.dll
0x00007ffa0e0c0000 - 0x00007ffa0e1ba000 	C:\Windows\System32\ucrtbase.dll
0x00007ffa01ac0000 - 0x00007ffa01b51000 	C:\Windows\SYSTEM32\MSVCP140.dll
0x00007ffa09120000 - 0x00007ffa09134000 	E:\Xilinx\Vivado\2019.2\lib\win64.o\libboost_signals.dll
0x00007ff9c4080000 - 0x00007ff9c4fc3000 	E:\Xilinx\Vivado\2019.2\lib\win64.o\librdi_common.dll
0x00007ffa07d20000 - 0x00007ffa07d36000 	E:\Xilinx\Vivado\2019.2\lib\win64.o\librdi_commonmain.dll
0x00007ffa02760000 - 0x00007ffa02779000 	C:\Windows\SYSTEM32\VCRUNTIME140.dll
0x00007ffa0fac0000 - 0x00007ffa0fc54000 	C:\Windows\System32\USER32.dll
0x00007ffa01b60000 - 0x00007ffa01b6c000 	C:\Windows\SYSTEM32\VCRUNTIME140_1.dll
0x00007ffa0e1c0000 - 0x00007ffa0e1e1000 	C:\Windows\System32\win32u.dll
0x00007ffa0f1c0000 - 0x00007ffa0f1e6000 	C:\Windows\System32\GDI32.dll
0x00007ffa092b0000 - 0x00007ffa092ba000 	E:\Xilinx\Vivado\2019.2\lib\win64.o\librdi_commonversion.dll
0x00007ffa0ed30000 - 0x00007ffa0eec4000 	C:\Windows\System32\gdi32full.dll
0x00007ff9f95a0000 - 0x00007ff9f95c6000 	E:\Xilinx\Vivado\2019.2\lib\win64.o\libboost_filesystem.dll
0x00007ffa109e0000 - 0x00007ffa10a83000 	C:\Windows\System32\ADVAPI32.dll
0x00007ffa0e210000 - 0x00007ffa0e2ae000 	C:\Windows\System32\msvcp_win.dll
0x00007ff9d6260000 - 0x00007ff9d6401000 	E:\Xilinx\Vivado\2019.2\lib\win64.o\librdi_commonxillic.dll
0x00007ffa0f810000 - 0x00007ffa0f8ae000 	C:\Windows\System32\msvcrt.dll
0x00007ffa106b0000 - 0x00007ffa1071f000 	C:\Windows\System32\WS2_32.dll
0x00007ffa0ffc0000 - 0x00007ffa106a4000 	C:\Windows\System32\SHELL32.dll
0x00007ff9c7220000 - 0x00007ff9c758e000 	E:\Xilinx\Vivado\2019.2\lib\win64.o\libCOIN-all.dll
0x00007ffa107d0000 - 0x00007ffa10867000 	C:\Windows\System32\sechost.dll
0x00007ffa0fea0000 - 0x00007ffa0ffc0000 	C:\Windows\System32\RPCRT4.dll
0x00007ffa0e560000 - 0x00007ffa0e5aa000 	C:\Windows\System32\cfgmgr32.dll
0x00007ffa0e090000 - 0x00007ffa0e0b6000 	C:\Windows\System32\bcrypt.dll
0x00007ffa0f8b0000 - 0x00007ffa0f959000 	C:\Windows\System32\shcore.dll
0x0000000057ba0000 - 0x0000000057ccb000 	E:\Xilinx\Vivado\2019.2\lib\win64.o\tcl85t.dll
0x00007ffa0f450000 - 0x00007ffa0f786000 	C:\Windows\System32\combase.dll
0x00007ffa03830000 - 0x00007ffa03844000 	E:\Xilinx\Vivado\2019.2\lib\win64.o\libboost_date_time.dll
0x00007ffa0f130000 - 0x00007ffa0f1b0000 	C:\Windows\System32\bcryptPrimitives.dll
0x00007ffa0e5b0000 - 0x00007ffa0ed2e000 	C:\Windows\System32\windows.storage.dll
0x00007ff9e37f0000 - 0x00007ff9e386f000 	E:\Xilinx\Vivado\2019.2\lib\win64.o\libboost_program_options.dll
0x00007ff9e36d0000 - 0x00007ff9e37e4000 	E:\Xilinx\Vivado\2019.2\lib\win64.o\libboost_regex.dll
0x00007ffa07d10000 - 0x00007ffa07d1b000 	E:\Xilinx\Vivado\2019.2\lib\win64.o\libboost_system.dll
0x00007ffa0dfd0000 - 0x00007ffa0dff3000 	C:\Windows\System32\profapi.dll
0x00007ffa0e000000 - 0x00007ffa0e04a000 	C:\Windows\System32\powrprof.dll
0x00007ff9f6ca0000 - 0x00007ff9f6cc1000 	E:\Xilinx\Vivado\2019.2\lib\win64.o\libboost_thread.dll
0x00007ffa0dfc0000 - 0x00007ffa0dfd0000 	C:\Windows\System32\UMPDC.dll
0x00007ffa037a0000 - 0x00007ffa037af000 	E:\Xilinx\Vivado\2019.2\lib\win64.o\libboost_xilinx.dll
0x00007ff9e26d0000 - 0x00007ff9e2752000 	E:\Xilinx\Vivado\2019.2\lib\win64.o\libhdlpsolve.dll
0x00007ffa0f3f0000 - 0x00007ffa0f442000 	C:\Windows\System32\shlwapi.dll
0x00007ff9d64e0000 - 0x00007ff9d6585000 	E:\Xilinx\Vivado\2019.2\lib\win64.o\libhdxml.dll
0x00007ffa0e070000 - 0x00007ffa0e081000 	C:\Windows\System32\kernel.appcore.dll
0x00007ff9c3480000 - 0x00007ff9c407c200 	E:\Xilinx\Vivado\2019.2\lib\win64.o\libisl_iostreams.dll
0x00007ffa0e1f0000 - 0x00007ffa0e207000 	C:\Windows\System32\cryptsp.dll
0x00007ff9f5ce0000 - 0x00007ff9f5d0e000 	E:\Xilinx\Vivado\2019.2\lib\win64.o\libisl_sysinfo.dll
0x00007ff9d81c0000 - 0x00007ff9d8225000 	E:\Xilinx\Vivado\2019.2\lib\win64.o\liblmx6.0.dll
0x00007ffa03250000 - 0x00007ffa0326a000 	E:\Xilinx\Vivado\2019.2\lib\win64.o\pthreadVC2.dll
0x00007ff9f9a90000 - 0x00007ff9f9aac000 	E:\Xilinx\Vivado\2019.2\lib\win64.o\librdiconfig.dll
0x00007ff9f1d50000 - 0x00007ff9f1d71000 	E:\Xilinx\Vivado\2019.2\lib\win64.o\librdizlib.dll
0x0000000012000000 - 0x0000000012270000 	E:\Xilinx\Vivado\2019.2\lib\win64.o\xerces-c_3_1.dll
0x00007ff9ccd80000 - 0x00007ff9cd05b000 	E:\Xilinx\Vivado\2019.2\lib\win64.o\libXil_lmgr11.dll
0x00007ffa0f320000 - 0x00007ffa0f3f0000 	C:\Windows\System32\COMDLG32.dll
0x00007ffa068d0000 - 0x00007ffa068e7000 	C:\Windows\SYSTEM32\NETAPI32.dll
0x00007ffa0f250000 - 0x00007ffa0f314000 	C:\Windows\System32\OLEAUT32.dll
0x00007ff9ff520000 - 0x00007ff9ff9f5000 	C:\Windows\SYSTEM32\WININET.dll
0x00007ffa0f960000 - 0x00007ffa0fab7000 	C:\Windows\System32\ole32.dll
0x00007ffa06350000 - 0x00007ffa06440000 	C:\Windows\SYSTEM32\WINHTTP.dll
0x00007ffa00230000 - 0x00007ffa00406000 	C:\Windows\SYSTEM32\urlmon.dll
0x00007ffa0eed0000 - 0x00007ffa0ef2c000 	C:\Windows\System32\WINTRUST.dll
0x00007ffa0e050000 - 0x00007ffa0e062000 	C:\Windows\System32\MSASN1.dll
0x00007ffa0ef30000 - 0x00007ffa0f079000 	C:\Windows\System32\CRYPT32.dll
0x00007ffa03790000 - 0x00007ffa0379d000 	E:\Xilinx\Vivado\2019.2\lib\win64.o\libboost_chrono.dll
0x00007ffa03210000 - 0x00007ffa03219000 	C:\Windows\SYSTEM32\WSOCK32.dll
0x00007ff9f7f70000 - 0x00007ff9f7f8b000 	E:\Xilinx\Vivado\2019.2\lib\win64.o\libboost_iostreams.dll
0x00007ff9f1cd0000 - 0x00007ff9f1cf5000 	E:\Xilinx\Vivado\2019.2\lib\win64.o\libisl_iosutils.dll
0x00007ff9f1ca0000 - 0x00007ff9f1cc8000 	C:\Windows\SYSTEM32\VCOMP140.DLL
0x00007ff9c1910000 - 0x00007ff9c27a1000 	E:\Xilinx\Vivado\2019.2\lib\win64.o\gurobi65.dll
0x00007ff9fd840000 - 0x00007ff9fd8e9000 	C:\Windows\WinSxS\amd64_microsoft.windows.common-controls_6595b64144ccf1df_5.82.18362.836_none_2a2600ea466b531c\COMCTL32.dll
0x00007ffa07130000 - 0x00007ffa0714c000 	C:\Windows\SYSTEM32\dhcpcsvc.DLL
0x00007ff9ffa30000 - 0x00007ff9ffcd6000 	C:\Windows\SYSTEM32\iertutil.dll
0x00007ffa10a90000 - 0x00007ffa10a98000 	C:\Windows\System32\NSI.dll
0x00007ffa0d9a0000 - 0x00007ffa0d9ac000 	C:\Windows\SYSTEM32\CRYPTBASE.DLL
0x00007ffa0d5f0000 - 0x00007ffa0d5fc000 	C:\Windows\SYSTEM32\NETUTILS.DLL
0x00007ffa109b0000 - 0x00007ffa109de000 	C:\Windows\System32\IMM32.DLL
0x00007ff9c5750000 - 0x00007ff9c5c67000 	E:\Xilinx\Vivado\2019.2\lib\win64.o\librdi_commontasks.dll
0x00007ffa066b0000 - 0x00007ffa066ba000 	C:\Windows\SYSTEM32\VERSION.dll
0x00007ff9cb8f0000 - 0x00007ff9cbbd3000 	E:\Xilinx\Vivado\2019.2\lib\win64.o\librdi_sio.dll
0x0000000056610000 - 0x0000000057035000 	E:\Xilinx\Vivado\2019.2\tps\win64\jre9.0.4\bin\server\jvm.dll
0x00007ffa10930000 - 0x00007ffa10938000 	C:\Windows\System32\PSAPI.DLL
0x00007ffa0d4e0000 - 0x00007ffa0d51a000 	C:\Windows\SYSTEM32\IPHLPAPI.DLL
0x00007ffa0bf20000 - 0x00007ffa0bf44000 	C:\Windows\SYSTEM32\WINMM.dll
0x00007ff9d6070000 - 0x00007ff9d615f000 	C:\Windows\SYSTEM32\MSVCR120.dll
0x00007ffa0bb80000 - 0x00007ffa0bbad000 	C:\Windows\SYSTEM32\winmmbase.dll
0x00007ffa0d7d0000 - 0x00007ffa0d837000 	C:\Windows\SYSTEM32\MSWSOCK.DLL
0x00007ff9bd710000 - 0x00007ff9bfe55000 	E:\Xilinx\Vivado\2019.2\lib\win64.o\librdi_tcltasks.dll
0x00007ff9c69f0000 - 0x00007ff9c6b8d000 	E:\Xilinx\Vivado\2019.2\lib\win64.o\librdi_board.dll
0x00007ff9d5ff0000 - 0x00007ff9d606b000 	E:\Xilinx\Vivado\2019.2\lib\win64.o\librdi_boarddep.dll
0x00007ff9c2fc0000 - 0x00007ff9c3474000 	E:\Xilinx\Vivado\2019.2\lib\win64.o\librdi_bitstream.dll
0x00007ff9cd740000 - 0x00007ff9cd892000 	E:\Xilinx\Vivado\2019.2\lib\win64.o\librdi_cd_client.dll
0x00007ff9cd650000 - 0x00007ff9cd73f000 	E:\Xilinx\Vivado\2019.2\lib\win64.o\librdi_chipscope.dll
0x00007ff9bbc30000 - 0x00007ff9bd70a000 	E:\Xilinx\Vivado\2019.2\lib\win64.o\librdi_constraints.dll
0x00007ff9c5590000 - 0x00007ff9c5750000 	E:\Xilinx\Vivado\2019.2\lib\win64.o\librdi_chipscopeimpl.dll
0x00007ff9c2c90000 - 0x00007ff9c2fb4000 	E:\Xilinx\Vivado\2019.2\lib\win64.o\librdi_containers.dll
0x00007ff9b9c40000 - 0x00007ff9bbc30000 	E:\Xilinx\Vivado\2019.2\lib\win64.o\librdi_coregen.dll
0x00007ff9b37c0000 - 0x00007ff9b7a8b000 	E:\Xilinx\Vivado\2019.2\lib\win64.o\librdi_designutils.dll
0x00007ff9c1230000 - 0x00007ff9c1909000 	E:\Xilinx\Vivado\2019.2\lib\win64.o\librdi_coregenipxact.dll
0x00007ff99ec10000 - 0x00007ff9b37bb000 	E:\Xilinx\Vivado\2019.2\lib\win64.o\librdi_device.dll
0x00007ff9c2940000 - 0x00007ff9c2c8a000 	E:\Xilinx\Vivado\2019.2\lib\win64.o\librdi_dlyest.dll
0x00007ff9c0c60000 - 0x00007ff9c122d000 	E:\Xilinx\Vivado\2019.2\lib\win64.o\librdi_drc.dll
0x00007ff9cd960000 - 0x00007ff9cda24000 	E:\Xilinx\Vivado\2019.2\lib\win64.o\librdi_dsp.dll
0x00007ff99e5a0000 - 0x00007ff99ec0b000 	E:\Xilinx\Vivado\2019.2\lib\win64.o\librdi_filemgmt.dll
0x00007ff9c0950000 - 0x00007ff9c0c60000 	E:\Xilinx\Vivado\2019.2\lib\win64.o\librdi_guitools.dll
0x00007ff9d78b0000 - 0x00007ff9d791a000 	E:\Xilinx\Vivado\2019.2\lib\win64.o\librdi_hdf.dll
0x00007ff9c0320000 - 0x00007ff9c0540000 	E:\Xilinx\Vivado\2019.2\lib\win64.o\librdi_hip_devdesign.dll
0x00007ff9c5440000 - 0x00007ff9c5588000 	E:\Xilinx\Vivado\2019.2\lib\win64.o\librdi_hip_perf_analysis.dll
0x00007ff99c7f0000 - 0x00007ff99ce21000 	E:\Xilinx\Vivado\2019.2\lib\win64.o\librdi_memdata.dll
0x00007ff99ce30000 - 0x00007ff99e59d000 	E:\Xilinx\Vivado\2019.2\lib\win64.o\librdi_implflow.dll
0x00007ff9d5f00000 - 0x00007ff9d5f74000 	E:\Xilinx\Vivado\2019.2\lib\win64.o\librdi_memoryarray.dll
0x00007ff999a20000 - 0x00007ff99c7eb000 	E:\Xilinx\Vivado\2019.2\lib\win64.o\librdi_mig.dll
0x00007ff999330000 - 0x00007ff999a13000 	E:\Xilinx\Vivado\2019.2\lib\win64.o\librdi_netlist.dll
0x00007ff9f1c30000 - 0x00007ff9f1c7c000 	E:\Xilinx\Vivado\2019.2\lib\win64.o\librdi_pfi.dll
0x00007ff996a60000 - 0x00007ff999327000 	E:\Xilinx\Vivado\2019.2\lib\win64.o\librdi_place.dll
0x00007ff9b9920000 - 0x00007ff9b9c3b000 	E:\Xilinx\Vivado\2019.2\lib\win64.o\librdi_platform.dll
0x00007ff996250000 - 0x00007ff996a5b000 	E:\Xilinx\Vivado\2019.2\lib\win64.o\librdi_power.dll
0x00007ff995c90000 - 0x00007ff99624a000 	E:\Xilinx\Vivado\2019.2\lib\win64.o\librdi_project.dll
0x00007ff995550000 - 0x00007ff995c83000 	E:\Xilinx\Vivado\2019.2\lib\win64.o\librdi_psta.dll
0x00007ff994e80000 - 0x00007ff995541000 	E:\Xilinx\Vivado\2019.2\lib\win64.o\librdi_rsb.dll
0x00007ff994a50000 - 0x00007ff994e73000 	E:\Xilinx\Vivado\2019.2\lib\win64.o\librdi_runs.dll
0x00007ff9c0840000 - 0x00007ff9c0948000 	E:\Xilinx\Vivado\2019.2\lib\win64.o\librdi_runsbase.dll
0x00007ff9b96a0000 - 0x00007ff9b9915000 	E:\Xilinx\Vivado\2019.2\lib\win64.o\librdi_simdata.dll
0x00007ff993bc0000 - 0x00007ff994a4d000 	E:\Xilinx\Vivado\2019.2\lib\win64.o\librdi_timing.dll
0x00007ff9c0630000 - 0x00007ff9c07d0000 	E:\Xilinx\Vivado\2019.2\lib\win64.o\librdi_cd_protocol.dll
0x00007ff993a10000 - 0x00007ff993bb1000 	E:\Xilinx\Vivado\2019.2\lib\win64.o\librdi_advchipscopeimpl.dll
0x00007ff9dd630000 - 0x00007ff9dd67c000 	E:\Xilinx\Vivado\2019.2\lib\win64.o\libboost_serialization.dll

VM Arguments:
jvm_args: -Dsun.java2d.pmoffscreen=false -Dsun.java2d.xrender=false -Dsun.java2d.d3d=false -Dsun.awt.nopixfmt=true -Dsun.java2d.dpiaware=true -Dsun.java2d.uiScale.enabled=false -Xverify:none -Dswing.aatext=true -XX:-UsePerfData -Djdk.map.althashing.threshold=512 -XX:StringTableSize=4072 --add-opens=java.base/java.nio=ALL-UNNAMED --add-opens=java.desktop/sun.swing=ALL-UNNAMED --add-opens=java.desktop/javax.swing=ALL-UNNAMED --add-opens=java.desktop/javax.swing.tree=ALL-UNNAMED --add-opens=java.desktop/javax.swing.plaf.basic=ALL-UNNAMED --add-opens=java.desktop/javax.swing.plaf.synth=ALL-UNNAMED --add-opens=java.desktop/com.sun.awt=ALL-UNNAMED -XX:NewSize=60m -XX:MaxNewSize=60m -Xms128m -Xmx3072m -Xss5m 
java_command: <unknown>
java_class_path (initial): E:/Xilinx/Vivado/2019.2\lib\classes\alloy.jar;E:/Xilinx/Vivado/2019.2\lib\classes\autoesl-common.jar;E:/Xilinx/Vivado/2019.2\lib\classes\autoesl-models.jar;E:/Xilinx/Vivado/2019.2\lib\classes\autoesl-report.jar;E:/Xilinx/Vivado/2019.2\lib\classes\autopilot.scelaborator.jar;E:/Xilinx/Vivado/2019.2\lib\classes\autopilot.sourceprocessor.jar;E:/Xilinx/Vivado/2019.2\lib\classes\autopilot.tbprocessor.jar;E:/Xilinx/Vivado/2019.2\lib\classes\batik-anim.jar;E:/Xilinx/Vivado/2019.2\lib\classes\batik-awt-util.jar;E:/Xilinx/Vivado/2019.2\lib\classes\batik-bridge.jar;E:/Xilinx/Vivado/2019.2\lib\classes\batik-codec.jar;E:/Xilinx/Vivado/2019.2\lib\classes\batik-css.jar;E:/Xilinx/Vivado/2019.2\lib\classes\batik-dom.jar;E:/Xilinx/Vivado/2019.2\lib\classes\batik-ext.jar;E:/Xilinx/Vivado/2019.2\lib\classes\batik-gui-util.jar;E:/Xilinx/Vivado/2019.2\lib\classes\batik-gvt.jar;E:/Xilinx/Vivado/2019.2\lib\classes\batik-parser.jar;E:/Xilinx/Vivado/2019.2\lib\classes\batik-script.jar;E:/Xilinx/Vivado/2019.2\lib\classes\batik-svg-dom.jar;E:/Xilinx/Vivado/2019.2\lib\classes\batik-swing.jar;E:/Xilinx/Vivado/2019.2\lib\classes\batik-transcoder.jar;E:/Xilinx/Vivado/2019.2\lib\classes\batik-util.jar;E:/Xilinx/Vivado/2019.2\lib\classes\batik-xml.jar;E:/Xilinx/Vivado/2019.2\lib\classes\com.google.gson_2.7.0.v20170129-0911.jar;E:/Xilinx/Vivado/2019.2\lib\classes\com.google.guava_21.0.0.v20170206-1425.jar;E:/Xilinx/Vivado/2019.2\lib\classes\com.ibm.icu_4.4.2.v20110208.jar;E:/Xilinx/Vivado/2019.2\lib\classes\com.sigasi.hdt.connection_4.5.0.201909241521.jar;E:/Xilinx/Vivado/2019.2\lib\classes\com.sigasi.hdt.epl_4.5.0.201909241521.jar;E:/Xilinx/Vivado/2019.2\lib\classes\com.sigasi.hdt.project_4.5.0.201909241521.jar;E:/Xilinx/Vivado/2019.2\lib\classes\com.sigasi.hdt.readonlyfilesystem_4.5.0.201909241521.jar;E:/Xilinx/Vivado/2019.2\lib\classes\com.sigasi.lcm_4.5.0.201909241521.jar;E:/Xilinx/Vivado/2019.2\lib\classes\com.sigasi.sdk.client_4.5.0.201909241521.jar;E:/Xilinx/Vivado
Launcher Type: generic

Logging:
Log output configuration:
#0: stdout all=warning uptime,level,tags
#1: stderr all=off uptime,level,tags

Environment Variables:
JAVA_HOME=E:\Java\jdk1.8.0_241
CLASSPATH=G:\LINGO64_18\Lingo18.jar
PATH=E:/Xilinx/Vivado/2019.2\gnuwin\bin;E:/Xilinx/Vivado/2019.2\gnu\microblaze\nt\bin;E:/Xilinx/Vivado/2019.2/bin;E:/Xilinx/Vivado/2019.2/lib/win64.o;E:/Xilinx/Vivado/2019.2/tps/win64/jre9.0.4/bin/server;E:/Xilinx/Vivado/2019.2/tps/win64/jre9.0.4/bin;E:/Xilinx/Vivado/2019.2/ids_lite/ISE/bin/nt64;E:/Xilinx/Vivado/2019.2/ids_lite/ISE/lib/nt64;C:\Program Files (x86)\Common Files\Oracle\Java\javapath;E:\NVIDIA GPU Computing Toolkit\CUDA\v10.1\bin;E:\NVIDIA GPU Computing Toolkit\CUDA\v10.1\libnvvp;E:\NVIDIA GPU Computing Toolkit\cuDNN\bin;E:\NVIDIA GPU Computing Toolkit\CUDA\v10.1\lib\x64;E:\NVIDIA GPU Computing Toolkit\CUDA\v10.1\include;E:\NVIDIA GPU Computing Toolkit\CUDA\v10.1\extras\CUPTI\lib64;C:\Windows\system32;C:\Windows;C:\Windows\System32\Wbem;C:\Windows\System32\WindowsPowerShell\v1.0\;C:\Windows\System32\OpenSSH\;G:\Matlab2019b\runtime\win64;G:\Matlab2019b\bin;G:\PuTTY\;G:\Git\cmd;G:\CMake\bin;G:\LINGO64_18\;E:\Visual_Studio_Community_2019\VC\Tools\MSVC\14.24.28314\bin\Hostx64\x64;E:\neo4j\neo4j-community-3\bin;E:\Java\jdk-14\\classpath;C:\Program Files\NVIDIA Corporation\Nsight Compute 2019.4.0\;C:\Program Files (x86)\NVIDIA Corporation\PhysX\Common;C:\Program Files\NVIDIA Corporation\NVIDIA NvDLISR;C:\Program Files\dotnet\;E:\mysql-8.0.19-winx64\bin;G:\graphviz-2.38\release\bin;E:\Java\jdk1.8.0_241\bin;E:\Java\jdk1.8.0_241\jre\bin;G:\Git\bin;C:\Program Files (x86)\Wolfram Research\WolframScript\;E:\anaconda3;E:\anaconda3\Library\mingw-w64\bin;E:\anaconda3\Library\usr\bin;E:\anaconda3\Library\bin;E:\anaconda3\Scripts;C:\Users\89565\.cargo\bin;C:\Users\89565\AppData\Local\Microsoft\WindowsApps;G:\JetBrains\PyCharm Community Edition 2019.3\PyCharm Community Edition 2019.3.3\bin;C:\Users\89565\AppData\Local\GitHubDesktop\bin;G:\JetBrains\IntelliJ IDEA 2019.3.3\bin;;E:\JetBrains\IntelliJ IDEA Community Edition 2019.3.3\bin;G:\texlive\2019\bin\win32;E:\JetBrains\PyCharm Community Edition 2019.3\PyCharm Community Edition 2019.3.3\bin;E:\VSCode\Microsoft VS Code\bin;
USERNAME=Rabbit
OS=Windows_NT
PROCESSOR_IDENTIFIER=Intel64 Family 6 Model 60 Stepping 3, GenuineIntel



---------------  S Y S T E M  ---------------

OS: Windows 10 , 64 bit Build 18362 (10.0.18362.778)

CPU:total 8 (initial active 8) (4 cores per cpu, 2 threads per core) family 6 model 60 stepping 3, cmov, cx8, fxsr, mmx, sse, sse2, sse3, ssse3, sse4.1, sse4.2, popcnt, avx, avx2, aes, clmul, erms, lzcnt, ht, tsc, tscinvbit, bmi1, bmi2, fma

Memory: 4k page, physical 16658548k(8663020k free), swap 23998580k(13268416k free)

vm_info: Java HotSpot(TM) 64-Bit Server VM (9.0.4+11) for windows-amd64 JRE (9.0.4+11), built on Dec 20 2017 02:18:54 by "mach5one" with MS VC++ 12.0 (VS2013)

END.
