#
# A fatal error has been detected by the Java Runtime Environment:
#
#  EXCEPTION_ACCESS_VIOLATION (0xc0000005) at pc=0x00007ffca6e5db50, pid=8696, tid=12304
#
# JRE version: Java(TM) SE Runtime Environment (9.0+11) (build 9.0.4+11)
# Java VM: Java HotSpot(TM) 64-Bit Server VM (9.0.4+11, mixed mode, tiered, compressed oops, g1 gc, windows-amd64)
# Problematic frame:
# C  0x00007ffca6e5db50
#
# No core dump will be written. Minidumps are not enabled by default on client versions of Windows
#
# If you would like to submit a bug report, please visit:
#   http://bugreport.java.com/bugreport/crash.jsp
# The crash happened outside the Java Virtual Machine in native code.
# See problematic frame for where to report the bug.
#

---------------  S U M M A R Y ------------

Command Line: -Dsun.java2d.pmoffscreen=false -Dsun.java2d.xrender=false -Dsun.java2d.d3d=false -Dsun.awt.nopixfmt=true -Dsun.java2d.dpiaware=true -Dsun.java2d.uiScale.enabled=false -Xverify:none -Dswing.aatext=true -XX:-UsePerfData -Djdk.map.althashing.threshold=512 -XX:StringTableSize=4072 --add-opens=java.base/java.nio=ALL-UNNAMED --add-opens=java.desktop/sun.swing=ALL-UNNAMED --add-opens=java.desktop/javax.swing=ALL-UNNAMED --add-opens=java.desktop/javax.swing.tree=ALL-UNNAMED --add-opens=java.desktop/javax.swing.plaf.basic=ALL-UNNAMED --add-opens=java.desktop/javax.swing.plaf.synth=ALL-UNNAMED --add-opens=java.desktop/com.sun.awt=ALL-UNNAMED -XX:NewSize=60m -XX:MaxNewSize=60m -Xms128m -Xmx3072m -Xss5m 

Host: Intel(R) Core(TM) i7-4702HQ CPU @ 2.20GHz, 8 cores, 15G,  Windows 10 , 64 bit Build 18362 (10.0.18362.778)
Time: Sun May 31 10:29:19 2020 ?D1¨²¡À¨º¡Á?¨º¡À?? elapsed time: 544 seconds (0d 0h 9m 4s)

---------------  T H R E A D  ---------------

Current thread (0x000002525c5db800):  JavaThread "AWT-EventQueue-1" [_thread_in_native, id=12304, stack(0x000000ba63300000,0x000000ba63800000)]

Stack: [0x000000ba63300000,0x000000ba63800000],  sp=0x000000ba637f3dc8,  free space=5071k
Native frames: (J=compiled Java code, j=interpreted, Vv=VM code, C=native code)
C  0x00007ffca6e5db50

Java frames: (J=compiled Java code, j=interpreted, Vv=VM code)
j  ui.views.waveform.waveformi.WVExecutive_getGraphicsDataSize(J)J+0
j  ui.views.waveform.executive.a.gZe()Ljava/io/ByteArrayInputStream;+8
j  ui.views.waveform.b.a.gYQ()V+7
j  ui.views.waveform.b.a.giU()V+1
j  ui.views.waveform.m.gYa()V+4
j  ui.views.waveform.m.cZO()V+11
j  ui.views.waveform.w.cZO()V+29
j  ui.views.waveform.c.b.j(Lui/frmwork/b/i;)V+92
j  ui.views.waveform.w.a(Lui/frmwork/b/i;)V+13
J 13683 c1 ui.frmwork.b.l.d(Lui/frmwork/b/i;)V (61 bytes) @ 0x00000252430e491c [0x00000252430e40c0+0x000000000000085c]
J 13670 c1 ui.frmwork.G.i(JZ)V (471 bytes) @ 0x000002524347aaac [0x00000252434762c0+0x00000000000047ec]
J 13671 c1 ui.frmwork.G.fireTclEvent(J)I (113 bytes) @ 0x00000252430ec1cc [0x00000252430eb9c0+0x000000000000080c]
v  ~StubRoutines::call_stub
j  ui.views.waveform.waveformi.WVExecutive_processModelEvent(JJ)V+0
j  ui.views.waveform.executive.a.eR(J)V+5
j  ui.views.waveform.c.b.eQ(J)V+8
j  ui.views.waveform.c.b.j(Lui/frmwork/b/i;)V+133
j  ui.views.waveform.w.a(Lui/frmwork/b/i;)V+13
J 13683 c1 ui.frmwork.b.l.d(Lui/frmwork/b/i;)V (61 bytes) @ 0x00000252430e491c [0x00000252430e40c0+0x000000000000085c]
J 13670 c1 ui.frmwork.G.i(JZ)V (471 bytes) @ 0x000002524347aaac [0x00000252434762c0+0x00000000000047ec]
J 13671 c1 ui.frmwork.G.fireTclEvent(J)I (113 bytes) @ 0x00000252430ec1cc [0x00000252430eb9c0+0x000000000000080c]
v  ~StubRoutines::call_stub
j  ui.views.waveform.waveformi.WVExecutive_processModelEvent(JJ)V+0
j  ui.views.waveform.executive.a.eR(J)V+5
j  ui.views.waveform.c.b.eQ(J)V+8
j  ui.views.waveform.c.e.actionPerformed(Ljava/awt/event/ActionEvent;)V+8
J 17364 c2 javax.swing.Timer.fireActionPerformed(Ljava/awt/event/ActionEvent;)V java.desktop@9.0.4 (46 bytes) @ 0x000002524b2eece0 [0x000002524b2eebc0+0x0000000000000120]
J 17361 c2 javax.swing.Timer$DoPostEvent.run()V java.desktop@9.0.4 (82 bytes) @ 0x000002524b2eb86c [0x000002524b2eb560+0x000000000000030c]
J 13488 c2 java.awt.EventQueue$3.run()Ljava/lang/Object; java.desktop@9.0.4 (5 bytes) @ 0x000002524a472d80 [0x000002524a472c80+0x0000000000000100]
v  ~StubRoutines::call_stub
J 4420  java.security.AccessController.doPrivileged(Ljava/security/PrivilegedAction;Ljava/security/AccessControlContext;)Ljava/lang/Object; java.base@9.0.4 (0 bytes) @ 0x000002524a364cc6 [0x000002524a364c60+0x0000000000000066]
J 13403 c2 ui.frmwork.b.d.dispatchEvent(Ljava/awt/AWTEvent;)V (34 bytes) @ 0x000002524aed7524 [0x000002524aed7160+0x00000000000003c4]
J 19315 c1 java.awt.EventDispatchThread.pumpOneEventForFilters(I)V java.desktop@9.0.4 (218 bytes) @ 0x0000025245546b14 [0x0000025245545740+0x00000000000013d4]
j  java.awt.EventDispatchThread.pumpEventsForFilter(ILjava/awt/Conditional;Ljava/awt/EventFilter;)V+35 java.desktop@9.0.4
j  java.awt.EventDispatchThread.pumpEventsForFilter(Ljava/awt/Conditional;Ljava/awt/EventFilter;)V+4 java.desktop@9.0.4
j  java.awt.WaitDispatchSupport$2.run()V+59 java.desktop@9.0.4
j  java.awt.WaitDispatchSupport$4.run()Ljava/lang/Void;+4 java.desktop@9.0.4
j  java.awt.WaitDispatchSupport$4.run()Ljava/lang/Object;+1 java.desktop@9.0.4
v  ~StubRoutines::call_stub
J 1009  java.security.AccessController.doPrivileged(Ljava/security/PrivilegedAction;)Ljava/lang/Object; java.base@9.0.4 (0 bytes) @ 0x000002524a37ea32 [0x000002524a37e9e0+0x0000000000000052]
j  java.awt.WaitDispatchSupport.enter()Z+260 java.desktop@9.0.4
j  java.awt.Dialog.show()V+225 java.desktop@9.0.4
J 12289 c1 java.awt.Component.setVisible(Z)V java.desktop@9.0.4 (6 bytes) @ 0x0000025244c705cc [0x0000025244c703e0+0x00000000000001ec]
j  java.awt.Window.setVisible(Z)V+2 java.desktop@9.0.4
j  java.awt.Dialog.setVisible(Z)V+2 java.desktop@9.0.4
j  ui.b.c.g.setVisible(Z)V+2
j  ui.b.c.bB.showDialog()V+64
j  ui.b.c.bI.actionPerformed(Ljava/awt/event/ActionEvent;)V+8
j  ui.b.c.bB.cSz()V+396
j  ui.views.c.t.b.a.run()V+60
j  ui.frmwork.a.epE()Z+66
j  ui.frmwork.Y.erq()V+42
j  ui.bm.actionPerformed(Ljava/awt/event/ActionEvent;)V+25
j  javax.swing.AbstractButton.fireActionPerformed(Ljava/awt/event/ActionEvent;)V+84 java.desktop@9.0.4
j  ui.utils.p.b.E.fireActionPerformed(Ljava/awt/event/ActionEvent;)V+7
j  javax.swing.AbstractButton$Handler.actionPerformed(Ljava/awt/event/ActionEvent;)V+5 java.desktop@9.0.4
j  javax.swing.DefaultButtonModel.fireActionPerformed(Ljava/awt/event/ActionEvent;)V+34 java.desktop@9.0.4
j  javax.swing.DefaultButtonModel.setPressed(Z)V+117 java.desktop@9.0.4
j  javax.swing.plaf.basic.BasicButtonListener.mouseReleased(Ljava/awt/event/MouseEvent;)V+35 java.desktop@9.0.4
j  com.jidesoft.plaf.basic.BasicJideButtonListener.mouseReleased(Ljava/awt/event/MouseEvent;)V+61
j  java.awt.AWTEventMulticaster.mouseReleased(Ljava/awt/event/MouseEvent;)V+8 java.desktop@9.0.4
j  java.awt.AWTEventMulticaster.mouseReleased(Ljava/awt/event/MouseEvent;)V+8 java.desktop@9.0.4
j  java.awt.AWTEventMulticaster.mouseReleased(Ljava/awt/event/MouseEvent;)V+8 java.desktop@9.0.4
j  java.awt.AWTEventMulticaster.mouseReleased(Ljava/awt/event/MouseEvent;)V+8 java.desktop@9.0.4
J 16073 c1 java.awt.Component.processMouseEvent(Ljava/awt/event/MouseEvent;)V java.desktop@9.0.4 (100 bytes) @ 0x00000252451e9b34 [0x00000252451e97a0+0x0000000000000394]
J 16167 c1 javax.swing.JComponent.processMouseEvent(Ljava/awt/event/MouseEvent;)V java.desktop@9.0.4 (27 bytes) @ 0x0000025245219c6c [0x0000025245219a60+0x000000000000020c]
J 13132 c2 java.awt.Container.processEvent(Ljava/awt/AWTEvent;)V java.desktop@9.0.4 (22 bytes) @ 0x000002524ae3efc0 [0x000002524ae3eea0+0x0000000000000120]
J 18113 c1 java.awt.Component.dispatchEventImpl(Ljava/awt/AWTEvent;)V java.desktop@9.0.4 (739 bytes) @ 0x000002524431a08c [0x0000025244316420+0x0000000000003c6c]
J 19328 c1 java.awt.Container.dispatchEventImpl(Ljava/awt/AWTEvent;)V java.desktop@9.0.4 (129 bytes) @ 0x000002524555480c [0x00000252455546e0+0x000000000000012c]
J 19316 c1 java.awt.LightweightDispatcher.retargetMouseEvent(Ljava/awt/Component;ILjava/awt/event/MouseEvent;)V java.desktop@9.0.4 (350 bytes) @ 0x000002524554a38c [0x00000252455480a0+0x00000000000022ec]
J 18114 c2 java.awt.LightweightDispatcher.processMouseEvent(Ljava/awt/event/MouseEvent;)Z java.desktop@9.0.4 (265 bytes) @ 0x000002524b3f5f00 [0x000002524b3f57c0+0x0000000000000740]
J 9279 c1 java.awt.LightweightDispatcher.dispatchEvent(Ljava/awt/AWTEvent;)Z java.desktop@9.0.4 (73 bytes) @ 0x00000252443fb6cc [0x00000252443fb2a0+0x000000000000042c]
J 19328 c1 java.awt.Container.dispatchEventImpl(Ljava/awt/AWTEvent;)V java.desktop@9.0.4 (129 bytes) @ 0x00000252455547ac [0x00000252455546e0+0x00000000000000cc]
J 18105 c2 java.awt.Window.dispatchEventImpl(Ljava/awt/AWTEvent;)V java.desktop@9.0.4 (23 bytes) @ 0x000002524b3df88c [0x000002524b3df840+0x000000000000004c]
J 13488 c2 java.awt.EventQueue$3.run()Ljava/lang/Object; java.desktop@9.0.4 (5 bytes) @ 0x000002524a472e28 [0x000002524a472c80+0x00000000000001a8]
v  ~StubRoutines::call_stub
J 4420  java.security.AccessController.doPrivileged(Ljava/security/PrivilegedAction;Ljava/security/AccessControlContext;)Ljava/lang/Object; java.base@9.0.4 (0 bytes) @ 0x000002524a364cc6 [0x000002524a364c60+0x0000000000000066]
J 17909 c2 java.awt.EventQueue$4.run()Ljava/lang/Object; java.desktop@9.0.4 (5 bytes) @ 0x000002524b3777c0 [0x000002524b377560+0x0000000000000260]
v  ~StubRoutines::call_stub
J 4420  java.security.AccessController.doPrivileged(Ljava/security/PrivilegedAction;Ljava/security/AccessControlContext;)Ljava/lang/Object; java.base@9.0.4 (0 bytes) @ 0x000002524a364cc6 [0x000002524a364c60+0x0000000000000066]
J 13403 c2 ui.frmwork.b.d.dispatchEvent(Ljava/awt/AWTEvent;)V (34 bytes) @ 0x000002524aed77b0 [0x000002524aed7160+0x0000000000000650]
J 19315 c1 java.awt.EventDispatchThread.pumpOneEventForFilters(I)V java.desktop@9.0.4 (218 bytes) @ 0x0000025245546b14 [0x0000025245545740+0x00000000000013d4]
j  java.awt.EventDispatchThread.pumpEventsForFilter(ILjava/awt/Conditional;Ljava/awt/EventFilter;)V+35 java.desktop@9.0.4
j  java.awt.EventDispatchThread.pumpEventsForHierarchy(ILjava/awt/Conditional;Ljava/awt/Component;)V+11 java.desktop@9.0.4
j  java.awt.EventDispatchThread.pumpEvents(ILjava/awt/Conditional;)V+4 java.desktop@9.0.4
j  java.awt.EventDispatchThread.pumpEvents(Ljava/awt/Conditional;)V+3 java.desktop@9.0.4
j  java.awt.EventDispatchThread.run()V+9 java.desktop@9.0.4
v  ~StubRoutines::call_stub

siginfo: EXCEPTION_ACCESS_VIOLATION (0xc0000005), data execution prevention violation at address 0x00007ffca6e5db50


Register to memory mapping:

RIP=0x00007ffca6e5db50 is an unknown value
RAX=0x00007ffca6e01610 is an unknown value
RBX=0x000000ba637f3f30 is pointing into the stack for thread: 0x000002525c5db800
RCX=0x000002527739bd40 is an unknown value
RDX=0x00000252600492b0 is an unknown value
RSP=0x000000ba637f3dc8 is pointing into the stack for thread: 0x000002525c5db800
RBP=0x000000ba637f3ef0 is pointing into the stack for thread: 0x000002525c5db800
RSI=0x00000252600492b0 is an unknown value
RDI=0x000002527739bd40 is an unknown value
R8 =0x000000ba637f3ef0 is pointing into the stack for thread: 0x000002525c5db800
R9 =0x000000ba637f3f30 is pointing into the stack for thread: 0x000002525c5db800
R10=0x00000252600492c0 is an unknown value
R11=0x000002527a603d70 is an unknown value
R12=0x0000000000000000 is an unknown value
R13=0x0000000000000000 is an unknown value
R14=0x00000252600492b0 is an unknown value
R15=0x0000000000000001 is an unknown value


Registers:
RAX=0x00007ffca6e01610, RBX=0x000000ba637f3f30, RCX=0x000002527739bd40, RDX=0x00000252600492b0
RSP=0x000000ba637f3dc8, RBP=0x000000ba637f3ef0, RSI=0x00000252600492b0, RDI=0x000002527739bd40
R8 =0x000000ba637f3ef0, R9 =0x000000ba637f3f30, R10=0x00000252600492c0, R11=0x000002527a603d70
R12=0x0000000000000000, R13=0x0000000000000000, R14=0x00000252600492b0, R15=0x0000000000000001
RIP=0x00007ffca6e5db50, EFLAGS=0x0000000000010202

Top of Stack: (sp=0x000000ba637f3dc8)
0x000000ba637f3dc8:   00007ffca6b1efbc 0000025200000000
0x000000ba637f3dd8:   000002522dda9a80 000000ba637f6800
0x000000ba637f3de8:   000002522dda0000 000002522dda02a4
0x000000ba637f3df8:   000000ba637f3f30 000000ba637f3ef0
0x000000ba637f3e08:   00000252600492b0 fffffffffffffffe
0x000000ba637f3e18:   0000000000000000 0000000000000008
0x000000ba637f3e28:   0000000000000000 0000000000000000
0x000000ba637f3e38:   0000000000000001 0000000000000010
0x000000ba637f3e48:   000000ba637f3f09 000002522de50000
0x000000ba637f3e58:   00007ffd275bb997 000002522dda0000
0x000000ba637f3e68:   0000025200000004 0000000000000008
0x000000ba637f3e78:   0000000000000000 00006b882fb04cdc
0x000000ba637f3e88:   00007ffd275bc43f 000002527a603d70
0x000000ba637f3e98:   000000ba637f4008 0000025264112370
0x000000ba637f3ea8:   000000ba637f3f39 000000ba637f3ff0
0x000000ba637f3eb8:   00007ffca6b160a7 0000025200000000 

Instructions: (pc=0x00007ffca6e5db50)
0x00007ffca6e5db30:   00 00 00 00 ff ff ff ff 00 00 00 00 40 00 00 00
0x00007ffca6e5db40:   00 db 46 00 00 00 00 00 00 00 00 00 00 00 00 00
0x00007ffca6e5db50:   01 00 00 00 00 00 00 00 00 00 00 00 40 6d 5a 00
0x00007ffca6e5db60:   78 db 46 00 50 db 46 00 00 00 00 00 00 00 00 00 



---------------  P R O C E S S  ---------------

Java Threads: ( => current thread )
  0x0000025262720800 JavaThread "Relaunch Simulation Thread" [_thread_blocked, id=9856, stack(0x000000ba68200000,0x000000ba68700000)]
  0x0000025262728000 JavaThread "ForkJoinPool.commonPool-worker-9" daemon [_thread_blocked, id=13124, stack(0x000000ba68c00000,0x000000ba69100000)]
  0x000002526272b000 JavaThread "Monitor File Timestamp Swing Worker Thread" [_thread_blocked, id=1452, stack(0x000000ba69600000,0x000000ba69b00000)]
  0x000002526272c000 JavaThread "Timer-3" [_thread_blocked, id=7980, stack(0x000000ba69100000,0x000000ba69600000)]
  0x000002526271e800 JavaThread "Monitor File Timestamp Swing Worker Thread" [_thread_blocked, id=13924, stack(0x000000ba67d00000,0x000000ba68200000)]
  0x0000025262723000 JavaThread "Timer-1" [_thread_blocked, id=3732, stack(0x000000ba66500000,0x000000ba66a00000)]
  0x0000025262726800 JavaThread "Image Animator 0" daemon [_thread_blocked, id=11080, stack(0x000000ba65f00000,0x000000ba66400000)]
  0x0000025262722000 JavaThread "Monitor File Timestamp Swing Worker Thread" [_thread_blocked, id=4540, stack(0x000000ba67800000,0x000000ba67d00000)]
  0x000002526271f000 JavaThread "Timer-0" [_thread_blocked, id=864, stack(0x000000ba67300000,0x000000ba67800000)]
  0x0000025262721800 JavaThread "SyntheticaAnimation 50" daemon [_thread_blocked, id=3540, stack(0x000000ba63800000,0x000000ba63d00000)]
  0x0000025262726000 JavaThread "Update Runs Swing Worker Thread" [_thread_blocked, id=9296, stack(0x000000ba66e00000,0x000000ba67300000)]
  0x0000025262725000 JavaThread "hw_ila_monitor" [_thread_blocked, id=12128, stack(0x000000ba65a00000,0x000000ba65f00000)]
  0x0000025262723800 JavaThread "Refresh Filesets Swing Worker Thread" [_thread_blocked, id=9164, stack(0x000000ba62400000,0x000000ba62900000)]
  0x0000025262724800 JavaThread "SyntheticaAnimation 70" daemon [_thread_blocked, id=1564, stack(0x000000ba64200000,0x000000ba64700000)]
  0x0000025235536000 JavaThread "SyntheticaAnimation 25" daemon [_thread_blocked, id=9168, stack(0x000000ba65400000,0x000000ba65900000)]
  0x0000025235534800 JavaThread "SyntheticaAnimation 50" daemon [_thread_blocked, id=12104, stack(0x000000ba64f00000,0x000000ba65400000)]
  0x0000025235535800 JavaThread "Monitor HEventQueue Thread" [_thread_blocked, id=9012, stack(0x000000ba64a00000,0x000000ba64f00000)]
  0x0000025235533000 JavaThread "SyntheticaCleanerThread" daemon [_thread_blocked, id=8328, stack(0x000000ba63d00000,0x000000ba64200000)]
  0x0000025235537800 JavaThread "Batik CleanerThread" daemon [_thread_blocked, id=6904, stack(0x000000ba61500000,0x000000ba61a00000)]
=>0x000002525c5db800 JavaThread "AWT-EventQueue-1" [_thread_in_native, id=12304, stack(0x000000ba63300000,0x000000ba63800000)]
  0x000002525db4d000 JavaThread "AWT-Shutdown" [_thread_blocked, id=4576, stack(0x000000ba62e00000,0x000000ba63300000)]
  0x000002525c5db000 JavaThread "Process Messages Thread" [_thread_blocked, id=7332, stack(0x000000ba62900000,0x000000ba62e00000)]
  0x000002525c603000 JavaThread "Thread-1" [_thread_in_native, id=4116, stack(0x000000ba5bc00000,0x000000ba5d000000)]
  0x000002525c56c000 JavaThread "TimerQueue" daemon [_thread_blocked, id=6716, stack(0x000000ba61f00000,0x000000ba62400000)]
  0x000002523589c000 JavaThread "AWT-Windows" daemon [_thread_in_native, id=6728, stack(0x000000ba61a00000,0x000000ba61f00000)]
  0x000002523589a000 JavaThread "Java2D Disposer" daemon [_thread_blocked, id=14144, stack(0x000000ba61000000,0x000000ba61500000)]
  0x0000025239f5a800 JavaThread "Service Thread" daemon [_thread_blocked, id=9032, stack(0x000000ba60a00000,0x000000ba60f00000)]
  0x000002523aee2000 JavaThread "Common-Cleaner" daemon [_thread_blocked, id=14120, stack(0x000000ba60500000,0x000000ba60a00000)]
  0x0000025235539000 JavaThread "Sweeper thread" daemon [_thread_blocked, id=5620, stack(0x000000ba60000000,0x000000ba60500000)]
  0x0000025234f57000 JavaThread "C1 CompilerThread3" daemon [_thread_blocked, id=6772, stack(0x000000ba5ff00000,0x000000ba60000000)]
  0x00000252373cd800 JavaThread "C2 CompilerThread2" daemon [_thread_blocked, id=4380, stack(0x000000ba5fe00000,0x000000ba5ff00000)]
  0x00000252373cc800 JavaThread "C2 CompilerThread1" daemon [_thread_blocked, id=4768, stack(0x000000ba5fd00000,0x000000ba5fe00000)]
  0x000002523bb87000 JavaThread "C2 CompilerThread0" daemon [_thread_blocked, id=3976, stack(0x000000ba5fc00000,0x000000ba5fd00000)]
  0x000002523bb86800 JavaThread "Attach Listener" daemon [_thread_blocked, id=13260, stack(0x000000ba5f700000,0x000000ba5fc00000)]
  0x000002523a37b000 JavaThread "Signal Dispatcher" daemon [_thread_blocked, id=7884, stack(0x000000ba5f200000,0x000000ba5f700000)]
  0x0000025235b29800 JavaThread "Finalizer" daemon [_thread_blocked, id=3980, stack(0x000000ba5ed00000,0x000000ba5f200000)]
  0x00000252346c6800 JavaThread "Reference Handler" daemon [_thread_blocked, id=13380, stack(0x000000ba5e800000,0x000000ba5ed00000)]
  0x00000252318e9000 JavaThread "main" [_thread_blocked, id=7732, stack(0x000000ba5d200000,0x000000ba5d300000)]

Other Threads:
  0x000002523a6fd800 VMThread "VM Thread" [stack: 0x000000ba5e700000,0x000000ba5e800000] [id=13384]
  0x000002523afc2800 WatcherThread [stack: 0x000000ba60f00000,0x000000ba61000000] [id=11356]
  0x0000025235cf1000 GCTaskThread "GC Thread#0" [stack: 0x000000ba5d300000,0x000000ba5d400000] [id=13740]
  0x0000025235cf3800 GCTaskThread "GC Thread#1" [stack: 0x000000ba5d400000,0x000000ba5d500000] [id=6984]
  0x0000025235cef000 GCTaskThread "GC Thread#2" [stack: 0x000000ba5d500000,0x000000ba5d600000] [id=1472]
  0x000002523afbf800 GCTaskThread "GC Thread#3" [stack: 0x000000ba5d600000,0x000000ba5d700000] [id=9764]
  0x000002523afbc800 GCTaskThread "GC Thread#4" [stack: 0x000000ba5d700000,0x000000ba5d800000] [id=8956]
  0x000002523afc0000 GCTaskThread "GC Thread#5" [stack: 0x000000ba5d800000,0x000000ba5d900000] [id=9768]
  0x000002523afc0800 GCTaskThread "GC Thread#6" [stack: 0x000000ba5d900000,0x000000ba5da00000] [id=10104]
  0x000002523afc1800 GCTaskThread "GC Thread#7" [stack: 0x000000ba5da00000,0x000000ba5db00000] [id=11152]
  0x0000025235355800 ConcurrentGCThread "G1 Main Marker" [stack: 0x000000ba5e400000,0x000000ba5e500000] [id=8604]
  0x000002523afbd800 ConcurrentGCThread "G1 Marker#0" [stack: 0x000000ba5e500000,0x000000ba5e600000] [id=6528]
  0x000002523afc2000 ConcurrentGCThread "G1 Marker#1" [stack: 0x000000ba5e600000,0x000000ba5e700000] [id=13376]
  0x000002523ae7d800 ConcurrentGCThread "G1 Refine#0" [stack: 0x000000ba5e200000,0x000000ba5e300000] [id=8692]
  0x000002523ae7d000 ConcurrentGCThread "G1 Refine#1" [stack: 0x000000ba5e100000,0x000000ba5e200000] [id=13984]
  0x0000025235355000 ConcurrentGCThread "G1 Refine#2" [stack: 0x000000ba5e000000,0x000000ba5e100000] [id=13684]
  0x000002522de5e800 ConcurrentGCThread "G1 Refine#3" [stack: 0x000000ba5df00000,0x000000ba5e000000] [id=13480]
  0x0000025239054000 ConcurrentGCThread "G1 Refine#4" [stack: 0x000000ba5de00000,0x000000ba5df00000] [id=10128]
  0x000002523b2c1000 ConcurrentGCThread "G1 Refine#5" [stack: 0x000000ba5dd00000,0x000000ba5de00000] [id=9892]
  0x000002523aede000 ConcurrentGCThread "G1 Refine#6" [stack: 0x000000ba5dc00000,0x000000ba5dd00000] [id=2572]
  0x00000252353df800 ConcurrentGCThread "G1 Refine#7" [stack: 0x000000ba5db00000,0x000000ba5dc00000] [id=11204]
  0x0000025236211800 ConcurrentGCThread "G1 Young RemSet Sampling" [stack: 0x000000ba5e300000,0x000000ba5e400000] [id=11160]

Threads with active compile tasks:

VM state:not at safepoint (normal execution)

VM Mutex/Monitor currently owned by a thread: None

Heap address: 0x0000000700000000, size: 3072 MB, Compressed Oops mode: Zero based, Oop shift amount: 3
Narrow klass base: 0x0000000000000000, Narrow klass shift: 3
Compressed class space size: 1073741824 Address: 0x00000007c0000000

Heap:
 garbage-first heap   total 157696K, used 94504K [0x0000000700000000, 0x00000007001004d0, 0x00000007c0000000)
  region size 1024K, 27 young (27648K), 2 survivors (2048K)
 Metaspace       used 82706K, capacity 88967K, committed 89136K, reserved 1126400K
  class space    used 11446K, capacity 12540K, committed 12592K, reserved 1048576K
Heap Regions: E=young(eden), S=young(survivor), O=old, HS=humongous(starts), HC=humongous(continues), CS=collection set, F=free, A=archive, TS=gc time stamp, AC=allocation context, TAMS=top-at-mark-start (previous, next)
|   0|0x0000000700000000, 0x00000007000f9ed8, 0x0000000700100000| 97%| O|  |TS  0|AC  0|TAMS 0x0000000700000000, 0x0000000700000000|
|   1|0x0000000700100000, 0x00000007001fba70, 0x0000000700200000| 98%| O|  |TS  0|AC  0|TAMS 0x0000000700100000, 0x0000000700100000|
|   2|0x0000000700200000, 0x00000007002ff4f8, 0x0000000700300000| 99%| O|  |TS  0|AC  0|TAMS 0x0000000700200000, 0x0000000700200000|
|   3|0x0000000700300000, 0x00000007003fb988, 0x0000000700400000| 98%| O|  |TS  0|AC  0|TAMS 0x0000000700300000, 0x0000000700300000|
|   4|0x0000000700400000, 0x0000000700500000, 0x0000000700500000|100%|HS|  |TS  0|AC  0|TAMS 0x0000000700400000, 0x0000000700400000|
|   5|0x0000000700500000, 0x0000000700600000, 0x0000000700600000|100%|HC|  |TS  0|AC  0|TAMS 0x0000000700500000, 0x0000000700500000|
|   6|0x0000000700600000, 0x0000000700700000, 0x0000000700700000|100%|HS|  |TS  0|AC  0|TAMS 0x0000000700600000, 0x0000000700600000|
|   7|0x0000000700700000, 0x00000007007fcdc8, 0x0000000700800000| 98%| O|  |TS  0|AC  0|TAMS 0x0000000700700000, 0x0000000700700000|
|   8|0x0000000700800000, 0x00000007008f6cb8, 0x0000000700900000| 96%| O|  |TS  0|AC  0|TAMS 0x0000000700800000, 0x0000000700800000|
|   9|0x0000000700900000, 0x0000000700a00000, 0x0000000700a00000|100%| O|  |TS  0|AC  0|TAMS 0x0000000700900000, 0x0000000700900000|
|  10|0x0000000700a00000, 0x0000000700affff0, 0x0000000700b00000| 99%| O|  |TS  0|AC  0|TAMS 0x0000000700a00000, 0x0000000700a00000|
|  11|0x0000000700b00000, 0x0000000700bfffe8, 0x0000000700c00000| 99%| O|  |TS  0|AC  0|TAMS 0x0000000700b00000, 0x0000000700b00000|
|  12|0x0000000700c00000, 0x0000000700cffff0, 0x0000000700d00000| 99%| O|  |TS  0|AC  0|TAMS 0x0000000700c00000, 0x0000000700c00000|
|  13|0x0000000700d00000, 0x0000000700df9c48, 0x0000000700e00000| 97%| O|  |TS  0|AC  0|TAMS 0x0000000700d00000, 0x0000000700d00000|
|  14|0x0000000700e00000, 0x0000000700ebe1e8, 0x0000000700f00000| 74%| O|  |TS  0|AC  0|TAMS 0x0000000700e00000, 0x0000000700e00000|
|  15|0x0000000700f00000, 0x0000000700fffff8, 0x0000000701000000| 99%| O|  |TS  0|AC  0|TAMS 0x0000000700f00000, 0x0000000700f00000|
|  16|0x0000000701000000, 0x00000007010fe758, 0x0000000701100000| 99%| O|  |TS  0|AC  0|TAMS 0x0000000701000000, 0x0000000701000000|
|  17|0x0000000701100000, 0x00000007011ffff0, 0x0000000701200000| 99%| O|  |TS  0|AC  0|TAMS 0x0000000701100000, 0x0000000701100000|
|  18|0x0000000701200000, 0x00000007012da700, 0x0000000701300000| 85%| O|  |TS  0|AC  0|TAMS 0x0000000701200000, 0x0000000701200000|
|  19|0x0000000701300000, 0x00000007013ffff8, 0x0000000701400000| 99%| O|  |TS  0|AC  0|TAMS 0x0000000701300000, 0x0000000701300000|
|  20|0x0000000701400000, 0x00000007014ffe90, 0x0000000701500000| 99%| O|  |TS  0|AC  0|TAMS 0x0000000701400000, 0x0000000701400000|
|  21|0x0000000701500000, 0x00000007015ffff8, 0x0000000701600000| 99%| O|  |TS  0|AC  0|TAMS 0x0000000701500000, 0x0000000701500000|
|  22|0x0000000701600000, 0x00000007016fff70, 0x0000000701700000| 99%| O|  |TS  0|AC  0|TAMS 0x0000000701600000, 0x0000000701600000|
|  23|0x0000000701700000, 0x00000007017fffe8, 0x0000000701800000| 99%| O|  |TS  0|AC  0|TAMS 0x0000000701700000, 0x0000000701700000|
|  24|0x0000000701800000, 0x00000007018fffe8, 0x0000000701900000| 99%| O|  |TS  0|AC  0|TAMS 0x0000000701800000, 0x0000000701800000|
|  25|0x0000000701900000, 0x00000007019fffe8, 0x0000000701a00000| 99%| O|  |TS  0|AC  0|TAMS 0x0000000701900000, 0x0000000701900000|
|  26|0x0000000701a00000, 0x0000000701affff0, 0x0000000701b00000| 99%| O|  |TS  0|AC  0|TAMS 0x0000000701a00000, 0x0000000701a00000|
|  27|0x0000000701b00000, 0x0000000701c00000, 0x0000000701c00000|100%| O|  |TS  0|AC  0|TAMS 0x0000000701b00000, 0x0000000701b00000|
|  28|0x0000000701c00000, 0x0000000701d00000, 0x0000000701d00000|100%| O|  |TS  0|AC  0|TAMS 0x0000000701c00000, 0x0000000701c00000|
|  29|0x0000000701d00000, 0x0000000701dffff8, 0x0000000701e00000| 99%| O|  |TS  0|AC  0|TAMS 0x0000000701d00000, 0x0000000701d00000|
|  30|0x0000000701e00000, 0x0000000701efffd8, 0x0000000701f00000| 99%| O|  |TS  0|AC  0|TAMS 0x0000000701e00000, 0x0000000701e00000|
|  31|0x0000000701f00000, 0x0000000701ffff20, 0x0000000702000000| 99%| O|  |TS  0|AC  0|TAMS 0x0000000701f00000, 0x0000000701f00000|
|  32|0x0000000702000000, 0x0000000702100000, 0x0000000702100000|100%| O|  |TS  0|AC  0|TAMS 0x0000000702000000, 0x0000000702000000|
|  33|0x0000000702100000, 0x0000000702200000, 0x0000000702200000|100%| O|  |TS  0|AC  0|TAMS 0x0000000702100000, 0x0000000702100000|
|  34|0x0000000702200000, 0x00000007022ffff8, 0x0000000702300000| 99%| O|  |TS  0|AC  0|TAMS 0x0000000702200000, 0x0000000702200000|
|  35|0x0000000702300000, 0x00000007023ffff8, 0x0000000702400000| 99%| O|  |TS  0|AC  0|TAMS 0x0000000702300000, 0x0000000702300000|
|  36|0x0000000702400000, 0x00000007024c6ad0, 0x0000000702500000| 77%| O|  |TS  0|AC  0|TAMS 0x0000000702400000, 0x0000000702400000|
|  37|0x0000000702500000, 0x00000007025ffff8, 0x0000000702600000| 99%| O|  |TS  0|AC  0|TAMS 0x0000000702500000, 0x0000000702500000|
|  38|0x0000000702600000, 0x00000007026ffff0, 0x0000000702700000| 99%| O|  |TS  0|AC  0|TAMS 0x0000000702600000, 0x0000000702600000|
|  39|0x0000000702700000, 0x00000007027ffff8, 0x0000000702800000| 99%| O|  |TS  0|AC  0|TAMS 0x0000000702700000, 0x0000000702700000|
|  40|0x0000000702800000, 0x00000007028fffd0, 0x0000000702900000| 99%| O|  |TS  0|AC  0|TAMS 0x0000000702800000, 0x0000000702800000|
|  41|0x0000000702900000, 0x0000000702a00000, 0x0000000702a00000|100%| O|  |TS  0|AC  0|TAMS 0x0000000702900000, 0x0000000702900000|
|  42|0x0000000702a00000, 0x0000000702b00000, 0x0000000702b00000|100%| O|  |TS  0|AC  0|TAMS 0x0000000702a00000, 0x0000000702a00000|
|  43|0x0000000702b00000, 0x0000000702c00000, 0x0000000702c00000|100%|HS|  |TS  0|AC  0|TAMS 0x0000000702b00000, 0x0000000702b00000|
|  44|0x0000000702c00000, 0x0000000702d00000, 0x0000000702d00000|100%|HC|  |TS  0|AC  0|TAMS 0x0000000702c00000, 0x0000000702c00000|
|  45|0x0000000702d00000, 0x0000000702e00000, 0x0000000702e00000|100%|HC|  |TS  0|AC  0|TAMS 0x0000000702d00000, 0x0000000702d00000|
|  46|0x0000000702e00000, 0x0000000702f00000, 0x0000000702f00000|100%|HC|  |TS  0|AC  0|TAMS 0x0000000702e00000, 0x0000000702e00000|
|  47|0x0000000702f00000, 0x0000000703000000, 0x0000000703000000|100%|HC|  |TS  0|AC  0|TAMS 0x0000000702f00000, 0x0000000702f00000|
|  48|0x0000000703000000, 0x0000000703100000, 0x0000000703100000|100%|HC|  |TS  0|AC  0|TAMS 0x0000000703000000, 0x0000000703000000|
|  49|0x0000000703100000, 0x0000000703200000, 0x0000000703200000|100%|HC|  |TS  0|AC  0|TAMS 0x0000000703100000, 0x0000000703100000|
|  50|0x0000000703200000, 0x0000000703300000, 0x0000000703300000|100%|HC|  |TS  0|AC  0|TAMS 0x0000000703200000, 0x0000000703200000|
|  51|0x0000000703300000, 0x00000007033ffff0, 0x0000000703400000| 99%| O|  |TS  0|AC  0|TAMS 0x0000000703300000, 0x0000000703300000|
|  52|0x0000000703400000, 0x00000007034ef368, 0x0000000703500000| 93%| O|  |TS  0|AC  0|TAMS 0x0000000703400000, 0x0000000703400000|
|  53|0x0000000703500000, 0x00000007035ffe98, 0x0000000703600000| 99%| O|  |TS  0|AC  0|TAMS 0x0000000703500000, 0x0000000703500000|
|  54|0x0000000703600000, 0x00000007036fe5a8, 0x0000000703700000| 99%| O|  |TS  0|AC  0|TAMS 0x0000000703600000, 0x0000000703600000|
|  55|0x0000000703700000, 0x00000007037fffd0, 0x0000000703800000| 99%| O|  |TS  0|AC  0|TAMS 0x0000000703700000, 0x0000000703700000|
|  56|0x0000000703800000, 0x00000007038ffff0, 0x0000000703900000| 99%| O|  |TS  0|AC  0|TAMS 0x0000000703800000, 0x0000000703800000|
|  57|0x0000000703900000, 0x00000007039fffe0, 0x0000000703a00000| 99%| O|  |TS  0|AC  0|TAMS 0x0000000703900000, 0x0000000703900000|
|  58|0x0000000703a00000, 0x0000000703afb3f0, 0x0000000703b00000| 98%| O|  |TS  0|AC  0|TAMS 0x0000000703a00000, 0x0000000703a00000|
|  59|0x0000000703b00000, 0x0000000703bffff8, 0x0000000703c00000| 99%| O|  |TS  0|AC  0|TAMS 0x0000000703b00000, 0x0000000703b00000|
|  60|0x0000000703c00000, 0x0000000703d00000, 0x0000000703d00000|100%| O|  |TS  0|AC  0|TAMS 0x0000000703c00000, 0x0000000703c00000|
|  61|0x0000000703d00000, 0x0000000703dfffd0, 0x0000000703e00000| 99%| O|  |TS  0|AC  0|TAMS 0x0000000703d00000, 0x0000000703d00000|
|  62|0x0000000703e00000, 0x0000000703effff0, 0x0000000703f00000| 99%| O|  |TS  0|AC  0|TAMS 0x0000000703e00000, 0x0000000703e00000|
|  63|0x0000000703f00000, 0x0000000703fffff8, 0x0000000704000000| 99%| O|  |TS  0|AC  0|TAMS 0x0000000703f00000, 0x0000000703f00000|
|  64|0x0000000704000000, 0x0000000704097b60, 0x0000000704100000| 59%| O|  |TS  0|AC  0|TAMS 0x0000000704000000, 0x0000000704000000|
|  65|0x0000000704100000, 0x0000000704100000, 0x0000000704200000|  0%| F|  |TS  0|AC  0|TAMS 0x0000000704100000, 0x0000000704100000|
|  66|0x0000000704200000, 0x0000000704200000, 0x0000000704300000|  0%| F|  |TS  0|AC  0|TAMS 0x0000000704200000, 0x0000000704200000|
|  67|0x0000000704300000, 0x0000000704300000, 0x0000000704400000|  0%| F|  |TS  0|AC  0|TAMS 0x0000000704300000, 0x0000000704300000|
|  68|0x0000000704400000, 0x0000000704400000, 0x0000000704500000|  0%| F|  |TS  0|AC  0|TAMS 0x0000000704400000, 0x0000000704400000|
|  69|0x0000000704500000, 0x0000000704500000, 0x0000000704600000|  0%| F|  |TS  0|AC  0|TAMS 0x0000000704500000, 0x0000000704500000|
|  70|0x0000000704600000, 0x0000000704700000, 0x0000000704700000|100%|HS|  |TS  0|AC  0|TAMS 0x0000000704600000, 0x0000000704600000|
|  71|0x0000000704700000, 0x0000000704800000, 0x0000000704800000|100%|HC|  |TS  0|AC  0|TAMS 0x0000000704700000, 0x0000000704700000|
|  72|0x0000000704800000, 0x0000000704900000, 0x0000000704900000|100%|HC|  |TS  0|AC  0|TAMS 0x0000000704800000, 0x0000000704800000|
|  73|0x0000000704900000, 0x0000000704900000, 0x0000000704a00000|  0%| F|  |TS  0|AC  0|TAMS 0x0000000704900000, 0x0000000704900000|
|  74|0x0000000704a00000, 0x0000000704a00000, 0x0000000704b00000|  0%| F|  |TS  0|AC  0|TAMS 0x0000000704a00000, 0x0000000704a00000|
|  75|0x0000000704b00000, 0x0000000704b00000, 0x0000000704c00000|  0%| F|  |TS  0|AC  0|TAMS 0x0000000704b00000, 0x0000000704b00000|
|  76|0x0000000704c00000, 0x0000000704c00000, 0x0000000704d00000|  0%| F|  |TS  0|AC  0|TAMS 0x0000000704c00000, 0x0000000704c00000|
|  77|0x0000000704d00000, 0x0000000704d00000, 0x0000000704e00000|  0%| F|  |TS  0|AC  0|TAMS 0x0000000704d00000, 0x0000000704d00000|
|  78|0x0000000704e00000, 0x0000000704e00000, 0x0000000704f00000|  0%| F|  |TS  0|AC  0|TAMS 0x0000000704e00000, 0x0000000704e00000|
|  79|0x0000000704f00000, 0x0000000704f00000, 0x0000000705000000|  0%| F|  |TS  0|AC  0|TAMS 0x0000000704f00000, 0x0000000704f00000|
|  80|0x0000000705000000, 0x0000000705000000, 0x0000000705100000|  0%| F|  |TS  0|AC  0|TAMS 0x0000000705000000, 0x0000000705000000|
|  81|0x0000000705100000, 0x0000000705100000, 0x0000000705200000|  0%| F|  |TS  0|AC  0|TAMS 0x0000000705100000, 0x0000000705100000|
|  82|0x0000000705200000, 0x0000000705200000, 0x0000000705300000|  0%| F|  |TS  0|AC  0|TAMS 0x0000000705200000, 0x0000000705200000|
|  83|0x0000000705300000, 0x0000000705300000, 0x0000000705400000|  0%| F|  |TS  0|AC  0|TAMS 0x0000000705300000, 0x0000000705300000|
|  84|0x0000000705400000, 0x0000000705400000, 0x0000000705500000|  0%| F|  |TS  0|AC  0|TAMS 0x0000000705400000, 0x0000000705400000|
|  85|0x0000000705500000, 0x0000000705500000, 0x0000000705600000|  0%| F|  |TS  0|AC  0|TAMS 0x0000000705500000, 0x0000000705500000|
|  86|0x0000000705600000, 0x0000000705600000, 0x0000000705700000|  0%| F|  |TS  0|AC  0|TAMS 0x0000000705600000, 0x0000000705600000|
|  87|0x0000000705700000, 0x0000000705700000, 0x0000000705800000|  0%| F|  |TS  0|AC  0|TAMS 0x0000000705700000, 0x0000000705700000|
|  88|0x0000000705800000, 0x0000000705800000, 0x0000000705900000|  0%| F|  |TS  0|AC  0|TAMS 0x0000000705800000, 0x0000000705800000|
|  89|0x0000000705900000, 0x0000000705900000, 0x0000000705a00000|  0%| F|  |TS  0|AC  0|TAMS 0x0000000705900000, 0x0000000705900000|
|  90|0x0000000705a00000, 0x0000000705a00000, 0x0000000705b00000|  0%| F|  |TS  0|AC  0|TAMS 0x0000000705a00000, 0x0000000705a00000|
|  91|0x0000000705b00000, 0x0000000705b00000, 0x0000000705c00000|  0%| F|  |TS  0|AC  0|TAMS 0x0000000705b00000, 0x0000000705b00000|
|  92|0x0000000705c00000, 0x0000000705c00000, 0x0000000705d00000|  0%| F|  |TS  5|AC  0|TAMS 0x0000000705c00000, 0x0000000705c00000|
|  93|0x0000000705d00000, 0x0000000705d8e510, 0x0000000705e00000| 55%| S|CS|TS  5|AC  0|TAMS 0x0000000705d00000, 0x0000000705d00000|
|  94|0x0000000705e00000, 0x0000000705e00000, 0x0000000705f00000|  0%| F|  |TS  5|AC  0|TAMS 0x0000000705e00000, 0x0000000705e00000|
|  95|0x0000000705f00000, 0x0000000706000000, 0x0000000706000000|100%| S|CS|TS  5|AC  0|TAMS 0x0000000705f00000, 0x0000000705f00000|
|  96|0x0000000706000000, 0x0000000706000000, 0x0000000706100000|  0%| F|  |TS  5|AC  0|TAMS 0x0000000706000000, 0x0000000706000000|
|  97|0x0000000706100000, 0x0000000706100000, 0x0000000706200000|  0%| F|  |TS  5|AC  0|TAMS 0x0000000706100000, 0x0000000706100000|
|  98|0x0000000706200000, 0x0000000706200000, 0x0000000706300000|  0%| F|  |TS  5|AC  0|TAMS 0x0000000706200000, 0x0000000706200000|
|  99|0x0000000706300000, 0x0000000706300000, 0x0000000706400000|  0%| F|  |TS  5|AC  0|TAMS 0x0000000706300000, 0x0000000706300000|
| 100|0x0000000706400000, 0x0000000706400000, 0x0000000706500000|  0%| F|  |TS  5|AC  0|TAMS 0x0000000706400000, 0x0000000706400000|
| 101|0x0000000706500000, 0x0000000706500000, 0x0000000706600000|  0%| F|  |TS  5|AC  0|TAMS 0x0000000706500000, 0x0000000706500000|
| 102|0x0000000706600000, 0x0000000706600000, 0x0000000706700000|  0%| F|  |TS  5|AC  0|TAMS 0x0000000706600000, 0x0000000706600000|
| 103|0x0000000706700000, 0x0000000706700000, 0x0000000706800000|  0%| F|  |TS  5|AC  0|TAMS 0x0000000706700000, 0x0000000706700000|
| 104|0x0000000706800000, 0x0000000706800000, 0x0000000706900000|  0%| F|  |TS  5|AC  0|TAMS 0x0000000706800000, 0x0000000706800000|
| 105|0x0000000706900000, 0x0000000706900000, 0x0000000706a00000|  0%| F|  |TS  5|AC  0|TAMS 0x0000000706900000, 0x0000000706900000|
| 106|0x0000000706a00000, 0x0000000706a00000, 0x0000000706b00000|  0%| F|  |TS  5|AC  0|TAMS 0x0000000706a00000, 0x0000000706a00000|
| 107|0x0000000706b00000, 0x0000000706b00000, 0x0000000706c00000|  0%| F|  |TS  5|AC  0|TAMS 0x0000000706b00000, 0x0000000706b00000|
| 108|0x0000000706c00000, 0x0000000706c00000, 0x0000000706d00000|  0%| F|  |TS  5|AC  0|TAMS 0x0000000706c00000, 0x0000000706c00000|
| 109|0x0000000706d00000, 0x0000000706d00000, 0x0000000706e00000|  0%| F|  |TS  5|AC  0|TAMS 0x0000000706d00000, 0x0000000706d00000|
| 110|0x0000000706e00000, 0x0000000706e00000, 0x0000000706f00000|  0%| F|  |TS  5|AC  0|TAMS 0x0000000706e00000, 0x0000000706e00000|
| 111|0x0000000706f00000, 0x0000000706f00000, 0x0000000707000000|  0%| F|  |TS  5|AC  0|TAMS 0x0000000706f00000, 0x0000000706f00000|
| 112|0x0000000707000000, 0x0000000707000000, 0x0000000707100000|  0%| F|  |TS  5|AC  0|TAMS 0x0000000707000000, 0x0000000707000000|
| 113|0x0000000707100000, 0x0000000707100000, 0x0000000707200000|  0%| F|  |TS  5|AC  0|TAMS 0x0000000707100000, 0x0000000707100000|
| 114|0x0000000707200000, 0x0000000707200000, 0x0000000707300000|  0%| F|  |TS  5|AC  0|TAMS 0x0000000707200000, 0x0000000707200000|
| 115|0x0000000707300000, 0x0000000707300000, 0x0000000707400000|  0%| F|  |TS  5|AC  0|TAMS 0x0000000707300000, 0x0000000707300000|
| 116|0x0000000707400000, 0x0000000707400000, 0x0000000707500000|  0%| F|  |TS  5|AC  0|TAMS 0x0000000707400000, 0x0000000707400000|
| 117|0x0000000707500000, 0x0000000707500000, 0x0000000707600000|  0%| F|  |TS  5|AC  0|TAMS 0x0000000707500000, 0x0000000707500000|
| 118|0x0000000707600000, 0x0000000707600000, 0x0000000707700000|  0%| F|  |TS  5|AC  0|TAMS 0x0000000707600000, 0x0000000707600000|
| 119|0x0000000707700000, 0x0000000707700000, 0x0000000707800000|  0%| F|  |TS  5|AC  0|TAMS 0x0000000707700000, 0x0000000707700000|
| 120|0x0000000707800000, 0x0000000707800000, 0x0000000707900000|  0%| F|  |TS  5|AC  0|TAMS 0x0000000707800000, 0x0000000707800000|
| 121|0x0000000707900000, 0x0000000707900000, 0x0000000707a00000|  0%| F|  |TS  5|AC  0|TAMS 0x0000000707900000, 0x0000000707900000|
| 122|0x0000000707a00000, 0x0000000707a00000, 0x0000000707b00000|  0%| F|  |TS  5|AC  0|TAMS 0x0000000707a00000, 0x0000000707a00000|
| 123|0x0000000707b00000, 0x0000000707b00000, 0x0000000707c00000|  0%| F|  |TS  5|AC  0|TAMS 0x0000000707b00000, 0x0000000707b00000|
| 124|0x0000000707c00000, 0x0000000707c00000, 0x0000000707d00000|  0%| F|  |TS  5|AC  0|TAMS 0x0000000707c00000, 0x0000000707c00000|
| 125|0x0000000707d00000, 0x0000000707d00000, 0x0000000707e00000|  0%| F|  |TS  5|AC  0|TAMS 0x0000000707d00000, 0x0000000707d00000|
| 126|0x0000000707e00000, 0x0000000707e00000, 0x0000000707f00000|  0%| F|  |TS  5|AC  0|TAMS 0x0000000707e00000, 0x0000000707e00000|
| 127|0x0000000707f00000, 0x0000000707f00000, 0x0000000708000000|  0%| F|  |TS  5|AC  0|TAMS 0x0000000707f00000, 0x0000000707f00000|
| 128|0x0000000708000000, 0x0000000708000000, 0x0000000708100000|  0%| F|  |TS  5|AC  0|TAMS 0x0000000708000000, 0x0000000708000000|
| 129|0x0000000708100000, 0x00000007081d8798, 0x0000000708200000| 84%| E|  |TS  5|AC  0|TAMS 0x0000000708100000, 0x0000000708100000|
| 130|0x0000000708200000, 0x0000000708300000, 0x0000000708300000|100%| E|CS|TS  5|AC  0|TAMS 0x0000000708200000, 0x0000000708200000|
| 131|0x0000000708300000, 0x0000000708400000, 0x0000000708400000|100%| E|CS|TS  5|AC  0|TAMS 0x0000000708300000, 0x0000000708300000|
| 132|0x0000000708400000, 0x0000000708500000, 0x0000000708500000|100%| E|CS|TS  5|AC  0|TAMS 0x0000000708400000, 0x0000000708400000|
| 133|0x0000000708500000, 0x0000000708600000, 0x0000000708600000|100%| E|CS|TS  5|AC  0|TAMS 0x0000000708500000, 0x0000000708500000|
| 134|0x0000000708600000, 0x0000000708700000, 0x0000000708700000|100%| E|CS|TS  5|AC  0|TAMS 0x0000000708600000, 0x0000000708600000|
| 135|0x0000000708700000, 0x0000000708800000, 0x0000000708800000|100%| E|CS|TS  5|AC  0|TAMS 0x0000000708700000, 0x0000000708700000|
| 136|0x0000000708800000, 0x0000000708900000, 0x0000000708900000|100%| E|CS|TS  5|AC  0|TAMS 0x0000000708800000, 0x0000000708800000|
| 137|0x0000000708900000, 0x0000000708a00000, 0x0000000708a00000|100%| E|CS|TS  5|AC  0|TAMS 0x0000000708900000, 0x0000000708900000|
| 138|0x0000000708a00000, 0x0000000708b00000, 0x0000000708b00000|100%| E|CS|TS  5|AC  0|TAMS 0x0000000708a00000, 0x0000000708a00000|
| 139|0x0000000708b00000, 0x0000000708c00000, 0x0000000708c00000|100%| E|CS|TS  5|AC  0|TAMS 0x0000000708b00000, 0x0000000708b00000|
| 140|0x0000000708c00000, 0x0000000708d00000, 0x0000000708d00000|100%| E|CS|TS  5|AC  0|TAMS 0x0000000708c00000, 0x0000000708c00000|
| 141|0x0000000708d00000, 0x0000000708e00000, 0x0000000708e00000|100%| E|CS|TS  5|AC  0|TAMS 0x0000000708d00000, 0x0000000708d00000|
| 142|0x0000000708e00000, 0x0000000708f00000, 0x0000000708f00000|100%| E|CS|TS  5|AC  0|TAMS 0x0000000708e00000, 0x0000000708e00000|
| 143|0x0000000708f00000, 0x0000000709000000, 0x0000000709000000|100%| E|CS|TS  5|AC  0|TAMS 0x0000000708f00000, 0x0000000708f00000|
| 144|0x0000000709000000, 0x0000000709100000, 0x0000000709100000|100%| E|CS|TS  5|AC  0|TAMS 0x0000000709000000, 0x0000000709000000|
| 145|0x0000000709100000, 0x0000000709200000, 0x0000000709200000|100%| E|CS|TS  5|AC  0|TAMS 0x0000000709100000, 0x0000000709100000|
| 146|0x0000000709200000, 0x0000000709300000, 0x0000000709300000|100%| E|CS|TS  5|AC  0|TAMS 0x0000000709200000, 0x0000000709200000|
| 147|0x0000000709300000, 0x0000000709400000, 0x0000000709400000|100%| E|CS|TS  5|AC  0|TAMS 0x0000000709300000, 0x0000000709300000|
| 148|0x0000000709400000, 0x0000000709500000, 0x0000000709500000|100%| E|CS|TS  5|AC  0|TAMS 0x0000000709400000, 0x0000000709400000|
| 149|0x0000000709500000, 0x0000000709600000, 0x0000000709600000|100%| E|CS|TS  5|AC  0|TAMS 0x0000000709500000, 0x0000000709500000|
| 150|0x0000000709600000, 0x0000000709700000, 0x0000000709700000|100%| E|CS|TS  5|AC  0|TAMS 0x0000000709600000, 0x0000000709600000|
| 151|0x0000000709700000, 0x0000000709800000, 0x0000000709800000|100%| E|CS|TS  5|AC  0|TAMS 0x0000000709700000, 0x0000000709700000|
| 152|0x0000000709800000, 0x0000000709900000, 0x0000000709900000|100%| E|CS|TS  5|AC  0|TAMS 0x0000000709800000, 0x0000000709800000|
| 153|0x0000000709900000, 0x0000000709a00000, 0x0000000709a00000|100%| E|CS|TS  5|AC  0|TAMS 0x0000000709900000, 0x0000000709900000|

Card table byte_map: [0x0000025251e50000,0x0000025252450000] byte_map_base: 0x000002524e650000

Marking Bits (Prev, Next): (CMBitMap*) 0x000002522de5ebb8, (CMBitMap*) 0x000002522de5eb80
 Prev Bits: [0x0000025255a50000, 0x0000025258a50000)
 Next Bits: [0x0000025252a50000, 0x0000025255a50000)

Polling page: 0x000002522f9b0000

CodeHeap 'non-profiled nmethods': size=120000Kb used=18782Kb max_used=18782Kb free=101218Kb
 bounds [0x000002524a320000, 0x000002524b580000, 0x0000025251850000]
CodeHeap 'profiled nmethods': size=120000Kb used=40281Kb max_used=40281Kb free=79718Kb
 bounds [0x0000025242df0000, 0x0000025245580000, 0x000002524a320000]
CodeHeap 'non-nmethods': size=5760Kb used=1778Kb max_used=1812Kb free=3981Kb
 bounds [0x0000025242850000, 0x0000025242ac0000, 0x0000025242df0000]
 total_blobs=27956 nmethods=15970 adapters=1105
 compilation: enabled

Compilation events (10 events):
Event: 542.587 Thread 0x00000252373cd800 19381       4       java.awt.event.ComponentEvent::<init> (7 bytes)
Event: 542.591 Thread 0x00000252373cd800 nmethod 19381 0x000002524b56e690 code [0x000002524b56e840, 0x000002524b56ebb8]
Event: 542.598 Thread 0x0000025234f57000 19382       3       sun.awt.windows.WComponentPeer::getGraphicsConfiguration (23 bytes)
Event: 542.599 Thread 0x0000025234f57000 nmethod 19382 0x0000025245579190 code [0x0000025245579360, 0x0000025245579778]
Event: 542.601 Thread 0x00000252373cc800 19383       4       sun.awt.im.InputMethodContext::dispatchEvent (62 bytes)
Event: 542.604 Thread 0x00000252373cc800 nmethod 19383 0x000002524b56ed10 code [0x000002524b56eee0, 0x000002524b56f080]
Event: 542.634 Thread 0x0000025234f57000 19384       3       javax.swing.JTable$2::setSizeAt (39 bytes)
Event: 542.635 Thread 0x0000025234f57000 nmethod 19384 0x0000025245579890 code [0x0000025245579ac0, 0x000002524557a1c0]
Event: 542.930 Thread 0x000002523bb87000 19385   !   4       com.jidesoft.editor.CodeEditor::_offsetToX (1606 bytes)
Event: 543.032 Thread 0x000002523bb87000 nmethod 19385 0x000002524b56f310 code [0x000002524b56f800, 0x000002524b573888]

GC Heap History (10 events):
Event: 532.670 GC heap before
{Heap before GC invocations=102 (full 13):
 garbage-first heap   total 157696K, used 128627K [0x0000000700000000, 0x00000007001004d0, 0x00000007c0000000)
  region size 1024K, 60 young (61440K), 2 survivors (2048K)
 Metaspace       used 81663K, capacity 87421K, committed 87600K, reserved 1124352K
  class space    used 11282K, capacity 12285K, committed 12336K, reserved 1048576K
}
Event: 532.674 GC heap after
{Heap after GC invocations=103 (full 13):
 garbage-first heap   total 157696K, used 69247K [0x0000000700000000, 0x00000007001004d0, 0x00000007c0000000)
  region size 1024K, 2 young (2048K), 2 survivors (2048K)
 Metaspace       used 81663K, capacity 87421K, committed 87600K, reserved 1124352K
  class space    used 11282K, capacity 12285K, committed 12336K, reserved 1048576K
}
Event: 533.475 GC heap before
{Heap before GC invocations=103 (full 13):
 garbage-first heap   total 157696K, used 123519K [0x0000000700000000, 0x00000007001004d0, 0x00000007c0000000)
  region size 1024K, 56 young (57344K), 2 survivors (2048K)
 Metaspace       used 81683K, capacity 87421K, committed 87600K, reserved 1124352K
  class space    used 11282K, capacity 12285K, committed 12336K, reserved 1048576K
}
Event: 533.716 GC heap after
{Heap after GC invocations=104 (full 14):
 garbage-first heap   total 157696K, used 68334K [0x0000000700000000, 0x00000007001004d0, 0x00000007c0000000)
  region size 1024K, 0 young (0K), 0 survivors (0K)
 Metaspace       used 81683K, capacity 87421K, committed 87600K, reserved 1124352K
  class space    used 11282K, capacity 12285K, committed 12336K, reserved 1048576K
}
Event: 538.165 GC heap before
{Heap before GC invocations=104 (full 14):
 garbage-first heap   total 157696K, used 129774K [0x0000000700000000, 0x00000007001004d0, 0x00000007c0000000)
  region size 1024K, 60 young (61440K), 0 survivors (0K)
 Metaspace       used 81982K, capacity 88049K, committed 88240K, reserved 1124352K
  class space    used 11358K, capacity 12415K, committed 12464K, reserved 1048576K
}
Event: 538.168 GC heap after
{Heap after GC invocations=105 (full 14):
 garbage-first heap   total 157696K, used 69074K [0x0000000700000000, 0x00000007001004d0, 0x00000007c0000000)
  region size 1024K, 1 young (1024K), 1 survivors (1024K)
 Metaspace       used 81982K, capacity 88049K, committed 88240K, reserved 1124352K
  class space    used 11358K, capacity 12415K, committed 12464K, reserved 1048576K
}
Event: 540.682 GC heap before
{Heap before GC invocations=105 (full 14):
 garbage-first heap   total 157696K, used 129490K [0x0000000700000000, 0x00000007001004d0, 0x00000007c0000000)
  region size 1024K, 60 young (61440K), 1 survivors (1024K)
 Metaspace       used 82168K, capacity 88445K, committed 88624K, reserved 1126400K
  class space    used 11390K, capacity 12473K, committed 12592K, reserved 1048576K
}
Event: 540.686 GC heap after
{Heap after GC invocations=106 (full 14):
 garbage-first heap   total 157696K, used 69534K [0x0000000700000000, 0x00000007001004d0, 0x00000007c0000000)
  region size 1024K, 2 young (2048K), 2 survivors (2048K)
 Metaspace       used 82168K, capacity 88445K, committed 88624K, reserved 1126400K
  class space    used 11390K, capacity 12473K, committed 12592K, reserved 1048576K
}
Event: 542.010 GC heap before
{Heap before GC invocations=106 (full 14):
 garbage-first heap   total 157696K, used 128926K [0x0000000700000000, 0x00000007001004d0, 0x00000007c0000000)
  region size 1024K, 60 young (61440K), 2 survivors (2048K)
 Metaspace       used 82701K, capacity 88967K, committed 89136K, reserved 1126400K
  class space    used 11446K, capacity 12540K, committed 12592K, reserved 1048576K
}
Event: 542.014 GC heap after
{Heap after GC invocations=107 (full 14):
 garbage-first heap   total 157696K, used 69928K [0x0000000700000000, 0x00000007001004d0, 0x00000007c0000000)
  region size 1024K, 2 young (2048K), 2 survivors (2048K)
 Metaspace       used 82701K, capacity 88967K, committed 89136K, reserved 1126400K
  class space    used 11446K, capacity 12540K, committed 12592K, reserved 1048576K
}

Deoptimization events (10 events):
Event: 541.889 Thread 0x000002525c5db800 Uncommon trap: reason=class_check action=maybe_recompile pc=0x000002524b525e30 method=com.jidesoft.grid.TreeTableCellRenderer.getTableCellRendererComponent(Ljavax/swing/JTable;Ljava/lang/Object;ZZII)Ljava/awt/Component; @ 189 c2
Event: 541.889 Thread 0x000002525c5db800 Uncommon trap: reason=class_check action=maybe_recompile pc=0x000002524b51c760 method=com.jidesoft.grid.TreeExpandablePanel.paintFocus(Ljava/awt/Graphics;)V @ 27 c2
Event: 542.083 Thread 0x000002525c5db800 Uncommon trap: reason=class_check action=maybe_recompile pc=0x000002524b519b58 method=com.jidesoft.grid.TreeExpandablePanel.paintFocus(Ljava/awt/Graphics;)V @ 27 c2
Event: 542.520 Thread 0x000002525c5db800 Uncommon trap: reason=class_check action=maybe_recompile pc=0x000002524b3f0830 method=com.jidesoft.swing.JideSwingUtilities.getButtonState(Ljavax/swing/AbstractButton;)I @ 37 c2
Event: 542.520 Thread 0x000002525c5db800 Uncommon trap: reason=class_check action=maybe_recompile pc=0x000002524b399ad4 method=com.jidesoft.plaf.basic.BasicJideButtonUI.getIcon(Ljavax/swing/AbstractButton;)Ljavax/swing/Icon; @ 91 c2
Event: 542.588 Thread 0x000002525c5db800 Uncommon trap: reason=class_check action=maybe_recompile pc=0x000002524ae3c3e4 method=java.awt.Component.addNotify()V @ 200 c2
Event: 542.598 Thread 0x000002525c5db800 Uncommon trap: reason=class_check action=maybe_recompile pc=0x000002524b428774 method=javax.swing.RepaintManager$4.run()Ljava/lang/Void; @ 91 c2
Event: 542.600 Thread 0x000002525c5db800 Uncommon trap: reason=class_check action=maybe_recompile pc=0x000002524b3a4614 method=javax.swing.RepaintManager.updateWindows(Ljava/util/Map;)V @ 79 c2
Event: 542.601 Thread 0x000002525c5db800 Uncommon trap: reason=speculate_class_check action=maybe_recompile pc=0x000002524ae744bc method=java.awt.DefaultKeyboardFocusManager.dispatchEvent(Ljava/awt/AWTEvent;)Z @ 1467 c2
Event: 542.605 Thread 0x000002525c5db800 Uncommon trap: reason=class_check action=maybe_recompile pc=0x000002524ac20788 method=javax.swing.AbstractButton.setEnabled(Z)V @ 21 c2

Classes redefined (0 events):
No events

Internal exceptions (10 events):
Event: 537.985 Thread 0x000002525c5db800 Exception <a 'java/lang/NoSuchMethodError'{0x0000000707aa03b0}: method resolution failed> (0x0000000707aa03b0) thrown at [t:/workspace/hotspot/src/share/vm/prims/methodHandles.cpp, line 1256]
Event: 537.985 Thread 0x000002525c5db800 Exception <a 'java/lang/NoSuchMethodError'{0x0000000707ab0738}: method resolution failed> (0x0000000707ab0738) thrown at [t:/workspace/hotspot/src/share/vm/prims/methodHandles.cpp, line 1256]
Event: 537.985 Thread 0x000002525c5db800 Exception <a 'java/lang/NoSuchMethodError'{0x0000000707ab5af8}: java.lang.invoke.DelegatingMethodHandle$Holder.reinvoke_L(Ljava/lang/Object;Ljava/lang/Object;Ljava/lang/Object;Ljava/lang/Object;Ljava/lang/Object;IILjava/lang/Object;Ljava/lang/Object;IILja
Event: 538.555 Thread 0x000002525c5db800 Exception <a 'java/lang/NoSuchMethodError'{0x000000070969ab18}: method resolution failed> (0x000000070969ab18) thrown at [t:/workspace/hotspot/src/share/vm/prims/methodHandles.cpp, line 1256]
Event: 538.555 Thread 0x000002525c5db800 Exception <a 'java/lang/NoSuchMethodError'{0x000000070969ec50}: java.lang.invoke.DelegatingMethodHandle$Holder.reinvoke_L(Ljava/lang/Object;Ljava/lang/Object;IILjava/lang/Object;Ljava/lang/Object;ILjava/lang/Object;II)Ljava/lang/Object;> (0x000000070969ec
Event: 538.557 Thread 0x000002525c5db800 Exception <a 'java/lang/NoSuchMethodError'{0x000000070950bec0}: java.lang.invoke.DirectMethodHandle$Holder.invokeSpecial(Ljava/lang/Object;Ljava/lang/Object;IIILjava/lang/Object;Ljava/lang/Object;ILjava/lang/Object;II)Ljava/lang/Object;> (0x000000070950be
Event: 538.557 Thread 0x000002525c5db800 Exception <a 'java/lang/NoSuchMethodError'{0x000000070950f9e8}: java.lang.invoke.DelegatingMethodHandle$Holder.reinvoke_L(Ljava/lang/Object;IIILjava/lang/Object;Ljava/lang/Object;ILjava/lang/Object;II)Ljava/lang/Object;> (0x000000070950f9e8) thrown at [t:
Event: 538.558 Thread 0x000002525c5db800 Exception <a 'java/lang/NoSuchMethodError'{0x000000070952dca8}: method resolution failed> (0x000000070952dca8) thrown at [t:/workspace/hotspot/src/share/vm/prims/methodHandles.cpp, line 1256]
Event: 538.619 Thread 0x000002525c5db800 Exception <a 'java/lang/NoSuchMethodError'{0x000000070954fc10}: java.lang.invoke.DirectMethodHandle$Holder.invokeSpecial(Ljava/lang/Object;Ljava/lang/Object;ILjava/lang/Object;)V> (0x000000070954fc10) thrown at [t:/workspace/hotspot/src/share/vm/interpret
Event: 538.620 Thread 0x000002525c5db800 Exception <a 'java/lang/NoSuchMethodError'{0x0000000709555538}: java.lang.invoke.DirectMethodHandle$Holder.invokeStatic(Ljava/lang/Object;Ljava/lang/Object;ILjava/lang/Object;)Ljava/lang/Object;> (0x0000000709555538) thrown at [t:/workspace/hotspot/src/sh

Events (10 events):
Event: 542.601 Thread 0x000002525c5db800 DEOPT UNPACKING pc=0x000002524289df29 sp=0x000000ba637f26b0 mode 2
Event: 542.602 Executing VM operation: BulkRevokeBias
Event: 542.602 Executing VM operation: BulkRevokeBias done
Event: 542.605 Thread 0x000002525c5db800 Uncommon trap: trap_request=0xffffffde fr.pc=0x000002524ac20788 relative=0x00000000000001a8
Event: 542.605 Thread 0x000002525c5db800 DEOPT PACKING pc=0x000002524ac20788 sp=0x000000ba637f6980
Event: 542.605 Thread 0x000002525c5db800 DEOPT UNPACKING pc=0x000002524289df29 sp=0x000000ba637f6918 mode 2
Event: 542.726 Thread 0x0000025262729000 Thread added: 0x0000025262729000
Event: 542.729 Thread 0x0000025262729000 Thread exited: 0x0000025262729000
Event: 543.727 Thread 0x0000025262729000 Thread added: 0x0000025262729000
Event: 543.730 Thread 0x0000025262729000 Thread exited: 0x0000025262729000


Dynamic libraries:
0x00007ff6ffd00000 - 0x00007ff6ffd30000 	E:\Xilinx\Vivado\2019.2\bin\unwrapped\win64.o\vivado.exe
0x00007ffd27580000 - 0x00007ffd27770000 	C:\Windows\SYSTEM32\ntdll.dll
0x00007ffd26540000 - 0x00007ffd265f2000 	C:\Windows\System32\KERNEL32.DLL
0x00007ffd24ee0000 - 0x00007ffd25184000 	C:\Windows\System32\KERNELBASE.dll
0x00007ffd251e0000 - 0x00007ffd252da000 	C:\Windows\System32\ucrtbase.dll
0x00007ffd17770000 - 0x00007ffd17801000 	C:\Windows\SYSTEM32\MSVCP140.dll
0x00007ffd187e0000 - 0x00007ffd187f9000 	C:\Windows\SYSTEM32\VCRUNTIME140.dll
0x00007ffd17810000 - 0x00007ffd1781c000 	C:\Windows\SYSTEM32\VCRUNTIME140_1.dll
0x00007ffd1d9e0000 - 0x00007ffd1d9f4000 	E:\Xilinx\Vivado\2019.2\lib\win64.o\libboost_signals.dll
0x00007ffd1d9c0000 - 0x00007ffd1d9d6000 	E:\Xilinx\Vivado\2019.2\lib\win64.o\librdi_commonmain.dll
0x00007ffd1d990000 - 0x00007ffd1d9b6000 	E:\Xilinx\Vivado\2019.2\lib\win64.o\libboost_filesystem.dll
0x00007ffd26d50000 - 0x00007ffd26df3000 	C:\Windows\System32\ADVAPI32.dll
0x00007ffd26ca0000 - 0x00007ffd26d3e000 	C:\Windows\System32\msvcrt.dll
0x00007ffd274a0000 - 0x00007ffd27537000 	C:\Windows\System32\sechost.dll
0x00007ffd26610000 - 0x00007ffd26730000 	C:\Windows\System32\RPCRT4.dll
0x00007ffd1d980000 - 0x00007ffd1d98a000 	E:\Xilinx\Vivado\2019.2\lib\win64.o\librdi_commonversion.dll
0x00007ffcefda0000 - 0x00007ffceff41000 	E:\Xilinx\Vivado\2019.2\lib\win64.o\librdi_commonxillic.dll
0x00007ffd27200000 - 0x00007ffd27394000 	C:\Windows\System32\USER32.dll
0x00007ffd24e30000 - 0x00007ffd24e51000 	C:\Windows\System32\win32u.dll
0x00007ffd26c10000 - 0x00007ffd26c36000 	C:\Windows\System32\GDI32.dll
0x00007ffd25490000 - 0x00007ffd25624000 	C:\Windows\System32\gdi32full.dll
0x00007ffd25390000 - 0x00007ffd2542e000 	C:\Windows\System32\msvcp_win.dll
0x00007ffd26ba0000 - 0x00007ffd26c0f000 	C:\Windows\System32\WS2_32.dll
0x00007ffd24660000 - 0x00007ffd24686000 	C:\Windows\System32\bcrypt.dll
0x00007ffd1d970000 - 0x00007ffd1d97b000 	E:\Xilinx\Vivado\2019.2\lib\win64.o\libboost_system.dll
0x0000000051e30000 - 0x0000000051f5b000 	E:\Xilinx\Vivado\2019.2\lib\win64.o\tcl85t.dll
0x00007ffcde6c0000 - 0x00007ffcdf603000 	E:\Xilinx\Vivado\2019.2\lib\win64.o\librdi_common.dll
0x00007ffd25cf0000 - 0x00007ffd263d4000 	C:\Windows\System32\SHELL32.dll
0x00007ffd25190000 - 0x00007ffd251da000 	C:\Windows\System32\cfgmgr32.dll
0x00007ffd25c20000 - 0x00007ffd25cc9000 	C:\Windows\System32\shcore.dll
0x00007ffd257e0000 - 0x00007ffd25b16000 	C:\Windows\System32\combase.dll
0x00007ffd24e60000 - 0x00007ffd24ee0000 	C:\Windows\System32\bcryptPrimitives.dll
0x00007ffd24690000 - 0x00007ffd24e0e000 	C:\Windows\System32\windows.storage.dll
0x00007ffd244c0000 - 0x00007ffd244e3000 	C:\Windows\System32\profapi.dll
0x00007ffd24450000 - 0x00007ffd2449a000 	C:\Windows\System32\powrprof.dll
0x00007ffd24440000 - 0x00007ffd24450000 	C:\Windows\System32\UMPDC.dll
0x00007ffd26c40000 - 0x00007ffd26c92000 	C:\Windows\System32\shlwapi.dll
0x00007ffd244a0000 - 0x00007ffd244b1000 	C:\Windows\System32\kernel.appcore.dll
0x00007ffd24e10000 - 0x00007ffd24e27000 	C:\Windows\System32\cryptsp.dll
0x00007ffcf9440000 - 0x00007ffcf9554000 	E:\Xilinx\Vivado\2019.2\lib\win64.o\libboost_regex.dll
0x00007ffd1ce70000 - 0x00007ffd1ce84000 	E:\Xilinx\Vivado\2019.2\lib\win64.o\libboost_date_time.dll
0x00007ffce7b10000 - 0x00007ffce7deb000 	E:\Xilinx\Vivado\2019.2\lib\win64.o\libXil_lmgr11.dll
0x00007ffd26eb0000 - 0x00007ffd26f80000 	C:\Windows\System32\COMDLG32.dll
0x00007ffd273a0000 - 0x00007ffd27464000 	C:\Windows\System32\OLEAUT32.dll
0x00007ffd263e0000 - 0x00007ffd26537000 	C:\Windows\System32\ole32.dll
0x00007ffd0d210000 - 0x00007ffd0d28f000 	E:\Xilinx\Vivado\2019.2\lib\win64.o\libboost_program_options.dll
0x00007ffd25430000 - 0x00007ffd2548c000 	C:\Windows\System32\WINTRUST.dll
0x00007ffd244f0000 - 0x00007ffd24502000 	C:\Windows\System32\MSASN1.dll
0x00007ffd24510000 - 0x00007ffd24659000 	C:\Windows\System32\CRYPT32.dll
0x00007ffce77a0000 - 0x00007ffce7b0e000 	E:\Xilinx\Vivado\2019.2\lib\win64.o\libCOIN-all.dll
0x00007ffd1d960000 - 0x00007ffd1d96f000 	E:\Xilinx\Vivado\2019.2\lib\win64.o\libboost_xilinx.dll
0x00007ffd1ce10000 - 0x00007ffd1ce31000 	E:\Xilinx\Vivado\2019.2\lib\win64.o\libboost_thread.dll
0x00007ffcff500000 - 0x00007ffcff582000 	E:\Xilinx\Vivado\2019.2\lib\win64.o\libhdlpsolve.dll
0x00007ffcefcf0000 - 0x00007ffcefd95000 	E:\Xilinx\Vivado\2019.2\lib\win64.o\libhdxml.dll
0x00007ffd0d650000 - 0x00007ffd0d67e000 	E:\Xilinx\Vivado\2019.2\lib\win64.o\libisl_sysinfo.dll
0x00007ffd0d630000 - 0x00007ffd0d64a000 	E:\Xilinx\Vivado\2019.2\lib\win64.o\pthreadVC2.dll
0x00007ffd00830000 - 0x00007ffd00895000 	E:\Xilinx\Vivado\2019.2\lib\win64.o\liblmx6.0.dll
0x00007ffd0d3b0000 - 0x00007ffd0d3cc000 	E:\Xilinx\Vivado\2019.2\lib\win64.o\librdiconfig.dll
0x00007ffd0d1e0000 - 0x00007ffd0d201000 	E:\Xilinx\Vivado\2019.2\lib\win64.o\librdizlib.dll
0x00007ffd1d490000 - 0x00007ffd1d4a7000 	C:\Windows\SYSTEM32\NETAPI32.dll
0x00007ffd159c0000 - 0x00007ffd15e95000 	C:\Windows\SYSTEM32\WININET.dll
0x00007ffd1c950000 - 0x00007ffd1ca40000 	C:\Windows\SYSTEM32\WINHTTP.dll
0x00007ffd16c80000 - 0x00007ffd16e56000 	C:\Windows\SYSTEM32\urlmon.dll
0x0000000012000000 - 0x0000000012270000 	E:\Xilinx\Vivado\2019.2\lib\win64.o\xerces-c_3_1.dll
0x00007ffd1d810000 - 0x00007ffd1d819000 	C:\Windows\SYSTEM32\WSOCK32.dll
0x00007ffd0d1b0000 - 0x00007ffd0d1d8000 	C:\Windows\SYSTEM32\VCOMP140.DLL
0x00007ffd151b0000 - 0x00007ffd15259000 	C:\Windows\WinSxS\amd64_microsoft.windows.common-controls_6595b64144ccf1df_5.82.18362.836_none_2a2600ea466b531c\COMCTL32.dll
0x00007ffd1d460000 - 0x00007ffd1d47c000 	C:\Windows\SYSTEM32\dhcpcsvc.DLL
0x00007ffd26600000 - 0x00007ffd26608000 	C:\Windows\System32\NSI.dll
0x00007ffd1d7c0000 - 0x00007ffd1d7cd000 	E:\Xilinx\Vivado\2019.2\lib\win64.o\libboost_chrono.dll
0x00007ffd16330000 - 0x00007ffd165d6000 	C:\Windows\SYSTEM32\iertutil.dll
0x00007ffd23e20000 - 0x00007ffd23e2c000 	C:\Windows\SYSTEM32\CRYPTBASE.DLL
0x00007ffcd8260000 - 0x00007ffcd90f1000 	E:\Xilinx\Vivado\2019.2\lib\win64.o\gurobi65.dll
0x00007ffcd69b0000 - 0x00007ffcd75ac200 	E:\Xilinx\Vivado\2019.2\lib\win64.o\libisl_iostreams.dll
0x00007ffcff070000 - 0x00007ffcff08b000 	E:\Xilinx\Vivado\2019.2\lib\win64.o\libboost_iostreams.dll
0x00007ffcf9410000 - 0x00007ffcf9435000 	E:\Xilinx\Vivado\2019.2\lib\win64.o\libisl_iosutils.dll
0x00007ffd23a70000 - 0x00007ffd23a7c000 	C:\Windows\SYSTEM32\NETUTILS.DLL
0x00007ffd27470000 - 0x00007ffd2749e000 	C:\Windows\System32\IMM32.DLL
0x00007ffcf0020000 - 0x00007ffcf0537000 	E:\Xilinx\Vivado\2019.2\lib\win64.o\librdi_commontasks.dll
0x00007ffd1c5c0000 - 0x00007ffd1c5ca000 	C:\Windows\SYSTEM32\VERSION.dll
0x00007ffcdb4a0000 - 0x00007ffcdb783000 	E:\Xilinx\Vivado\2019.2\lib\win64.o\librdi_sio.dll
0x00007ffd23960000 - 0x00007ffd2399a000 	C:\Windows\SYSTEM32\IPHLPAPI.DLL
0x0000000051400000 - 0x0000000051e25000 	E:\Xilinx\Vivado\2019.2\tps\win64\jre9.0.4\bin\server\jvm.dll
0x00007ffd25b90000 - 0x00007ffd25b98000 	C:\Windows\System32\PSAPI.DLL
0x00007ffd223a0000 - 0x00007ffd223c4000 	C:\Windows\SYSTEM32\WINMM.dll
0x00007ffce1e40000 - 0x00007ffce1f2f000 	C:\Windows\SYSTEM32\MSVCR120.dll
0x00007ffd22000000 - 0x00007ffd2202d000 	C:\Windows\SYSTEM32\WINMMBASE.dll
0x00007ffd23c50000 - 0x00007ffd23cb7000 	C:\Windows\SYSTEM32\MSWSOCK.DLL
0x00007ffccffa0000 - 0x00007ffcd26e5000 	E:\Xilinx\Vivado\2019.2\lib\win64.o\librdi_tcltasks.dll
0x00007ffceffa0000 - 0x00007ffcf001b000 	E:\Xilinx\Vivado\2019.2\lib\win64.o\librdi_boarddep.dll
0x00007ffce00a0000 - 0x00007ffce01f2000 	E:\Xilinx\Vivado\2019.2\lib\win64.o\librdi_cd_client.dll
0x00007ffcdafe0000 - 0x00007ffcdb494000 	E:\Xilinx\Vivado\2019.2\lib\win64.o\librdi_bitstream.dll
0x00007ffcd7700000 - 0x00007ffcd789d000 	E:\Xilinx\Vivado\2019.2\lib\win64.o\librdi_board.dll
0x00007ffcdffb0000 - 0x00007ffce009f000 	E:\Xilinx\Vivado\2019.2\lib\win64.o\librdi_chipscope.dll
0x00007ffcd67f0000 - 0x00007ffcd69b0000 	E:\Xilinx\Vivado\2019.2\lib\win64.o\librdi_chipscopeimpl.dll
0x00007ffcd64c0000 - 0x00007ffcd67e4000 	E:\Xilinx\Vivado\2019.2\lib\win64.o\librdi_containers.dll
0x00007ffcce4c0000 - 0x00007ffccff9a000 	E:\Xilinx\Vivado\2019.2\lib\win64.o\librdi_constraints.dll
0x00007ffcd5de0000 - 0x00007ffcd64b9000 	E:\Xilinx\Vivado\2019.2\lib\win64.o\librdi_coregenipxact.dll
0x00007ffcca1f0000 - 0x00007ffcce4bb000 	E:\Xilinx\Vivado\2019.2\lib\win64.o\librdi_designutils.dll
0x00007ffcc8200000 - 0x00007ffcca1f0000 	E:\Xilinx\Vivado\2019.2\lib\win64.o\librdi_coregen.dll
0x00007ffcd5a90000 - 0x00007ffcd5dda000 	E:\Xilinx\Vivado\2019.2\lib\win64.o\librdi_dlyest.dll
0x00007ffcb3650000 - 0x00007ffcc81fb000 	E:\Xilinx\Vivado\2019.2\lib\win64.o\librdi_device.dll
0x00007ffce1d70000 - 0x00007ffce1e34000 	E:\Xilinx\Vivado\2019.2\lib\win64.o\librdi_dsp.dll
0x00007ffcd54c0000 - 0x00007ffcd5a8d000 	E:\Xilinx\Vivado\2019.2\lib\win64.o\librdi_drc.dll
0x00007ffcefc80000 - 0x00007ffcefcea000 	E:\Xilinx\Vivado\2019.2\lib\win64.o\librdi_hdf.dll
0x00007ffcd4150000 - 0x00007ffcd4460000 	E:\Xilinx\Vivado\2019.2\lib\win64.o\librdi_guitools.dll
0x00007ffcd3ae0000 - 0x00007ffcd414b000 	E:\Xilinx\Vivado\2019.2\lib\win64.o\librdi_filemgmt.dll
0x00007ffcd52a0000 - 0x00007ffcd54c0000 	E:\Xilinx\Vivado\2019.2\lib\win64.o\librdi_hip_devdesign.dll
0x00007ffcd8110000 - 0x00007ffcd8258000 	E:\Xilinx\Vivado\2019.2\lib\win64.o\librdi_hip_perf_analysis.dll
0x00007ffce1a00000 - 0x00007ffce1a74000 	E:\Xilinx\Vivado\2019.2\lib\win64.o\librdi_memoryarray.dll
0x00007ffcb3010000 - 0x00007ffcb3641000 	E:\Xilinx\Vivado\2019.2\lib\win64.o\librdi_memdata.dll
0x00007ffcb18a0000 - 0x00007ffcb300d000 	E:\Xilinx\Vivado\2019.2\lib\win64.o\librdi_implflow.dll
0x00007ffcf3430000 - 0x00007ffcf347c000 	E:\Xilinx\Vivado\2019.2\lib\win64.o\librdi_pfi.dll
0x00007ffcaead0000 - 0x00007ffcb189b000 	E:\Xilinx\Vivado\2019.2\lib\win64.o\librdi_mig.dll
0x00007ffcae3e0000 - 0x00007ffcaeac3000 	E:\Xilinx\Vivado\2019.2\lib\win64.o\librdi_netlist.dll
0x00007ffcae0c0000 - 0x00007ffcae3db000 	E:\Xilinx\Vivado\2019.2\lib\win64.o\librdi_platform.dll
0x00007ffcad8b0000 - 0x00007ffcae0bb000 	E:\Xilinx\Vivado\2019.2\lib\win64.o\librdi_power.dll
0x00007ffcaafe0000 - 0x00007ffcad8a7000 	E:\Xilinx\Vivado\2019.2\lib\win64.o\librdi_place.dll
0x00007ffcaaa20000 - 0x00007ffcaafda000 	E:\Xilinx\Vivado\2019.2\lib\win64.o\librdi_project.dll
0x00007ffcaa2e0000 - 0x00007ffcaaa13000 	E:\Xilinx\Vivado\2019.2\lib\win64.o\librdi_psta.dll
0x00007ffca9eb0000 - 0x00007ffcaa2d3000 	E:\Xilinx\Vivado\2019.2\lib\win64.o\librdi_runs.dll
0x00007ffca97e0000 - 0x00007ffca9ea1000 	E:\Xilinx\Vivado\2019.2\lib\win64.o\librdi_rsb.dll
0x00007ffcd9180000 - 0x00007ffcd9288000 	E:\Xilinx\Vivado\2019.2\lib\win64.o\librdi_runsbase.dll
0x00007ffca9560000 - 0x00007ffca97d5000 	E:\Xilinx\Vivado\2019.2\lib\win64.o\librdi_simdata.dll
0x00007ffca93c0000 - 0x00007ffca9560000 	E:\Xilinx\Vivado\2019.2\lib\win64.o\librdi_cd_protocol.dll
0x00007ffca9210000 - 0x00007ffca93b1000 	E:\Xilinx\Vivado\2019.2\lib\win64.o\librdi_advchipscopeimpl.dll
0x00007ffca8380000 - 0x00007ffca920d000 	E:\Xilinx\Vivado\2019.2\lib\win64.o\librdi_timing.dll
0x00007ffceff50000 - 0x00007ffceff9c000 	E:\Xilinx\Vivado\2019.2\lib\win64.o\libboost_serialization.dll

VM Arguments:
jvm_args: -Dsun.java2d.pmoffscreen=false -Dsun.java2d.xrender=false -Dsun.java2d.d3d=false -Dsun.awt.nopixfmt=true -Dsun.java2d.dpiaware=true -Dsun.java2d.uiScale.enabled=false -Xverify:none -Dswing.aatext=true -XX:-UsePerfData -Djdk.map.althashing.threshold=512 -XX:StringTableSize=4072 --add-opens=java.base/java.nio=ALL-UNNAMED --add-opens=java.desktop/sun.swing=ALL-UNNAMED --add-opens=java.desktop/javax.swing=ALL-UNNAMED --add-opens=java.desktop/javax.swing.tree=ALL-UNNAMED --add-opens=java.desktop/javax.swing.plaf.basic=ALL-UNNAMED --add-opens=java.desktop/javax.swing.plaf.synth=ALL-UNNAMED --add-opens=java.desktop/com.sun.awt=ALL-UNNAMED -XX:NewSize=60m -XX:MaxNewSize=60m -Xms128m -Xmx3072m -Xss5m 
java_command: <unknown>
java_class_path (initial): E:/Xilinx/Vivado/2019.2\lib\classes\alloy.jar;E:/Xilinx/Vivado/2019.2\lib\classes\autoesl-common.jar;E:/Xilinx/Vivado/2019.2\lib\classes\autoesl-models.jar;E:/Xilinx/Vivado/2019.2\lib\classes\autoesl-report.jar;E:/Xilinx/Vivado/2019.2\lib\classes\autopilot.scelaborator.jar;E:/Xilinx/Vivado/2019.2\lib\classes\autopilot.sourceprocessor.jar;E:/Xilinx/Vivado/2019.2\lib\classes\autopilot.tbprocessor.jar;E:/Xilinx/Vivado/2019.2\lib\classes\batik-anim.jar;E:/Xilinx/Vivado/2019.2\lib\classes\batik-awt-util.jar;E:/Xilinx/Vivado/2019.2\lib\classes\batik-bridge.jar;E:/Xilinx/Vivado/2019.2\lib\classes\batik-codec.jar;E:/Xilinx/Vivado/2019.2\lib\classes\batik-css.jar;E:/Xilinx/Vivado/2019.2\lib\classes\batik-dom.jar;E:/Xilinx/Vivado/2019.2\lib\classes\batik-ext.jar;E:/Xilinx/Vivado/2019.2\lib\classes\batik-gui-util.jar;E:/Xilinx/Vivado/2019.2\lib\classes\batik-gvt.jar;E:/Xilinx/Vivado/2019.2\lib\classes\batik-parser.jar;E:/Xilinx/Vivado/2019.2\lib\classes\batik-script.jar;E:/Xilinx/Vivado/2019.2\lib\classes\batik-svg-dom.jar;E:/Xilinx/Vivado/2019.2\lib\classes\batik-swing.jar;E:/Xilinx/Vivado/2019.2\lib\classes\batik-transcoder.jar;E:/Xilinx/Vivado/2019.2\lib\classes\batik-util.jar;E:/Xilinx/Vivado/2019.2\lib\classes\batik-xml.jar;E:/Xilinx/Vivado/2019.2\lib\classes\com.google.gson_2.7.0.v20170129-0911.jar;E:/Xilinx/Vivado/2019.2\lib\classes\com.google.guava_21.0.0.v20170206-1425.jar;E:/Xilinx/Vivado/2019.2\lib\classes\com.ibm.icu_4.4.2.v20110208.jar;E:/Xilinx/Vivado/2019.2\lib\classes\com.sigasi.hdt.connection_4.5.0.201909241521.jar;E:/Xilinx/Vivado/2019.2\lib\classes\com.sigasi.hdt.epl_4.5.0.201909241521.jar;E:/Xilinx/Vivado/2019.2\lib\classes\com.sigasi.hdt.project_4.5.0.201909241521.jar;E:/Xilinx/Vivado/2019.2\lib\classes\com.sigasi.hdt.readonlyfilesystem_4.5.0.201909241521.jar;E:/Xilinx/Vivado/2019.2\lib\classes\com.sigasi.lcm_4.5.0.201909241521.jar;E:/Xilinx/Vivado/2019.2\lib\classes\com.sigasi.sdk.client_4.5.0.201909241521.jar;E:/Xilinx/Vivado
Launcher Type: generic

Logging:
Log output configuration:
#0: stdout all=warning uptime,level,tags
#1: stderr all=off uptime,level,tags

Environment Variables:
JAVA_HOME=E:\Java\jdk1.8.0_241
CLASSPATH=G:\LINGO64_18\Lingo18.jar
PATH=E:/Xilinx/Vivado/2019.2\gnuwin\bin;E:/Xilinx/Vivado/2019.2\gnu\microblaze\nt\bin;E:/Xilinx/Vivado/2019.2/bin;E:/Xilinx/Vivado/2019.2/lib/win64.o;E:/Xilinx/Vivado/2019.2/tps/win64/jre9.0.4/bin/server;E:/Xilinx/Vivado/2019.2/tps/win64/jre9.0.4/bin;E:/Xilinx/Vivado/2019.2/ids_lite/ISE/bin/nt64;E:/Xilinx/Vivado/2019.2/ids_lite/ISE/lib/nt64;C:\Program Files (x86)\Common Files\Oracle\Java\javapath;E:\NVIDIA GPU Computing Toolkit\CUDA\v10.1\bin;E:\NVIDIA GPU Computing Toolkit\CUDA\v10.1\libnvvp;E:\NVIDIA GPU Computing Toolkit\cuDNN\bin;E:\NVIDIA GPU Computing Toolkit\CUDA\v10.1\lib\x64;E:\NVIDIA GPU Computing Toolkit\CUDA\v10.1\include;E:\NVIDIA GPU Computing Toolkit\CUDA\v10.1\extras\CUPTI\lib64;C:\Windows\system32;C:\Windows;C:\Windows\System32\Wbem;C:\Windows\System32\WindowsPowerShell\v1.0\;C:\Windows\System32\OpenSSH\;G:\Matlab2019b\runtime\win64;G:\Matlab2019b\bin;G:\PuTTY\;G:\Git\cmd;G:\CMake\bin;G:\LINGO64_18\;E:\Visual_Studio_Community_2019\VC\Tools\MSVC\14.24.28314\bin\Hostx64\x64;E:\neo4j\neo4j-community-3\bin;E:\Java\jdk-14\\classpath;C:\Program Files\NVIDIA Corporation\Nsight Compute 2019.4.0\;C:\Program Files (x86)\NVIDIA Corporation\PhysX\Common;C:\Program Files\NVIDIA Corporation\NVIDIA NvDLISR;C:\Program Files\dotnet\;E:\mysql-8.0.19-winx64\bin;G:\graphviz-2.38\release\bin;E:\Java\jdk1.8.0_241\bin;E:\Java\jdk1.8.0_241\jre\bin;G:\Git\bin;E:\anaconda3;E:\anaconda3\Library\mingw-w64\bin;E:\anaconda3\Library\usr\bin;E:\anaconda3\Library\bin;E:\anaconda3\Scripts;C:\Users\89565\.cargo\bin;C:\Users\89565\AppData\Local\Microsoft\WindowsApps;G:\JetBrains\PyCharm Community Edition 2019.3\PyCharm Community Edition 2019.3.3\bin;C:\Users\89565\AppData\Local\GitHubDesktop\bin;G:\JetBrains\IntelliJ IDEA 2019.3.3\bin;;E:\JetBrains\IntelliJ IDEA Community Edition 2019.3.3\bin;G:\texlive\2019\bin\win32;E:\JetBrains\PyCharm Community Edition 2019.3\PyCharm Community Edition 2019.3.3\bin;E:\VSCode\Microsoft VS Code\bin;G:\Prince\engine\bin;E:/Xilinx/Vivado/2019.2\tps\mingw\
USERNAME=Rabbit
OS=Windows_NT
PROCESSOR_IDENTIFIER=Intel64 Family 6 Model 60 Stepping 3, GenuineIntel



---------------  S Y S T E M  ---------------

OS: Windows 10 , 64 bit Build 18362 (10.0.18362.778)

CPU:total 8 (initial active 8) (4 cores per cpu, 2 threads per core) family 6 model 60 stepping 3, cmov, cx8, fxsr, mmx, sse, sse2, sse3, ssse3, sse4.1, sse4.2, popcnt, avx, avx2, aes, clmul, erms, lzcnt, ht, tsc, tscinvbit, bmi1, bmi2, fma

Memory: 4k page, physical 16658548k(11860156k free), swap 25047156k(19653260k free)

vm_info: Java HotSpot(TM) 64-Bit Server VM (9.0.4+11) for windows-amd64 JRE (9.0.4+11), built on Dec 20 2017 02:18:54 by "mach5one" with MS VC++ 12.0 (VS2013)

END.
