Copyright 1986-2019 Xilinx, Inc. All Rights Reserved.
-------------------------------------------------------------------------------------------------------------------------------
| Tool Version     : Vivado v.2019.1 (win64) Build 2552052 Fri May 24 14:49:42 MDT 2019
| Date             : Fri Apr 22 17:36:35 2022
| Host             : expecto running 64-bit major release  (build 9200)
| Command          : report_power -file top_power_routed.rpt -pb top_power_summary_routed.pb -rpx top_power_routed.rpx
| Design           : top
| Device           : xc7a100tcsg324-1
| Design State     : routed
| Grade            : commercial
| Process          : typical
| Characterization : Production
-------------------------------------------------------------------------------------------------------------------------------

Power Report

Table of Contents
-----------------
1. Summary
1.1 On-Chip Components
1.2 Power Supply Summary
1.3 Confidence Level
2. Settings
2.1 Environment
2.2 Clock Constraints
3. Detailed Reports
3.1 By Hierarchy

1. Summary
----------

+--------------------------+----------------------------------+
| Total On-Chip Power (W)  | 14.763 (Junction temp exceeded!) |
| Design Power Budget (W)  | Unspecified*                     |
| Power Budget Margin (W)  | NA                               |
| Dynamic (W)              | 14.433                           |
| Device Static (W)        | 0.330                            |
| Effective TJA (C/W)      | 4.6                              |
| Max Ambient (C)          | 17.6                             |
| Junction Temperature (C) | 92.4                             |
| Confidence Level         | Low                              |
| Setting File             | ---                              |
| Simulation Activity File | ---                              |
| Design Nets Matched      | NA                               |
+--------------------------+----------------------------------+
* Specify Design Power Budget using, set_operating_conditions -design_power_budget <value in Watts>


1.1 On-Chip Components
----------------------

+--------------------------+-----------+----------+-----------+-----------------+
| On-Chip                  | Power (W) | Used     | Available | Utilization (%) |
+--------------------------+-----------+----------+-----------+-----------------+
| Slice Logic              |     2.214 |     1394 |       --- |             --- |
|   LUT as Logic           |     2.000 |      599 |     63400 |            0.94 |
|   CARRY4                 |     0.103 |       48 |     15850 |            0.30 |
|   Register               |     0.055 |      140 |    126800 |            0.11 |
|   BUFG                   |     0.033 |        2 |        32 |            6.25 |
|   LUT as Distributed RAM |     0.023 |      328 |     19000 |            1.73 |
|   F7/F8 Muxes            |    <0.001 |      128 |     63400 |            0.20 |
|   Others                 |     0.000 |        9 |       --- |             --- |
| Signals                  |     3.036 |      989 |       --- |             --- |
| I/O                      |     9.183 |       25 |       210 |           11.90 |
| Static Power             |     0.330 |          |           |                 |
| Total                    |    14.763 |          |           |                 |
+--------------------------+-----------+----------+-----------+-----------------+


1.2 Power Supply Summary
------------------------

+-----------+-------------+-----------+-------------+------------+
| Source    | Voltage (V) | Total (A) | Dynamic (A) | Static (A) |
+-----------+-------------+-----------+-------------+------------+
| Vccint    |       1.000 |     5.485 |       5.286 |      0.199 |
| Vccaux    |       1.800 |     0.377 |       0.335 |      0.042 |
| Vcco33    |       3.300 |     2.593 |       2.589 |      0.004 |
| Vcco25    |       2.500 |     0.000 |       0.000 |      0.000 |
| Vcco18    |       1.800 |     0.000 |       0.000 |      0.000 |
| Vcco15    |       1.500 |     0.000 |       0.000 |      0.000 |
| Vcco135   |       1.350 |     0.000 |       0.000 |      0.000 |
| Vcco12    |       1.200 |     0.000 |       0.000 |      0.000 |
| Vccaux_io |       1.800 |     0.000 |       0.000 |      0.000 |
| Vccbram   |       1.000 |     0.005 |       0.000 |      0.005 |
| MGTAVcc   |       1.000 |     0.000 |       0.000 |      0.000 |
| MGTAVtt   |       1.200 |     0.000 |       0.000 |      0.000 |
| Vccadc    |       1.800 |     0.020 |       0.000 |      0.020 |
+-----------+-------------+-----------+-------------+------------+


1.3 Confidence Level
--------------------

+-----------------------------+------------+--------------------------------------------------------+--------------------------------------------------------------------------------------------------------------------+
| User Input Data             | Confidence | Details                                                | Action                                                                                                             |
+-----------------------------+------------+--------------------------------------------------------+--------------------------------------------------------------------------------------------------------------------+
| Design implementation state | High       | Design is routed                                       |                                                                                                                    |
| Clock nodes activity        | Low        | User specified less than 75% of clocks                 | Provide missing clock activity with a constraint file, simulation results or by editing the "By Clock Domain" view |
| I/O nodes activity          | Low        | More than 75% of inputs are missing user specification | Provide missing input activity with simulation results or by editing the "By Resource Type -> I/Os" view           |
| Internal nodes activity     | Medium     | User specified less than 25% of internal nodes         | Provide missing internal nodes activity with simulation results or by editing the "By Resource Type" views         |
| Device models               | High       | Device models are Production                           |                                                                                                                    |
|                             |            |                                                        |                                                                                                                    |
| Overall confidence level    | Low        |                                                        |                                                                                                                    |
+-----------------------------+------------+--------------------------------------------------------+--------------------------------------------------------------------------------------------------------------------+


2. Settings
-----------

2.1 Environment
---------------

+-----------------------+--------------------------+
| Ambient Temp (C)      | 25.0                     |
| ThetaJA (C/W)         | 4.6                      |
| Airflow (LFM)         | 250                      |
| Heat Sink             | medium (Medium Profile)  |
| ThetaSA (C/W)         | 4.6                      |
| Board Selection       | medium (10"x10")         |
| # of Board Layers     | 12to15 (12 to 15 Layers) |
| Board Temperature (C) | 25.0                     |
+-----------------------+--------------------------+


2.2 Clock Constraints
---------------------

+-------+--------+-----------------+
| Clock | Domain | Constraint (ns) |
+-------+--------+-----------------+


3. Detailed Reports
-------------------

3.1 By Hierarchy
----------------

+-----------------------------------+-----------+
| Name                              | Power (W) |
+-----------------------------------+-----------+
| top                               |    14.433 |
|   cpu                             |     4.284 |
|     alu                           |     0.160 |
|     datamem                       |     0.012 |
|     ins                           |     0.950 |
|       U0                          |     0.950 |
|     pc                            |     1.993 |
|     register_file                 |     1.164 |
|       registers_reg_r1_0_31_0_5   |     0.003 |
|       registers_reg_r1_0_31_12_17 |     0.002 |
|       registers_reg_r1_0_31_18_23 |     0.002 |
|       registers_reg_r1_0_31_24_29 |     0.003 |
|       registers_reg_r1_0_31_30_31 |     0.004 |
|       registers_reg_r1_0_31_6_11  |     0.002 |
|       registers_reg_r2_0_31_0_5   |     0.002 |
|       registers_reg_r2_0_31_12_17 |     0.001 |
|       registers_reg_r2_0_31_18_23 |     0.002 |
|       registers_reg_r2_0_31_24_29 |     0.002 |
|       registers_reg_r2_0_31_30_31 |     0.004 |
|       registers_reg_r2_0_31_6_11  |     0.002 |
|       registers_reg_r3_0_31_0_5   |     0.001 |
|       registers_reg_r3_0_31_12_17 |     0.001 |
|       registers_reg_r3_0_31_18_23 |     0.001 |
|       registers_reg_r3_0_31_24_29 |     0.002 |
|       registers_reg_r3_0_31_30_31 |     0.002 |
|       registers_reg_r3_0_31_6_11  |     0.001 |
|   pdu                             |     0.805 |
+-----------------------------------+-----------+


