Copyright 1986-2019 Xilinx, Inc. All Rights Reserved.
------------------------------------------------------------------------------------
| Tool Version : Vivado v.2019.1 (win64) Build 2552052 Fri May 24 14:49:42 MDT 2019
| Date         : Fri Apr 22 17:36:08 2022
| Host         : expecto running 64-bit major release  (build 9200)
| Command      : report_control_sets -verbose -file top_control_sets_placed.rpt
| Design       : top
| Device       : xc7a100t
------------------------------------------------------------------------------------

Control Set Information

Table of Contents
-----------------
1. Summary
2. Histogram
3. Flip-Flop Distribution
4. Detailed Control Set Information

1. Summary
----------

+----------------------------------------------------------+-------+
|                          Status                          | Count |
+----------------------------------------------------------+-------+
| Total control sets                                       |     9 |
|    Minimum number of control sets                        |     9 |
|    Addition due to synthesis replication                 |     0 |
|    Addition due to physical synthesis replication        |     0 |
| Unused register locations in slices containing registers |     4 |
+----------------------------------------------------------+-------+
* Control sets can be merged at opt_design using control_set_merge or merge_equivalent_drivers
** Run report_qor_suggestions for automated merging and remapping suggestions


2. Histogram
------------

+--------------------+-------+
|       Fanout       | Count |
+--------------------+-------+
| Total control sets |     9 |
| >= 0 to < 4        |     0 |
| >= 4 to < 6        |     1 |
| >= 6 to < 8        |     0 |
| >= 8 to < 10       |     0 |
| >= 10 to < 12      |     0 |
| >= 12 to < 14      |     0 |
| >= 14 to < 16      |     1 |
| >= 16              |     7 |
+--------------------+-------+
* Control sets can be remapped at either synth_design or opt_design


3. Flip-Flop Distribution
-------------------------

+--------------+-----------------------+------------------------+-----------------+--------------+
| Clock Enable | Synchronous Set/Reset | Asynchronous Set/Reset | Total Registers | Total Slices |
+--------------+-----------------------+------------------------+-----------------+--------------+
| No           | No                    | No                     |              15 |            5 |
| No           | No                    | Yes                    |              88 |           47 |
| No           | Yes                   | No                     |               0 |            0 |
| Yes          | No                    | No                     |               0 |            0 |
| Yes          | No                    | Yes                    |              37 |           15 |
| Yes          | Yes                   | No                     |               0 |            0 |
+--------------+-----------------------+------------------------+-----------------+--------------+


4. Detailed Control Set Information
-----------------------------------

+----------------+----------------------------------+------------------+------------------+----------------+
|  Clock Signal  |           Enable Signal          | Set/Reset Signal | Slice Load Count | Bel Load Count |
+----------------+----------------------------------+------------------+------------------+----------------+
|  clk_IBUF_BUFG | cpu/alu/out0_r[4]_i_6[0]         | rst_IBUF         |                2 |              5 |
|  clk_IBUF_BUFG |                                  |                  |                5 |             15 |
|  clk_IBUF_BUFG |                                  | rst_IBUF         |                8 |             24 |
|  clk_cpu_BUFG  |                                  | rst_IBUF         |               17 |             32 |
| ~clk_cpu_BUFG  |                                  | rst_IBUF         |               22 |             32 |
|  clk_IBUF_BUFG | cpu/alu/E[0]                     | rst_IBUF         |               13 |             32 |
| ~clk_cpu_BUFG  | cpu/alu/ram_reg_0_127_0_0_i_10_0 |                  |               32 |            128 |
| ~clk_cpu_BUFG  | cpu/alu/ram_reg_0_127_0_0_i_10_1 |                  |               32 |            128 |
| ~clk_cpu_BUFG  | cpu/register_file/p_0_in         |                  |               18 |            144 |
+----------------+----------------------------------+------------------+------------------+----------------+


