#-----------------------------------------------------------
# Vivado v2020.2 (64-bit)
# SW Build 3064766 on Wed Nov 18 09:12:45 MST 2020
# IP Build 3064653 on Wed Nov 18 14:17:31 MST 2020
# Start of session at: Thu Feb 25 00:39:52 2021
# Process ID: 21816
# Current directory: F:/Data/USTC-CS-Resources/CS/Computer-Organization-and-Design/USTC-2020-COD-Labs/Lab6/cpu_pipeline_with_bus
# Command line: vivado.exe -gui_launcher_event rodinguilauncherevent5352 F:\Data\USTC-CS-Resources\CS\Computer-Organization-and-Design\USTC-2020-COD-Labs\Lab6\cpu_pipeline_with_bus\cpu_pipeline_with_bus.xpr
# Log file: F:/Data/USTC-CS-Resources/CS/Computer-Organization-and-Design/USTC-2020-COD-Labs/Lab6/cpu_pipeline_with_bus/vivado.log
# Journal file: F:/Data/USTC-CS-Resources/CS/Computer-Organization-and-Design/USTC-2020-COD-Labs/Lab6/cpu_pipeline_with_bus\vivado.jou
#-----------------------------------------------------------
start_gui
open_project F:/Data/USTC-CS-Resources/CS/Computer-Organization-and-Design/USTC-2020-COD-Labs/Lab6/cpu_pipeline_with_bus/cpu_pipeline_with_bus.xpr
INFO: [ProjectBase 1-489] The host OS only allows 260 characters in a normal path. The project is stored in a path with more than 80 characters. If you experience issues with IP, Block Designs, or files not being found, please consider moving the project to a location with a shorter path. Alternately consider using the OS subst command to map part of the path to a drive letter.
Current project path is 'F:/Data/USTC-CS-Resources/CS/Computer-Organization-and-Design/USTC-2020-COD-Labs/Lab6/cpu_pipeline_with_bus'
INFO: [Project 1-313] Project file moved from 'D:/VivadoProject/COD/Lab6/cpu_pipeline_with_bus' since last save.
Scanning sources...
Finished scanning sources
INFO: [Project 1-230] Project 'cpu_pipeline_with_bus.xpr' upgraded for this version of Vivado.
INFO: [IP_Flow 19-234] Refreshing IP repositories
INFO: [IP_Flow 19-1704] No user IP repositories specified
INFO: [IP_Flow 19-2313] Loaded Vivado IP repository 'E:/Xilinx/Vivado/2020.2/data/ip'.
update_compile_order -fileset sources_1
exit
INFO: [Common 17-206] Exiting Vivado at Thu Feb 25 00:40:42 2021...
