INFO: [VRFC 10-2263] Analyzing Verilog file "D:/VivadoProject/COD/Lab4/Multicycle_CPU_new/Multicycle_CPU_new.sim/sim_1/synth/timing/xsim/dbu_tb_time_synth.v" into library xil_defaultlib
INFO: [VRFC 10-311] analyzing module RAM128X1D_UNIQ_BASE_
INFO: [VRFC 10-311] analyzing module RAM128X1D_HD1
INFO: [VRFC 10-311] analyzing module RAM128X1D_HD10
INFO: [VRFC 10-311] analyzing module RAM128X1D_HD100
INFO: [VRFC 10-311] analyzing module RAM128X1D_HD101
INFO: [VRFC 10-311] analyzing module RAM128X1D_HD102
INFO: [VRFC 10-311] analyzing module RAM128X1D_HD103
INFO: [VRFC 10-311] analyzing module RAM128X1D_HD104
INFO: [VRFC 10-311] analyzing module RAM128X1D_HD105
INFO: [VRFC 10-311] analyzing module RAM128X1D_HD106
INFO: [VRFC 10-311] analyzing module RAM128X1D_HD107
INFO: [VRFC 10-311] analyzing module RAM128X1D_HD108
INFO: [VRFC 10-311] analyzing module RAM128X1D_HD109
INFO: [VRFC 10-311] analyzing module RAM128X1D_HD11
INFO: [VRFC 10-311] analyzing module RAM128X1D_HD110
INFO: [VRFC 10-311] analyzing module RAM128X1D_HD111
INFO: [VRFC 10-311] analyzing module RAM128X1D_HD112
INFO: [VRFC 10-311] analyzing module RAM128X1D_HD113
INFO: [VRFC 10-311] analyzing module RAM128X1D_HD114
INFO: [VRFC 10-311] analyzing module RAM128X1D_HD115
INFO: [VRFC 10-311] analyzing module RAM128X1D_HD116
INFO: [VRFC 10-311] analyzing module RAM128X1D_HD117
INFO: [VRFC 10-311] analyzing module RAM128X1D_HD118
INFO: [VRFC 10-311] analyzing module RAM128X1D_HD119
INFO: [VRFC 10-311] analyzing module RAM128X1D_HD12
INFO: [VRFC 10-311] analyzing module RAM128X1D_HD120
INFO: [VRFC 10-311] analyzing module RAM128X1D_HD121
INFO: [VRFC 10-311] analyzing module RAM128X1D_HD122
INFO: [VRFC 10-311] analyzing module RAM128X1D_HD123
INFO: [VRFC 10-311] analyzing module RAM128X1D_HD124
INFO: [VRFC 10-311] analyzing module RAM128X1D_HD125
INFO: [VRFC 10-311] analyzing module RAM128X1D_HD126
INFO: [VRFC 10-311] analyzing module RAM128X1D_HD127
INFO: [VRFC 10-311] analyzing module RAM128X1D_HD13
INFO: [VRFC 10-311] analyzing module RAM128X1D_HD14
INFO: [VRFC 10-311] analyzing module RAM128X1D_HD15
INFO: [VRFC 10-311] analyzing module RAM128X1D_HD16
INFO: [VRFC 10-311] analyzing module RAM128X1D_HD17
INFO: [VRFC 10-311] analyzing module RAM128X1D_HD18
INFO: [VRFC 10-311] analyzing module RAM128X1D_HD19
INFO: [VRFC 10-311] analyzing module RAM128X1D_HD2
INFO: [VRFC 10-311] analyzing module RAM128X1D_HD20
INFO: [VRFC 10-311] analyzing module RAM128X1D_HD21
INFO: [VRFC 10-311] analyzing module RAM128X1D_HD22
INFO: [VRFC 10-311] analyzing module RAM128X1D_HD23
INFO: [VRFC 10-311] analyzing module RAM128X1D_HD24
INFO: [VRFC 10-311] analyzing module RAM128X1D_HD25
INFO: [VRFC 10-311] analyzing module RAM128X1D_HD26
INFO: [VRFC 10-311] analyzing module RAM128X1D_HD27
INFO: [VRFC 10-311] analyzing module RAM128X1D_HD28
INFO: [VRFC 10-311] analyzing module RAM128X1D_HD29
INFO: [VRFC 10-311] analyzing module RAM128X1D_HD3
INFO: [VRFC 10-311] analyzing module RAM128X1D_HD30
INFO: [VRFC 10-311] analyzing module RAM128X1D_HD31
INFO: [VRFC 10-311] analyzing module RAM128X1D_HD32
INFO: [VRFC 10-311] analyzing module RAM128X1D_HD33
INFO: [VRFC 10-311] analyzing module RAM128X1D_HD34
INFO: [VRFC 10-311] analyzing module RAM128X1D_HD35
INFO: [VRFC 10-311] analyzing module RAM128X1D_HD36
INFO: [VRFC 10-311] analyzing module RAM128X1D_HD37
INFO: [VRFC 10-311] analyzing module RAM128X1D_HD38
INFO: [VRFC 10-311] analyzing module RAM128X1D_HD39
INFO: [VRFC 10-311] analyzing module RAM128X1D_HD4
INFO: [VRFC 10-311] analyzing module RAM128X1D_HD40
INFO: [VRFC 10-311] analyzing module RAM128X1D_HD41
INFO: [VRFC 10-311] analyzing module RAM128X1D_HD42
INFO: [VRFC 10-311] analyzing module RAM128X1D_HD43
INFO: [VRFC 10-311] analyzing module RAM128X1D_HD44
INFO: [VRFC 10-311] analyzing module RAM128X1D_HD45
INFO: [VRFC 10-311] analyzing module RAM128X1D_HD46
INFO: [VRFC 10-311] analyzing module RAM128X1D_HD47
INFO: [VRFC 10-311] analyzing module RAM128X1D_HD48
INFO: [VRFC 10-311] analyzing module RAM128X1D_HD49
INFO: [VRFC 10-311] analyzing module RAM128X1D_HD5
INFO: [VRFC 10-311] analyzing module RAM128X1D_HD50
INFO: [VRFC 10-311] analyzing module RAM128X1D_HD51
INFO: [VRFC 10-311] analyzing module RAM128X1D_HD52
INFO: [VRFC 10-311] analyzing module RAM128X1D_HD53
INFO: [VRFC 10-311] analyzing module RAM128X1D_HD54
INFO: [VRFC 10-311] analyzing module RAM128X1D_HD55
INFO: [VRFC 10-311] analyzing module RAM128X1D_HD56
INFO: [VRFC 10-311] analyzing module RAM128X1D_HD57
INFO: [VRFC 10-311] analyzing module RAM128X1D_HD58
INFO: [VRFC 10-311] analyzing module RAM128X1D_HD59
INFO: [VRFC 10-311] analyzing module RAM128X1D_HD6
INFO: [VRFC 10-311] analyzing module RAM128X1D_HD60
INFO: [VRFC 10-311] analyzing module RAM128X1D_HD61
INFO: [VRFC 10-311] analyzing module RAM128X1D_HD62
INFO: [VRFC 10-311] analyzing module RAM128X1D_HD63
INFO: [VRFC 10-311] analyzing module RAM128X1D_HD64
INFO: [VRFC 10-311] analyzing module RAM128X1D_HD65
INFO: [VRFC 10-311] analyzing module RAM128X1D_HD66
INFO: [VRFC 10-311] analyzing module RAM128X1D_HD67
INFO: [VRFC 10-311] analyzing module RAM128X1D_HD68
INFO: [VRFC 10-311] analyzing module RAM128X1D_HD69
INFO: [VRFC 10-311] analyzing module RAM128X1D_HD7
INFO: [VRFC 10-311] analyzing module RAM128X1D_HD70
INFO: [VRFC 10-311] analyzing module RAM128X1D_HD71
INFO: [VRFC 10-311] analyzing module RAM128X1D_HD72
INFO: [VRFC 10-311] analyzing module RAM128X1D_HD73
INFO: [VRFC 10-311] analyzing module RAM128X1D_HD74
INFO: [VRFC 10-311] analyzing module RAM128X1D_HD75
INFO: [VRFC 10-311] analyzing module RAM128X1D_HD76
INFO: [VRFC 10-311] analyzing module RAM128X1D_HD77
INFO: [VRFC 10-311] analyzing module RAM128X1D_HD78
INFO: [VRFC 10-311] analyzing module RAM128X1D_HD79
INFO: [VRFC 10-311] analyzing module RAM128X1D_HD8
INFO: [VRFC 10-311] analyzing module RAM128X1D_HD80
INFO: [VRFC 10-311] analyzing module RAM128X1D_HD81
INFO: [VRFC 10-311] analyzing module RAM128X1D_HD82
INFO: [VRFC 10-311] analyzing module RAM128X1D_HD83
INFO: [VRFC 10-311] analyzing module RAM128X1D_HD84
INFO: [VRFC 10-311] analyzing module RAM128X1D_HD85
INFO: [VRFC 10-311] analyzing module RAM128X1D_HD86
INFO: [VRFC 10-311] analyzing module RAM128X1D_HD87
INFO: [VRFC 10-311] analyzing module RAM128X1D_HD88
INFO: [VRFC 10-311] analyzing module RAM128X1D_HD89
INFO: [VRFC 10-311] analyzing module RAM128X1D_HD9
INFO: [VRFC 10-311] analyzing module RAM128X1D_HD90
INFO: [VRFC 10-311] analyzing module RAM128X1D_HD91
INFO: [VRFC 10-311] analyzing module RAM128X1D_HD92
INFO: [VRFC 10-311] analyzing module RAM128X1D_HD93
INFO: [VRFC 10-311] analyzing module RAM128X1D_HD94
INFO: [VRFC 10-311] analyzing module RAM128X1D_HD95
INFO: [VRFC 10-311] analyzing module RAM128X1D_HD96
INFO: [VRFC 10-311] analyzing module RAM128X1D_HD97
INFO: [VRFC 10-311] analyzing module RAM128X1D_HD98
INFO: [VRFC 10-311] analyzing module RAM128X1D_HD99
INFO: [VRFC 10-311] analyzing module ALU
INFO: [VRFC 10-311] analyzing module control_unit
INFO: [VRFC 10-311] analyzing module cpu_multicycle
INFO: [VRFC 10-311] analyzing module dbu
INFO: [VRFC 10-311] analyzing module dist_mem_512x32
INFO: [VRFC 10-311] analyzing module edge_taker
INFO: [VRFC 10-311] analyzing module edge_taker_0
INFO: [VRFC 10-311] analyzing module edge_taker_1
INFO: [VRFC 10-311] analyzing module register_file
INFO: [VRFC 10-311] analyzing module dist_mem_512x32_dist_mem_gen_v8_0_13
INFO: [VRFC 10-311] analyzing module dist_mem_512x32_dist_mem_gen_v8_0_13_synth
INFO: [VRFC 10-311] analyzing module dist_mem_512x32_dpram
INFO: [VRFC 10-311] analyzing module glbl
INFO: [VRFC 10-2263] Analyzing Verilog file "D:/VivadoProject/COD/Lab4/Multicycle_CPU_new/Multicycle_CPU_new.srcs/sim_1/new/dbu_tb.v" into library xil_defaultlib
INFO: [VRFC 10-311] analyzing module dbu_tb
