
*** Running vivado
    with args -log fifo.vds -m64 -product Vivado -mode batch -messageDb vivado.pb -notrace -source fifo.tcl


****** Vivado v2019.1 (64-bit)
  **** SW Build 2552052 on Fri May 24 14:49:42 MDT 2019
  **** IP Build 2548770 on Fri May 24 18:01:18 MDT 2019
    ** Copyright 1986-2019 Xilinx, Inc. All Rights Reserved.

source fifo.tcl -notrace
Command: synth_design -top fifo -part xc7a12ticsg325-1L
Starting synth_design
Attempting to get a license for feature 'Synthesis' and/or device 'xc7a12ti'
INFO: [Common 17-349] Got license for feature 'Synthesis' and/or device 'xc7a12ti'
INFO: [Device 21-403] Loading part xc7a12ticsg325-1L
INFO: Launching helper process for spawning children vivado processes
INFO: Helper process launched with PID 13000 
---------------------------------------------------------------------------------
Starting RTL Elaboration : Time (s): cpu = 00:00:03 ; elapsed = 00:00:03 . Memory (MB): peak = 686.273 ; gain = 178.316
---------------------------------------------------------------------------------
INFO: [Synth 8-6157] synthesizing module 'fifo' [C:/Users/expecto/Desktop/Lab/COD_Lab/project_1/project_1.srcs/sources_1/new/fifo.v:3]
INFO: [Synth 8-6157] synthesizing module 'ram_8' [C:/Users/expecto/Desktop/Lab/COD_Lab/project_1/project_1.srcs/sources_1/new/ram_8.v:3]
INFO: [Synth 8-6155] done synthesizing module 'ram_8' (1#1) [C:/Users/expecto/Desktop/Lab/COD_Lab/project_1/project_1.srcs/sources_1/new/ram_8.v:3]
INFO: [Synth 8-6157] synthesizing module 'sdu' [C:/Users/expecto/Desktop/Lab/COD_Lab/project_1/project_1.srcs/sources_1/new/sdu.v:3]
INFO: [Synth 8-6155] done synthesizing module 'sdu' (2#1) [C:/Users/expecto/Desktop/Lab/COD_Lab/project_1/project_1.srcs/sources_1/new/sdu.v:3]
INFO: [Synth 8-6157] synthesizing module 'edge_taker' [C:/Users/expecto/Desktop/Lab/COD_Lab/project_1/project_1.srcs/sources_1/new/edge_taker.v:3]
INFO: [Synth 8-6155] done synthesizing module 'edge_taker' (3#1) [C:/Users/expecto/Desktop/Lab/COD_Lab/project_1/project_1.srcs/sources_1/new/edge_taker.v:3]
INFO: [Synth 8-226] default block is never used [C:/Users/expecto/Desktop/Lab/COD_Lab/project_1/project_1.srcs/sources_1/new/fifo.v:76]
WARNING: [Synth 8-6014] Unused sequential element state_reg was removed.  [C:/Users/expecto/Desktop/Lab/COD_Lab/project_1/project_1.srcs/sources_1/new/fifo.v:53]
INFO: [Synth 8-6155] done synthesizing module 'fifo' (4#1) [C:/Users/expecto/Desktop/Lab/COD_Lab/project_1/project_1.srcs/sources_1/new/fifo.v:3]
WARNING: [Synth 8-3331] design fifo has unconnected port rst
---------------------------------------------------------------------------------
Finished RTL Elaboration : Time (s): cpu = 00:00:04 ; elapsed = 00:00:03 . Memory (MB): peak = 750.020 ; gain = 242.062
---------------------------------------------------------------------------------

Report Check Netlist: 
+------+------------------+-------+---------+-------+------------------+
|      |Item              |Errors |Warnings |Status |Description       |
+------+------------------+-------+---------+-------+------------------+
|1     |multi_driven_nets |      0|        0|Passed |Multi driven nets |
+------+------------------+-------+---------+-------+------------------+
---------------------------------------------------------------------------------
Start Handling Custom Attributes
---------------------------------------------------------------------------------
---------------------------------------------------------------------------------
Finished Handling Custom Attributes : Time (s): cpu = 00:00:04 ; elapsed = 00:00:04 . Memory (MB): peak = 750.020 ; gain = 242.062
---------------------------------------------------------------------------------
---------------------------------------------------------------------------------
Finished RTL Optimization Phase 1 : Time (s): cpu = 00:00:04 ; elapsed = 00:00:04 . Memory (MB): peak = 750.020 ; gain = 242.062
---------------------------------------------------------------------------------
INFO: [Project 1-570] Preparing netlist for logic optimization

Processing XDC Constraints
Initializing timing engine
Parsing XDC File [C:/Users/expecto/Desktop/Lab/COD_Lab/project_1/project_1.srcs/constrs_1/new/co.xdc]
Finished Parsing XDC File [C:/Users/expecto/Desktop/Lab/COD_Lab/project_1/project_1.srcs/constrs_1/new/co.xdc]
INFO: [Project 1-236] Implementation specific constraints were found while reading constraint file [C:/Users/expecto/Desktop/Lab/COD_Lab/project_1/project_1.srcs/constrs_1/new/co.xdc]. These constraints will be ignored for synthesis but will be used in implementation. Impacted constraints are listed in the file [.Xil/fifo_propImpl.xdc].
Resolution: To avoid this warning, move constraints listed in [.Xil/fifo_propImpl.xdc] to another XDC file and exclude this new file from synthesis with the used_in_synthesis property (File Properties dialog in GUI) and re-run elaboration/synthesis.
Completed Processing XDC Constraints

Netlist sorting complete. Time (s): cpu = 00:00:00 ; elapsed = 00:00:00 . Memory (MB): peak = 856.277 ; gain = 0.000
INFO: [Project 1-111] Unisim Transformation Summary:
No Unisim elements were transformed.

Constraint Validation Runtime : Time (s): cpu = 00:00:00 ; elapsed = 00:00:00.002 . Memory (MB): peak = 856.277 ; gain = 0.000
---------------------------------------------------------------------------------
Finished Constraint Validation : Time (s): cpu = 00:00:08 ; elapsed = 00:00:08 . Memory (MB): peak = 856.277 ; gain = 348.320
---------------------------------------------------------------------------------
---------------------------------------------------------------------------------
Start Loading Part and Timing Information
---------------------------------------------------------------------------------
Loading part: xc7a12ticsg325-1L
---------------------------------------------------------------------------------
Finished Loading Part and Timing Information : Time (s): cpu = 00:00:08 ; elapsed = 00:00:08 . Memory (MB): peak = 856.277 ; gain = 348.320
---------------------------------------------------------------------------------
---------------------------------------------------------------------------------
Start Applying 'set_property' XDC Constraints
---------------------------------------------------------------------------------
---------------------------------------------------------------------------------
Finished applying 'set_property' XDC Constraints : Time (s): cpu = 00:00:08 ; elapsed = 00:00:08 . Memory (MB): peak = 856.277 ; gain = 348.320
---------------------------------------------------------------------------------
WARNING: [Synth 8-327] inferring latch for variable 'd1_reg' [C:/Users/expecto/Desktop/Lab/COD_Lab/project_1/project_1.srcs/sources_1/new/fifo.v:63]
---------------------------------------------------------------------------------
Finished RTL Optimization Phase 2 : Time (s): cpu = 00:00:08 ; elapsed = 00:00:08 . Memory (MB): peak = 856.277 ; gain = 348.320
---------------------------------------------------------------------------------

Report RTL Partitions: 
+-+--------------+------------+----------+
| |RTL Partition |Replication |Instances |
+-+--------------+------------+----------+
+-+--------------+------------+----------+
---------------------------------------------------------------------------------
Start RTL Component Statistics 
---------------------------------------------------------------------------------
Detailed RTL Component Info : 
+---Adders : 
	   2 Input     32 Bit       Adders := 1     
	   2 Input      4 Bit       Adders := 2     
	   2 Input      3 Bit       Adders := 2     
+---Registers : 
	               32 Bit    Registers := 1     
	                8 Bit    Registers := 1     
	                4 Bit    Registers := 2     
	                3 Bit    Registers := 7     
	                1 Bit    Registers := 9     
+---Muxes : 
	   3 Input      8 Bit        Muxes := 1     
	   7 Input      3 Bit        Muxes := 1     
	   3 Input      2 Bit        Muxes := 1     
	   8 Input      1 Bit        Muxes := 1     
	   2 Input      1 Bit        Muxes := 3     
	   3 Input      1 Bit        Muxes := 6     
	   4 Input      1 Bit        Muxes := 2     
---------------------------------------------------------------------------------
Finished RTL Component Statistics 
---------------------------------------------------------------------------------
---------------------------------------------------------------------------------
Start RTL Hierarchical Component Statistics 
---------------------------------------------------------------------------------
Hierarchical RTL Component report 
Module fifo 
Detailed RTL Component Info : 
+---Adders : 
	   2 Input      4 Bit       Adders := 2     
	   2 Input      3 Bit       Adders := 2     
+---Registers : 
	                8 Bit    Registers := 1     
	                4 Bit    Registers := 2     
	                3 Bit    Registers := 6     
	                1 Bit    Registers := 3     
+---Muxes : 
	   3 Input      8 Bit        Muxes := 1     
	   3 Input      2 Bit        Muxes := 1     
	   2 Input      1 Bit        Muxes := 3     
	   3 Input      1 Bit        Muxes := 6     
	   4 Input      1 Bit        Muxes := 2     
Module sdu 
Detailed RTL Component Info : 
+---Adders : 
	   2 Input     32 Bit       Adders := 1     
+---Registers : 
	               32 Bit    Registers := 1     
	                3 Bit    Registers := 1     
+---Muxes : 
	   7 Input      3 Bit        Muxes := 1     
	   8 Input      1 Bit        Muxes := 1     
Module edge_taker 
Detailed RTL Component Info : 
+---Registers : 
	                1 Bit    Registers := 3     
---------------------------------------------------------------------------------
Finished RTL Hierarchical Component Statistics
---------------------------------------------------------------------------------
---------------------------------------------------------------------------------
Start Part Resource Summary
---------------------------------------------------------------------------------
Part Resources:
DSPs: 40 (col length:40)
BRAMs: 40 (col length: RAMB18 40 RAMB36 20)
---------------------------------------------------------------------------------
Finished Part Resource Summary
---------------------------------------------------------------------------------
---------------------------------------------------------------------------------
Start Cross Boundary and Area Optimization
---------------------------------------------------------------------------------
Warning: Parallel synthesis criteria is not met 
INFO: [Synth 8-4471] merging register 'inst_2/pt_reg' into 'inst_1/pt_reg' [C:/Users/expecto/Desktop/Lab/COD_Lab/project_1/project_1.srcs/sources_1/new/edge_taker.v:27]
WARNING: [Synth 8-3331] design fifo has unconnected port rst
INFO: [Synth 8-3333] propagating constant 1 across sequential element (wer_reg)
---------------------------------------------------------------------------------
Finished Cross Boundary and Area Optimization : Time (s): cpu = 00:00:09 ; elapsed = 00:00:09 . Memory (MB): peak = 856.277 ; gain = 348.320
---------------------------------------------------------------------------------
---------------------------------------------------------------------------------
Start ROM, RAM, DSP and Shift Register Reporting
---------------------------------------------------------------------------------

Distributed RAM: Preliminary Mapping  Report (see note below)
+------------+-------------------+-----------+----------------------+--------------+
|Module Name | RTL Object        | Inference | Size (Depth x Width) | Primitives   | 
+------------+-------------------+-----------+----------------------+--------------+
|fifo        | ram_8/regfile_reg | Implied   | 8 x 4                | RAM32M x 2   | 
+------------+-------------------+-----------+----------------------+--------------+

Note: The table above is a preliminary report that shows the Distributed RAMs at the current stage of the synthesis flow. Some Distributed RAMs may be reimplemented as non Distributed RAM primitives later in the synthesis flow. Multiple instantiated RAMs are reported only once.
---------------------------------------------------------------------------------
Finished ROM, RAM, DSP and Shift Register Reporting
---------------------------------------------------------------------------------

Report RTL Partitions: 
+-+--------------+------------+----------+
| |RTL Partition |Replication |Instances |
+-+--------------+------------+----------+
+-+--------------+------------+----------+
---------------------------------------------------------------------------------
Start Applying XDC Timing Constraints
---------------------------------------------------------------------------------
---------------------------------------------------------------------------------
Finished Applying XDC Timing Constraints : Time (s): cpu = 00:00:15 ; elapsed = 00:00:15 . Memory (MB): peak = 856.277 ; gain = 348.320
---------------------------------------------------------------------------------
---------------------------------------------------------------------------------
Start Timing Optimization
---------------------------------------------------------------------------------
---------------------------------------------------------------------------------
Finished Timing Optimization : Time (s): cpu = 00:00:15 ; elapsed = 00:00:15 . Memory (MB): peak = 856.277 ; gain = 348.320
---------------------------------------------------------------------------------
---------------------------------------------------------------------------------
Start ROM, RAM, DSP and Shift Register Reporting
---------------------------------------------------------------------------------

Distributed RAM: Final Mapping  Report
+------------+-------------------+-----------+----------------------+--------------+
|Module Name | RTL Object        | Inference | Size (Depth x Width) | Primitives   | 
+------------+-------------------+-----------+----------------------+--------------+
|fifo        | ram_8/regfile_reg | Implied   | 8 x 4                | RAM32M x 2   | 
+------------+-------------------+-----------+----------------------+--------------+

---------------------------------------------------------------------------------
Finished ROM, RAM, DSP and Shift Register Reporting
---------------------------------------------------------------------------------

Report RTL Partitions: 
+-+--------------+------------+----------+
| |RTL Partition |Replication |Instances |
+-+--------------+------------+----------+
+-+--------------+------------+----------+
---------------------------------------------------------------------------------
Start Technology Mapping
---------------------------------------------------------------------------------
---------------------------------------------------------------------------------
Finished Technology Mapping : Time (s): cpu = 00:00:15 ; elapsed = 00:00:15 . Memory (MB): peak = 856.277 ; gain = 348.320
---------------------------------------------------------------------------------

Report RTL Partitions: 
+-+--------------+------------+----------+
| |RTL Partition |Replication |Instances |
+-+--------------+------------+----------+
+-+--------------+------------+----------+
---------------------------------------------------------------------------------
Start IO Insertion
---------------------------------------------------------------------------------
---------------------------------------------------------------------------------
Start Flattening Before IO Insertion
---------------------------------------------------------------------------------
---------------------------------------------------------------------------------
Finished Flattening Before IO Insertion
---------------------------------------------------------------------------------
---------------------------------------------------------------------------------
Start Final Netlist Cleanup
---------------------------------------------------------------------------------
---------------------------------------------------------------------------------
Finished Final Netlist Cleanup
---------------------------------------------------------------------------------
---------------------------------------------------------------------------------
Finished IO Insertion : Time (s): cpu = 00:00:16 ; elapsed = 00:00:16 . Memory (MB): peak = 868.742 ; gain = 360.785
---------------------------------------------------------------------------------

Report Check Netlist: 
+------+------------------+-------+---------+-------+------------------+
|      |Item              |Errors |Warnings |Status |Description       |
+------+------------------+-------+---------+-------+------------------+
|1     |multi_driven_nets |      0|        0|Passed |Multi driven nets |
+------+------------------+-------+---------+-------+------------------+
---------------------------------------------------------------------------------
Start Renaming Generated Instances
---------------------------------------------------------------------------------
---------------------------------------------------------------------------------
Finished Renaming Generated Instances : Time (s): cpu = 00:00:16 ; elapsed = 00:00:16 . Memory (MB): peak = 868.742 ; gain = 360.785
---------------------------------------------------------------------------------

Report RTL Partitions: 
+-+--------------+------------+----------+
| |RTL Partition |Replication |Instances |
+-+--------------+------------+----------+
+-+--------------+------------+----------+
---------------------------------------------------------------------------------
Start Rebuilding User Hierarchy
---------------------------------------------------------------------------------
---------------------------------------------------------------------------------
Finished Rebuilding User Hierarchy : Time (s): cpu = 00:00:16 ; elapsed = 00:00:16 . Memory (MB): peak = 868.742 ; gain = 360.785
---------------------------------------------------------------------------------
---------------------------------------------------------------------------------
Start Renaming Generated Ports
---------------------------------------------------------------------------------
---------------------------------------------------------------------------------
Finished Renaming Generated Ports : Time (s): cpu = 00:00:16 ; elapsed = 00:00:16 . Memory (MB): peak = 868.742 ; gain = 360.785
---------------------------------------------------------------------------------
---------------------------------------------------------------------------------
Start Handling Custom Attributes
---------------------------------------------------------------------------------
---------------------------------------------------------------------------------
Finished Handling Custom Attributes : Time (s): cpu = 00:00:16 ; elapsed = 00:00:16 . Memory (MB): peak = 868.742 ; gain = 360.785
---------------------------------------------------------------------------------
---------------------------------------------------------------------------------
Start Renaming Generated Nets
---------------------------------------------------------------------------------
---------------------------------------------------------------------------------
Finished Renaming Generated Nets : Time (s): cpu = 00:00:16 ; elapsed = 00:00:16 . Memory (MB): peak = 868.742 ; gain = 360.785
---------------------------------------------------------------------------------
---------------------------------------------------------------------------------
Start Writing Synthesis Report
---------------------------------------------------------------------------------

Report BlackBoxes: 
+-+--------------+----------+
| |BlackBox name |Instances |
+-+--------------+----------+
+-+--------------+----------+

Report Cell Usage: 
+------+-------+------+
|      |Cell   |Count |
+------+-------+------+
|1     |BUFG   |     1|
|2     |CARRY4 |     8|
|3     |LUT1   |     2|
|4     |LUT2   |    33|
|5     |LUT3   |     2|
|6     |LUT4   |    18|
|7     |LUT5   |    15|
|8     |LUT6   |    37|
|9     |RAM32M |     2|
|10    |FDRE   |    71|
|11    |LD     |     4|
|12    |IBUF   |     7|
|13    |OBUF   |    13|
+------+-------+------+

Report Instance Areas: 
+------+---------+-------+------+
|      |Instance |Module |Cells |
+------+---------+-------+------+
|1     |top      |       |   213|
|2     |  ram_8  |ram_8  |     2|
|3     |  sdu    |sdu    |   108|
+------+---------+-------+------+
---------------------------------------------------------------------------------
Finished Writing Synthesis Report : Time (s): cpu = 00:00:16 ; elapsed = 00:00:16 . Memory (MB): peak = 868.742 ; gain = 360.785
---------------------------------------------------------------------------------
Synthesis finished with 0 errors, 0 critical warnings and 2 warnings.
Synthesis Optimization Runtime : Time (s): cpu = 00:00:11 ; elapsed = 00:00:15 . Memory (MB): peak = 868.742 ; gain = 254.527
Synthesis Optimization Complete : Time (s): cpu = 00:00:16 ; elapsed = 00:00:17 . Memory (MB): peak = 868.742 ; gain = 360.785
INFO: [Project 1-571] Translating synthesized netlist
INFO: [Netlist 29-17] Analyzing 14 Unisim elements for replacement
INFO: [Netlist 29-28] Unisim Transformation completed in 0 CPU seconds
INFO: [Project 1-570] Preparing netlist for logic optimization
INFO: [Opt 31-138] Pushed 0 inverter(s) to 0 load pin(s).
Netlist sorting complete. Time (s): cpu = 00:00:00 ; elapsed = 00:00:00 . Memory (MB): peak = 881.094 ; gain = 0.000
INFO: [Project 1-111] Unisim Transformation Summary:
  A total of 6 instances were transformed.
  LD => LDCE: 4 instances
  RAM32M => RAM32M (RAMD32, RAMD32, RAMD32, RAMD32, RAMD32, RAMD32, RAMS32, RAMS32): 2 instances

INFO: [Common 17-83] Releasing license: Synthesis
23 Infos, 4 Warnings, 0 Critical Warnings and 0 Errors encountered.
synth_design completed successfully
synth_design: Time (s): cpu = 00:00:20 ; elapsed = 00:00:22 . Memory (MB): peak = 881.094 ; gain = 585.969
Netlist sorting complete. Time (s): cpu = 00:00:00 ; elapsed = 00:00:00 . Memory (MB): peak = 881.094 ; gain = 0.000
WARNING: [Constraints 18-5210] No constraints selected for write.
Resolution: This message can indicate that there are no constraints for the design, or it can indicate that the used_in flags are set such that the constraints are ignored. This later case is used when running synth_design to not write synthesis constraints to the resulting checkpoint. Instead, project constraints are read when the synthesized design is opened.
INFO: [Common 17-1381] The checkpoint 'C:/Users/expecto/Desktop/Lab/COD_Lab/project_1/project_1.runs/synth_1/fifo.dcp' has been generated.
INFO: [runtcl-4] Executing : report_utilization -file fifo_utilization_synth.rpt -pb fifo_utilization_synth.pb
INFO: [Common 17-206] Exiting Vivado at Thu Apr  7 20:34:26 2022...
