#
# A fatal error has been detected by the Java Runtime Environment:
#
#  EXCEPTION_ACCESS_VIOLATION (0xc0000005) at pc=0x00007ff97e993370, pid=7884, tid=10096
#
# JRE version: Java(TM) SE Runtime Environment (9.0+11) (build 9.0.4+11)
# Java VM: Java HotSpot(TM) 64-Bit Server VM (9.0.4+11, mixed mode, tiered, compressed oops, g1 gc, windows-amd64)
# Problematic frame:
# C  [librdi_wavedata.dll+0x453370]
#
# No core dump will be written. Minidumps are not enabled by default on client versions of Windows
#
# If you would like to submit a bug report, please visit:
#   http://bugreport.java.com/bugreport/crash.jsp
# The crash happened outside the Java Virtual Machine in native code.
# See problematic frame for where to report the bug.
#

---------------  S U M M A R Y ------------

Command Line: -Dsun.java2d.pmoffscreen=false -Dsun.java2d.xrender=false -Dsun.java2d.d3d=false -Dsun.awt.nopixfmt=true -Dsun.java2d.dpiaware=true -Dsun.java2d.uiScale.enabled=false -Xverify:none -Dswing.aatext=true -XX:-UsePerfData -Djdk.map.althashing.threshold=512 -XX:StringTableSize=4072 --add-opens=java.base/java.nio=ALL-UNNAMED --add-opens=java.desktop/sun.swing=ALL-UNNAMED --add-opens=java.desktop/javax.swing=ALL-UNNAMED --add-opens=java.desktop/javax.swing.tree=ALL-UNNAMED --add-opens=java.desktop/javax.swing.plaf.basic=ALL-UNNAMED --add-opens=java.desktop/javax.swing.plaf.synth=ALL-UNNAMED --add-opens=java.desktop/com.sun.awt=ALL-UNNAMED -XX:NewSize=60m -XX:MaxNewSize=60m -Xms128m -Xmx3072m -Xss5m 

Host: Intel(R) Core(TM) i5-10600KF CPU @ 4.10GHz, 12 cores, 15G,  Windows 10 , 64 bit Build 22000 (10.0.22000.434)
Time: Thu Apr 07 18:40:02 2022 ?D1¨²¡À¨º¡Á?¨º¡À?? elapsed time: 3623 seconds (0d 1h 0m 23s)

---------------  T H R E A D  ---------------

Current thread (0x000001d2042ce800):  JavaThread "AWT-EventQueue-1" [_thread_in_native, id=10096, stack(0x000000631c400000,0x000000631c900000)]

Stack: [0x000000631c400000,0x000000631c900000],  sp=0x000000631c8f3fe8,  free space=5071k
Native frames: (J=compiled Java code, j=interpreted, Vv=VM code, C=native code)
C  [librdi_wavedata.dll+0x453370]

Java frames: (J=compiled Java code, j=interpreted, Vv=VM code)
J 20762  ui.views.waveform.waveformi.WVExecutive_getGraphicsDataSize(J)J (0 bytes) @ 0x000001d213e52d21 [0x000001d213e52ce0+0x0000000000000041]
J 20761 c1 ui.views.waveform.executive.a.gEt()Ljava/io/ByteArrayInputStream; (93 bytes) @ 0x000001d20d5e82ac [0x000001d20d5e81c0+0x00000000000000ec]
J 20760 c1 ui.views.waveform.b.a.gEf()V (142 bytes) @ 0x000001d20d5eb3b4 [0x000001d20d5eb2a0+0x0000000000000114]
J 19956 c1 ui.views.waveform.w.cRi()V (38 bytes) @ 0x000001d20de5546c [0x000001d20de54d00+0x000000000000076c]
J 18953 c1 ui.views.waveform.c.b.j(Lui/frmwork/b/i;)V (603 bytes) @ 0x000001d20dd25eac [0x000001d20dd1b760+0x000000000000a74c]
J 18952 c1 ui.views.waveform.w.a(Lui/frmwork/b/i;)V (17 bytes) @ 0x000001d20d177a94 [0x000001d20d1779c0+0x00000000000000d4]
J 22754 c2 ui.frmwork.b.l.d(Lui/frmwork/b/i;)V (61 bytes) @ 0x000001d214052b9c [0x000001d2140528c0+0x00000000000002dc]
J 22500 c2 ui.frmwork.HTclEventBroker.i(JZ)V (471 bytes) @ 0x000001d213ff5ca0 [0x000001d213ff4820+0x0000000000001480]
J 23181 c2 ui.frmwork.HTclEventBroker.fireTclEvent(J)I (113 bytes) @ 0x000001d21305b380 [0x000001d21305a8e0+0x0000000000000aa0]
v  ~StubRoutines::call_stub
J 24301  ui.views.waveform.waveformi.WVExecutive_processModelEvent(JJ)V (0 bytes) @ 0x000001d2141a2224 [0x000001d2141a21e0+0x0000000000000044]
J 24300 c1 ui.views.waveform.executive.a.eE(J)V (9 bytes) @ 0x000001d20c52b734 [0x000001d20c52b6c0+0x0000000000000074]
j  ui.views.waveform.c.b.eD(J)V+8
J 18953 c1 ui.views.waveform.c.b.j(Lui/frmwork/b/i;)V (603 bytes) @ 0x000001d20dd26be4 [0x000001d20dd1b760+0x000000000000b484]
J 18952 c1 ui.views.waveform.w.a(Lui/frmwork/b/i;)V (17 bytes) @ 0x000001d20d177a94 [0x000001d20d1779c0+0x00000000000000d4]
J 22754 c2 ui.frmwork.b.l.d(Lui/frmwork/b/i;)V (61 bytes) @ 0x000001d214052b9c [0x000001d2140528c0+0x00000000000002dc]
J 22500 c2 ui.frmwork.HTclEventBroker.i(JZ)V (471 bytes) @ 0x000001d213ff5ca0 [0x000001d213ff4820+0x0000000000001480]
J 23181 c2 ui.frmwork.HTclEventBroker.fireTclEvent(J)I (113 bytes) @ 0x000001d21305b380 [0x000001d21305a8e0+0x0000000000000aa0]
v  ~StubRoutines::call_stub
J 24301  ui.views.waveform.waveformi.WVExecutive_processModelEvent(JJ)V (0 bytes) @ 0x000001d2141a2224 [0x000001d2141a21e0+0x0000000000000044]
J 24300 c1 ui.views.waveform.executive.a.eE(J)V (9 bytes) @ 0x000001d20c52b734 [0x000001d20c52b6c0+0x0000000000000074]
j  ui.views.waveform.c.b.eD(J)V+8
j  ui.views.waveform.c.e.actionPerformed(Ljava/awt/event/ActionEvent;)V+8
J 19613 c2 javax.swing.Timer.fireActionPerformed(Ljava/awt/event/ActionEvent;)V java.desktop@9.0.4 (46 bytes) @ 0x000001d213cca558 [0x000001d213cca440+0x0000000000000118]
J 19624 c2 javax.swing.Timer$DoPostEvent.run()V java.desktop@9.0.4 (82 bytes) @ 0x000001d213ccb6ec [0x000001d213ccb3e0+0x000000000000030c]
J 15261 c2 java.awt.EventQueue.dispatchEventImpl(Ljava/awt/AWTEvent;Ljava/lang/Object;)V java.desktop@9.0.4 (136 bytes) @ 0x000001d21371f004 [0x000001d21371eae0+0x0000000000000524]
J 15278 c2 java.awt.EventQueue$3.run()Ljava/lang/Object; java.desktop@9.0.4 (5 bytes) @ 0x000001d213733a2c [0x000001d2137339c0+0x000000000000006c]
v  ~StubRoutines::call_stub
J 4267  java.security.AccessController.doPrivileged(Ljava/security/PrivilegedAction;Ljava/security/AccessControlContext;)Ljava/lang/Object; java.base@9.0.4 (0 bytes) @ 0x000001d212d12cc6 [0x000001d212d12c60+0x0000000000000066]
J 15252 c2 ui.frmwork.b.d.dispatchEvent(Ljava/awt/AWTEvent;)V (34 bytes) @ 0x000001d21371b710 [0x000001d21371b120+0x00000000000005f0]
J 17561 c2 java.awt.EventDispatchThread.pumpOneEventForFilters(I)V java.desktop@9.0.4 (218 bytes) @ 0x000001d213b1cb94 [0x000001d213b1c880+0x0000000000000314]
J 21898 c2 java.awt.EventDispatchThread.pumpEventsForFilter(ILjava/awt/Conditional;Ljava/awt/EventFilter;)V java.desktop@9.0.4 (47 bytes) @ 0x000001d213a013cc [0x000001d213a011e0+0x00000000000001ec]
j  java.awt.EventDispatchThread.pumpEventsForFilter(Ljava/awt/Conditional;Ljava/awt/EventFilter;)V+4 java.desktop@9.0.4
j  java.awt.WaitDispatchSupport$2.run()V+59 java.desktop@9.0.4
j  java.awt.WaitDispatchSupport$4.run()Ljava/lang/Void;+4 java.desktop@9.0.4
j  java.awt.WaitDispatchSupport$4.run()Ljava/lang/Object;+1 java.desktop@9.0.4
v  ~StubRoutines::call_stub
J 1033  java.security.AccessController.doPrivileged(Ljava/security/PrivilegedAction;)Ljava/lang/Object; java.base@9.0.4 (0 bytes) @ 0x000001d212b2bc32 [0x000001d212b2bbe0+0x0000000000000052]
j  java.awt.WaitDispatchSupport.enter()Z+260 java.desktop@9.0.4
j  java.awt.Dialog.show()V+225 java.desktop@9.0.4
J 13008 c1 java.awt.Component.setVisible(Z)V java.desktop@9.0.4 (6 bytes) @ 0x000001d20d08264c [0x000001d20d082460+0x00000000000001ec]
j  java.awt.Window.setVisible(Z)V+2 java.desktop@9.0.4
j  java.awt.Dialog.setVisible(Z)V+2 java.desktop@9.0.4
j  ui.b.c.g.setVisible(Z)V+2
j  ui.b.c.by.showDialog()V+64
j  ui.b.c.bF.actionPerformed(Ljava/awt/event/ActionEvent;)V+8
j  ui.b.c.by.cJI()V+396
j  ui.views.c.t.b.a.run()V+60
j  ui.frmwork.a.dWF()Z+66
j  ui.frmwork.V.dYl()V+42
j  ui.bk.actionPerformed(Ljava/awt/event/ActionEvent;)V+25
j  javax.swing.AbstractButton.fireActionPerformed(Ljava/awt/event/ActionEvent;)V+84 java.desktop@9.0.4
j  ui.utils.o.b.B.fireActionPerformed(Ljava/awt/event/ActionEvent;)V+7
j  javax.swing.AbstractButton$Handler.actionPerformed(Ljava/awt/event/ActionEvent;)V+5 java.desktop@9.0.4
j  javax.swing.DefaultButtonModel.fireActionPerformed(Ljava/awt/event/ActionEvent;)V+34 java.desktop@9.0.4
j  javax.swing.DefaultButtonModel.setPressed(Z)V+117 java.desktop@9.0.4
j  javax.swing.plaf.basic.BasicButtonListener.mouseReleased(Ljava/awt/event/MouseEvent;)V+35 java.desktop@9.0.4
j  com.jidesoft.plaf.basic.BasicJideButtonListener.mouseReleased(Ljava/awt/event/MouseEvent;)V+61
J 20412 c1 java.awt.AWTEventMulticaster.mouseReleased(Ljava/awt/event/MouseEvent;)V java.desktop@9.0.4 (27 bytes) @ 0x000001d20bb5920c [0x000001d20bb59000+0x000000000000020c]
J 20412 c1 java.awt.AWTEventMulticaster.mouseReleased(Ljava/awt/event/MouseEvent;)V java.desktop@9.0.4 (27 bytes) @ 0x000001d20bb5920c [0x000001d20bb59000+0x000000000000020c]
J 20412 c1 java.awt.AWTEventMulticaster.mouseReleased(Ljava/awt/event/MouseEvent;)V java.desktop@9.0.4 (27 bytes) @ 0x000001d20bb5920c [0x000001d20bb59000+0x000000000000020c]
J 20412 c1 java.awt.AWTEventMulticaster.mouseReleased(Ljava/awt/event/MouseEvent;)V java.desktop@9.0.4 (27 bytes) @ 0x000001d20bb5920c [0x000001d20bb59000+0x000000000000020c]
J 15437 c1 java.awt.Component.processMouseEvent(Ljava/awt/event/MouseEvent;)V java.desktop@9.0.4 (100 bytes) @ 0x000001d20d63ddb4 [0x000001d20d63da20+0x0000000000000394]
J 15436 c1 javax.swing.JComponent.processMouseEvent(Ljava/awt/event/MouseEvent;)V java.desktop@9.0.4 (27 bytes) @ 0x000001d20d63d56c [0x000001d20d63d360+0x000000000000020c]
J 12795 c2 java.awt.Container.processEvent(Ljava/awt/AWTEvent;)V java.desktop@9.0.4 (22 bytes) @ 0x000001d2133e8dc0 [0x000001d2133e8ca0+0x0000000000000120]
J 21894 c2 java.awt.Component.dispatchEventImpl(Ljava/awt/AWTEvent;)V java.desktop@9.0.4 (739 bytes) @ 0x000001d213f17f6c [0x000001d213f17740+0x000000000000082c]
J 17942 c2 java.awt.Container.dispatchEventImpl(Ljava/awt/AWTEvent;)V java.desktop@9.0.4 (129 bytes) @ 0x000001d2132f6b04 [0x000001d2132f6aa0+0x0000000000000064]
J 15223 c2 java.awt.LightweightDispatcher.retargetMouseEvent(Ljava/awt/Component;ILjava/awt/event/MouseEvent;)V java.desktop@9.0.4 (350 bytes) @ 0x000001d2136fef80 [0x000001d2136fe9e0+0x00000000000005a0]
J 17942 c2 java.awt.Container.dispatchEventImpl(Ljava/awt/AWTEvent;)V java.desktop@9.0.4 (129 bytes) @ 0x000001d2132f7348 [0x000001d2132f6aa0+0x00000000000008a8]
J 19412 c2 java.awt.Window.dispatchEventImpl(Ljava/awt/AWTEvent;)V java.desktop@9.0.4 (23 bytes) @ 0x000001d2136c630c [0x000001d2136c62c0+0x000000000000004c]
J 15261 c2 java.awt.EventQueue.dispatchEventImpl(Ljava/awt/AWTEvent;Ljava/lang/Object;)V java.desktop@9.0.4 (136 bytes) @ 0x000001d21371f0a8 [0x000001d21371eae0+0x00000000000005c8]
J 15278 c2 java.awt.EventQueue$3.run()Ljava/lang/Object; java.desktop@9.0.4 (5 bytes) @ 0x000001d213733a2c [0x000001d2137339c0+0x000000000000006c]
v  ~StubRoutines::call_stub
J 4267  java.security.AccessController.doPrivileged(Ljava/security/PrivilegedAction;Ljava/security/AccessControlContext;)Ljava/lang/Object; java.base@9.0.4 (0 bytes) @ 0x000001d212d12cc6 [0x000001d212d12c60+0x0000000000000066]
J 17962 c2 java.awt.EventQueue$4.run()Ljava/lang/Object; java.desktop@9.0.4 (5 bytes) @ 0x000001d21325d7c0 [0x000001d21325d560+0x0000000000000260]
v  ~StubRoutines::call_stub
J 4267  java.security.AccessController.doPrivileged(Ljava/security/PrivilegedAction;Ljava/security/AccessControlContext;)Ljava/lang/Object; java.base@9.0.4 (0 bytes) @ 0x000001d212d12cc6 [0x000001d212d12c60+0x0000000000000066]
J 15252 c2 ui.frmwork.b.d.dispatchEvent(Ljava/awt/AWTEvent;)V (34 bytes) @ 0x000001d21371b538 [0x000001d21371b120+0x0000000000000418]
J 17561 c2 java.awt.EventDispatchThread.pumpOneEventForFilters(I)V java.desktop@9.0.4 (218 bytes) @ 0x000001d213b1cb94 [0x000001d213b1c880+0x0000000000000314]
J 21722% c2 java.awt.EventDispatchThread.pumpEventsForFilter(ILjava/awt/Conditional;Ljava/awt/EventFilter;)V java.desktop@9.0.4 (47 bytes) @ 0x000001d21382baf8 [0x000001d21382b9e0+0x0000000000000118]
j  java.awt.EventDispatchThread.pumpEventsForHierarchy(ILjava/awt/Conditional;Ljava/awt/Component;)V+11 java.desktop@9.0.4
j  java.awt.EventDispatchThread.pumpEvents(ILjava/awt/Conditional;)V+4 java.desktop@9.0.4
j  java.awt.EventDispatchThread.pumpEvents(Ljava/awt/Conditional;)V+3 java.desktop@9.0.4
j  java.awt.EventDispatchThread.run()V+9 java.desktop@9.0.4
v  ~StubRoutines::call_stub

siginfo: EXCEPTION_ACCESS_VIOLATION (0xc0000005), data execution prevention violation at address 0x00007ff97e993370


Register to memory mapping:

RIP=0x00007ff97e993370 librdi_wavedata.dll
RAX=0x00007ff97e9385e0 librdi_wavedata.dll
RBX=0x000000631c8f4150 is pointing into the stack for thread: 0x000001d2042ce800
RCX=0x000001d22fba9190 is an unknown value
RDX=0x000001d22e09c5b0 is an unknown value
RSP=0x000000631c8f3fe8 is pointing into the stack for thread: 0x000001d2042ce800
RBP=0x000000631c8f4110 is pointing into the stack for thread: 0x000001d2042ce800
RSI=0x000001d22e09c5b0 is an unknown value
RDI=0x000001d22fba9190 is an unknown value
R8 =0x000000631c8f4110 is pointing into the stack for thread: 0x000001d2042ce800
R9 =0x000000631c8f4150 is pointing into the stack for thread: 0x000001d2042ce800
R10=0x000001d22e09c5c0 is an unknown value
R11=0x818043f88ff7fcb7 is an unknown value
R12=0x0000000000000000 is an unknown value
R13=0x0000000000000000 is an unknown value
R14=0x000001d22e09c5b0 is an unknown value
R15=0x0000000000000001 is an unknown value


Registers:
RAX=0x00007ff97e9385e0, RBX=0x000000631c8f4150, RCX=0x000001d22fba9190, RDX=0x000001d22e09c5b0
RSP=0x000000631c8f3fe8, RBP=0x000000631c8f4110, RSI=0x000001d22e09c5b0, RDI=0x000001d22fba9190
R8 =0x000000631c8f4110, R9 =0x000000631c8f4150, R10=0x000001d22e09c5c0, R11=0x818043f88ff7fcb7
R12=0x0000000000000000, R13=0x0000000000000000, R14=0x000001d22e09c5b0, R15=0x0000000000000001
RIP=0x00007ff97e993370, EFLAGS=0x0000000000010202

Top of Stack: (sp=0x000000631c8f3fe8)
0x000000631c8f3fe8:   00007ff97e66eedc 0000000000000000
0x000000631c8f3ff8:   000001d200000000 0000000000000000
0x000000631c8f4008:   000001d2725fd800 000001d23176c358
0x000000631c8f4018:   000000631c8f4150 000000631c8f4110
0x000000631c8f4028:   000001d22e09c5b0 fffffffffffffffe
0x000000631c8f4038:   0000000000000040 000001d2308e6ef0
0x000000631c8f4048:   0000000000000008 0000000000000000
0x000000631c8f4058:   0000000000000010 0000000000000000
0x000000631c8f4068:   0000000000000001 0000000000000000
0x000000631c8f4078:   000000631c8f4129 000001d2727e0000
0x000000631c8f4088:   00007ffa21c28c6a 000001d2725f0000
0x000000631c8f4098:   00007ffa00000007 0000d21f396664d0
0x000000631c8f40a8:   0000000000000000 000001d2269301d0
0x000000631c8f40b8:   000000631c8f4228 000001d2265a0690
0x000000631c8f40c8:   000000631c8f4159 000000631c8f4210
0x000000631c8f40d8:   00007ff97e665fc7 000000000000004f 

Instructions: (pc=0x00007ff97e993370)
0x00007ff97e993350:   00 00 00 00 ff ff ff ff 00 00 00 00 40 00 00 00
0x00007ff97e993360:   20 33 45 00 00 00 00 00 00 00 00 00 00 00 00 00
0x00007ff97e993370:   01 00 00 00 00 00 00 00 00 00 00 00 10 8a 58 00
0x00007ff97e993380:   98 33 45 00 70 33 45 00 00 00 00 00 00 00 00 00 



---------------  P R O C E S S  ---------------

Java Threads: ( => current thread )
  0x000001d22ced5000 JavaThread "Relaunch Simulation" [_thread_blocked, id=11128, stack(0x0000006320800000,0x0000006320d00000)]
  0x000001d22cec9000 JavaThread "Image Animator 3" daemon [_thread_blocked, id=17324, stack(0x000000631e500000,0x000000631ea00000)]
  0x000001d22ced2000 JavaThread "Monitor File Timestamp Swing Worker" [_thread_blocked, id=6168, stack(0x0000006322100000,0x0000006322600000)]
  0x000001d22ceca800 JavaThread "Timer-2" [_thread_blocked, id=5212, stack(0x0000006321c00000,0x0000006322100000)]
  0x000001d22ced0800 JavaThread "Monitor File Timestamp Swing Worker" [_thread_blocked, id=17660, stack(0x0000006321200000,0x0000006321700000)]
  0x000001d22cecd800 JavaThread "Timer-0" [_thread_blocked, id=9128, stack(0x0000006320d00000,0x0000006321200000)]
  0x000001d22cecb000 JavaThread "SyntheticaAnimation 50" daemon [_thread_blocked, id=17168, stack(0x000000631f900000,0x000000631fe00000)]
  0x000001d22cec7800 JavaThread "Update Runs Swing Worker" [_thread_blocked, id=7008, stack(0x0000006320300000,0x0000006320800000)]
  0x000001d22cece000 JavaThread "hw_ila_monitor" [_thread_blocked, id=3308, stack(0x000000631f400000,0x000000631f900000)]
  0x000001d27a060800 JavaThread "Refresh Filesets Swing Worker" [_thread_blocked, id=4344, stack(0x000000631ef00000,0x000000631f400000)]
  0x000001d27a05f800 JavaThread "SyntheticaAnimation 70" daemon [_thread_blocked, id=1812, stack(0x000000631ea00000,0x000000631ef00000)]
  0x000001d27a05f000 JavaThread "SyntheticaAnimation 25" daemon [_thread_blocked, id=8852, stack(0x000000631e000000,0x000000631e500000)]
  0x000001d27a05e000 JavaThread "SyntheticaAnimation 50" daemon [_thread_blocked, id=18840, stack(0x000000631db00000,0x000000631e000000)]
  0x000001d27a064000 JavaThread "Monitor HEventQueue" [_thread_blocked, id=14892, stack(0x000000631d600000,0x000000631db00000)]
  0x000001d27a061000 JavaThread "SyntheticaCleanerThread" daemon [_thread_blocked, id=2128, stack(0x000000631ce00000,0x000000631d300000)]
  0x000001d27a062800 JavaThread "Batik CleanerThread" daemon [_thread_blocked, id=2480, stack(0x000000631ba00000,0x000000631bf00000)]
=>0x000001d2042ce800 JavaThread "AWT-EventQueue-1" [_thread_in_native, id=10096, stack(0x000000631c400000,0x000000631c900000)]
  0x000001d204238000 JavaThread "Process Messages" [_thread_blocked, id=12644, stack(0x000000631bf00000,0x000000631c400000)]
  0x000001d22621e000 JavaThread "Thread-1" [_thread_in_native, id=11788, stack(0x0000006314800000,0x0000006315c00000)]
  0x000001d2262bf000 JavaThread "TimerQueue" daemon [_thread_blocked, id=6972, stack(0x000000631b000000,0x000000631b500000)]
  0x000001d2040f1800 JavaThread "AWT-Windows" daemon [_thread_in_native, id=12756, stack(0x000000631ab00000,0x000000631b000000)]
  0x000001d204105800 JavaThread "AWT-Shutdown" [_thread_blocked, id=18512, stack(0x000000631a600000,0x000000631ab00000)]
  0x000001d279d88000 JavaThread "Java2D Disposer" daemon [_thread_blocked, id=10204, stack(0x000000631a100000,0x000000631a600000)]
  0x000001d2036e3800 JavaThread "Service Thread" daemon [_thread_blocked, id=16988, stack(0x0000006319b00000,0x000000631a000000)]
  0x000001d27aa91000 JavaThread "Common-Cleaner" daemon [_thread_blocked, id=16576, stack(0x0000006319600000,0x0000006319b00000)]
  0x000001d27a062000 JavaThread "Sweeper thread" daemon [_thread_blocked, id=8404, stack(0x0000006319100000,0x0000006319600000)]
  0x000001d27a161000 JavaThread "C1 CompilerThread3" daemon [_thread_blocked, id=4476, stack(0x0000006319000000,0x0000006319100000)]
  0x000001d27a165000 JavaThread "C2 CompilerThread2" daemon [_thread_blocked, id=1448, stack(0x0000006318f00000,0x0000006319000000)]
  0x000001d27a161800 JavaThread "C2 CompilerThread1" daemon [_thread_blocked, id=2588, stack(0x0000006318e00000,0x0000006318f00000)]
  0x000001d27aa8e000 JavaThread "C2 CompilerThread0" daemon [_thread_blocked, id=15348, stack(0x0000006318d00000,0x0000006318e00000)]
  0x000001d27aa8d000 JavaThread "Attach Listener" daemon [_thread_blocked, id=12040, stack(0x0000006318800000,0x0000006318d00000)]
  0x000001d27aa73800 JavaThread "Signal Dispatcher" daemon [_thread_blocked, id=11872, stack(0x0000006318300000,0x0000006318800000)]
  0x000001d27aa71800 JavaThread "Finalizer" daemon [_thread_blocked, id=9764, stack(0x0000006317e00000,0x0000006318300000)]
  0x000001d27aa70000 JavaThread "Reference Handler" daemon [_thread_blocked, id=14220, stack(0x0000006317900000,0x0000006317e00000)]
  0x000001d20111b800 JavaThread "main" [_thread_blocked, id=12368, stack(0x0000006314700000,0x0000006314800000)]

Other Threads:
  0x000001d27aa5e800 VMThread "VM Thread" [stack: 0x0000006317800000,0x0000006317900000] [id=12776]
  0x000001d203487000 WatcherThread [stack: 0x000000631a000000,0x000000631a100000] [id=11428]
  0x000001d20111c800 GCTaskThread "GC Thread#0" [stack: 0x0000006315f00000,0x0000006316000000] [id=9980]
  0x000001d27b69b000 GCTaskThread "GC Thread#1" [stack: 0x0000006316000000,0x0000006316100000] [id=18936]
  0x000001d27b69d000 GCTaskThread "GC Thread#2" [stack: 0x0000006316100000,0x0000006316200000] [id=19244]
  0x000001d27b69d800 GCTaskThread "GC Thread#3" [stack: 0x0000006316200000,0x0000006316300000] [id=1532]
  0x000001d27b69a800 GCTaskThread "GC Thread#4" [stack: 0x0000006316300000,0x0000006316400000] [id=9784]
  0x000001d27b69b800 GCTaskThread "GC Thread#5" [stack: 0x0000006316400000,0x0000006316500000] [id=16232]
  0x000001d27b69c000 GCTaskThread "GC Thread#6" [stack: 0x0000006316500000,0x0000006316600000] [id=15220]
  0x000001d2013fc800 GCTaskThread "GC Thread#7" [stack: 0x0000006316600000,0x0000006316700000] [id=3088]
  0x000001d2013f6800 GCTaskThread "GC Thread#8" [stack: 0x0000006316700000,0x0000006316800000] [id=10408]
  0x000001d2013fd000 GCTaskThread "GC Thread#9" [stack: 0x0000006316800000,0x0000006316900000] [id=12512]
  0x000001d27a16d800 ConcurrentGCThread "G1 Main Marker" [stack: 0x0000006317400000,0x0000006317500000] [id=10420]
  0x000001d2013fd800 ConcurrentGCThread "G1 Marker#0" [stack: 0x0000006317500000,0x0000006317600000] [id=14020]
  0x000001d2013fe000 ConcurrentGCThread "G1 Marker#1" [stack: 0x0000006317600000,0x0000006317700000] [id=2824]
  0x000001d2013fb800 ConcurrentGCThread "G1 Marker#2" [stack: 0x0000006317700000,0x0000006317800000] [id=18752]
  0x000001d2025e7800 ConcurrentGCThread "G1 Refine#0" [stack: 0x0000006317200000,0x0000006317300000] [id=1560]
  0x000001d27b69e800 ConcurrentGCThread "G1 Refine#1" [stack: 0x0000006317100000,0x0000006317200000] [id=14084]
  0x000001d20147c000 ConcurrentGCThread "G1 Refine#2" [stack: 0x0000006317000000,0x0000006317100000] [id=11892]
  0x000001d27ab01000 ConcurrentGCThread "G1 Refine#3" [stack: 0x0000006316f00000,0x0000006317000000] [id=19248]
  0x000001d27ab00800 ConcurrentGCThread "G1 Refine#4" [stack: 0x0000006316e00000,0x0000006316f00000] [id=6020]
  0x000001d201859800 ConcurrentGCThread "G1 Refine#5" [stack: 0x0000006316d00000,0x0000006316e00000] [id=10668]
  0x000001d201af6800 ConcurrentGCThread "G1 Refine#6" [stack: 0x0000006316c00000,0x0000006316d00000] [id=6268]
  0x000001d201af6000 ConcurrentGCThread "G1 Refine#7" [stack: 0x0000006316b00000,0x0000006316c00000] [id=6760]
  0x000001d27ac7c800 ConcurrentGCThread "G1 Refine#8" [stack: 0x0000006316a00000,0x0000006316b00000] [id=5536]
  0x000001d20183f800 ConcurrentGCThread "G1 Refine#9" [stack: 0x0000006316900000,0x0000006316a00000] [id=5708]
  0x000001d27b69f800 ConcurrentGCThread "G1 Young RemSet Sampling" [stack: 0x0000006317300000,0x0000006317400000] [id=14916]

Threads with active compile tasks:

VM state:not at safepoint (normal execution)

VM Mutex/Monitor currently owned by a thread: None

Heap address: 0x0000000700000000, size: 3072 MB, Compressed Oops mode: Zero based, Oop shift amount: 3
Narrow klass base: 0x0000000000000000, Narrow klass shift: 3
Compressed class space size: 1073741824 Address: 0x00000007c0000000

Heap:
 garbage-first heap   total 288768K, used 106249K [0x0000000700000000, 0x00000007001008d0, 0x00000007c0000000)
  region size 1024K, 19 young (19456K), 1 survivors (1024K)
 Metaspace       used 85116K, capacity 87347K, committed 94300K, reserved 1130496K
  class space    used 11021K, capacity 11486K, committed 12924K, reserved 1048576K
Heap Regions: E=young(eden), S=young(survivor), O=old, HS=humongous(starts), HC=humongous(continues), CS=collection set, F=free, A=archive, TS=gc time stamp, AC=allocation context, TAMS=top-at-mark-start (previous, next)
|   0|0x0000000700000000, 0x00000007000f8148, 0x0000000700100000| 96%| O|  |TS  0|AC  0|TAMS 0x0000000700000000, 0x0000000700000000|
|   1|0x0000000700100000, 0x0000000700200000, 0x0000000700200000|100%|HS|  |TS  0|AC  0|TAMS 0x0000000700100000, 0x0000000700100000|
|   2|0x0000000700200000, 0x0000000700300000, 0x0000000700300000|100%|HC|  |TS  0|AC  0|TAMS 0x0000000700200000, 0x0000000700200000|
|   3|0x0000000700300000, 0x0000000700400000, 0x0000000700400000|100%|HS|  |TS  0|AC  0|TAMS 0x0000000700300000, 0x0000000700300000|
|   4|0x0000000700400000, 0x00000007004f7dc0, 0x0000000700500000| 96%| O|  |TS  0|AC  0|TAMS 0x0000000700400000, 0x0000000700400000|
|   5|0x0000000700500000, 0x00000007005ddce8, 0x0000000700600000| 86%| O|  |TS  0|AC  0|TAMS 0x0000000700500000, 0x0000000700500000|
|   6|0x0000000700600000, 0x0000000700700000, 0x0000000700700000|100%| O|  |TS  0|AC  0|TAMS 0x0000000700600000, 0x0000000700600000|
|   7|0x0000000700700000, 0x0000000700800000, 0x0000000700800000|100%| O|  |TS  0|AC  0|TAMS 0x0000000700700000, 0x0000000700700000|
|   8|0x0000000700800000, 0x00000007008fffe0, 0x0000000700900000| 99%| O|  |TS  0|AC  0|TAMS 0x0000000700800000, 0x0000000700800000|
|   9|0x0000000700900000, 0x00000007009ffff0, 0x0000000700a00000| 99%| O|  |TS  0|AC  0|TAMS 0x0000000700900000, 0x0000000700900000|
|  10|0x0000000700a00000, 0x0000000700affff0, 0x0000000700b00000| 99%| O|  |TS  0|AC  0|TAMS 0x0000000700a00000, 0x0000000700a00000|
|  11|0x0000000700b00000, 0x0000000700bffdb8, 0x0000000700c00000| 99%| O|  |TS  0|AC  0|TAMS 0x0000000700b00000, 0x0000000700b00000|
|  12|0x0000000700c00000, 0x0000000700cff8e8, 0x0000000700d00000| 99%| O|  |TS  0|AC  0|TAMS 0x0000000700c00000, 0x0000000700c00000|
|  13|0x0000000700d00000, 0x0000000700debfc0, 0x0000000700e00000| 92%| O|  |TS  0|AC  0|TAMS 0x0000000700d00000, 0x0000000700d00000|
|  14|0x0000000700e00000, 0x0000000700ef4320, 0x0000000700f00000| 95%| O|  |TS  0|AC  0|TAMS 0x0000000700e00000, 0x0000000700e00000|
|  15|0x0000000700f00000, 0x0000000700ff6c70, 0x0000000701000000| 96%| O|  |TS  0|AC  0|TAMS 0x0000000700f00000, 0x0000000700f00000|
|  16|0x0000000701000000, 0x00000007010f2940, 0x0000000701100000| 94%| O|  |TS  0|AC  0|TAMS 0x0000000701000000, 0x0000000701000000|
|  17|0x0000000701100000, 0x00000007011ffff0, 0x0000000701200000| 99%| O|  |TS  0|AC  0|TAMS 0x0000000701100000, 0x0000000701100000|
|  18|0x0000000701200000, 0x0000000701300000, 0x0000000701300000|100%| O|  |TS  0|AC  0|TAMS 0x0000000701200000, 0x0000000701200000|
|  19|0x0000000701300000, 0x00000007013dc808, 0x0000000701400000| 86%| O|  |TS  0|AC  0|TAMS 0x0000000701300000, 0x0000000701300000|
|  20|0x0000000701400000, 0x00000007014fffc0, 0x0000000701500000| 99%| O|  |TS  0|AC  0|TAMS 0x0000000701400000, 0x0000000701400000|
|  21|0x0000000701500000, 0x00000007015ffff0, 0x0000000701600000| 99%| O|  |TS  0|AC  0|TAMS 0x0000000701500000, 0x0000000701500000|
|  22|0x0000000701600000, 0x00000007016fcf20, 0x0000000701700000| 98%| O|  |TS  0|AC  0|TAMS 0x0000000701600000, 0x0000000701600000|
|  23|0x0000000701700000, 0x00000007017ffff8, 0x0000000701800000| 99%| O|  |TS  0|AC  0|TAMS 0x0000000701700000, 0x0000000701700000|
|  24|0x0000000701800000, 0x00000007018fffc8, 0x0000000701900000| 99%| O|  |TS  0|AC  0|TAMS 0x0000000701800000, 0x0000000701800000|
|  25|0x0000000701900000, 0x00000007019fffe0, 0x0000000701a00000| 99%| O|  |TS  0|AC  0|TAMS 0x0000000701900000, 0x0000000701900000|
|  26|0x0000000701a00000, 0x0000000701affe40, 0x0000000701b00000| 99%| O|  |TS  0|AC  0|TAMS 0x0000000701a00000, 0x0000000701a00000|
|  27|0x0000000701b00000, 0x0000000701c00000, 0x0000000701c00000|100%| O|  |TS  0|AC  0|TAMS 0x0000000701b00000, 0x0000000701b00000|
|  28|0x0000000701c00000, 0x0000000701d00000, 0x0000000701d00000|100%| O|  |TS  0|AC  0|TAMS 0x0000000701c00000, 0x0000000701c00000|
|  29|0x0000000701d00000, 0x0000000701dffff8, 0x0000000701e00000| 99%| O|  |TS  0|AC  0|TAMS 0x0000000701d00000, 0x0000000701d00000|
|  30|0x0000000701e00000, 0x0000000701effff8, 0x0000000701f00000| 99%| O|  |TS  0|AC  0|TAMS 0x0000000701e00000, 0x0000000701e00000|
|  31|0x0000000701f00000, 0x0000000702000000, 0x0000000702000000|100%| O|  |TS  0|AC  0|TAMS 0x0000000701f00000, 0x0000000701f00000|
|  32|0x0000000702000000, 0x00000007020ffec0, 0x0000000702100000| 99%| O|  |TS  0|AC  0|TAMS 0x0000000702000000, 0x0000000702000000|
|  33|0x0000000702100000, 0x0000000702200000, 0x0000000702200000|100%| O|  |TS  0|AC  0|TAMS 0x0000000702100000, 0x0000000702100000|
|  34|0x0000000702200000, 0x0000000702300000, 0x0000000702300000|100%| O|  |TS  0|AC  0|TAMS 0x0000000702200000, 0x0000000702200000|
|  35|0x0000000702300000, 0x00000007023fff78, 0x0000000702400000| 99%| O|  |TS  0|AC  0|TAMS 0x0000000702300000, 0x0000000702300000|
|  36|0x0000000702400000, 0x00000007024fffe8, 0x0000000702500000| 99%| O|  |TS  0|AC  0|TAMS 0x0000000702400000, 0x0000000702400000|
|  37|0x0000000702500000, 0x00000007025ffff0, 0x0000000702600000| 99%| O|  |TS  0|AC  0|TAMS 0x0000000702500000, 0x0000000702500000|
|  38|0x0000000702600000, 0x0000000702700000, 0x0000000702700000|100%| O|  |TS  0|AC  0|TAMS 0x0000000702600000, 0x0000000702600000|
|  39|0x0000000702700000, 0x00000007027ffff8, 0x0000000702800000| 99%| O|  |TS  0|AC  0|TAMS 0x0000000702700000, 0x0000000702700000|
|  40|0x0000000702800000, 0x00000007028fffe8, 0x0000000702900000| 99%| O|  |TS  0|AC  0|TAMS 0x0000000702800000, 0x0000000702800000|
|  41|0x0000000702900000, 0x0000000702a00000, 0x0000000702a00000|100%| O|  |TS  0|AC  0|TAMS 0x0000000702900000, 0x0000000702900000|
|  42|0x0000000702a00000, 0x0000000702b00000, 0x0000000702b00000|100%|HS|  |TS  0|AC  0|TAMS 0x0000000702a00000, 0x0000000702a00000|
|  43|0x0000000702b00000, 0x0000000702c00000, 0x0000000702c00000|100%|HC|  |TS  0|AC  0|TAMS 0x0000000702b00000, 0x0000000702b00000|
|  44|0x0000000702c00000, 0x0000000702d00000, 0x0000000702d00000|100%|HC|  |TS  0|AC  0|TAMS 0x0000000702c00000, 0x0000000702c00000|
|  45|0x0000000702d00000, 0x0000000702e00000, 0x0000000702e00000|100%|HC|  |TS  0|AC  0|TAMS 0x0000000702d00000, 0x0000000702d00000|
|  46|0x0000000702e00000, 0x0000000702f00000, 0x0000000702f00000|100%|HC|  |TS  0|AC  0|TAMS 0x0000000702e00000, 0x0000000702e00000|
|  47|0x0000000702f00000, 0x0000000703000000, 0x0000000703000000|100%|HC|  |TS  0|AC  0|TAMS 0x0000000702f00000, 0x0000000702f00000|
|  48|0x0000000703000000, 0x0000000703100000, 0x0000000703100000|100%|HC|  |TS  0|AC  0|TAMS 0x0000000703000000, 0x0000000703000000|
|  49|0x0000000703100000, 0x0000000703200000, 0x0000000703200000|100%|HC|  |TS  0|AC  0|TAMS 0x0000000703100000, 0x0000000703100000|
|  50|0x0000000703200000, 0x0000000703300000, 0x0000000703300000|100%|HC|  |TS  0|AC  0|TAMS 0x0000000703200000, 0x0000000703200000|
|  51|0x0000000703300000, 0x0000000703400000, 0x0000000703400000|100%|HC|  |TS  0|AC  0|TAMS 0x0000000703300000, 0x0000000703300000|
|  52|0x0000000703400000, 0x0000000703500000, 0x0000000703500000|100%|HC|  |TS  0|AC  0|TAMS 0x0000000703400000, 0x0000000703400000|
|  53|0x0000000703500000, 0x0000000703600000, 0x0000000703600000|100%|HC|  |TS  0|AC  0|TAMS 0x0000000703500000, 0x0000000703500000|
|  54|0x0000000703600000, 0x0000000703700000, 0x0000000703700000|100%|HC|  |TS  0|AC  0|TAMS 0x0000000703600000, 0x0000000703600000|
|  55|0x0000000703700000, 0x0000000703800000, 0x0000000703800000|100%|HC|  |TS  0|AC  0|TAMS 0x0000000703700000, 0x0000000703700000|
|  56|0x0000000703800000, 0x00000007038fffe0, 0x0000000703900000| 99%| O|  |TS  0|AC  0|TAMS 0x0000000703800000, 0x0000000703800000|
|  57|0x0000000703900000, 0x00000007039fffe8, 0x0000000703a00000| 99%| O|  |TS  0|AC  0|TAMS 0x0000000703900000, 0x0000000703900000|
|  58|0x0000000703a00000, 0x0000000703affff8, 0x0000000703b00000| 99%| O|  |TS  0|AC  0|TAMS 0x0000000703a00000, 0x0000000703a00000|
|  59|0x0000000703b00000, 0x0000000703bffff8, 0x0000000703c00000| 99%| O|  |TS  0|AC  0|TAMS 0x0000000703b00000, 0x0000000703b00000|
|  60|0x0000000703c00000, 0x0000000703cffff0, 0x0000000703d00000| 99%| O|  |TS  0|AC  0|TAMS 0x0000000703c00000, 0x0000000703c00000|
|  61|0x0000000703d00000, 0x0000000703dfff28, 0x0000000703e00000| 99%| O|  |TS  0|AC  0|TAMS 0x0000000703d00000, 0x0000000703d00000|
|  62|0x0000000703e00000, 0x0000000703effff8, 0x0000000703f00000| 99%| O|  |TS  0|AC  0|TAMS 0x0000000703e00000, 0x0000000703e00000|
|  63|0x0000000703f00000, 0x0000000703fffff0, 0x0000000704000000| 99%| O|  |TS  0|AC  0|TAMS 0x0000000703f00000, 0x0000000703f00000|
|  64|0x0000000704000000, 0x0000000704100000, 0x0000000704100000|100%| O|  |TS  0|AC  0|TAMS 0x0000000704000000, 0x0000000704000000|
|  65|0x0000000704100000, 0x00000007041fffe0, 0x0000000704200000| 99%| O|  |TS  0|AC  0|TAMS 0x0000000704100000, 0x0000000704100000|
|  66|0x0000000704200000, 0x00000007042fff88, 0x0000000704300000| 99%| O|  |TS  0|AC  0|TAMS 0x0000000704200000, 0x0000000704200000|
|  67|0x0000000704300000, 0x0000000704400000, 0x0000000704400000|100%| O|  |TS  0|AC  0|TAMS 0x0000000704300000, 0x0000000704300000|
|  68|0x0000000704400000, 0x00000007044fff78, 0x0000000704500000| 99%| O|  |TS  0|AC  0|TAMS 0x0000000704400000, 0x0000000704400000|
|  69|0x0000000704500000, 0x00000007045ffeb0, 0x0000000704600000| 99%| O|  |TS  0|AC  0|TAMS 0x0000000704500000, 0x0000000704500000|
|  70|0x0000000704600000, 0x00000007046fffe0, 0x0000000704700000| 99%| O|  |TS  0|AC  0|TAMS 0x0000000704600000, 0x0000000704600000|
|  71|0x0000000704700000, 0x0000000704800000, 0x0000000704800000|100%| O|  |TS  0|AC  0|TAMS 0x0000000704700000, 0x0000000704700000|
|  72|0x0000000704800000, 0x00000007048fffc0, 0x0000000704900000| 99%| O|  |TS  0|AC  0|TAMS 0x0000000704800000, 0x0000000704800000|
|  73|0x0000000704900000, 0x00000007049ffed8, 0x0000000704a00000| 99%| O|  |TS  0|AC  0|TAMS 0x0000000704900000, 0x0000000704900000|
|  74|0x0000000704a00000, 0x0000000704affff8, 0x0000000704b00000| 99%| O|  |TS  0|AC  0|TAMS 0x0000000704a00000, 0x0000000704a00000|
|  75|0x0000000704b00000, 0x0000000704bffff0, 0x0000000704c00000| 99%| O|  |TS  0|AC  0|TAMS 0x0000000704b00000, 0x0000000704b00000|
|  76|0x0000000704c00000, 0x0000000704cfffe0, 0x0000000704d00000| 99%| O|  |TS  0|AC  0|TAMS 0x0000000704c00000, 0x0000000704c00000|
|  77|0x0000000704d00000, 0x0000000704e00000, 0x0000000704e00000|100%| O|  |TS  0|AC  0|TAMS 0x0000000704d00000, 0x0000000704d00000|
|  78|0x0000000704e00000, 0x0000000704effff8, 0x0000000704f00000| 99%| O|  |TS  0|AC  0|TAMS 0x0000000704e00000, 0x0000000704e00000|
|  79|0x0000000704f00000, 0x0000000705000000, 0x0000000705000000|100%| O|  |TS  0|AC  0|TAMS 0x0000000704f00000, 0x0000000704f00000|
|  80|0x0000000705000000, 0x0000000705100000, 0x0000000705100000|100%| O|  |TS  0|AC  0|TAMS 0x0000000705000000, 0x0000000705000000|
|  81|0x0000000705100000, 0x00000007051a84b0, 0x0000000705200000| 65%| O|  |TS  0|AC  0|TAMS 0x0000000705100000, 0x0000000705100000|
|  82|0x0000000705200000, 0x0000000705200000, 0x0000000705300000|  0%| F|  |TS  0|AC  0|TAMS 0x0000000705200000, 0x0000000705200000|
|  83|0x0000000705300000, 0x0000000705400000, 0x0000000705400000|100%|HS|  |TS  0|AC  0|TAMS 0x0000000705300000, 0x0000000705300000|
|  84|0x0000000705400000, 0x0000000705500000, 0x0000000705500000|100%|HC|  |TS  0|AC  0|TAMS 0x0000000705400000, 0x0000000705400000|
|  85|0x0000000705500000, 0x0000000705600000, 0x0000000705600000|100%|HC|  |TS  0|AC  0|TAMS 0x0000000705500000, 0x0000000705500000|
|  86|0x0000000705600000, 0x0000000705700000, 0x0000000705700000|100%|HC|  |TS  0|AC  0|TAMS 0x0000000705600000, 0x0000000705600000|
|  87|0x0000000705700000, 0x0000000705800000, 0x0000000705800000|100%|HC|  |TS  0|AC  0|TAMS 0x0000000705700000, 0x0000000705700000|
|  88|0x0000000705800000, 0x0000000705800000, 0x0000000705900000|  0%| F|  |TS  0|AC  0|TAMS 0x0000000705800000, 0x0000000705800000|
|  89|0x0000000705900000, 0x0000000705900000, 0x0000000705a00000|  0%| F|  |TS  0|AC  0|TAMS 0x0000000705900000, 0x0000000705900000|
|  90|0x0000000705a00000, 0x0000000705a00000, 0x0000000705b00000|  0%| F|  |TS  0|AC  0|TAMS 0x0000000705a00000, 0x0000000705a00000|
|  91|0x0000000705b00000, 0x0000000705b00000, 0x0000000705c00000|  0%| F|  |TS  0|AC  0|TAMS 0x0000000705b00000, 0x0000000705b00000|
|  92|0x0000000705c00000, 0x0000000705c00000, 0x0000000705d00000|  0%| F|  |TS  0|AC  0|TAMS 0x0000000705c00000, 0x0000000705c00000|
|  93|0x0000000705d00000, 0x0000000705d00000, 0x0000000705e00000|  0%| F|  |TS  0|AC  0|TAMS 0x0000000705d00000, 0x0000000705d00000|
|  94|0x0000000705e00000, 0x0000000705e00000, 0x0000000705f00000|  0%| F|  |TS  0|AC  0|TAMS 0x0000000705e00000, 0x0000000705e00000|
|  95|0x0000000705f00000, 0x0000000705f00000, 0x0000000706000000|  0%| F|  |TS  0|AC  0|TAMS 0x0000000705f00000, 0x0000000705f00000|
|  96|0x0000000706000000, 0x0000000706000000, 0x0000000706100000|  0%| F|  |TS  0|AC  0|TAMS 0x0000000706000000, 0x0000000706000000|
|  97|0x0000000706100000, 0x0000000706100000, 0x0000000706200000|  0%| F|  |TS  0|AC  0|TAMS 0x0000000706100000, 0x0000000706100000|
|  98|0x0000000706200000, 0x0000000706200000, 0x0000000706300000|  0%| F|  |TS  0|AC  0|TAMS 0x0000000706200000, 0x0000000706200000|
|  99|0x0000000706300000, 0x0000000706300000, 0x0000000706400000|  0%| F|  |TS  0|AC  0|TAMS 0x0000000706300000, 0x0000000706300000|
| 100|0x0000000706400000, 0x0000000706400000, 0x0000000706500000|  0%| F|  |TS  0|AC  0|TAMS 0x0000000706400000, 0x0000000706400000|
| 101|0x0000000706500000, 0x0000000706500000, 0x0000000706600000|  0%| F|  |TS  0|AC  0|TAMS 0x0000000706500000, 0x0000000706500000|
| 102|0x0000000706600000, 0x0000000706600000, 0x0000000706700000|  0%| F|  |TS  0|AC  0|TAMS 0x0000000706600000, 0x0000000706600000|
| 103|0x0000000706700000, 0x0000000706700000, 0x0000000706800000|  0%| F|  |TS  0|AC  0|TAMS 0x0000000706700000, 0x0000000706700000|
| 104|0x0000000706800000, 0x0000000706800000, 0x0000000706900000|  0%| F|  |TS  0|AC  0|TAMS 0x0000000706800000, 0x0000000706800000|
| 105|0x0000000706900000, 0x0000000706900000, 0x0000000706a00000|  0%| F|  |TS  0|AC  0|TAMS 0x0000000706900000, 0x0000000706900000|
| 106|0x0000000706a00000, 0x0000000706a00000, 0x0000000706b00000|  0%| F|  |TS  0|AC  0|TAMS 0x0000000706a00000, 0x0000000706a00000|
| 107|0x0000000706b00000, 0x0000000706b00000, 0x0000000706c00000|  0%| F|  |TS  0|AC  0|TAMS 0x0000000706b00000, 0x0000000706b00000|
| 108|0x0000000706c00000, 0x0000000706c00000, 0x0000000706d00000|  0%| F|  |TS  0|AC  0|TAMS 0x0000000706c00000, 0x0000000706c00000|
| 109|0x0000000706d00000, 0x0000000706d00000, 0x0000000706e00000|  0%| F|  |TS  0|AC  0|TAMS 0x0000000706d00000, 0x0000000706d00000|
| 110|0x0000000706e00000, 0x0000000706e00000, 0x0000000706f00000|  0%| F|  |TS  0|AC  0|TAMS 0x0000000706e00000, 0x0000000706e00000|
| 111|0x0000000706f00000, 0x0000000706f00000, 0x0000000707000000|  0%| F|  |TS  0|AC  0|TAMS 0x0000000706f00000, 0x0000000706f00000|
| 112|0x0000000707000000, 0x0000000707000000, 0x0000000707100000|  0%| F|  |TS  0|AC  0|TAMS 0x0000000707000000, 0x0000000707000000|
| 113|0x0000000707100000, 0x0000000707100000, 0x0000000707200000|  0%| F|  |TS  0|AC  0|TAMS 0x0000000707100000, 0x0000000707100000|
| 114|0x0000000707200000, 0x0000000707200000, 0x0000000707300000|  0%| F|  |TS  0|AC  0|TAMS 0x0000000707200000, 0x0000000707200000|
| 115|0x0000000707300000, 0x0000000707300000, 0x0000000707400000|  0%| F|  |TS  0|AC  0|TAMS 0x0000000707300000, 0x0000000707300000|
| 116|0x0000000707400000, 0x0000000707400000, 0x0000000707500000|  0%| F|  |TS  0|AC  0|TAMS 0x0000000707400000, 0x0000000707400000|
| 117|0x0000000707500000, 0x0000000707500000, 0x0000000707600000|  0%| F|  |TS  0|AC  0|TAMS 0x0000000707500000, 0x0000000707500000|
| 118|0x0000000707600000, 0x0000000707600000, 0x0000000707700000|  0%| F|  |TS  0|AC  0|TAMS 0x0000000707600000, 0x0000000707600000|
| 119|0x0000000707700000, 0x0000000707700000, 0x0000000707800000|  0%| F|  |TS  0|AC  0|TAMS 0x0000000707700000, 0x0000000707700000|
| 120|0x0000000707800000, 0x0000000707800000, 0x0000000707900000|  0%| F|  |TS  0|AC  0|TAMS 0x0000000707800000, 0x0000000707800000|
| 121|0x0000000707900000, 0x0000000707900000, 0x0000000707a00000|  0%| F|  |TS  0|AC  0|TAMS 0x0000000707900000, 0x0000000707900000|
| 122|0x0000000707a00000, 0x0000000707a00000, 0x0000000707b00000|  0%| F|  |TS  0|AC  0|TAMS 0x0000000707a00000, 0x0000000707a00000|
| 123|0x0000000707b00000, 0x0000000707b00000, 0x0000000707c00000|  0%| F|  |TS  0|AC  0|TAMS 0x0000000707b00000, 0x0000000707b00000|
| 124|0x0000000707c00000, 0x0000000707c00000, 0x0000000707d00000|  0%| F|  |TS  0|AC  0|TAMS 0x0000000707c00000, 0x0000000707c00000|
| 125|0x0000000707d00000, 0x0000000707d00000, 0x0000000707e00000|  0%| F|  |TS  0|AC  0|TAMS 0x0000000707d00000, 0x0000000707d00000|
| 126|0x0000000707e00000, 0x0000000707e00000, 0x0000000707f00000|  0%| F|  |TS  0|AC  0|TAMS 0x0000000707e00000, 0x0000000707e00000|
| 127|0x0000000707f00000, 0x0000000707f00000, 0x0000000708000000|  0%| F|  |TS  0|AC  0|TAMS 0x0000000707f00000, 0x0000000707f00000|
| 128|0x0000000708000000, 0x0000000708000000, 0x0000000708100000|  0%| F|  |TS  0|AC  0|TAMS 0x0000000708000000, 0x0000000708000000|
| 129|0x0000000708100000, 0x0000000708100000, 0x0000000708200000|  0%| F|  |TS  0|AC  0|TAMS 0x0000000708100000, 0x0000000708100000|
| 130|0x0000000708200000, 0x0000000708200000, 0x0000000708300000|  0%| F|  |TS  0|AC  0|TAMS 0x0000000708200000, 0x0000000708200000|
| 131|0x0000000708300000, 0x0000000708300000, 0x0000000708400000|  0%| F|  |TS  0|AC  0|TAMS 0x0000000708300000, 0x0000000708300000|
| 132|0x0000000708400000, 0x0000000708400000, 0x0000000708500000|  0%| F|  |TS  0|AC  0|TAMS 0x0000000708400000, 0x0000000708400000|
| 133|0x0000000708500000, 0x0000000708500000, 0x0000000708600000|  0%| F|  |TS  0|AC  0|TAMS 0x0000000708500000, 0x0000000708500000|
| 134|0x0000000708600000, 0x0000000708600000, 0x0000000708700000|  0%| F|  |TS  0|AC  0|TAMS 0x0000000708600000, 0x0000000708600000|
| 135|0x0000000708700000, 0x0000000708700000, 0x0000000708800000|  0%| F|  |TS  0|AC  0|TAMS 0x0000000708700000, 0x0000000708700000|
| 136|0x0000000708800000, 0x0000000708800000, 0x0000000708900000|  0%| F|  |TS  0|AC  0|TAMS 0x0000000708800000, 0x0000000708800000|
| 137|0x0000000708900000, 0x0000000708900000, 0x0000000708a00000|  0%| F|  |TS  0|AC  0|TAMS 0x0000000708900000, 0x0000000708900000|
| 138|0x0000000708a00000, 0x0000000708a00000, 0x0000000708b00000|  0%| F|  |TS  0|AC  0|TAMS 0x0000000708a00000, 0x0000000708a00000|
| 139|0x0000000708b00000, 0x0000000708b00000, 0x0000000708c00000|  0%| F|  |TS  0|AC  0|TAMS 0x0000000708b00000, 0x0000000708b00000|
| 140|0x0000000708c00000, 0x0000000708c00000, 0x0000000708d00000|  0%| F|  |TS  0|AC  0|TAMS 0x0000000708c00000, 0x0000000708c00000|
| 141|0x0000000708d00000, 0x0000000708d00000, 0x0000000708e00000|  0%| F|  |TS  0|AC  0|TAMS 0x0000000708d00000, 0x0000000708d00000|
| 142|0x0000000708e00000, 0x0000000708e00000, 0x0000000708f00000|  0%| F|  |TS  0|AC  0|TAMS 0x0000000708e00000, 0x0000000708e00000|
| 143|0x0000000708f00000, 0x0000000708f00000, 0x0000000709000000|  0%| F|  |TS  0|AC  0|TAMS 0x0000000708f00000, 0x0000000708f00000|
| 144|0x0000000709000000, 0x0000000709000000, 0x0000000709100000|  0%| F|  |TS  0|AC  0|TAMS 0x0000000709000000, 0x0000000709000000|
| 145|0x0000000709100000, 0x0000000709100000, 0x0000000709200000|  0%| F|  |TS  0|AC  0|TAMS 0x0000000709100000, 0x0000000709100000|
| 146|0x0000000709200000, 0x0000000709200000, 0x0000000709300000|  0%| F|  |TS  0|AC  0|TAMS 0x0000000709200000, 0x0000000709200000|
| 147|0x0000000709300000, 0x0000000709300000, 0x0000000709400000|  0%| F|  |TS  0|AC  0|TAMS 0x0000000709300000, 0x0000000709300000|
| 148|0x0000000709400000, 0x0000000709400000, 0x0000000709500000|  0%| F|  |TS  0|AC  0|TAMS 0x0000000709400000, 0x0000000709400000|
| 149|0x0000000709500000, 0x0000000709500000, 0x0000000709600000|  0%| F|  |TS  0|AC  0|TAMS 0x0000000709500000, 0x0000000709500000|
| 150|0x0000000709600000, 0x0000000709600000, 0x0000000709700000|  0%| F|  |TS  0|AC  0|TAMS 0x0000000709600000, 0x0000000709600000|
| 151|0x0000000709700000, 0x0000000709700000, 0x0000000709800000|  0%| F|  |TS  0|AC  0|TAMS 0x0000000709700000, 0x0000000709700000|
| 152|0x0000000709800000, 0x0000000709800000, 0x0000000709900000|  0%| F|  |TS  0|AC  0|TAMS 0x0000000709800000, 0x0000000709800000|
| 153|0x0000000709900000, 0x0000000709900000, 0x0000000709a00000|  0%| F|  |TS  0|AC  0|TAMS 0x0000000709900000, 0x0000000709900000|
| 154|0x0000000709a00000, 0x0000000709a00000, 0x0000000709b00000|  0%| F|  |TS  0|AC  0|TAMS 0x0000000709a00000, 0x0000000709a00000|
| 155|0x0000000709b00000, 0x0000000709b00000, 0x0000000709c00000|  0%| F|  |TS  0|AC  0|TAMS 0x0000000709b00000, 0x0000000709b00000|
| 156|0x0000000709c00000, 0x0000000709c00000, 0x0000000709d00000|  0%| F|  |TS  0|AC  0|TAMS 0x0000000709c00000, 0x0000000709c00000|
| 157|0x0000000709d00000, 0x0000000709d00000, 0x0000000709e00000|  0%| F|  |TS  0|AC  0|TAMS 0x0000000709d00000, 0x0000000709d00000|
| 158|0x0000000709e00000, 0x0000000709e00000, 0x0000000709f00000|  0%| F|  |TS  0|AC  0|TAMS 0x0000000709e00000, 0x0000000709e00000|
| 159|0x0000000709f00000, 0x0000000709f00000, 0x000000070a000000|  0%| F|  |TS  0|AC  0|TAMS 0x0000000709f00000, 0x0000000709f00000|
| 160|0x000000070a000000, 0x000000070a000000, 0x000000070a100000|  0%| F|  |TS  0|AC  0|TAMS 0x000000070a000000, 0x000000070a000000|
| 161|0x000000070a100000, 0x000000070a100000, 0x000000070a200000|  0%| F|  |TS  0|AC  0|TAMS 0x000000070a100000, 0x000000070a100000|
| 162|0x000000070a200000, 0x000000070a200000, 0x000000070a300000|  0%| F|  |TS  0|AC  0|TAMS 0x000000070a200000, 0x000000070a200000|
| 163|0x000000070a300000, 0x000000070a300000, 0x000000070a400000|  0%| F|  |TS  0|AC  0|TAMS 0x000000070a300000, 0x000000070a300000|
| 164|0x000000070a400000, 0x000000070a400000, 0x000000070a500000|  0%| F|  |TS  0|AC  0|TAMS 0x000000070a400000, 0x000000070a400000|
| 165|0x000000070a500000, 0x000000070a500000, 0x000000070a600000|  0%| F|  |TS  0|AC  0|TAMS 0x000000070a500000, 0x000000070a500000|
| 166|0x000000070a600000, 0x000000070a600000, 0x000000070a700000|  0%| F|  |TS  0|AC  0|TAMS 0x000000070a600000, 0x000000070a600000|
| 167|0x000000070a700000, 0x000000070a700000, 0x000000070a800000|  0%| F|  |TS  0|AC  0|TAMS 0x000000070a700000, 0x000000070a700000|
| 168|0x000000070a800000, 0x000000070a800000, 0x000000070a900000|  0%| F|  |TS  0|AC  0|TAMS 0x000000070a800000, 0x000000070a800000|
| 169|0x000000070a900000, 0x000000070a900000, 0x000000070aa00000|  0%| F|  |TS  0|AC  0|TAMS 0x000000070a900000, 0x000000070a900000|
| 170|0x000000070aa00000, 0x000000070aa00000, 0x000000070ab00000|  0%| F|  |TS  0|AC  0|TAMS 0x000000070aa00000, 0x000000070aa00000|
| 171|0x000000070ab00000, 0x000000070ab00000, 0x000000070ac00000|  0%| F|  |TS  0|AC  0|TAMS 0x000000070ab00000, 0x000000070ab00000|
| 172|0x000000070ac00000, 0x000000070ac00000, 0x000000070ad00000|  0%| F|  |TS  0|AC  0|TAMS 0x000000070ac00000, 0x000000070ac00000|
| 173|0x000000070ad00000, 0x000000070ad00000, 0x000000070ae00000|  0%| F|  |TS  0|AC  0|TAMS 0x000000070ad00000, 0x000000070ad00000|
| 174|0x000000070ae00000, 0x000000070ae00000, 0x000000070af00000|  0%| F|  |TS  0|AC  0|TAMS 0x000000070ae00000, 0x000000070ae00000|
| 175|0x000000070af00000, 0x000000070af00000, 0x000000070b000000|  0%| F|  |TS  0|AC  0|TAMS 0x000000070af00000, 0x000000070af00000|
| 176|0x000000070b000000, 0x000000070b000000, 0x000000070b100000|  0%| F|  |TS  0|AC  0|TAMS 0x000000070b000000, 0x000000070b000000|
| 177|0x000000070b100000, 0x000000070b100000, 0x000000070b200000|  0%| F|  |TS  0|AC  0|TAMS 0x000000070b100000, 0x000000070b100000|
| 178|0x000000070b200000, 0x000000070b200000, 0x000000070b300000|  0%| F|  |TS  0|AC  0|TAMS 0x000000070b200000, 0x000000070b200000|
| 179|0x000000070b300000, 0x000000070b300000, 0x000000070b400000|  0%| F|  |TS  0|AC  0|TAMS 0x000000070b300000, 0x000000070b300000|
| 180|0x000000070b400000, 0x000000070b400000, 0x000000070b500000|  0%| F|  |TS  0|AC  0|TAMS 0x000000070b400000, 0x000000070b400000|
| 181|0x000000070b500000, 0x000000070b500000, 0x000000070b600000|  0%| F|  |TS  0|AC  0|TAMS 0x000000070b500000, 0x000000070b500000|
| 182|0x000000070b600000, 0x000000070b600000, 0x000000070b700000|  0%| F|  |TS  0|AC  0|TAMS 0x000000070b600000, 0x000000070b600000|
| 183|0x000000070b700000, 0x000000070b700000, 0x000000070b800000|  0%| F|  |TS  0|AC  0|TAMS 0x000000070b700000, 0x000000070b700000|
| 184|0x000000070b800000, 0x000000070b800000, 0x000000070b900000|  0%| F|  |TS  0|AC  0|TAMS 0x000000070b800000, 0x000000070b800000|
| 185|0x000000070b900000, 0x000000070b900000, 0x000000070ba00000|  0%| F|  |TS  0|AC  0|TAMS 0x000000070b900000, 0x000000070b900000|
| 186|0x000000070ba00000, 0x000000070ba00000, 0x000000070bb00000|  0%| F|  |TS  0|AC  0|TAMS 0x000000070ba00000, 0x000000070ba00000|
| 187|0x000000070bb00000, 0x000000070bb00000, 0x000000070bc00000|  0%| F|  |TS  0|AC  0|TAMS 0x000000070bb00000, 0x000000070bb00000|
| 188|0x000000070bc00000, 0x000000070bc00000, 0x000000070bd00000|  0%| F|  |TS  0|AC  0|TAMS 0x000000070bc00000, 0x000000070bc00000|
| 189|0x000000070bd00000, 0x000000070bd00000, 0x000000070be00000|  0%| F|  |TS  0|AC  0|TAMS 0x000000070bd00000, 0x000000070bd00000|
| 190|0x000000070be00000, 0x000000070be00000, 0x000000070bf00000|  0%| F|  |TS  0|AC  0|TAMS 0x000000070be00000, 0x000000070be00000|
| 191|0x000000070bf00000, 0x000000070bf00000, 0x000000070c000000|  0%| F|  |TS  0|AC  0|TAMS 0x000000070bf00000, 0x000000070bf00000|
| 192|0x000000070c000000, 0x000000070c000000, 0x000000070c100000|  0%| F|  |TS  0|AC  0|TAMS 0x000000070c000000, 0x000000070c000000|
| 193|0x000000070c100000, 0x000000070c100000, 0x000000070c200000|  0%| F|  |TS  0|AC  0|TAMS 0x000000070c100000, 0x000000070c100000|
| 194|0x000000070c200000, 0x000000070c200000, 0x000000070c300000|  0%| F|  |TS  0|AC  0|TAMS 0x000000070c200000, 0x000000070c200000|
| 195|0x000000070c300000, 0x000000070c300000, 0x000000070c400000|  0%| F|  |TS  0|AC  0|TAMS 0x000000070c300000, 0x000000070c300000|
| 196|0x000000070c400000, 0x000000070c400000, 0x000000070c500000|  0%| F|  |TS  0|AC  0|TAMS 0x000000070c400000, 0x000000070c400000|
| 197|0x000000070c500000, 0x000000070c500000, 0x000000070c600000|  0%| F|  |TS  0|AC  0|TAMS 0x000000070c500000, 0x000000070c500000|
| 198|0x000000070c600000, 0x000000070c600000, 0x000000070c700000|  0%| F|  |TS  0|AC  0|TAMS 0x000000070c600000, 0x000000070c600000|
| 199|0x000000070c700000, 0x000000070c700000, 0x000000070c800000|  0%| F|  |TS  0|AC  0|TAMS 0x000000070c700000, 0x000000070c700000|
| 200|0x000000070c800000, 0x000000070c800000, 0x000000070c900000|  0%| F|  |TS  0|AC  0|TAMS 0x000000070c800000, 0x000000070c800000|
| 201|0x000000070c900000, 0x000000070c900000, 0x000000070ca00000|  0%| F|  |TS  0|AC  0|TAMS 0x000000070c900000, 0x000000070c900000|
| 202|0x000000070ca00000, 0x000000070ca00000, 0x000000070cb00000|  0%| F|  |TS  0|AC  0|TAMS 0x000000070ca00000, 0x000000070ca00000|
| 203|0x000000070cb00000, 0x000000070cb00000, 0x000000070cc00000|  0%| F|  |TS  0|AC  0|TAMS 0x000000070cb00000, 0x000000070cb00000|
| 204|0x000000070cc00000, 0x000000070cc00000, 0x000000070cd00000|  0%| F|  |TS  0|AC  0|TAMS 0x000000070cc00000, 0x000000070cc00000|
| 205|0x000000070cd00000, 0x000000070cd00000, 0x000000070ce00000|  0%| F|  |TS  0|AC  0|TAMS 0x000000070cd00000, 0x000000070cd00000|
| 206|0x000000070ce00000, 0x000000070ce00000, 0x000000070cf00000|  0%| F|  |TS  0|AC  0|TAMS 0x000000070ce00000, 0x000000070ce00000|
| 207|0x000000070cf00000, 0x000000070cf00000, 0x000000070d000000|  0%| F|  |TS  0|AC  0|TAMS 0x000000070cf00000, 0x000000070cf00000|
| 208|0x000000070d000000, 0x000000070d000000, 0x000000070d100000|  0%| F|  |TS  0|AC  0|TAMS 0x000000070d000000, 0x000000070d000000|
| 209|0x000000070d100000, 0x000000070d100000, 0x000000070d200000|  0%| F|  |TS  0|AC  0|TAMS 0x000000070d100000, 0x000000070d100000|
| 210|0x000000070d200000, 0x000000070d200000, 0x000000070d300000|  0%| F|  |TS  0|AC  0|TAMS 0x000000070d200000, 0x000000070d200000|
| 211|0x000000070d300000, 0x000000070d300000, 0x000000070d400000|  0%| F|  |TS  0|AC  0|TAMS 0x000000070d300000, 0x000000070d300000|
| 212|0x000000070d400000, 0x000000070d400000, 0x000000070d500000|  0%| F|  |TS  0|AC  0|TAMS 0x000000070d400000, 0x000000070d400000|
| 213|0x000000070d500000, 0x000000070d500000, 0x000000070d600000|  0%| F|  |TS  0|AC  0|TAMS 0x000000070d500000, 0x000000070d500000|
| 214|0x000000070d600000, 0x000000070d600000, 0x000000070d700000|  0%| F|  |TS  0|AC  0|TAMS 0x000000070d600000, 0x000000070d600000|
| 215|0x000000070d700000, 0x000000070d700000, 0x000000070d800000|  0%| F|  |TS  0|AC  0|TAMS 0x000000070d700000, 0x000000070d700000|
| 216|0x000000070d800000, 0x000000070d800000, 0x000000070d900000|  0%| F|  |TS  0|AC  0|TAMS 0x000000070d800000, 0x000000070d800000|
| 217|0x000000070d900000, 0x000000070d900000, 0x000000070da00000|  0%| F|  |TS  0|AC  0|TAMS 0x000000070d900000, 0x000000070d900000|
| 218|0x000000070da00000, 0x000000070da00000, 0x000000070db00000|  0%| F|  |TS  0|AC  0|TAMS 0x000000070da00000, 0x000000070da00000|
| 219|0x000000070db00000, 0x000000070db00000, 0x000000070dc00000|  0%| F|  |TS  0|AC  0|TAMS 0x000000070db00000, 0x000000070db00000|
| 220|0x000000070dc00000, 0x000000070dc00000, 0x000000070dd00000|  0%| F|  |TS  0|AC  0|TAMS 0x000000070dc00000, 0x000000070dc00000|
| 221|0x000000070dd00000, 0x000000070dd00000, 0x000000070de00000|  0%| F|  |TS  7|AC  0|TAMS 0x000000070dd00000, 0x000000070dd00000|
| 222|0x000000070de00000, 0x000000070deaa830, 0x000000070df00000| 66%| S|CS|TS  7|AC  0|TAMS 0x000000070de00000, 0x000000070de00000|
| 223|0x000000070df00000, 0x000000070df00000, 0x000000070e000000|  0%| F|  |TS  7|AC  0|TAMS 0x000000070df00000, 0x000000070df00000|
| 224|0x000000070e000000, 0x000000070e000000, 0x000000070e100000|  0%| F|  |TS  7|AC  0|TAMS 0x000000070e000000, 0x000000070e000000|
| 225|0x000000070e100000, 0x000000070e100000, 0x000000070e200000|  0%| F|  |TS  7|AC  0|TAMS 0x000000070e100000, 0x000000070e100000|
| 226|0x000000070e200000, 0x000000070e200000, 0x000000070e300000|  0%| F|  |TS  7|AC  0|TAMS 0x000000070e200000, 0x000000070e200000|
| 227|0x000000070e300000, 0x000000070e300000, 0x000000070e400000|  0%| F|  |TS  7|AC  0|TAMS 0x000000070e300000, 0x000000070e300000|
| 228|0x000000070e400000, 0x000000070e400000, 0x000000070e500000|  0%| F|  |TS  7|AC  0|TAMS 0x000000070e400000, 0x000000070e400000|
| 229|0x000000070e500000, 0x000000070e500000, 0x000000070e600000|  0%| F|  |TS  7|AC  0|TAMS 0x000000070e500000, 0x000000070e500000|
| 230|0x000000070e600000, 0x000000070e600000, 0x000000070e700000|  0%| F|  |TS  7|AC  0|TAMS 0x000000070e600000, 0x000000070e600000|
| 231|0x000000070e700000, 0x000000070e700000, 0x000000070e800000|  0%| F|  |TS  7|AC  0|TAMS 0x000000070e700000, 0x000000070e700000|
| 232|0x000000070e800000, 0x000000070e800000, 0x000000070e900000|  0%| F|  |TS  7|AC  0|TAMS 0x000000070e800000, 0x000000070e800000|
| 233|0x000000070e900000, 0x000000070e900000, 0x000000070ea00000|  0%| F|  |TS  7|AC  0|TAMS 0x000000070e900000, 0x000000070e900000|
| 234|0x000000070ea00000, 0x000000070ea00000, 0x000000070eb00000|  0%| F|  |TS  7|AC  0|TAMS 0x000000070ea00000, 0x000000070ea00000|
| 235|0x000000070eb00000, 0x000000070eb00000, 0x000000070ec00000|  0%| F|  |TS  7|AC  0|TAMS 0x000000070eb00000, 0x000000070eb00000|
| 236|0x000000070ec00000, 0x000000070ec00000, 0x000000070ed00000|  0%| F|  |TS  7|AC  0|TAMS 0x000000070ec00000, 0x000000070ec00000|
| 237|0x000000070ed00000, 0x000000070ed00000, 0x000000070ee00000|  0%| F|  |TS  7|AC  0|TAMS 0x000000070ed00000, 0x000000070ed00000|
| 238|0x000000070ee00000, 0x000000070ee00000, 0x000000070ef00000|  0%| F|  |TS  7|AC  0|TAMS 0x000000070ee00000, 0x000000070ee00000|
| 239|0x000000070ef00000, 0x000000070ef00000, 0x000000070f000000|  0%| F|  |TS  7|AC  0|TAMS 0x000000070ef00000, 0x000000070ef00000|
| 240|0x000000070f000000, 0x000000070f000000, 0x000000070f100000|  0%| F|  |TS  7|AC  0|TAMS 0x000000070f000000, 0x000000070f000000|
| 241|0x000000070f100000, 0x000000070f100000, 0x000000070f200000|  0%| F|  |TS  7|AC  0|TAMS 0x000000070f100000, 0x000000070f100000|
| 242|0x000000070f200000, 0x000000070f200000, 0x000000070f300000|  0%| F|  |TS  7|AC  0|TAMS 0x000000070f200000, 0x000000070f200000|
| 243|0x000000070f300000, 0x000000070f300000, 0x000000070f400000|  0%| F|  |TS  7|AC  0|TAMS 0x000000070f300000, 0x000000070f300000|
| 244|0x000000070f400000, 0x000000070f400000, 0x000000070f500000|  0%| F|  |TS  7|AC  0|TAMS 0x000000070f400000, 0x000000070f400000|
| 245|0x000000070f500000, 0x000000070f500000, 0x000000070f600000|  0%| F|  |TS  7|AC  0|TAMS 0x000000070f500000, 0x000000070f500000|
| 246|0x000000070f600000, 0x000000070f600000, 0x000000070f700000|  0%| F|  |TS  7|AC  0|TAMS 0x000000070f600000, 0x000000070f600000|
| 247|0x000000070f700000, 0x000000070f700000, 0x000000070f800000|  0%| F|  |TS  7|AC  0|TAMS 0x000000070f700000, 0x000000070f700000|
| 248|0x000000070f800000, 0x000000070f800000, 0x000000070f900000|  0%| F|  |TS  7|AC  0|TAMS 0x000000070f800000, 0x000000070f800000|
| 249|0x000000070f900000, 0x000000070f900000, 0x000000070fa00000|  0%| F|  |TS  7|AC  0|TAMS 0x000000070f900000, 0x000000070f900000|
| 250|0x000000070fa00000, 0x000000070fa00000, 0x000000070fb00000|  0%| F|  |TS  7|AC  0|TAMS 0x000000070fa00000, 0x000000070fa00000|
| 251|0x000000070fb00000, 0x000000070fb00000, 0x000000070fc00000|  0%| F|  |TS  7|AC  0|TAMS 0x000000070fb00000, 0x000000070fb00000|
| 252|0x000000070fc00000, 0x000000070fc00000, 0x000000070fd00000|  0%| F|  |TS  7|AC  0|TAMS 0x000000070fc00000, 0x000000070fc00000|
| 253|0x000000070fd00000, 0x000000070fd00000, 0x000000070fe00000|  0%| F|  |TS  7|AC  0|TAMS 0x000000070fd00000, 0x000000070fd00000|
| 254|0x000000070fe00000, 0x000000070fe00000, 0x000000070ff00000|  0%| F|  |TS  7|AC  0|TAMS 0x000000070fe00000, 0x000000070fe00000|
| 255|0x000000070ff00000, 0x000000070ff00000, 0x0000000710000000|  0%| F|  |TS  7|AC  0|TAMS 0x000000070ff00000, 0x000000070ff00000|
| 256|0x0000000710000000, 0x0000000710000000, 0x0000000710100000|  0%| F|  |TS  7|AC  0|TAMS 0x0000000710000000, 0x0000000710000000|
| 257|0x0000000710100000, 0x0000000710100000, 0x0000000710200000|  0%| F|  |TS  7|AC  0|TAMS 0x0000000710100000, 0x0000000710100000|
| 258|0x0000000710200000, 0x0000000710200000, 0x0000000710300000|  0%| F|  |TS  7|AC  0|TAMS 0x0000000710200000, 0x0000000710200000|
| 259|0x0000000710300000, 0x0000000710300000, 0x0000000710400000|  0%| F|  |TS  7|AC  0|TAMS 0x0000000710300000, 0x0000000710300000|
| 260|0x0000000710400000, 0x0000000710400000, 0x0000000710500000|  0%| F|  |TS  7|AC  0|TAMS 0x0000000710400000, 0x0000000710400000|
| 261|0x0000000710500000, 0x0000000710500000, 0x0000000710600000|  0%| F|  |TS  7|AC  0|TAMS 0x0000000710500000, 0x0000000710500000|
| 262|0x0000000710600000, 0x0000000710600000, 0x0000000710700000|  0%| F|  |TS  7|AC  0|TAMS 0x0000000710600000, 0x0000000710600000|
| 263|0x0000000710700000, 0x0000000710700000, 0x0000000710800000|  0%| F|  |TS  7|AC  0|TAMS 0x0000000710700000, 0x0000000710700000|
| 264|0x0000000710800000, 0x0000000710821608, 0x0000000710900000| 13%| E|  |TS  7|AC  0|TAMS 0x0000000710800000, 0x0000000710800000|
| 265|0x0000000710900000, 0x0000000710a00000, 0x0000000710a00000|100%| E|CS|TS  7|AC  0|TAMS 0x0000000710900000, 0x0000000710900000|
| 266|0x0000000710a00000, 0x0000000710b00000, 0x0000000710b00000|100%| E|CS|TS  7|AC  0|TAMS 0x0000000710a00000, 0x0000000710a00000|
| 267|0x0000000710b00000, 0x0000000710c00000, 0x0000000710c00000|100%| E|CS|TS  7|AC  0|TAMS 0x0000000710b00000, 0x0000000710b00000|
| 268|0x0000000710c00000, 0x0000000710d00000, 0x0000000710d00000|100%| E|CS|TS  7|AC  0|TAMS 0x0000000710c00000, 0x0000000710c00000|
| 269|0x0000000710d00000, 0x0000000710e00000, 0x0000000710e00000|100%| E|CS|TS  7|AC  0|TAMS 0x0000000710d00000, 0x0000000710d00000|
| 270|0x0000000710e00000, 0x0000000710f00000, 0x0000000710f00000|100%| E|CS|TS  7|AC  0|TAMS 0x0000000710e00000, 0x0000000710e00000|
| 271|0x0000000710f00000, 0x0000000711000000, 0x0000000711000000|100%| E|CS|TS  7|AC  0|TAMS 0x0000000710f00000, 0x0000000710f00000|
| 272|0x0000000711000000, 0x0000000711100000, 0x0000000711100000|100%| E|CS|TS  7|AC  0|TAMS 0x0000000711000000, 0x0000000711000000|
| 273|0x0000000711100000, 0x0000000711200000, 0x0000000711200000|100%| E|CS|TS  7|AC  0|TAMS 0x0000000711100000, 0x0000000711100000|
| 274|0x0000000711200000, 0x0000000711300000, 0x0000000711300000|100%| E|CS|TS  7|AC  0|TAMS 0x0000000711200000, 0x0000000711200000|
| 275|0x0000000711300000, 0x0000000711400000, 0x0000000711400000|100%| E|CS|TS  7|AC  0|TAMS 0x0000000711300000, 0x0000000711300000|
| 276|0x0000000711400000, 0x0000000711500000, 0x0000000711500000|100%| E|CS|TS  7|AC  0|TAMS 0x0000000711400000, 0x0000000711400000|
| 277|0x0000000711500000, 0x0000000711600000, 0x0000000711600000|100%| E|CS|TS  7|AC  0|TAMS 0x0000000711500000, 0x0000000711500000|
| 278|0x0000000711600000, 0x0000000711700000, 0x0000000711700000|100%| E|CS|TS  7|AC  0|TAMS 0x0000000711600000, 0x0000000711600000|
| 279|0x0000000711700000, 0x0000000711800000, 0x0000000711800000|100%| E|CS|TS  7|AC  0|TAMS 0x0000000711700000, 0x0000000711700000|
| 280|0x0000000711800000, 0x0000000711900000, 0x0000000711900000|100%| E|CS|TS  7|AC  0|TAMS 0x0000000711800000, 0x0000000711800000|
| 281|0x0000000711900000, 0x0000000711a00000, 0x0000000711a00000|100%| E|CS|TS  7|AC  0|TAMS 0x0000000711900000, 0x0000000711900000|

Card table byte_map: [0x000001d21ae20000,0x000001d21b420000] byte_map_base: 0x000001d217620000

Marking Bits (Prev, Next): (CMBitMap*) 0x000001d27a16d130, (CMBitMap*) 0x000001d27a16d168
 Prev Bits: [0x000001d21ba20000, 0x000001d21ea20000)
 Next Bits: [0x000001d21ea20000, 0x000001d221a20000)

Polling page: 0x000001d2009b0000

CodeHeap 'non-profiled nmethods': size=120000Kb used=23888Kb max_used=23888Kb free=96111Kb
 bounds [0x000001d212ac0000, 0x000001d214220000, 0x000001d219ff0000]
CodeHeap 'profiled nmethods': size=120000Kb used=43904Kb max_used=44141Kb free=76095Kb
 bounds [0x000001d20b590000, 0x000001d20e100000, 0x000001d212ac0000]
CodeHeap 'non-nmethods': size=5760Kb used=1804Kb max_used=1863Kb free=3955Kb
 bounds [0x000001d20aff0000, 0x000001d20b260000, 0x000001d20b590000]
 total_blobs=35570 nmethods=18594 adapters=1146
 compilation: enabled

Compilation events (10 events):
Event: 3621.310 Thread 0x000001d27aa8e000 nmethod 24420 0x000001d214208f90 code [0x000001d2142092a0, 0x000001d21420a940]
Event: 3621.434 Thread 0x000001d27a165000 nmethod 24416 0x000001d21420b990 code [0x000001d21420c040, 0x000001d214211828]
Event: 3621.650 Thread 0x000001d27a161000 24421       1       de.javasoft.plaf.synthetica.painter.ScrollPanePainter::getCacheScaleType (4 bytes)
Event: 3621.650 Thread 0x000001d27a161000 nmethod 24421 0x000001d214215090 code [0x000001d214215240, 0x000001d214215358]
Event: 3622.219 Thread 0x000001d27a161000 24422       3       javax.swing.JRootPane$RootLayout::preferredLayoutSize (137 bytes)
Event: 3622.220 Thread 0x000001d27a161000 nmethod 24422 0x000001d20da0e190 code [0x000001d20da0e400, 0x000001d20da0f110]
Event: 3622.228 Thread 0x000001d27a161800 24423       4       java.awt.DefaultFocusTraversalPolicy::accept (111 bytes)
Event: 3622.231 Thread 0x000001d27a161800 nmethod 24423 0x000001d214215410 code [0x000001d2142155c0, 0x000001d214215838]
Event: 3622.242 Thread 0x000001d27aa8e000 24424       4       ui.views.S.u::fbZ (69 bytes)
Event: 3622.257 Thread 0x000001d27aa8e000 nmethod 24424 0x000001d214215b10 code [0x000001d214215d00, 0x000001d2142168f8]

GC Heap History (10 events):
Event: 3611.875 GC heap before
{Heap before GC invocations=529 (full 180):
 garbage-first heap   total 288768K, used 93291K [0x0000000700000000, 0x00000007001008d0, 0x00000007c0000000)
  region size 1024K, 6 young (6144K), 0 survivors (0K)
 Metaspace       used 85102K, capacity 87347K, committed 94300K, reserved 1130496K
  class space    used 11021K, capacity 11486K, committed 12924K, reserved 1048576K
}
Event: 3612.022 GC heap after
{Heap after GC invocations=530 (full 181):
 garbage-first heap   total 288768K, used 88159K [0x0000000700000000, 0x00000007001008d0, 0x00000007c0000000)
  region size 1024K, 0 young (0K), 0 survivors (0K)
 Metaspace       used 85102K, capacity 87347K, committed 94300K, reserved 1130496K
  class space    used 11021K, capacity 11486K, committed 12924K, reserved 1048576K
}
Event: 3617.852 GC heap before
{Heap before GC invocations=530 (full 181):
 garbage-first heap   total 288768K, used 149599K [0x0000000700000000, 0x00000007001008d0, 0x00000007c0000000)
  region size 1024K, 60 young (61440K), 0 survivors (0K)
 Metaspace       used 85107K, capacity 87347K, committed 94300K, reserved 1130496K
  class space    used 11021K, capacity 11486K, committed 12924K, reserved 1048576K
}
Event: 3617.854 GC heap after
{Heap after GC invocations=531 (full 181):
 garbage-first heap   total 288768K, used 88715K [0x0000000700000000, 0x00000007001008d0, 0x00000007c0000000)
  region size 1024K, 1 young (1024K), 1 survivors (1024K)
 Metaspace       used 85107K, capacity 87347K, committed 94300K, reserved 1130496K
  class space    used 11021K, capacity 11486K, committed 12924K, reserved 1048576K
}
Event: 3619.068 GC heap before
{Heap before GC invocations=531 (full 181):
 garbage-first heap   total 288768K, used 149131K [0x0000000700000000, 0x00000007001008d0, 0x00000007c0000000)
  region size 1024K, 60 young (61440K), 1 survivors (1024K)
 Metaspace       used 85107K, capacity 87347K, committed 94300K, reserved 1130496K
  class space    used 11021K, capacity 11486K, committed 12924K, reserved 1048576K
}
Event: 3619.069 GC heap after
{Heap after GC invocations=532 (full 181):
 garbage-first heap   total 288768K, used 88430K [0x0000000700000000, 0x00000007001008d0, 0x00000007c0000000)
  region size 1024K, 1 young (1024K), 1 survivors (1024K)
 Metaspace       used 85107K, capacity 87347K, committed 94300K, reserved 1130496K
  class space    used 11021K, capacity 11486K, committed 12924K, reserved 1048576K
}
Event: 3620.715 GC heap before
{Heap before GC invocations=532 (full 181):
 garbage-first heap   total 288768K, used 148846K [0x0000000700000000, 0x00000007001008d0, 0x00000007c0000000)
  region size 1024K, 60 young (61440K), 1 survivors (1024K)
 Metaspace       used 85113K, capacity 87347K, committed 94300K, reserved 1130496K
  class space    used 11021K, capacity 11486K, committed 12924K, reserved 1048576K
}
Event: 3620.718 GC heap after
{Heap after GC invocations=533 (full 181):
 garbage-first heap   total 288768K, used 88844K [0x0000000700000000, 0x00000007001008d0, 0x00000007c0000000)
  region size 1024K, 1 young (1024K), 1 survivors (1024K)
 Metaspace       used 85113K, capacity 87347K, committed 94300K, reserved 1130496K
  class space    used 11021K, capacity 11486K, committed 12924K, reserved 1048576K
}
Event: 3621.252 GC heap before
{Heap before GC invocations=533 (full 181):
 garbage-first heap   total 288768K, used 149260K [0x0000000700000000, 0x00000007001008d0, 0x00000007c0000000)
  region size 1024K, 60 young (61440K), 1 survivors (1024K)
 Metaspace       used 85113K, capacity 87347K, committed 94300K, reserved 1130496K
  class space    used 11021K, capacity 11486K, committed 12924K, reserved 1048576K
}
Event: 3621.254 GC heap after
{Heap after GC invocations=534 (full 181):
 garbage-first heap   total 288768K, used 88841K [0x0000000700000000, 0x00000007001008d0, 0x00000007c0000000)
  region size 1024K, 1 young (1024K), 1 survivors (1024K)
 Metaspace       used 85113K, capacity 87347K, committed 94300K, reserved 1130496K
  class space    used 11021K, capacity 11486K, committed 12924K, reserved 1048576K
}

Deoptimization events (10 events):
Event: 3390.427 Thread 0x000001d2042ce800 Uncommon trap: reason=unstable_if action=reinterpret pc=0x000001d2136eb0c8 method=javax.swing.text.BoxView.paint(Ljava/awt/Graphics;Ljava/awt/Shape;)V @ 228 c2
Event: 3495.823 Thread 0x000001d2042ce800 Uncommon trap: reason=bimorphic_or_optimized_type_check action=maybe_recompile pc=0x000001d213f1acf0 method=java.awt.Component.dispatchEventImpl(Ljava/awt/AWTEvent;)V @ 447 c2
Event: 3495.823 Thread 0x000001d2042ce800 Uncommon trap: reason=class_check action=maybe_recompile pc=0x000001d213af5c4c method=java.awt.Component.processEvent(Ljava/awt/AWTEvent;)V @ 121 c2
Event: 3571.618 Thread 0x000001d2042ce800 Uncommon trap: reason=unstable_if action=reinterpret pc=0x000001d213bd9730 method=java.util.TimSort.sort([Ljava/lang/Object;IILjava/util/Comparator;[Ljava/lang/Object;II)V @ 114 c2
Event: 3575.208 Thread 0x000001d2042ce800 Uncommon trap: reason=unstable_if action=reinterpret pc=0x000001d21368cb9c method=javax.swing.text.BoxView.isAllocationValid()Z @ 11 c2
Event: 3577.150 Thread 0x000001d279d88000 Uncommon trap: reason=class_check action=maybe_recompile pc=0x000001d213d70248 method=sun.java2d.Disposer.run()V @ 11 c2
Event: 3593.060 Thread 0x000001d2042ce800 Uncommon trap: reason=unstable_if action=reinterpret pc=0x000001d21371a748 method=javax.swing.tree.VariableHeightLayoutCache.getBounds(Ljavax/swing/tree/TreePath;Ljava/awt/Rectangle;)Ljava/awt/Rectangle; @ 16 c2
Event: 3593.866 Thread 0x000001d2042ce800 Uncommon trap: reason=unstable_if action=reinterpret pc=0x000001d2136e81dc method=javax.swing.text.html.parser.Parser.parseContent()V @ 296 c2
Event: 3594.151 Thread 0x000001d2042ce800 Uncommon trap: reason=speculate_class_check action=maybe_recompile pc=0x000001d21419988c method=javax.swing.JTree.setExpandedState(Ljavax/swing/tree/TreePath;Z)V @ 311 c2
Event: 3620.383 Thread 0x000001d2042ce800 Uncommon trap: reason=null_check action=make_not_entrant pc=0x000001d212cd24fc method=java.lang.Class.reflectionData()Ljava/lang/Class$ReflectionData; @ 18 c2

Classes redefined (0 events):
No events

Internal exceptions (10 events):
Event: 3581.344 Thread 0x000001d2042ce800 Exception <a 'java/io/FileNotFoundException'{0x000000070fb11268}> (0x000000070fb11268) thrown at [t:/workspace/hotspot/src/share/vm/prims/jni.cpp, line 604]
Event: 3586.345 Thread 0x000001d2042ce800 Exception <a 'java/io/FileNotFoundException'{0x000000071177fc40}> (0x000000071177fc40) thrown at [t:/workspace/hotspot/src/share/vm/prims/jni.cpp, line 604]
Event: 3591.346 Thread 0x000001d2042ce800 Exception <a 'java/io/FileNotFoundException'{0x00000007117c63c8}> (0x00000007117c63c8) thrown at [t:/workspace/hotspot/src/share/vm/prims/jni.cpp, line 604]
Event: 3596.346 Thread 0x000001d2042ce800 Exception <a 'java/io/FileNotFoundException'{0x00000007109d7458}> (0x00000007109d7458) thrown at [t:/workspace/hotspot/src/share/vm/prims/jni.cpp, line 604]
Event: 3601.347 Thread 0x000001d2042ce800 Exception <a 'java/io/FileNotFoundException'{0x000000071176b7f0}> (0x000000071176b7f0) thrown at [t:/workspace/hotspot/src/share/vm/prims/jni.cpp, line 604]
Event: 3606.348 Thread 0x000001d2042ce800 Exception <a 'java/io/FileNotFoundException'{0x0000000710b67b08}> (0x0000000710b67b08) thrown at [t:/workspace/hotspot/src/share/vm/prims/jni.cpp, line 604]
Event: 3611.349 Thread 0x000001d2042ce800 Exception <a 'java/io/FileNotFoundException'{0x00000007118d2148}> (0x00000007118d2148) thrown at [t:/workspace/hotspot/src/share/vm/prims/jni.cpp, line 604]
Event: 3616.349 Thread 0x000001d2042ce800 Exception <a 'java/io/FileNotFoundException'{0x00000007112bb338}> (0x00000007112bb338) thrown at [t:/workspace/hotspot/src/share/vm/prims/jni.cpp, line 604]
Event: 3620.383 Thread 0x000001d2042ce800 Implicit null exception at 0x000001d212cd1bcc to 0x000001d212cd24e5
Event: 3621.350 Thread 0x000001d2042ce800 Exception <a 'java/io/FileNotFoundException'{0x0000000710f24a08}> (0x0000000710f24a08) thrown at [t:/workspace/hotspot/src/share/vm/prims/jni.cpp, line 604]

Events (10 events):
Event: 3621.303 Thread 0x000001d22ced3800 Thread exited: 0x000001d22ced3800
Event: 3622.211 Executing VM operation: BulkRevokeBias
Event: 3622.211 Executing VM operation: BulkRevokeBias done
Event: 3622.211 Thread 0x000001d22ced5000 Thread added: 0x000001d22ced5000
Event: 3622.213 Executing VM operation: RevokeBias
Event: 3622.216 Executing VM operation: RevokeBias done
Event: 3622.217 Executing VM operation: RevokeBias
Event: 3622.217 Executing VM operation: RevokeBias done
Event: 3622.294 Thread 0x000001d22ced1000 Thread added: 0x000001d22ced1000
Event: 3622.296 Thread 0x000001d22ced1000 Thread exited: 0x000001d22ced1000


Dynamic libraries:
0x00007ff705430000 - 0x00007ff705460000 	C:\Xilinx\Vivado\2019.1\bin\unwrapped\win64.o\vivado.exe
0x00007ffa21c00000 - 0x00007ffa21e09000 	C:\WINDOWS\SYSTEM32\ntdll.dll
0x00007ffa20610000 - 0x00007ffa206cd000 	C:\WINDOWS\System32\KERNEL32.DLL
0x00007ffa1f2d0000 - 0x00007ffa1f644000 	C:\WINDOWS\System32\KERNELBASE.dll
0x00007ffa1f650000 - 0x00007ffa1f761000 	C:\WINDOWS\System32\ucrtbase.dll
0x00007ffa05db0000 - 0x00007ffa05e3d000 	C:\WINDOWS\SYSTEM32\MSVCP140.dll
0x00007ffa12d10000 - 0x00007ffa12d24000 	C:\Xilinx\Vivado\2019.1\lib\win64.o\libboost_signals.dll
0x00007ffa10000000 - 0x00007ffa10014000 	C:\Xilinx\Vivado\2019.1\lib\win64.o\librdi_commonmain.dll
0x00007ff9dbe60000 - 0x00007ff9dcd42000 	C:\Xilinx\Vivado\2019.1\lib\win64.o\librdi_common.dll
0x00007ffa05e40000 - 0x00007ffa05e5b000 	C:\WINDOWS\SYSTEM32\VCRUNTIME140.dll
0x00007ffa20460000 - 0x00007ffa2060c000 	C:\WINDOWS\System32\USER32.dll
0x00007ffa05da0000 - 0x00007ffa05dac000 	C:\WINDOWS\SYSTEM32\VCRUNTIME140_1.dll
0x00007ffa1f170000 - 0x00007ffa1f196000 	C:\WINDOWS\System32\win32u.dll
0x00007ffa06ae0000 - 0x00007ffa06b06000 	C:\Xilinx\Vivado\2019.1\lib\win64.o\libboost_filesystem.dll
0x00007ffa212d0000 - 0x00007ffa212f9000 	C:\WINDOWS\System32\GDI32.dll
0x00007ffa130b0000 - 0x00007ffa130ba000 	C:\Xilinx\Vivado\2019.1\lib\win64.o\librdi_commonversion.dll
0x00007ffa21220000 - 0x00007ffa212ce000 	C:\WINDOWS\System32\ADVAPI32.dll
0x00007ffa1f8e0000 - 0x00007ffa1f9f2000 	C:\WINDOWS\System32\gdi32full.dll
0x00007ffa20960000 - 0x00007ffa20a03000 	C:\WINDOWS\System32\msvcrt.dll
0x00007ff9f4f60000 - 0x00007ff9f5081000 	C:\Xilinx\Vivado\2019.1\lib\win64.o\librdi_commonxillic.dll
0x00007ffa1fa00000 - 0x00007ffa1fa9d000 	C:\WINDOWS\System32\msvcp_win.dll
0x00007ffa208b0000 - 0x00007ffa2094e000 	C:\WINDOWS\System32\sechost.dll
0x0000000054ba0000 - 0x0000000054ccb000 	C:\Xilinx\Vivado\2019.1\lib\win64.o\tcl85t.dll
0x00007ffa21300000 - 0x00007ffa2136f000 	C:\WINDOWS\System32\WS2_32.dll
0x00007ffa20a70000 - 0x00007ffa2121e000 	C:\WINDOWS\System32\SHELL32.dll
0x00007ffa217f0000 - 0x00007ffa21910000 	C:\WINDOWS\System32\RPCRT4.dll
0x00007ff9db350000 - 0x00007ff9db6be000 	C:\Xilinx\Vivado\2019.1\lib\win64.o\libCOIN-all.dll
0x00007ff9ff860000 - 0x00007ff9ff874000 	C:\Xilinx\Vivado\2019.1\lib\win64.o\libboost_date_time.dll
0x00007ff9ee5e0000 - 0x00007ff9ee65f000 	C:\Xilinx\Vivado\2019.1\lib\win64.o\libboost_program_options.dll
0x00007ff9df670000 - 0x00007ff9df784000 	C:\Xilinx\Vivado\2019.1\lib\win64.o\libboost_regex.dll
0x00007ffa09cf0000 - 0x00007ffa09cfb000 	C:\Xilinx\Vivado\2019.1\lib\win64.o\libboost_system.dll
0x00007ff9fe160000 - 0x00007ff9fe181000 	C:\Xilinx\Vivado\2019.1\lib\win64.o\libboost_thread.dll
0x00007ffa06e10000 - 0x00007ffa06e1f000 	C:\Xilinx\Vivado\2019.1\lib\win64.o\libboost_xilinx.dll
0x00007ff9eac80000 - 0x00007ff9ead02000 	C:\Xilinx\Vivado\2019.1\lib\win64.o\libhdlpsolve.dll
0x00007ff9e7440000 - 0x00007ff9e74e5000 	C:\Xilinx\Vivado\2019.1\lib\win64.o\libhdxml.dll
0x00007ff9da7a0000 - 0x00007ff9db34f400 	C:\Xilinx\Vivado\2019.1\lib\win64.o\libisl_iostreams.dll
0x00007ff9fb850000 - 0x00007ff9fb87e000 	C:\Xilinx\Vivado\2019.1\lib\win64.o\libisl_sysinfo.dll
0x00007ff9f9f40000 - 0x00007ff9f9f5a000 	C:\Xilinx\Vivado\2019.1\lib\win64.o\pthreadVC2.dll
0x00007ff9f56b0000 - 0x00007ff9f5715000 	C:\Xilinx\Vivado\2019.1\lib\win64.o\liblmx6.0.dll
0x00007ff9f9f20000 - 0x00007ff9f9f3c000 	C:\Xilinx\Vivado\2019.1\lib\win64.o\librdiconfig.dll
0x00007ff9f9ef0000 - 0x00007ff9f9f11000 	C:\Xilinx\Vivado\2019.1\lib\win64.o\librdizlib.dll
0x0000000012000000 - 0x0000000012270000 	C:\Xilinx\Vivado\2019.1\lib\win64.o\xerces-c_3_1.dll
0x00007ff9da040000 - 0x00007ff9da318000 	C:\Xilinx\Vivado\2019.1\lib\win64.o\libXil_lmgr11.dll
0x00007ffa21970000 - 0x00007ffa21a5c000 	C:\WINDOWS\System32\COMDLG32.dll
0x00007ffa1fc60000 - 0x00007ffa1ffd8000 	C:\WINDOWS\System32\combase.dll
0x00007ffa21a60000 - 0x00007ffa21b4a000 	C:\WINDOWS\System32\shcore.dll
0x00007ffa13ce0000 - 0x00007ffa13cfa000 	C:\WINDOWS\SYSTEM32\NETAPI32.dll
0x00007ffa087a0000 - 0x00007ffa08c9a000 	C:\WINDOWS\SYSTEM32\WININET.dll
0x00007ffa21b60000 - 0x00007ffa21bbd000 	C:\WINDOWS\System32\SHLWAPI.dll
0x00007ffa181d0000 - 0x00007ffa182dc000 	C:\WINDOWS\SYSTEM32\WINHTTP.dll
0x00007ffa18b10000 - 0x00007ffa18cff000 	C:\WINDOWS\SYSTEM32\urlmon.dll
0x00007ffa21700000 - 0x00007ffa217d6000 	C:\WINDOWS\System32\OLEAUT32.dll
0x00007ffa21370000 - 0x00007ffa2150a000 	C:\WINDOWS\System32\ole32.dll
0x00007ff9f4010000 - 0x00007ff9f4019000 	C:\WINDOWS\SYSTEM32\WSOCK32.dll
0x00007ffa1f1a0000 - 0x00007ffa1f207000 	C:\WINDOWS\System32\WINTRUST.dll
0x00007ffa1f770000 - 0x00007ffa1f8d2000 	C:\WINDOWS\System32\CRYPT32.dll
0x00007ff9f69b0000 - 0x00007ff9f69e1000 	C:\WINDOWS\SYSTEM32\VCOMP140.DLL
0x00007ff9bde30000 - 0x00007ff9becc1000 	C:\Xilinx\Vivado\2019.1\lib\win64.o\gurobi65.dll
0x00007ffa06bf0000 - 0x00007ffa06bfd000 	C:\Xilinx\Vivado\2019.1\lib\win64.o\libboost_chrono.dll
0x00007ff9f6220000 - 0x00007ff9f6245000 	C:\Xilinx\Vivado\2019.1\lib\win64.o\libisl_iosutils.dll
0x00007ff9f6990000 - 0x00007ff9f69ab000 	C:\Xilinx\Vivado\2019.1\lib\win64.o\libboost_iostreams.dll
0x00007ffa09d20000 - 0x00007ffa09dd2000 	C:\WINDOWS\WinSxS\amd64_microsoft.windows.common-controls_6595b64144ccf1df_5.82.22000.1_none_271a8fad6a2d1b1e\COMCTL32.dll
0x00007ffa19250000 - 0x00007ffa19278000 	C:\WINDOWS\SYSTEM32\srvcli.dll
0x00007ffa18f90000 - 0x00007ffa19243000 	C:\WINDOWS\SYSTEM32\iertutil.dll
0x00007ffa1dd10000 - 0x00007ffa1dd1c000 	C:\WINDOWS\SYSTEM32\netutils.dll
0x00007ffa18af0000 - 0x00007ffa18b0e000 	C:\WINDOWS\SYSTEM32\dhcpcsvc.DLL
0x00007ffa216c0000 - 0x00007ffa216f1000 	C:\WINDOWS\System32\IMM32.DLL
0x00007ffa1e9b0000 - 0x00007ffa1e9c2000 	C:\WINDOWS\SYSTEM32\MSASN1.dll
0x00007ffa1e270000 - 0x00007ffa1e288000 	C:\WINDOWS\SYSTEM32\kernel.appcore.dll
0x00007ff9d9b20000 - 0x00007ff9da037000 	C:\Xilinx\Vivado\2019.1\lib\win64.o\librdi_commontasks.dll
0x00007ffa14dd0000 - 0x00007ffa14dda000 	C:\WINDOWS\SYSTEM32\VERSION.dll
0x00007ff9d2b50000 - 0x00007ff9d2dd6000 	C:\Xilinx\Vivado\2019.1\lib\win64.o\librdi_sio.dll
0x0000000054170000 - 0x0000000054b95000 	C:\Xilinx\Vivado\2019.1\tps\win64\jre9.0.4\bin\server\jvm.dll
0x00007ffa217e0000 - 0x00007ffa217e8000 	C:\WINDOWS\System32\PSAPI.DLL
0x00007ffa1dd20000 - 0x00007ffa1dd4d000 	C:\WINDOWS\SYSTEM32\IPHLPAPI.DLL
0x00007ffa13b40000 - 0x00007ffa13b73000 	C:\WINDOWS\SYSTEM32\WINMM.dll
0x00007ff9dced0000 - 0x00007ff9dcfbf000 	C:\WINDOWS\SYSTEM32\MSVCR120.dll
0x00007ffa1e710000 - 0x00007ffa1e777000 	C:\WINDOWS\SYSTEM32\MSWSOCK.DLL
0x00007ffa1d260000 - 0x00007ffa1dac8000 	C:\WINDOWS\SYSTEM32\windows.storage.dll
0x00007ffa1d0f0000 - 0x00007ffa1d256000 	C:\WINDOWS\SYSTEM32\wintypes.dll
0x00007ff9a4660000 - 0x00007ff9a6b1c000 	C:\Xilinx\Vivado\2019.1\lib\win64.o\librdi_tcltasks.dll
0x00007ff9d23e0000 - 0x00007ff9d27e8000 	C:\Xilinx\Vivado\2019.1\lib\win64.o\librdi_bitstream.dll
0x00007ff9da600000 - 0x00007ff9da791000 	C:\Xilinx\Vivado\2019.1\lib\win64.o\librdi_board.dll
0x00007ff9e4c50000 - 0x00007ff9e4cc8000 	C:\Xilinx\Vivado\2019.1\lib\win64.o\librdi_boarddep.dll
0x00007ff9d9a30000 - 0x00007ff9d9b1b000 	C:\Xilinx\Vivado\2019.1\lib\win64.o\librdi_chipscope.dll
0x00007ff9d20d0000 - 0x00007ff9d228d000 	C:\Xilinx\Vivado\2019.1\lib\win64.o\librdi_chipscopeimpl.dll
0x00007ff9d1200000 - 0x00007ff9d1356000 	C:\Xilinx\Vivado\2019.1\lib\win64.o\librdi_containers.dll
0x00007ff9c8fc0000 - 0x00007ff9c969a000 	C:\Xilinx\Vivado\2019.1\lib\win64.o\librdi_coregenipxact.dll
0x00007ff99cd60000 - 0x00007ff9a0da3000 	C:\Xilinx\Vivado\2019.1\lib\win64.o\librdi_designutils.dll
0x00007ff9d0ee0000 - 0x00007ff9d11fe000 	C:\Xilinx\Vivado\2019.1\lib\win64.o\librdi_dlyest.dll
0x00007ff9bd890000 - 0x00007ff9bde2a000 	C:\Xilinx\Vivado\2019.1\lib\win64.o\librdi_drc.dll
0x00007ff9db750000 - 0x00007ff9db814000 	C:\Xilinx\Vivado\2019.1\lib\win64.o\librdi_dsp.dll
0x00007ff9a27a0000 - 0x00007ff9a4651000 	C:\Xilinx\Vivado\2019.1\lib\win64.o\librdi_coregen.dll
0x00007ff9c8070000 - 0x00007ff9c8353000 	C:\Xilinx\Vivado\2019.1\lib\win64.o\librdi_guitools.dll
0x00007ff9eaed0000 - 0x00007ff9eaf35000 	C:\Xilinx\Vivado\2019.1\lib\win64.o\librdi_hdf.dll
0x00007ff98a2e0000 - 0x00007ff98a92d000 	C:\Xilinx\Vivado\2019.1\lib\win64.o\librdi_filemgmt.dll
0x00007ff9a0db0000 - 0x00007ff9a279a000 	C:\Xilinx\Vivado\2019.1\lib\win64.o\librdi_constraints.dll
0x00007ff988700000 - 0x00007ff988d15000 	C:\Xilinx\Vivado\2019.1\lib\win64.o\librdi_memdata.dll
0x00007ff9df850000 - 0x00007ff9df8c3000 	C:\Xilinx\Vivado\2019.1\lib\win64.o\librdi_memoryarray.dll
0x00007ff98a930000 - 0x00007ff99cd5c000 	C:\Xilinx\Vivado\2019.1\lib\win64.o\librdi_device.dll
0x00007ff988d20000 - 0x00007ff98a2e0000 	C:\Xilinx\Vivado\2019.1\lib\win64.o\librdi_implflow.dll
0x00007ff9ee590000 - 0x00007ff9ee5db000 	C:\Xilinx\Vivado\2019.1\lib\win64.o\librdi_pfi.dll
0x00007ff985360000 - 0x00007ff985a02000 	C:\Xilinx\Vivado\2019.1\lib\win64.o\librdi_netlist.dll
0x00007ff9bf9f0000 - 0x00007ff9bfcff000 	C:\Xilinx\Vivado\2019.1\lib\win64.o\librdi_platform.dll
0x00007ff982010000 - 0x00007ff98258f000 	C:\Xilinx\Vivado\2019.1\lib\win64.o\librdi_project.dll
0x00007ff982590000 - 0x00007ff982cda000 	C:\Xilinx\Vivado\2019.1\lib\win64.o\librdi_power.dll
0x00007ff981900000 - 0x00007ff982006000 	C:\Xilinx\Vivado\2019.1\lib\win64.o\librdi_rsb.dll
0x00007ff9811f0000 - 0x00007ff9818f9000 	C:\Xilinx\Vivado\2019.1\lib\win64.o\librdi_psta.dll
0x00007ff9d22e0000 - 0x00007ff9d23da000 	C:\Xilinx\Vivado\2019.1\lib\win64.o\librdi_runsbase.dll
0x00007ff980df0000 - 0x00007ff9811e1000 	C:\Xilinx\Vivado\2019.1\lib\win64.o\librdi_runs.dll
0x00007ff9bd630000 - 0x00007ff9bd886000 	C:\Xilinx\Vivado\2019.1\lib\win64.o\librdi_simdata.dll
0x00007ff9c8e40000 - 0x00007ff9c8fb2000 	C:\Xilinx\Vivado\2019.1\lib\win64.o\librdi_advchipscopeimpl.dll
0x00007ff982ce0000 - 0x00007ff985356000 	C:\Xilinx\Vivado\2019.1\lib\win64.o\librdi_place.dll
0x00007ff9ec530000 - 0x00007ff9ec57c000 	C:\Xilinx\Vivado\2019.1\lib\win64.o\libboost_serialization.dll
0x00007ff97ffd0000 - 0x00007ff980de1000 	C:\Xilinx\Vivado\2019.1\lib\win64.o\librdi_timing.dll
0x00007ff97fbe0000 - 0x00007ff97ffc5000 	C:\Xilinx\Vivado\2019.1\lib\win64.o\librdi_hip_config.dll
0x00007ff9c5760000 - 0x00007ff9c58ff000 	C:\Xilinx\Vivado\2019.1\lib\win64.o\librdi_hip_devdesign.dll
0x00007ff9e7c70000 - 0x00007ff9e7cb3000 	C:\Xilinx\Vivado\2019.1\lib\win64.o\librdi_noc_frameworks.dll
0x00007ff97f690000 - 0x00007ff97fbde000 	C:\Xilinx\Vivado\2019.1\lib\win64.o\librdi_xdm.dll
0x00007ff97eb40000 - 0x00007ff97f687000 	C:\Xilinx\Vivado\2019.1\lib\win64.o\libverific.dll
0x00007ff9d2ab0000 - 0x00007ff9d2b4e000 	C:\Xilinx\Vivado\2019.1\lib\win64.o\libise.dll
0x00007ff97e540000 - 0x00007ff97eb3c000 	C:\Xilinx\Vivado\2019.1\lib\win64.o\librdi_wavedata.dll
0x00007ff9e7130000 - 0x00007ff9e7170000 	C:\Xilinx\Vivado\2019.1\lib\win64.o\librdi_wavedata_SimpleApi.dll
0x00007ff985a10000 - 0x00007ff9886f6000 	C:\Xilinx\Vivado\2019.1\lib\win64.o\librdi_mig.dll
0x00007ff9d0e10000 - 0x00007ff9d0ed2000 	C:\Xilinx\Vivado\2019.1\lib\win64.o\librdi_ipconfig_readwrite.dll
0x00007ff97e2e0000 - 0x00007ff97e539000 	C:\Xilinx\Vivado\2019.1\lib\win64.o\librdi_hsm.dll
0x00007ff9e6de0000 - 0x00007ff9e6e1f000 	C:\Xilinx\Vivado\2019.1\lib\win64.o\librdi_schedmon.dll
0x00007ff9cf9c0000 - 0x00007ff9cfa48000 	C:\Xilinx\Vivado\2019.1\lib\win64.o\librdi_meir_core.dll

VM Arguments:
jvm_args: -Dsun.java2d.pmoffscreen=false -Dsun.java2d.xrender=false -Dsun.java2d.d3d=false -Dsun.awt.nopixfmt=true -Dsun.java2d.dpiaware=true -Dsun.java2d.uiScale.enabled=false -Xverify:none -Dswing.aatext=true -XX:-UsePerfData -Djdk.map.althashing.threshold=512 -XX:StringTableSize=4072 --add-opens=java.base/java.nio=ALL-UNNAMED --add-opens=java.desktop/sun.swing=ALL-UNNAMED --add-opens=java.desktop/javax.swing=ALL-UNNAMED --add-opens=java.desktop/javax.swing.tree=ALL-UNNAMED --add-opens=java.desktop/javax.swing.plaf.basic=ALL-UNNAMED --add-opens=java.desktop/javax.swing.plaf.synth=ALL-UNNAMED --add-opens=java.desktop/com.sun.awt=ALL-UNNAMED -XX:NewSize=60m -XX:MaxNewSize=60m -Xms128m -Xmx3072m -Xss5m 
java_command: <unknown>
java_class_path (initial): C:/Xilinx/Vivado/2019.1\lib\classes\alloy.jar;C:/Xilinx/Vivado/2019.1\lib\classes\autopilot.scelaborator.jar;C:/Xilinx/Vivado/2019.1\lib\classes\autopilot.sourceprocessor.jar;C:/Xilinx/Vivado/2019.1\lib\classes\autopilot.tbprocessor.jar;C:/Xilinx/Vivado/2019.1\lib\classes\batik-anim.jar;C:/Xilinx/Vivado/2019.1\lib\classes\batik-awt-util.jar;C:/Xilinx/Vivado/2019.1\lib\classes\batik-bridge.jar;C:/Xilinx/Vivado/2019.1\lib\classes\batik-codec.jar;C:/Xilinx/Vivado/2019.1\lib\classes\batik-css.jar;C:/Xilinx/Vivado/2019.1\lib\classes\batik-dom.jar;C:/Xilinx/Vivado/2019.1\lib\classes\batik-ext.jar;C:/Xilinx/Vivado/2019.1\lib\classes\batik-gui-util.jar;C:/Xilinx/Vivado/2019.1\lib\classes\batik-gvt.jar;C:/Xilinx/Vivado/2019.1\lib\classes\batik-parser.jar;C:/Xilinx/Vivado/2019.1\lib\classes\batik-script.jar;C:/Xilinx/Vivado/2019.1\lib\classes\batik-svg-dom.jar;C:/Xilinx/Vivado/2019.1\lib\classes\batik-swing.jar;C:/Xilinx/Vivado/2019.1\lib\classes\batik-transcoder.jar;C:/Xilinx/Vivado/2019.1\lib\classes\batik-util.jar;C:/Xilinx/Vivado/2019.1\lib\classes\batik-xml.jar;C:/Xilinx/Vivado/2019.1\lib\classes\com.google.gson_2.7.0.v20170129-0911.jar;C:/Xilinx/Vivado/2019.1\lib\classes\com.google.guava_21.0.0.v20170206-1425.jar;C:/Xilinx/Vivado/2019.1\lib\classes\com.google.inject_3.0.0.v201605172100.jar;C:/Xilinx/Vivado/2019.1\lib\classes\com.ibm.icu_4.4.2.v20110208.jar;C:/Xilinx/Vivado/2019.1\lib\classes\com.sigasi.hdt.annotations.runtime_4.3.0.201903071210.jar;C:/Xilinx/Vivado/2019.1\lib\classes\com.sigasi.hdt.blockdiagram.model_4.3.0.201903071210.jar;C:/Xilinx/Vivado/2019.1\lib\classes\com.sigasi.hdt.connection_4.3.0.201903071210.jar;C:/Xilinx/Vivado/2019.1\lib\classes\com.sigasi.hdt.dependencies.model_4.3.0.201903071210.jar;C:/Xilinx/Vivado/2019.1\lib\classes\com.sigasi.hdt.epl_4.3.0.201903071210.jar;C:/Xilinx/Vivado/2019.1\lib\classes\com.sigasi.hdt.graphics.model_4.3.0.201903071210.jar;C:/Xilinx/Vivado/2019.1\lib\classes\com.sigasi.hdt.project_4.3.0
Launcher Type: generic

Logging:
Log output configuration:
#0: stdout all=warning uptime,level,tags
#1: stderr all=off uptime,level,tags

Environment Variables:
PATH=C:/Xilinx/Vivado/2019.1/bin;C:/Xilinx/Vivado/2019.1/lib/win64.o;C:/Xilinx/Vivado/2019.1/tps/win64/jre9.0.4/bin/server;C:/Xilinx/Vivado/2019.1/tps/win64/jre9.0.4/bin;C:/Xilinx/SDK/2019.1/bin;C:/Xilinx/Vivado/2019.1/ids_lite/ISE/bin/nt64;C:/Xilinx/Vivado/2019.1/ids_lite/ISE/lib/nt64;C:\Program Files\Common Files\Oracle\Java\javapath;C:\Program Files (x86)\Common Files\Oracle\Java\javapath;C:\Windows\system32;C:\Windows;C:\Windows\System32\Wbem;C:\Windows\System32\WindowsPowerShell\v1.0\;C:\Windows\System32\OpenSSH\;F:\matlab\bin;C:\Program Files (x86)\NVIDIA Corporation\PhysX\Common;C:\Program Files\dotnet\;C:\Program Files\NVIDIA Corporation\NVIDIA NvDLISR;C:\Program Files (x86)\Wolfram Research\WolframScript\;F:\program\ffmpeg\bin;C:\Users\expecto\AppData\Local\Programs\Python\Python310;C:\Program Files (x86)\Bitvise SSH Client;C:\Users\expecto\Downloads\Compressed\platform-tools_r33.0.0-windows\platform-tools;C:\Users\expecto\AppData\Local\Programs\Python\Python39\Scripts\;C:\Users\expecto\AppData\Local\Programs\Python\Python39\;C:\Users\expecto\AppData\Local\Microsoft\WindowsApps;C:\Program Files\JetBrains\PyCharm 2020.3.3\bin;C:\Users\expecto\AppData\Local\Programs\Fiddler;F:\program\MIKTex\miktex\bin\x64\;F:\program\Fiddler;;C:\Users\expecto\AppData\Local\Programs\Microsoft VS Code\bin;C:/Xilinx/Vivado/2019.1\tps\mingw\6.2.0\win64.o\nt\bin;C:/Xilinx/Vivado/2019.1\tps\mingw\6.2.0\win64.o\nt\libexec\gcc\x86_64-w64-mingw32\6.2.0;C:/Xilinx/Vivado/2019.1\tps\win64\python-2.7.5;C:/Xilinx/Vivado/2019.1\tps\win64\python-2.7.5\lib;C:/Xilinx/Vivado/2019.1\tps\win64\python-2.7.5\Lib\lib-tk;C:/Xilinx/Vivado/2019.1\tps\win64\python-2.7.5\lib\site-packages
USERNAME=expecto
OS=Windows_NT
PROCESSOR_IDENTIFIER=Intel64 Family 6 Model 165 Stepping 5, GenuineIntel



---------------  S Y S T E M  ---------------

OS: Windows 10 , 64 bit Build 22000 (10.0.22000.434)

CPU:total 12 (initial active 12) (6 cores per cpu, 2 threads per core) family 6 model 165 stepping 5, cmov, cx8, fxsr, mmx, sse, sse2, sse3, ssse3, sse4.1, sse4.2, popcnt, avx, avx2, aes, clmul, erms, 3dnowpref, lzcnt, ht, tsc, tscinvbit, bmi1, bmi2, adx, fma

Memory: 4k page, physical 16713740k(10304572k free), swap 37685260k(28849656k free)

vm_info: Java HotSpot(TM) 64-Bit Server VM (9.0.4+11) for windows-amd64 JRE (9.0.4+11), built on Dec 20 2017 02:18:54 by "mach5one" with MS VC++ 12.0 (VS2013)

END.
