INFO: [VRFC 10-2263] Analyzing Verilog file "D:/VivadoProject/COD/Lab4/Multicycle_CPU/Multicycle_CPU.sim/sim_1/synth/timing/xsim/dbu_tb_time_synth.v" into library xil_defaultlib
INFO: [VRFC 10-311] analyzing module RAM128X1D_UNIQ_BASE_
INFO: [VRFC 10-311] analyzing module RAM128X1D_HD128
INFO: [VRFC 10-311] analyzing module RAM128X1D_HD129
INFO: [VRFC 10-311] analyzing module RAM128X1D_HD130
INFO: [VRFC 10-311] analyzing module RAM128X1D_HD131
INFO: [VRFC 10-311] analyzing module RAM128X1D_HD132
INFO: [VRFC 10-311] analyzing module RAM128X1D_HD133
INFO: [VRFC 10-311] analyzing module RAM128X1D_HD134
INFO: [VRFC 10-311] analyzing module RAM128X1D_HD135
INFO: [VRFC 10-311] analyzing module RAM128X1D_HD136
INFO: [VRFC 10-311] analyzing module RAM128X1D_HD137
INFO: [VRFC 10-311] analyzing module RAM128X1D_HD138
INFO: [VRFC 10-311] analyzing module RAM128X1D_HD139
INFO: [VRFC 10-311] analyzing module RAM128X1D_HD140
INFO: [VRFC 10-311] analyzing module RAM128X1D_HD141
INFO: [VRFC 10-311] analyzing module RAM128X1D_HD142
INFO: [VRFC 10-311] analyzing module RAM128X1D_HD143
INFO: [VRFC 10-311] analyzing module RAM128X1D_HD144
INFO: [VRFC 10-311] analyzing module RAM128X1D_HD145
INFO: [VRFC 10-311] analyzing module RAM128X1D_HD146
INFO: [VRFC 10-311] analyzing module RAM128X1D_HD147
INFO: [VRFC 10-311] analyzing module RAM128X1D_HD148
INFO: [VRFC 10-311] analyzing module RAM128X1D_HD149
INFO: [VRFC 10-311] analyzing module RAM128X1D_HD150
INFO: [VRFC 10-311] analyzing module RAM128X1D_HD151
INFO: [VRFC 10-311] analyzing module RAM128X1D_HD152
INFO: [VRFC 10-311] analyzing module RAM128X1D_HD153
INFO: [VRFC 10-311] analyzing module RAM128X1D_HD154
INFO: [VRFC 10-311] analyzing module RAM128X1D_HD155
INFO: [VRFC 10-311] analyzing module RAM128X1D_HD156
INFO: [VRFC 10-311] analyzing module RAM128X1D_HD157
INFO: [VRFC 10-311] analyzing module RAM128X1D_HD158
INFO: [VRFC 10-311] analyzing module RAM128X1D_HD159
INFO: [VRFC 10-311] analyzing module RAM128X1D_HD160
INFO: [VRFC 10-311] analyzing module RAM128X1D_HD161
INFO: [VRFC 10-311] analyzing module RAM128X1D_HD162
INFO: [VRFC 10-311] analyzing module RAM128X1D_HD163
INFO: [VRFC 10-311] analyzing module RAM128X1D_HD164
INFO: [VRFC 10-311] analyzing module RAM128X1D_HD165
INFO: [VRFC 10-311] analyzing module RAM128X1D_HD166
INFO: [VRFC 10-311] analyzing module RAM128X1D_HD167
INFO: [VRFC 10-311] analyzing module RAM128X1D_HD168
INFO: [VRFC 10-311] analyzing module RAM128X1D_HD169
INFO: [VRFC 10-311] analyzing module RAM128X1D_HD170
INFO: [VRFC 10-311] analyzing module RAM128X1D_HD171
INFO: [VRFC 10-311] analyzing module RAM128X1D_HD172
INFO: [VRFC 10-311] analyzing module RAM128X1D_HD173
INFO: [VRFC 10-311] analyzing module RAM128X1D_HD174
INFO: [VRFC 10-311] analyzing module RAM128X1D_HD175
INFO: [VRFC 10-311] analyzing module RAM128X1D_HD176
INFO: [VRFC 10-311] analyzing module RAM128X1D_HD177
INFO: [VRFC 10-311] analyzing module RAM128X1D_HD178
INFO: [VRFC 10-311] analyzing module RAM128X1D_HD179
INFO: [VRFC 10-311] analyzing module RAM128X1D_HD180
INFO: [VRFC 10-311] analyzing module RAM128X1D_HD181
INFO: [VRFC 10-311] analyzing module RAM128X1D_HD182
INFO: [VRFC 10-311] analyzing module RAM128X1D_HD183
INFO: [VRFC 10-311] analyzing module RAM128X1D_HD184
INFO: [VRFC 10-311] analyzing module RAM128X1D_HD185
INFO: [VRFC 10-311] analyzing module RAM128X1D_HD186
INFO: [VRFC 10-311] analyzing module RAM128X1D_HD187
INFO: [VRFC 10-311] analyzing module RAM128X1D_HD188
INFO: [VRFC 10-311] analyzing module RAM128X1D_HD189
INFO: [VRFC 10-311] analyzing module RAM128X1D_HD190
INFO: [VRFC 10-311] analyzing module RAM128X1D_HD191
INFO: [VRFC 10-311] analyzing module RAM128X1D_HD192
INFO: [VRFC 10-311] analyzing module RAM128X1D_HD193
INFO: [VRFC 10-311] analyzing module RAM128X1D_HD194
INFO: [VRFC 10-311] analyzing module RAM128X1D_HD195
INFO: [VRFC 10-311] analyzing module RAM128X1D_HD196
INFO: [VRFC 10-311] analyzing module RAM128X1D_HD197
INFO: [VRFC 10-311] analyzing module RAM128X1D_HD198
INFO: [VRFC 10-311] analyzing module RAM128X1D_HD199
INFO: [VRFC 10-311] analyzing module RAM128X1D_HD200
INFO: [VRFC 10-311] analyzing module RAM128X1D_HD201
INFO: [VRFC 10-311] analyzing module RAM128X1D_HD202
INFO: [VRFC 10-311] analyzing module RAM128X1D_HD203
INFO: [VRFC 10-311] analyzing module RAM128X1D_HD204
INFO: [VRFC 10-311] analyzing module RAM128X1D_HD205
INFO: [VRFC 10-311] analyzing module RAM128X1D_HD206
INFO: [VRFC 10-311] analyzing module RAM128X1D_HD207
INFO: [VRFC 10-311] analyzing module RAM128X1D_HD208
INFO: [VRFC 10-311] analyzing module RAM128X1D_HD209
INFO: [VRFC 10-311] analyzing module RAM128X1D_HD210
INFO: [VRFC 10-311] analyzing module RAM128X1D_HD211
INFO: [VRFC 10-311] analyzing module RAM128X1D_HD212
INFO: [VRFC 10-311] analyzing module RAM128X1D_HD213
INFO: [VRFC 10-311] analyzing module RAM128X1D_HD214
INFO: [VRFC 10-311] analyzing module RAM128X1D_HD215
INFO: [VRFC 10-311] analyzing module RAM128X1D_HD216
INFO: [VRFC 10-311] analyzing module RAM128X1D_HD217
INFO: [VRFC 10-311] analyzing module RAM128X1D_HD218
INFO: [VRFC 10-311] analyzing module RAM128X1D_HD219
INFO: [VRFC 10-311] analyzing module RAM128X1D_HD220
INFO: [VRFC 10-311] analyzing module RAM128X1D_HD221
INFO: [VRFC 10-311] analyzing module RAM128X1D_HD222
INFO: [VRFC 10-311] analyzing module RAM128X1D_HD223
INFO: [VRFC 10-311] analyzing module RAM128X1D_HD224
INFO: [VRFC 10-311] analyzing module RAM128X1D_HD225
INFO: [VRFC 10-311] analyzing module RAM128X1D_HD226
INFO: [VRFC 10-311] analyzing module RAM128X1D_HD227
INFO: [VRFC 10-311] analyzing module RAM128X1D_HD228
INFO: [VRFC 10-311] analyzing module RAM128X1D_HD229
INFO: [VRFC 10-311] analyzing module RAM128X1D_HD230
INFO: [VRFC 10-311] analyzing module RAM128X1D_HD231
INFO: [VRFC 10-311] analyzing module RAM128X1D_HD232
INFO: [VRFC 10-311] analyzing module RAM128X1D_HD233
INFO: [VRFC 10-311] analyzing module RAM128X1D_HD234
INFO: [VRFC 10-311] analyzing module RAM128X1D_HD235
INFO: [VRFC 10-311] analyzing module RAM128X1D_HD236
INFO: [VRFC 10-311] analyzing module RAM128X1D_HD237
INFO: [VRFC 10-311] analyzing module RAM128X1D_HD238
INFO: [VRFC 10-311] analyzing module RAM128X1D_HD239
INFO: [VRFC 10-311] analyzing module RAM128X1D_HD240
INFO: [VRFC 10-311] analyzing module RAM128X1D_HD241
INFO: [VRFC 10-311] analyzing module RAM128X1D_HD242
INFO: [VRFC 10-311] analyzing module RAM128X1D_HD243
INFO: [VRFC 10-311] analyzing module RAM128X1D_HD244
INFO: [VRFC 10-311] analyzing module RAM128X1D_HD245
INFO: [VRFC 10-311] analyzing module RAM128X1D_HD246
INFO: [VRFC 10-311] analyzing module RAM128X1D_HD247
INFO: [VRFC 10-311] analyzing module RAM128X1D_HD248
INFO: [VRFC 10-311] analyzing module RAM128X1D_HD249
INFO: [VRFC 10-311] analyzing module RAM128X1D_HD250
INFO: [VRFC 10-311] analyzing module RAM128X1D_HD251
INFO: [VRFC 10-311] analyzing module RAM128X1D_HD252
INFO: [VRFC 10-311] analyzing module RAM128X1D_HD253
INFO: [VRFC 10-311] analyzing module RAM128X1D_HD254
INFO: [VRFC 10-311] analyzing module ALU
INFO: [VRFC 10-311] analyzing module control_unit
INFO: [VRFC 10-311] analyzing module cpu_multicycle
INFO: [VRFC 10-311] analyzing module cpu_top
INFO: [VRFC 10-311] analyzing module dbu
INFO: [VRFC 10-311] analyzing module dist_mem_512x32
INFO: [VRFC 10-311] analyzing module edge_taker
INFO: [VRFC 10-311] analyzing module edge_taker_0
INFO: [VRFC 10-311] analyzing module edge_taker_1
INFO: [VRFC 10-311] analyzing module register_file
INFO: [VRFC 10-311] analyzing module dist_mem_512x32__dist_mem_gen_v8_0_13
INFO: [VRFC 10-311] analyzing module dist_mem_512x32__dist_mem_gen_v8_0_13_synth
INFO: [VRFC 10-311] analyzing module dist_mem_512x32__dpram
INFO: [VRFC 10-311] analyzing module glbl
INFO: [VRFC 10-2263] Analyzing Verilog file "D:/VivadoProject/COD/Lab4/Multicycle_CPU/Multicycle_CPU.srcs/sim_1/new/dbu_tb.v" into library xil_defaultlib
INFO: [VRFC 10-311] analyzing module dbu_tb
