INFO: [VRFC 10-2263] Analyzing Verilog file "D:/VivadoProject/COD/Lab4/Multicycle_CPU_new/Multicycle_CPU_new.srcs/sources_1/ip/dist_mem_512x32/sim/dist_mem_512x32.v" into library xil_defaultlib
INFO: [VRFC 10-311] analyzing module dist_mem_512x32
INFO: [VRFC 10-2263] Analyzing Verilog file "D:/VivadoProject/COD/Lab4/Multicycle_CPU_new/Multicycle_CPU_new.srcs/sources_1/new/ALU.v" into library xil_defaultlib
INFO: [VRFC 10-311] analyzing module ALU
INFO: [VRFC 10-2263] Analyzing Verilog file "D:/VivadoProject/COD/Lab4/Multicycle_CPU_new/Multicycle_CPU_new.srcs/sources_1/new/alu_control.v" into library xil_defaultlib
INFO: [VRFC 10-311] analyzing module alu_control
INFO: [VRFC 10-2263] Analyzing Verilog file "D:/VivadoProject/COD/Lab4/Multicycle_CPU_new/Multicycle_CPU_new.srcs/sources_1/new/control_unit.v" into library xil_defaultlib
INFO: [VRFC 10-311] analyzing module control_unit
INFO: [VRFC 10-2263] Analyzing Verilog file "D:/VivadoProject/COD/Lab4/Multicycle_CPU_new/Multicycle_CPU_new.srcs/sources_1/new/cpu_multicycle.v" into library xil_defaultlib
INFO: [VRFC 10-311] analyzing module cpu_multicycle
INFO: [VRFC 10-2263] Analyzing Verilog file "D:/VivadoProject/COD/Lab4/Multicycle_CPU_new/Multicycle_CPU_new.srcs/sources_1/new/dbu.v" into library xil_defaultlib
INFO: [VRFC 10-311] analyzing module dbu
INFO: [VRFC 10-2263] Analyzing Verilog file "D:/VivadoProject/COD/Lab4/Multicycle_CPU_new/Multicycle_CPU_new.srcs/sources_1/new/edge_taker.v" into library xil_defaultlib
INFO: [VRFC 10-311] analyzing module edge_taker
INFO: [VRFC 10-2263] Analyzing Verilog file "D:/VivadoProject/COD/Lab4/Multicycle_CPU_new/Multicycle_CPU_new.srcs/sources_1/new/nixietube.v" into library xil_defaultlib
INFO: [VRFC 10-311] analyzing module nixietube
INFO: [VRFC 10-2263] Analyzing Verilog file "D:/VivadoProject/COD/Lab4/Multicycle_CPU_new/Multicycle_CPU_new.srcs/sources_1/new/register_file.v" into library xil_defaultlib
INFO: [VRFC 10-311] analyzing module register_file
INFO: [VRFC 10-2263] Analyzing Verilog file "D:/VivadoProject/COD/Lab4/Multicycle_CPU_new/Multicycle_CPU_new.srcs/sim_1/new/dbu_tb.v" into library xil_defaultlib
INFO: [VRFC 10-311] analyzing module dbu_tb
