#-----------------------------------------------------------
# Vivado v2019.1 (64-bit)
# SW Build 2552052 on Fri May 24 14:49:42 MDT 2019
# IP Build 2548770 on Fri May 24 18:01:18 MDT 2019
# Start of session at: Thu Dec  1 21:57:02 2022
# Process ID: 10644
# Current directory: C:/Users/expecto/Desktop/Program/Lab/Digital_Electronics_Lab/Lab8/Lab8
# Command line: vivado.exe -gui_launcher_event rodinguilauncherevent21916 C:\Users\expecto\Desktop\Program\Lab\Digital_Electronics_Lab\Lab8\Lab8\Lab8.xpr
# Log file: C:/Users/expecto/Desktop/Program/Lab/Digital_Electronics_Lab/Lab8/Lab8/vivado.log
# Journal file: C:/Users/expecto/Desktop/Program/Lab/Digital_Electronics_Lab/Lab8/Lab8\vivado.jou
#-----------------------------------------------------------
start_gui
open_project C:/Users/expecto/Desktop/Program/Lab/Digital_Electronics_Lab/Lab8/Lab8/Lab8.xpr
Scanning sources...
Finished scanning sources
INFO: [IP_Flow 19-234] Refreshing IP repositories
INFO: [IP_Flow 19-1704] No user IP repositories specified
INFO: [IP_Flow 19-2313] Loaded Vivado IP repository 'C:/Xilinx/Vivado/2019.1/data/ip'.
update_compile_order -fileset sources_1
close [ open C:/Users/expecto/Desktop/Program/Lab/Digital_Electronics_Lab/Lab8/Lab8/Lab8.srcs/sources_1/new/jitter_clr.v w ]
add_files C:/Users/expecto/Desktop/Program/Lab/Digital_Electronics_Lab/Lab8/Lab8/Lab8.srcs/sources_1/new/jitter_clr.v
update_compile_order -fileset sources_1
exit
INFO: [Common 17-206] Exiting Vivado at Thu Dec  1 22:05:25 2022...
