Vivado Simulator 2019.2
Copyright 1986-1999, 2001-2019 Xilinx, Inc. All Rights Reserved.
Running: E:/Xilinx/Vivado/2019.2/bin/unwrapped/win64.o/xelab.exe -wto dd056351551c40369d8468275c1011b0 --incr --debug typical --relax --mt 2 -L dist_mem_gen_v8_0_13 -L xil_defaultlib -L unisims_ver -L unimacro_ver -L secureip -L xpm --snapshot cpu_tb_behav xil_defaultlib.cpu_tb xil_defaultlib.glbl -log elaborate.log 
Using 2 slave threads.
Starting static elaboration
Pass Through NonSizing Optimizer
WARNING: [VRFC 10-3091] actual bit length 32 differs from formal bit length 8 for port 'a' [D:/VivadoProject/COD/Lab5/cpu_pipeline_with_branch_predictor/cpu_pipeline_with_branch_predictor.srcs/sources_1/new/cpu_pipeline.v:147]
WARNING: [VRFC 10-3091] actual bit length 32 differs from formal bit length 5 for port 'dbu_ra' [D:/VivadoProject/COD/Lab5/cpu_pipeline_with_branch_predictor/cpu_pipeline_with_branch_predictor.srcs/sources_1/new/cpu_pipeline.v:178]
WARNING: [VRFC 10-3091] actual bit length 32 differs from formal bit length 8 for port 'a' [D:/VivadoProject/COD/Lab5/cpu_pipeline_with_branch_predictor/cpu_pipeline_with_branch_predictor.srcs/sources_1/new/cpu_pipeline.v:298]
WARNING: [VRFC 10-3091] actual bit length 32 differs from formal bit length 8 for port 'dpra' [D:/VivadoProject/COD/Lab5/cpu_pipeline_with_branch_predictor/cpu_pipeline_with_branch_predictor.srcs/sources_1/new/cpu_pipeline.v:300]
Completed static elaboration
Starting simulation data flow analysis
Completed simulation data flow analysis
Time Resolution for simulation is 1ps
Compiling module dist_mem_gen_v8_0_13.dist_mem_gen_v8_0_13(C_FAMILY="a...
Compiling module xil_defaultlib.instr_mem_256x32
Compiling module xil_defaultlib.register_syn(N=71)
Compiling module xil_defaultlib.branch_predictor_default
Compiling module xil_defaultlib.register_file
Compiling module xil_defaultlib.register_syn(N=176)
Compiling module xil_defaultlib.control_unit
Compiling module xil_defaultlib.pc_src_choose
Compiling module xil_defaultlib.hazard_detection_unit
Compiling module xil_defaultlib.forwarding_unit
Compiling module xil_defaultlib.alu_control
Compiling module xil_defaultlib.ALU
Compiling module xil_defaultlib.register_syn(N=146)
Compiling module dist_mem_gen_v8_0_13.dist_mem_gen_v8_0_13(C_FAMILY="a...
Compiling module xil_defaultlib.data_mem_256x32
Compiling module xil_defaultlib.cpu_pipeline
Compiling module xil_defaultlib.cpu_tb
Compiling module xil_defaultlib.glbl
Built simulation snapshot cpu_tb_behav
