#
# A fatal error has been detected by the Java Runtime Environment:
#
#  EXCEPTION_ACCESS_VIOLATION (0xc0000005) at pc=0x00007ff9c41fed95, pid=30204, tid=17080
#
# JRE version: Java(TM) SE Runtime Environment (9.0+11) (build 9.0.4+11)
# Java VM: Java HotSpot(TM) 64-Bit Server VM (9.0.4+11, mixed mode, tiered, compressed oops, g1 gc, windows-amd64)
# Problematic frame:
# C  [librdi_common.dll+0x17ed95]
#
# No core dump will be written. Minidumps are not enabled by default on client versions of Windows
#
# If you would like to submit a bug report, please visit:
#   http://bugreport.java.com/bugreport/crash.jsp
# The crash happened outside the Java Virtual Machine in native code.
# See problematic frame for where to report the bug.
#

---------------  S U M M A R Y ------------

Command Line: -Dsun.java2d.pmoffscreen=false -Dsun.java2d.xrender=false -Dsun.java2d.d3d=false -Dsun.awt.nopixfmt=true -Dsun.java2d.dpiaware=true -Dsun.java2d.uiScale.enabled=false -Xverify:none -Dswing.aatext=true -XX:-UsePerfData -Djdk.map.althashing.threshold=512 -XX:StringTableSize=4072 --add-opens=java.base/java.nio=ALL-UNNAMED --add-opens=java.desktop/sun.swing=ALL-UNNAMED --add-opens=java.desktop/javax.swing=ALL-UNNAMED --add-opens=java.desktop/javax.swing.tree=ALL-UNNAMED --add-opens=java.desktop/javax.swing.plaf.basic=ALL-UNNAMED --add-opens=java.desktop/javax.swing.plaf.synth=ALL-UNNAMED --add-opens=java.desktop/com.sun.awt=ALL-UNNAMED -XX:NewSize=60m -XX:MaxNewSize=60m -Xms128m -Xmx3072m -Xss5m 

Host: Intel(R) Core(TM) i7-4702HQ CPU @ 2.20GHz, 8 cores, 15G,  Windows 10 , 64 bit Build 18362 (10.0.18362.778)
Time: Wed Jun 03 23:18:24 2020 ?D1¨²¡À¨º¡Á?¨º¡À?? elapsed time: 663 seconds (0d 0h 11m 3s)

---------------  T H R E A D  ---------------

Current thread (0x000001a589219000):  JavaThread "AWT-EventQueue-1" [_thread_in_native, id=17080, stack(0x00000018c4900000,0x00000018c4e00000)]

Stack: [0x00000018c4900000,0x00000018c4e00000],  sp=0x00000018c4dfab60,  free space=5098k
Native frames: (J=compiled Java code, j=interpreted, Vv=VM code, C=native code)
C  [librdi_common.dll+0x17ed95]
C  [librdi_common.dll+0x173b75]
C  [librdi_common.dll+0x13cd4a]
C  0x00007ff992a821df
C  0x00007ff992b021ef
C  0x00007ff992b09f09
C  0x00007ff992ada6cb
C  0x00007ff992b16e97
C  0x000001a5f8490d3a

Java frames: (J=compiled Java code, j=interpreted, Vv=VM code)
J 16764  ui.views.waveform.waveformi.WVExecutive_getTooltipTextDelayed(J)Ljava/lang/String; (0 bytes) @ 0x000001a5f8490ca1 [0x000001a5f8490c60+0x0000000000000041]
J 18990 c2 ui.views.waveform.b.a.mouseMoved(Ljava/awt/event/MouseEvent;)V (32 bytes) @ 0x000001a5f90c1444 [0x000001a5f90c12a0+0x00000000000001a4]
J 18154 c2 java.awt.AWTEventMulticaster.mouseMoved(Ljava/awt/event/MouseEvent;)V java.desktop@9.0.4 (27 bytes) @ 0x000001a5f886d774 [0x000001a5f886d6c0+0x00000000000000b4]
J 18154 c2 java.awt.AWTEventMulticaster.mouseMoved(Ljava/awt/event/MouseEvent;)V java.desktop@9.0.4 (27 bytes) @ 0x000001a5f886d734 [0x000001a5f886d6c0+0x0000000000000074]
J 18950 c2 ui.frmwork.c.i.processMouseMotionEvent(Ljava/awt/event/MouseEvent;)V (131 bytes) @ 0x000001a5f90a8c7c [0x000001a5f90a8960+0x000000000000031c]
J 13006 c2 java.awt.Container.processEvent(Ljava/awt/AWTEvent;)V java.desktop@9.0.4 (22 bytes) @ 0x000001a5f88cc898 [0x000001a5f88cc720+0x0000000000000178]
J 20158 c1 java.awt.Component.dispatchEventImpl(Ljava/awt/AWTEvent;)V java.desktop@9.0.4 (739 bytes) @ 0x000001a5f33077e4 [0x000001a5f3303ba0+0x0000000000003c44]
J 20208 c1 java.awt.Container.dispatchEventImpl(Ljava/awt/AWTEvent;)V java.desktop@9.0.4 (129 bytes) @ 0x000001a5f333598c [0x000001a5f3335860+0x000000000000012c]
J 20191 c1 java.awt.LightweightDispatcher.retargetMouseEvent(Ljava/awt/Component;ILjava/awt/event/MouseEvent;)V java.desktop@9.0.4 (350 bytes) @ 0x000001a5f332428c [0x000001a5f3321fa0+0x00000000000022ec]
J 18321 c2 java.awt.LightweightDispatcher.processMouseEvent(Ljava/awt/event/MouseEvent;)Z java.desktop@9.0.4 (265 bytes) @ 0x000001a5f8f98170 [0x000001a5f8f97940+0x0000000000000830]
J 12693 c1 java.awt.LightweightDispatcher.dispatchEvent(Ljava/awt/AWTEvent;)Z java.desktop@9.0.4 (73 bytes) @ 0x000001a5f248334c [0x000001a5f2482f20+0x000000000000042c]
J 20208 c1 java.awt.Container.dispatchEventImpl(Ljava/awt/AWTEvent;)V java.desktop@9.0.4 (129 bytes) @ 0x000001a5f333592c [0x000001a5f3335860+0x00000000000000cc]
J 20236 c1 java.awt.Window.dispatchEventImpl(Ljava/awt/AWTEvent;)V java.desktop@9.0.4 (23 bytes) @ 0x000001a5f3349ef4 [0x000001a5f3349920+0x00000000000005d4]
J 16432 c2 java.awt.EventQueue$3.run()Ljava/lang/Object; java.desktop@9.0.4 (5 bytes) @ 0x000001a5f8d2367c [0x000001a5f8d23080+0x00000000000005fc]
v  ~StubRoutines::call_stub
J 4322  java.security.AccessController.doPrivileged(Ljava/security/PrivilegedAction;Ljava/security/AccessControlContext;)Ljava/lang/Object; java.base@9.0.4 (0 bytes) @ 0x000001a5f81617c6 [0x000001a5f8161760+0x0000000000000066]
J 17941 c2 java.awt.EventQueue$4.run()Ljava/lang/Object; java.desktop@9.0.4 (5 bytes) @ 0x000001a5f830d1c0 [0x000001a5f830cf60+0x0000000000000260]
v  ~StubRoutines::call_stub
J 4322  java.security.AccessController.doPrivileged(Ljava/security/PrivilegedAction;Ljava/security/AccessControlContext;)Ljava/lang/Object; java.base@9.0.4 (0 bytes) @ 0x000001a5f81617c6 [0x000001a5f8161760+0x0000000000000066]
J 14395 c2 ui.frmwork.b.d.dispatchEvent(Ljava/awt/AWTEvent;)V (34 bytes) @ 0x000001a5f8a84ca8 [0x000001a5f8a84880+0x0000000000000428]
J 20197 c1 java.awt.EventDispatchThread.pumpOneEventForFilters(I)V java.desktop@9.0.4 (218 bytes) @ 0x000001a5f332d314 [0x000001a5f332bf40+0x00000000000013d4]
j  java.awt.EventDispatchThread.pumpEventsForFilter(ILjava/awt/Conditional;Ljava/awt/EventFilter;)V+35 java.desktop@9.0.4
j  java.awt.EventDispatchThread.pumpEventsForHierarchy(ILjava/awt/Conditional;Ljava/awt/Component;)V+11 java.desktop@9.0.4
j  java.awt.EventDispatchThread.pumpEvents(ILjava/awt/Conditional;)V+4 java.desktop@9.0.4
j  java.awt.EventDispatchThread.pumpEvents(Ljava/awt/Conditional;)V+3 java.desktop@9.0.4
j  java.awt.EventDispatchThread.run()V+9 java.desktop@9.0.4
v  ~StubRoutines::call_stub

siginfo: EXCEPTION_ACCESS_VIOLATION (0xc0000005), reading address 0xffffffffffffffff


Register to memory mapping:

RIP=0x00007ff9c41fed95 librdi_common.dll
RAX=0x000001a5dcf19d01 is an unknown value
RBX=0x80055b2023f63091 is an unknown value
RCX=0x000001a5dcf19d20 is an unknown value
RDX=0x80055b2023f63091 is an unknown value
RSP=0x00000018c4dfab60 is pointing into the stack for thread: 0x000001a589219000
RBP=0x00000018c4dfac90 is pointing into the stack for thread: 0x000001a589219000
RSI=0x000001a5a3aff9b0 is an unknown value
RDI=0x00000018c4dfad78 is pointing into the stack for thread: 0x000001a589219000
R8 =0x00000018c4dfad78 is pointing into the stack for thread: 0x000001a589219000
R9 =0x0000000000000000 is an unknown value
R10=0x000001a590110ea0 is an unknown value
R11=0x000001a5a40b38b0 is an unknown value
R12=0x00000018c4dfad78 is pointing into the stack for thread: 0x000001a589219000
R13=0x0000000000000000 is an unknown value
R14=0x000001a5dc3f3010 is an unknown value
R15=0x80055b2023f63091 is an unknown value


Registers:
RAX=0x000001a5dcf19d01, RBX=0x80055b2023f63091, RCX=0x000001a5dcf19d20, RDX=0x80055b2023f63091
RSP=0x00000018c4dfab60, RBP=0x00000018c4dfac90, RSI=0x000001a5a3aff9b0, RDI=0x00000018c4dfad78
R8 =0x00000018c4dfad78, R9 =0x0000000000000000, R10=0x000001a590110ea0, R11=0x000001a5a40b38b0
R12=0x00000018c4dfad78, R13=0x0000000000000000, R14=0x000001a5dc3f3010, R15=0x80055b2023f63091
RIP=0x00007ff9c41fed95, EFLAGS=0x0000000000010202

Top of Stack: (sp=0x00000018c4dfab60)
0x00000018c4dfab60:   00000018c4dfaf10 00007ffa01ad2f87
0x00000018c4dfab70:   0000001800000000 80055b2023f63091
0x00000018c4dfab80:   80055b2023f63091 00007ff9c41f3b75
0x00000018c4dfab90:   000001a5e96cd0f8 00007ffa01ad321f
0x00000018c4dfaba0:   0000645e067f2604 0000000000000022
0x00000018c4dfabb0:   000001a5a5f99d20 000001a5e96cd0d0
0x00000018c4dfabc0:   0000000000000002 00007ff9c425c825
0x00000018c4dfabd0:   000001a58f634310 000001a5e96cd0d8
0x00000018c4dfabe0:   000001a5e96cd118 000001a5e96cd0d0
0x00000018c4dfabf0:   fffffffffffffffe 00007ff9c4818aad
0x00000018c4dfac00:   fffffffffffffffe 00007ff9c4f0dbc0
0x00000018c4dfac10:   000001a5e96cd0d0 000001a5da6dd148
0x00000018c4dfac20:   00000018c4dfad78 00007ff9c425bb16
0x00000018c4dfac30:   000001a5e96cd0d0 00000018c4dfad78
0x00000018c4dfac40:   000001a500000002 0000000000000000
0x00000018c4dfac50:   fffffffffffffffe 000000000000000f 

Instructions: (pc=0x00007ff9c41fed95)
0x00007ff9c41fed75:   20 48 8b d9 e8 22 c4 04 00 48 8b c8 48 8b d3 e8
0x00007ff9c41fed85:   27 0d 05 00 84 c0 75 08 33 c0 48 83 c4 20 5b c3
0x00007ff9c41fed95:   48 8b 4b 50 48 85 c9 74 0a 48 83 c4 20 5b e9 68
0x00007ff9c41feda5:   e2 04 00 48 8b d3 48 8d 0d 66 ce 78 00 e8 59 b7 



---------------  P R O C E S S  ---------------

Java Threads: ( => current thread )
  0x000001a589ff3800 JavaThread "Relaunch Simulation Thread" [_thread_blocked, id=22808, stack(0x00000018c9b00000,0x00000018ca000000)]
  0x000001a589fec000 JavaThread "Monitor File Timestamp Swing Worker Thread" [_thread_blocked, id=7340, stack(0x00000018c8c00000,0x00000018c9100000)]
  0x000001a589ff3000 JavaThread "Timer-1" [_thread_blocked, id=15992, stack(0x00000018c6b00000,0x00000018c7000000)]
  0x000001a589ff1800 JavaThread "SyntheticaAnimation 50" daemon [_thread_blocked, id=17560, stack(0x00000018c9600000,0x00000018c9b00000)]
  0x000001a589fea000 JavaThread "Image Animator 0" daemon [_thread_blocked, id=32180, stack(0x00000018c9100000,0x00000018c9600000)]
  0x000001a589ff0000 JavaThread "Monitor File Timestamp Swing Worker Thread" [_thread_blocked, id=13464, stack(0x00000018c8200000,0x00000018c8700000)]
  0x000001a589fe8800 JavaThread "Timer-0" [_thread_blocked, id=868, stack(0x00000018c7d00000,0x00000018c8200000)]
  0x000001a589fee800 JavaThread "Update Runs Swing Worker Thread" [_thread_blocked, id=15380, stack(0x00000018c8700000,0x00000018c8c00000)]
  0x000001a589feb800 JavaThread "hw_ila_monitor" [_thread_blocked, id=28016, stack(0x00000018c7800000,0x00000018c7d00000)]
  0x000001a589fea800 JavaThread "Refresh Filesets Swing Worker Thread" [_thread_blocked, id=27360, stack(0x00000018c3a00000,0x00000018c3f00000)]
  0x000001a589fed000 JavaThread "SyntheticaAnimation 70" daemon [_thread_blocked, id=4224, stack(0x00000018c7300000,0x00000018c7800000)]
  0x000001a589fe9000 JavaThread "SyntheticaAnimation 25" daemon [_thread_blocked, id=31212, stack(0x00000018c6500000,0x00000018c6a00000)]
  0x000001a5891ff000 JavaThread "SyntheticaAnimation 50" daemon [_thread_blocked, id=17492, stack(0x00000018c6000000,0x00000018c6500000)]
  0x000001a5891fe800 JavaThread "Monitor HEventQueue Thread" [_thread_blocked, id=29756, stack(0x00000018c5b00000,0x00000018c6000000)]
  0x000001a5891fd800 JavaThread "SyntheticaCleanerThread" daemon [_thread_blocked, id=17496, stack(0x00000018c5300000,0x00000018c5800000)]
  0x000001a5891fc000 JavaThread "Batik CleanerThread" daemon [_thread_blocked, id=30360, stack(0x00000018c3f00000,0x00000018c4400000)]
=>0x000001a589219000 JavaThread "AWT-EventQueue-1" [_thread_in_native, id=17080, stack(0x00000018c4900000,0x00000018c4e00000)]
  0x000001a58a453000 JavaThread "Process Messages Thread" [_thread_blocked, id=28168, stack(0x00000018c4400000,0x00000018c4900000)]
  0x000001a58912f000 JavaThread "Thread-1" [_thread_in_native, id=31184, stack(0x00000018bd200000,0x00000018be600000)]
  0x000001a5889c2000 JavaThread "TimerQueue" daemon [_thread_blocked, id=4316, stack(0x00000018c3500000,0x00000018c3a00000)]
  0x000001a5e23ef000 JavaThread "AWT-Windows" daemon [_thread_in_native, id=21860, stack(0x00000018c3000000,0x00000018c3500000)]
  0x000001a5e985d000 JavaThread "AWT-Shutdown" [_thread_blocked, id=15032, stack(0x00000018c2b00000,0x00000018c3000000)]
  0x000001a588a96800 JavaThread "Java2D Disposer" daemon [_thread_blocked, id=32516, stack(0x00000018c2600000,0x00000018c2b00000)]
  0x000001a5e9118800 JavaThread "Service Thread" daemon [_thread_blocked, id=28592, stack(0x00000018c2000000,0x00000018c2500000)]
  0x000001a5e935e800 JavaThread "Common-Cleaner" daemon [_thread_blocked, id=26820, stack(0x00000018c1b00000,0x00000018c2000000)]
  0x000001a5e922f000 JavaThread "Sweeper thread" daemon [_thread_blocked, id=31628, stack(0x00000018c1600000,0x00000018c1b00000)]
  0x000001a5e765f000 JavaThread "C1 CompilerThread3" daemon [_thread_blocked, id=18768, stack(0x00000018c1500000,0x00000018c1600000)]
  0x000001a5e765e800 JavaThread "C2 CompilerThread2" daemon [_thread_blocked, id=32576, stack(0x00000018c1400000,0x00000018c1500000)]
  0x000001a5e80fb000 JavaThread "C2 CompilerThread1" daemon [_thread_blocked, id=15084, stack(0x00000018c1300000,0x00000018c1400000)]
  0x000001a5da74d800 JavaThread "C2 CompilerThread0" daemon [_thread_blocked, id=30484, stack(0x00000018c1200000,0x00000018c1300000)]
  0x000001a5e2f28800 JavaThread "Attach Listener" daemon [_thread_blocked, id=14196, stack(0x00000018c0d00000,0x00000018c1200000)]
  0x000001a5e49c1800 JavaThread "Signal Dispatcher" daemon [_thread_blocked, id=23512, stack(0x00000018c0800000,0x00000018c0d00000)]
  0x000001a5e4209000 JavaThread "Finalizer" daemon [_thread_blocked, id=31076, stack(0x00000018c0300000,0x00000018c0800000)]
  0x000001a5e8117800 JavaThread "Reference Handler" daemon [_thread_blocked, id=3960, stack(0x00000018bfe00000,0x00000018c0300000)]
  0x000001a5da65c800 JavaThread "main" [_thread_blocked, id=17100, stack(0x00000018bd100000,0x00000018bd200000)]

Other Threads:
  0x000001a5e4c51800 VMThread "VM Thread" [stack: 0x00000018bfd00000,0x00000018bfe00000] [id=14940]
  0x000001a5e6b4c800 WatcherThread [stack: 0x00000018c2500000,0x00000018c2600000] [id=30860]
  0x000001a5e253a800 GCTaskThread "GC Thread#0" [stack: 0x00000018be900000,0x00000018bea00000] [id=3400]
  0x000001a5e253a000 GCTaskThread "GC Thread#1" [stack: 0x00000018bea00000,0x00000018beb00000] [id=15176]
  0x000001a5e253b800 GCTaskThread "GC Thread#2" [stack: 0x00000018beb00000,0x00000018bec00000] [id=22348]
  0x000001a5e6b4c000 GCTaskThread "GC Thread#3" [stack: 0x00000018bec00000,0x00000018bed00000] [id=18892]
  0x000001a5e6b51000 GCTaskThread "GC Thread#4" [stack: 0x00000018bed00000,0x00000018bee00000] [id=11084]
  0x000001a5e6b52800 GCTaskThread "GC Thread#5" [stack: 0x00000018bee00000,0x00000018bef00000] [id=27236]
  0x000001a5e6b4e800 GCTaskThread "GC Thread#6" [stack: 0x00000018bef00000,0x00000018bf000000] [id=27164]
  0x000001a5e6b4f000 GCTaskThread "GC Thread#7" [stack: 0x00000018bf000000,0x00000018bf100000] [id=21160]
  0x000001a5e6b62800 ConcurrentGCThread "G1 Main Marker" [stack: 0x00000018bfa00000,0x00000018bfb00000] [id=19212]
  0x000001a5e6b51800 ConcurrentGCThread "G1 Marker#0" [stack: 0x00000018bfb00000,0x00000018bfc00000] [id=29652]
  0x000001a5e6b53000 ConcurrentGCThread "G1 Marker#1" [stack: 0x00000018bfc00000,0x00000018bfd00000] [id=17216]
  0x000001a5e7933800 ConcurrentGCThread "G1 Refine#0" [stack: 0x00000018bf800000,0x00000018bf900000] [id=3280]
  0x000001a5e7d61800 ConcurrentGCThread "G1 Refine#1" [stack: 0x00000018bf700000,0x00000018bf800000] [id=23464]
  0x000001a5e7d60800 ConcurrentGCThread "G1 Refine#2" [stack: 0x00000018bf600000,0x00000018bf700000] [id=30644]
  0x000001a5e7d35000 ConcurrentGCThread "G1 Refine#3" [stack: 0x00000018bf500000,0x00000018bf600000] [id=23488]
  0x000001a5e549f000 ConcurrentGCThread "G1 Refine#4" [stack: 0x00000018bf400000,0x00000018bf500000] [id=28372]
  0x000001a5e549e800 ConcurrentGCThread "G1 Refine#5" [stack: 0x00000018bf300000,0x00000018bf400000] [id=29844]
  0x000001a5e703b800 ConcurrentGCThread "G1 Refine#6" [stack: 0x00000018bf200000,0x00000018bf300000] [id=30416]
  0x000001a5e49ef800 ConcurrentGCThread "G1 Refine#7" [stack: 0x00000018bf100000,0x00000018bf200000] [id=29608]
  0x000001a5e792f800 ConcurrentGCThread "G1 Young RemSet Sampling" [stack: 0x00000018bf900000,0x00000018bfa00000] [id=28576]

Threads with active compile tasks:

VM state:not at safepoint (normal execution)

VM Mutex/Monitor currently owned by a thread: None

Heap address: 0x0000000700000000, size: 3072 MB, Compressed Oops mode: Zero based, Oop shift amount: 3
Narrow klass base: 0x0000000000000000, Narrow klass shift: 3
Compressed class space size: 1073741824 Address: 0x00000007c0000000

Heap:
 garbage-first heap   total 232448K, used 74481K [0x0000000700000000, 0x0000000700100718, 0x00000007c0000000)
  region size 1024K, 5 young (5120K), 1 survivors (1024K)
 Metaspace       used 85472K, capacity 91753K, committed 91856K, reserved 1128448K
  class space    used 11671K, capacity 12749K, committed 12796K, reserved 1048576K
Heap Regions: E=young(eden), S=young(survivor), O=old, HS=humongous(starts), HC=humongous(continues), CS=collection set, F=free, A=archive, TS=gc time stamp, AC=allocation context, TAMS=top-at-mark-start (previous, next)
|   0|0x0000000700000000, 0x00000007000c9b88, 0x0000000700100000| 78%| O|  |TS  0|AC  0|TAMS 0x0000000700000000, 0x0000000700000000|
|   1|0x0000000700100000, 0x00000007001fe918, 0x0000000700200000| 99%| O|  |TS  0|AC  0|TAMS 0x0000000700100000, 0x0000000700100000|
|   2|0x0000000700200000, 0x00000007002f8c20, 0x0000000700300000| 97%| O|  |TS  0|AC  0|TAMS 0x0000000700200000, 0x0000000700200000|
|   3|0x0000000700300000, 0x00000007003ffff8, 0x0000000700400000| 99%| O|  |TS  0|AC  0|TAMS 0x0000000700300000, 0x0000000700300000|
|   4|0x0000000700400000, 0x0000000700500000, 0x0000000700500000|100%|HS|  |TS  0|AC  0|TAMS 0x0000000700400000, 0x0000000700400000|
|   5|0x0000000700500000, 0x0000000700600000, 0x0000000700600000|100%|HC|  |TS  0|AC  0|TAMS 0x0000000700500000, 0x0000000700500000|
|   6|0x0000000700600000, 0x0000000700700000, 0x0000000700700000|100%|HS|  |TS  0|AC  0|TAMS 0x0000000700600000, 0x0000000700600000|
|   7|0x0000000700700000, 0x00000007007e4240, 0x0000000700800000| 89%| O|  |TS  0|AC  0|TAMS 0x0000000700700000, 0x0000000700700000|
|   8|0x0000000700800000, 0x00000007008ffff0, 0x0000000700900000| 99%| O|  |TS  0|AC  0|TAMS 0x0000000700800000, 0x0000000700800000|
|   9|0x0000000700900000, 0x00000007009ecc00, 0x0000000700a00000| 92%| O|  |TS  0|AC  0|TAMS 0x0000000700900000, 0x0000000700900000|
|  10|0x0000000700a00000, 0x0000000700affff0, 0x0000000700b00000| 99%| O|  |TS  0|AC  0|TAMS 0x0000000700a00000, 0x0000000700a00000|
|  11|0x0000000700b00000, 0x0000000700bffff0, 0x0000000700c00000| 99%| O|  |TS  0|AC  0|TAMS 0x0000000700b00000, 0x0000000700b00000|
|  12|0x0000000700c00000, 0x0000000700cffff8, 0x0000000700d00000| 99%| O|  |TS  0|AC  0|TAMS 0x0000000700c00000, 0x0000000700c00000|
|  13|0x0000000700d00000, 0x0000000700dffff8, 0x0000000700e00000| 99%| O|  |TS  0|AC  0|TAMS 0x0000000700d00000, 0x0000000700d00000|
|  14|0x0000000700e00000, 0x0000000700eee3c0, 0x0000000700f00000| 93%| O|  |TS  0|AC  0|TAMS 0x0000000700e00000, 0x0000000700e00000|
|  15|0x0000000700f00000, 0x0000000701000000, 0x0000000701000000|100%| O|  |TS  0|AC  0|TAMS 0x0000000700f00000, 0x0000000700f00000|
|  16|0x0000000701000000, 0x00000007010fffe8, 0x0000000701100000| 99%| O|  |TS  0|AC  0|TAMS 0x0000000701000000, 0x0000000701000000|
|  17|0x0000000701100000, 0x00000007011fffe8, 0x0000000701200000| 99%| O|  |TS  0|AC  0|TAMS 0x0000000701100000, 0x0000000701100000|
|  18|0x0000000701200000, 0x00000007012ffff8, 0x0000000701300000| 99%| O|  |TS  0|AC  0|TAMS 0x0000000701200000, 0x0000000701200000|
|  19|0x0000000701300000, 0x00000007013fffc8, 0x0000000701400000| 99%| O|  |TS  0|AC  0|TAMS 0x0000000701300000, 0x0000000701300000|
|  20|0x0000000701400000, 0x00000007014ffff0, 0x0000000701500000| 99%| O|  |TS  0|AC  0|TAMS 0x0000000701400000, 0x0000000701400000|
|  21|0x0000000701500000, 0x00000007015fffe8, 0x0000000701600000| 99%| O|  |TS  0|AC  0|TAMS 0x0000000701500000, 0x0000000701500000|
|  22|0x0000000701600000, 0x00000007016ffff0, 0x0000000701700000| 99%| O|  |TS  0|AC  0|TAMS 0x0000000701600000, 0x0000000701600000|
|  23|0x0000000701700000, 0x0000000701800000, 0x0000000701800000|100%| O|  |TS  0|AC  0|TAMS 0x0000000701700000, 0x0000000701700000|
|  24|0x0000000701800000, 0x00000007018ffff8, 0x0000000701900000| 99%| O|  |TS  0|AC  0|TAMS 0x0000000701800000, 0x0000000701800000|
|  25|0x0000000701900000, 0x00000007019ffff8, 0x0000000701a00000| 99%| O|  |TS  0|AC  0|TAMS 0x0000000701900000, 0x0000000701900000|
|  26|0x0000000701a00000, 0x0000000701affff8, 0x0000000701b00000| 99%| O|  |TS  0|AC  0|TAMS 0x0000000701a00000, 0x0000000701a00000|
|  27|0x0000000701b00000, 0x0000000701bfffd8, 0x0000000701c00000| 99%| O|  |TS  0|AC  0|TAMS 0x0000000701b00000, 0x0000000701b00000|
|  28|0x0000000701c00000, 0x0000000701cfffd8, 0x0000000701d00000| 99%| O|  |TS  0|AC  0|TAMS 0x0000000701c00000, 0x0000000701c00000|
|  29|0x0000000701d00000, 0x0000000701dfffb8, 0x0000000701e00000| 99%| O|  |TS  0|AC  0|TAMS 0x0000000701d00000, 0x0000000701d00000|
|  30|0x0000000701e00000, 0x0000000701efffe8, 0x0000000701f00000| 99%| O|  |TS  0|AC  0|TAMS 0x0000000701e00000, 0x0000000701e00000|
|  31|0x0000000701f00000, 0x0000000701fffeb8, 0x0000000702000000| 99%| O|  |TS  0|AC  0|TAMS 0x0000000701f00000, 0x0000000701f00000|
|  32|0x0000000702000000, 0x00000007020ffff0, 0x0000000702100000| 99%| O|  |TS  0|AC  0|TAMS 0x0000000702000000, 0x0000000702000000|
|  33|0x0000000702100000, 0x00000007021fecf8, 0x0000000702200000| 99%| O|  |TS  0|AC  0|TAMS 0x0000000702100000, 0x0000000702100000|
|  34|0x0000000702200000, 0x0000000702300000, 0x0000000702300000|100%| O|  |TS  0|AC  0|TAMS 0x0000000702200000, 0x0000000702200000|
|  35|0x0000000702300000, 0x00000007023fffd0, 0x0000000702400000| 99%| O|  |TS  0|AC  0|TAMS 0x0000000702300000, 0x0000000702300000|
|  36|0x0000000702400000, 0x00000007024ffff0, 0x0000000702500000| 99%| O|  |TS  0|AC  0|TAMS 0x0000000702400000, 0x0000000702400000|
|  37|0x0000000702500000, 0x00000007025fffe8, 0x0000000702600000| 99%| O|  |TS  0|AC  0|TAMS 0x0000000702500000, 0x0000000702500000|
|  38|0x0000000702600000, 0x0000000702700000, 0x0000000702700000|100%| O|  |TS  0|AC  0|TAMS 0x0000000702600000, 0x0000000702600000|
|  39|0x0000000702700000, 0x0000000702800000, 0x0000000702800000|100%| O|  |TS  0|AC  0|TAMS 0x0000000702700000, 0x0000000702700000|
|  40|0x0000000702800000, 0x00000007028fffe8, 0x0000000702900000| 99%| O|  |TS  0|AC  0|TAMS 0x0000000702800000, 0x0000000702800000|
|  41|0x0000000702900000, 0x00000007029fffd8, 0x0000000702a00000| 99%| O|  |TS  0|AC  0|TAMS 0x0000000702900000, 0x0000000702900000|
|  42|0x0000000702a00000, 0x0000000702b00000, 0x0000000702b00000|100%| O|  |TS  0|AC  0|TAMS 0x0000000702a00000, 0x0000000702a00000|
|  43|0x0000000702b00000, 0x0000000702bfffe8, 0x0000000702c00000| 99%| O|  |TS  0|AC  0|TAMS 0x0000000702b00000, 0x0000000702b00000|
|  44|0x0000000702c00000, 0x0000000702cfffe0, 0x0000000702d00000| 99%| O|  |TS  0|AC  0|TAMS 0x0000000702c00000, 0x0000000702c00000|
|  45|0x0000000702d00000, 0x0000000702e00000, 0x0000000702e00000|100%| O|  |TS  0|AC  0|TAMS 0x0000000702d00000, 0x0000000702d00000|
|  46|0x0000000702e00000, 0x0000000702f00000, 0x0000000702f00000|100%| O|  |TS  0|AC  0|TAMS 0x0000000702e00000, 0x0000000702e00000|
|  47|0x0000000702f00000, 0x0000000702ff7be0, 0x0000000703000000| 96%| O|  |TS  0|AC  0|TAMS 0x0000000702f00000, 0x0000000702f00000|
|  48|0x0000000703000000, 0x00000007030fffd8, 0x0000000703100000| 99%| O|  |TS  0|AC  0|TAMS 0x0000000703000000, 0x0000000703000000|
|  49|0x0000000703100000, 0x0000000703200000, 0x0000000703200000|100%|HS|  |TS  0|AC  0|TAMS 0x0000000703100000, 0x0000000703100000|
|  50|0x0000000703200000, 0x0000000703300000, 0x0000000703300000|100%|HC|  |TS  0|AC  0|TAMS 0x0000000703200000, 0x0000000703200000|
|  51|0x0000000703300000, 0x0000000703400000, 0x0000000703400000|100%|HC|  |TS  0|AC  0|TAMS 0x0000000703300000, 0x0000000703300000|
|  52|0x0000000703400000, 0x0000000703500000, 0x0000000703500000|100%|HC|  |TS  0|AC  0|TAMS 0x0000000703400000, 0x0000000703400000|
|  53|0x0000000703500000, 0x0000000703600000, 0x0000000703600000|100%|HC|  |TS  0|AC  0|TAMS 0x0000000703500000, 0x0000000703500000|
|  54|0x0000000703600000, 0x0000000703700000, 0x0000000703700000|100%|HC|  |TS  0|AC  0|TAMS 0x0000000703600000, 0x0000000703600000|
|  55|0x0000000703700000, 0x0000000703800000, 0x0000000703800000|100%|HC|  |TS  0|AC  0|TAMS 0x0000000703700000, 0x0000000703700000|
|  56|0x0000000703800000, 0x0000000703900000, 0x0000000703900000|100%|HC|  |TS  0|AC  0|TAMS 0x0000000703800000, 0x0000000703800000|
|  57|0x0000000703900000, 0x00000007039fffd0, 0x0000000703a00000| 99%| O|  |TS  0|AC  0|TAMS 0x0000000703900000, 0x0000000703900000|
|  58|0x0000000703a00000, 0x0000000703afffe8, 0x0000000703b00000| 99%| O|  |TS  0|AC  0|TAMS 0x0000000703a00000, 0x0000000703a00000|
|  59|0x0000000703b00000, 0x0000000703bffff0, 0x0000000703c00000| 99%| O|  |TS  0|AC  0|TAMS 0x0000000703b00000, 0x0000000703b00000|
|  60|0x0000000703c00000, 0x0000000703d00000, 0x0000000703d00000|100%| O|  |TS  0|AC  0|TAMS 0x0000000703c00000, 0x0000000703c00000|
|  61|0x0000000703d00000, 0x0000000703dffff8, 0x0000000703e00000| 99%| O|  |TS  0|AC  0|TAMS 0x0000000703d00000, 0x0000000703d00000|
|  62|0x0000000703e00000, 0x0000000703f00000, 0x0000000703f00000|100%| O|  |TS  0|AC  0|TAMS 0x0000000703e00000, 0x0000000703e00000|
|  63|0x0000000703f00000, 0x0000000703ffffe8, 0x0000000704000000| 99%| O|  |TS  0|AC  0|TAMS 0x0000000703f00000, 0x0000000703f00000|
|  64|0x0000000704000000, 0x00000007040fffe8, 0x0000000704100000| 99%| O|  |TS  0|AC  0|TAMS 0x0000000704000000, 0x0000000704000000|
|  65|0x0000000704100000, 0x00000007041ffff8, 0x0000000704200000| 99%| O|  |TS  0|AC  0|TAMS 0x0000000704100000, 0x0000000704100000|
|  66|0x0000000704200000, 0x0000000704300000, 0x0000000704300000|100%|HS|  |TS  0|AC  0|TAMS 0x0000000704200000, 0x0000000704200000|
|  67|0x0000000704300000, 0x0000000704400000, 0x0000000704400000|100%|HC|  |TS  0|AC  0|TAMS 0x0000000704300000, 0x0000000704300000|
|  68|0x0000000704400000, 0x0000000704500000, 0x0000000704500000|100%|HC|  |TS  0|AC  0|TAMS 0x0000000704400000, 0x0000000704400000|
|  69|0x0000000704500000, 0x00000007045a95f8, 0x0000000704600000| 66%| O|  |TS  0|AC  0|TAMS 0x0000000704500000, 0x0000000704500000|
|  70|0x0000000704600000, 0x0000000704600000, 0x0000000704700000|  0%| F|  |TS  0|AC  0|TAMS 0x0000000704600000, 0x0000000704600000|
|  71|0x0000000704700000, 0x0000000704700000, 0x0000000704800000|  0%| F|  |TS  0|AC  0|TAMS 0x0000000704700000, 0x0000000704700000|
|  72|0x0000000704800000, 0x0000000704800000, 0x0000000704900000|  0%| F|  |TS  0|AC  0|TAMS 0x0000000704800000, 0x0000000704800000|
|  73|0x0000000704900000, 0x0000000704900000, 0x0000000704a00000|  0%| F|  |TS  0|AC  0|TAMS 0x0000000704900000, 0x0000000704900000|
|  74|0x0000000704a00000, 0x0000000704a00000, 0x0000000704b00000|  0%| F|  |TS  0|AC  0|TAMS 0x0000000704a00000, 0x0000000704a00000|
|  75|0x0000000704b00000, 0x0000000704b00000, 0x0000000704c00000|  0%| F|  |TS  0|AC  0|TAMS 0x0000000704b00000, 0x0000000704b00000|
|  76|0x0000000704c00000, 0x0000000704c00000, 0x0000000704d00000|  0%| F|  |TS  0|AC  0|TAMS 0x0000000704c00000, 0x0000000704c00000|
|  77|0x0000000704d00000, 0x0000000704d00000, 0x0000000704e00000|  0%| F|  |TS  0|AC  0|TAMS 0x0000000704d00000, 0x0000000704d00000|
|  78|0x0000000704e00000, 0x0000000704e00000, 0x0000000704f00000|  0%| F|  |TS  0|AC  0|TAMS 0x0000000704e00000, 0x0000000704e00000|
|  79|0x0000000704f00000, 0x0000000704f00000, 0x0000000705000000|  0%| F|  |TS  0|AC  0|TAMS 0x0000000704f00000, 0x0000000704f00000|
|  80|0x0000000705000000, 0x0000000705000000, 0x0000000705100000|  0%| F|  |TS  0|AC  0|TAMS 0x0000000705000000, 0x0000000705000000|
|  81|0x0000000705100000, 0x0000000705100000, 0x0000000705200000|  0%| F|  |TS  0|AC  0|TAMS 0x0000000705100000, 0x0000000705100000|
|  82|0x0000000705200000, 0x0000000705200000, 0x0000000705300000|  0%| F|  |TS  0|AC  0|TAMS 0x0000000705200000, 0x0000000705200000|
|  83|0x0000000705300000, 0x0000000705300000, 0x0000000705400000|  0%| F|  |TS  0|AC  0|TAMS 0x0000000705300000, 0x0000000705300000|
|  84|0x0000000705400000, 0x0000000705400000, 0x0000000705500000|  0%| F|  |TS  0|AC  0|TAMS 0x0000000705400000, 0x0000000705400000|
|  85|0x0000000705500000, 0x0000000705500000, 0x0000000705600000|  0%| F|  |TS  0|AC  0|TAMS 0x0000000705500000, 0x0000000705500000|
|  86|0x0000000705600000, 0x0000000705600000, 0x0000000705700000|  0%| F|  |TS  0|AC  0|TAMS 0x0000000705600000, 0x0000000705600000|
|  87|0x0000000705700000, 0x0000000705700000, 0x0000000705800000|  0%| F|  |TS  0|AC  0|TAMS 0x0000000705700000, 0x0000000705700000|
|  88|0x0000000705800000, 0x0000000705800000, 0x0000000705900000|  0%| F|  |TS  0|AC  0|TAMS 0x0000000705800000, 0x0000000705800000|
|  89|0x0000000705900000, 0x0000000705900000, 0x0000000705a00000|  0%| F|  |TS  0|AC  0|TAMS 0x0000000705900000, 0x0000000705900000|
|  90|0x0000000705a00000, 0x0000000705a00000, 0x0000000705b00000|  0%| F|  |TS  0|AC  0|TAMS 0x0000000705a00000, 0x0000000705a00000|
|  91|0x0000000705b00000, 0x0000000705b00000, 0x0000000705c00000|  0%| F|  |TS  0|AC  0|TAMS 0x0000000705b00000, 0x0000000705b00000|
|  92|0x0000000705c00000, 0x0000000705c00000, 0x0000000705d00000|  0%| F|  |TS  0|AC  0|TAMS 0x0000000705c00000, 0x0000000705c00000|
|  93|0x0000000705d00000, 0x0000000705d00000, 0x0000000705e00000|  0%| F|  |TS  0|AC  0|TAMS 0x0000000705d00000, 0x0000000705d00000|
|  94|0x0000000705e00000, 0x0000000705e00000, 0x0000000705f00000|  0%| F|  |TS  0|AC  0|TAMS 0x0000000705e00000, 0x0000000705e00000|
|  95|0x0000000705f00000, 0x0000000705f00000, 0x0000000706000000|  0%| F|  |TS  0|AC  0|TAMS 0x0000000705f00000, 0x0000000705f00000|
|  96|0x0000000706000000, 0x0000000706000000, 0x0000000706100000|  0%| F|  |TS  0|AC  0|TAMS 0x0000000706000000, 0x0000000706000000|
|  97|0x0000000706100000, 0x0000000706100000, 0x0000000706200000|  0%| F|  |TS  0|AC  0|TAMS 0x0000000706100000, 0x0000000706100000|
|  98|0x0000000706200000, 0x0000000706200000, 0x0000000706300000|  0%| F|  |TS  0|AC  0|TAMS 0x0000000706200000, 0x0000000706200000|
|  99|0x0000000706300000, 0x0000000706300000, 0x0000000706400000|  0%| F|  |TS  0|AC  0|TAMS 0x0000000706300000, 0x0000000706300000|
| 100|0x0000000706400000, 0x0000000706400000, 0x0000000706500000|  0%| F|  |TS  0|AC  0|TAMS 0x0000000706400000, 0x0000000706400000|
| 101|0x0000000706500000, 0x0000000706500000, 0x0000000706600000|  0%| F|  |TS  0|AC  0|TAMS 0x0000000706500000, 0x0000000706500000|
| 102|0x0000000706600000, 0x0000000706600000, 0x0000000706700000|  0%| F|  |TS  0|AC  0|TAMS 0x0000000706600000, 0x0000000706600000|
| 103|0x0000000706700000, 0x0000000706700000, 0x0000000706800000|  0%| F|  |TS  0|AC  0|TAMS 0x0000000706700000, 0x0000000706700000|
| 104|0x0000000706800000, 0x0000000706800000, 0x0000000706900000|  0%| F|  |TS  0|AC  0|TAMS 0x0000000706800000, 0x0000000706800000|
| 105|0x0000000706900000, 0x0000000706900000, 0x0000000706a00000|  0%| F|  |TS  0|AC  0|TAMS 0x0000000706900000, 0x0000000706900000|
| 106|0x0000000706a00000, 0x0000000706a00000, 0x0000000706b00000|  0%| F|  |TS  0|AC  0|TAMS 0x0000000706a00000, 0x0000000706a00000|
| 107|0x0000000706b00000, 0x0000000706b00000, 0x0000000706c00000|  0%| F|  |TS  0|AC  0|TAMS 0x0000000706b00000, 0x0000000706b00000|
| 108|0x0000000706c00000, 0x0000000706c00000, 0x0000000706d00000|  0%| F|  |TS  0|AC  0|TAMS 0x0000000706c00000, 0x0000000706c00000|
| 109|0x0000000706d00000, 0x0000000706d00000, 0x0000000706e00000|  0%| F|  |TS  0|AC  0|TAMS 0x0000000706d00000, 0x0000000706d00000|
| 110|0x0000000706e00000, 0x0000000706e00000, 0x0000000706f00000|  0%| F|  |TS  0|AC  0|TAMS 0x0000000706e00000, 0x0000000706e00000|
| 111|0x0000000706f00000, 0x0000000706f00000, 0x0000000707000000|  0%| F|  |TS  0|AC  0|TAMS 0x0000000706f00000, 0x0000000706f00000|
| 112|0x0000000707000000, 0x0000000707000000, 0x0000000707100000|  0%| F|  |TS  0|AC  0|TAMS 0x0000000707000000, 0x0000000707000000|
| 113|0x0000000707100000, 0x0000000707100000, 0x0000000707200000|  0%| F|  |TS  0|AC  0|TAMS 0x0000000707100000, 0x0000000707100000|
| 114|0x0000000707200000, 0x0000000707200000, 0x0000000707300000|  0%| F|  |TS  0|AC  0|TAMS 0x0000000707200000, 0x0000000707200000|
| 115|0x0000000707300000, 0x0000000707300000, 0x0000000707400000|  0%| F|  |TS  0|AC  0|TAMS 0x0000000707300000, 0x0000000707300000|
| 116|0x0000000707400000, 0x0000000707400000, 0x0000000707500000|  0%| F|  |TS  0|AC  0|TAMS 0x0000000707400000, 0x0000000707400000|
| 117|0x0000000707500000, 0x0000000707500000, 0x0000000707600000|  0%| F|  |TS  0|AC  0|TAMS 0x0000000707500000, 0x0000000707500000|
| 118|0x0000000707600000, 0x0000000707600000, 0x0000000707700000|  0%| F|  |TS  0|AC  0|TAMS 0x0000000707600000, 0x0000000707600000|
| 119|0x0000000707700000, 0x0000000707700000, 0x0000000707800000|  0%| F|  |TS  0|AC  0|TAMS 0x0000000707700000, 0x0000000707700000|
| 120|0x0000000707800000, 0x0000000707800000, 0x0000000707900000|  0%| F|  |TS  0|AC  0|TAMS 0x0000000707800000, 0x0000000707800000|
| 121|0x0000000707900000, 0x0000000707900000, 0x0000000707a00000|  0%| F|  |TS  0|AC  0|TAMS 0x0000000707900000, 0x0000000707900000|
| 122|0x0000000707a00000, 0x0000000707a00000, 0x0000000707b00000|  0%| F|  |TS  0|AC  0|TAMS 0x0000000707a00000, 0x0000000707a00000|
| 123|0x0000000707b00000, 0x0000000707b00000, 0x0000000707c00000|  0%| F|  |TS  0|AC  0|TAMS 0x0000000707b00000, 0x0000000707b00000|
| 124|0x0000000707c00000, 0x0000000707c00000, 0x0000000707d00000|  0%| F|  |TS  0|AC  0|TAMS 0x0000000707c00000, 0x0000000707c00000|
| 125|0x0000000707d00000, 0x0000000707d00000, 0x0000000707e00000|  0%| F|  |TS  0|AC  0|TAMS 0x0000000707d00000, 0x0000000707d00000|
| 126|0x0000000707e00000, 0x0000000707e00000, 0x0000000707f00000|  0%| F|  |TS  0|AC  0|TAMS 0x0000000707e00000, 0x0000000707e00000|
| 127|0x0000000707f00000, 0x0000000707f00000, 0x0000000708000000|  0%| F|  |TS  0|AC  0|TAMS 0x0000000707f00000, 0x0000000707f00000|
| 128|0x0000000708000000, 0x0000000708000000, 0x0000000708100000|  0%| F|  |TS  0|AC  0|TAMS 0x0000000708000000, 0x0000000708000000|
| 129|0x0000000708100000, 0x0000000708100000, 0x0000000708200000|  0%| F|  |TS  0|AC  0|TAMS 0x0000000708100000, 0x0000000708100000|
| 130|0x0000000708200000, 0x0000000708200000, 0x0000000708300000|  0%| F|  |TS  0|AC  0|TAMS 0x0000000708200000, 0x0000000708200000|
| 131|0x0000000708300000, 0x0000000708300000, 0x0000000708400000|  0%| F|  |TS  0|AC  0|TAMS 0x0000000708300000, 0x0000000708300000|
| 132|0x0000000708400000, 0x0000000708400000, 0x0000000708500000|  0%| F|  |TS  0|AC  0|TAMS 0x0000000708400000, 0x0000000708400000|
| 133|0x0000000708500000, 0x0000000708500000, 0x0000000708600000|  0%| F|  |TS  0|AC  0|TAMS 0x0000000708500000, 0x0000000708500000|
| 134|0x0000000708600000, 0x0000000708600000, 0x0000000708700000|  0%| F|  |TS  0|AC  0|TAMS 0x0000000708600000, 0x0000000708600000|
| 135|0x0000000708700000, 0x0000000708700000, 0x0000000708800000|  0%| F|  |TS  0|AC  0|TAMS 0x0000000708700000, 0x0000000708700000|
| 136|0x0000000708800000, 0x0000000708800000, 0x0000000708900000|  0%| F|  |TS  0|AC  0|TAMS 0x0000000708800000, 0x0000000708800000|
| 137|0x0000000708900000, 0x0000000708900000, 0x0000000708a00000|  0%| F|  |TS  0|AC  0|TAMS 0x0000000708900000, 0x0000000708900000|
| 138|0x0000000708a00000, 0x0000000708a00000, 0x0000000708b00000|  0%| F|  |TS  0|AC  0|TAMS 0x0000000708a00000, 0x0000000708a00000|
| 139|0x0000000708b00000, 0x0000000708b00000, 0x0000000708c00000|  0%| F|  |TS  0|AC  0|TAMS 0x0000000708b00000, 0x0000000708b00000|
| 140|0x0000000708c00000, 0x0000000708c00000, 0x0000000708d00000|  0%| F|  |TS  0|AC  0|TAMS 0x0000000708c00000, 0x0000000708c00000|
| 141|0x0000000708d00000, 0x0000000708d00000, 0x0000000708e00000|  0%| F|  |TS  0|AC  0|TAMS 0x0000000708d00000, 0x0000000708d00000|
| 142|0x0000000708e00000, 0x0000000708e00000, 0x0000000708f00000|  0%| F|  |TS  0|AC  0|TAMS 0x0000000708e00000, 0x0000000708e00000|
| 143|0x0000000708f00000, 0x0000000708f00000, 0x0000000709000000|  0%| F|  |TS  0|AC  0|TAMS 0x0000000708f00000, 0x0000000708f00000|
| 144|0x0000000709000000, 0x0000000709000000, 0x0000000709100000|  0%| F|  |TS  0|AC  0|TAMS 0x0000000709000000, 0x0000000709000000|
| 145|0x0000000709100000, 0x0000000709100000, 0x0000000709200000|  0%| F|  |TS  0|AC  0|TAMS 0x0000000709100000, 0x0000000709100000|
| 146|0x0000000709200000, 0x0000000709200000, 0x0000000709300000|  0%| F|  |TS  0|AC  0|TAMS 0x0000000709200000, 0x0000000709200000|
| 147|0x0000000709300000, 0x0000000709300000, 0x0000000709400000|  0%| F|  |TS  0|AC  0|TAMS 0x0000000709300000, 0x0000000709300000|
| 148|0x0000000709400000, 0x0000000709400000, 0x0000000709500000|  0%| F|  |TS  0|AC  0|TAMS 0x0000000709400000, 0x0000000709400000|
| 149|0x0000000709500000, 0x0000000709500000, 0x0000000709600000|  0%| F|  |TS  0|AC  0|TAMS 0x0000000709500000, 0x0000000709500000|
| 150|0x0000000709600000, 0x0000000709600000, 0x0000000709700000|  0%| F|  |TS  0|AC  0|TAMS 0x0000000709600000, 0x0000000709600000|
| 151|0x0000000709700000, 0x0000000709700000, 0x0000000709800000|  0%| F|  |TS  0|AC  0|TAMS 0x0000000709700000, 0x0000000709700000|
| 152|0x0000000709800000, 0x0000000709800000, 0x0000000709900000|  0%| F|  |TS  0|AC  0|TAMS 0x0000000709800000, 0x0000000709800000|
| 153|0x0000000709900000, 0x0000000709900000, 0x0000000709a00000|  0%| F|  |TS  0|AC  0|TAMS 0x0000000709900000, 0x0000000709900000|
| 154|0x0000000709a00000, 0x0000000709a00000, 0x0000000709b00000|  0%| F|  |TS  0|AC  0|TAMS 0x0000000709a00000, 0x0000000709a00000|
| 155|0x0000000709b00000, 0x0000000709b00000, 0x0000000709c00000|  0%| F|  |TS  0|AC  0|TAMS 0x0000000709b00000, 0x0000000709b00000|
| 156|0x0000000709c00000, 0x0000000709c00000, 0x0000000709d00000|  0%| F|  |TS  0|AC  0|TAMS 0x0000000709c00000, 0x0000000709c00000|
| 157|0x0000000709d00000, 0x0000000709d00000, 0x0000000709e00000|  0%| F|  |TS  0|AC  0|TAMS 0x0000000709d00000, 0x0000000709d00000|
| 158|0x0000000709e00000, 0x0000000709e00000, 0x0000000709f00000|  0%| F|  |TS  0|AC  0|TAMS 0x0000000709e00000, 0x0000000709e00000|
| 159|0x0000000709f00000, 0x0000000709f00000, 0x000000070a000000|  0%| F|  |TS  0|AC  0|TAMS 0x0000000709f00000, 0x0000000709f00000|
| 160|0x000000070a000000, 0x000000070a000000, 0x000000070a100000|  0%| F|  |TS  0|AC  0|TAMS 0x000000070a000000, 0x000000070a000000|
| 161|0x000000070a100000, 0x000000070a100000, 0x000000070a200000|  0%| F|  |TS  0|AC  0|TAMS 0x000000070a100000, 0x000000070a100000|
| 162|0x000000070a200000, 0x000000070a200000, 0x000000070a300000|  0%| F|  |TS  0|AC  0|TAMS 0x000000070a200000, 0x000000070a200000|
| 163|0x000000070a300000, 0x000000070a300000, 0x000000070a400000|  0%| F|  |TS  0|AC  0|TAMS 0x000000070a300000, 0x000000070a300000|
| 164|0x000000070a400000, 0x000000070a400000, 0x000000070a500000|  0%| F|  |TS  0|AC  0|TAMS 0x000000070a400000, 0x000000070a400000|
| 165|0x000000070a500000, 0x000000070a500000, 0x000000070a600000|  0%| F|  |TS  0|AC  0|TAMS 0x000000070a500000, 0x000000070a500000|
| 166|0x000000070a600000, 0x000000070a69c9e0, 0x000000070a700000| 61%| S|CS|TS  1|AC  0|TAMS 0x000000070a600000, 0x000000070a600000|
| 167|0x000000070a700000, 0x000000070a700000, 0x000000070a800000|  0%| F|  |TS  1|AC  0|TAMS 0x000000070a700000, 0x000000070a700000|
| 168|0x000000070a800000, 0x000000070a800000, 0x000000070a900000|  0%| F|  |TS  1|AC  0|TAMS 0x000000070a800000, 0x000000070a800000|
| 169|0x000000070a900000, 0x000000070a900000, 0x000000070aa00000|  0%| F|  |TS  1|AC  0|TAMS 0x000000070a900000, 0x000000070a900000|
| 170|0x000000070aa00000, 0x000000070aa00000, 0x000000070ab00000|  0%| F|  |TS  1|AC  0|TAMS 0x000000070aa00000, 0x000000070aa00000|
| 171|0x000000070ab00000, 0x000000070ab00000, 0x000000070ac00000|  0%| F|  |TS  1|AC  0|TAMS 0x000000070ab00000, 0x000000070ab00000|
| 172|0x000000070ac00000, 0x000000070ac00000, 0x000000070ad00000|  0%| F|  |TS  1|AC  0|TAMS 0x000000070ac00000, 0x000000070ac00000|
| 173|0x000000070ad00000, 0x000000070ad00000, 0x000000070ae00000|  0%| F|  |TS  1|AC  0|TAMS 0x000000070ad00000, 0x000000070ad00000|
| 174|0x000000070ae00000, 0x000000070ae00000, 0x000000070af00000|  0%| F|  |TS  1|AC  0|TAMS 0x000000070ae00000, 0x000000070ae00000|
| 175|0x000000070af00000, 0x000000070af00000, 0x000000070b000000|  0%| F|  |TS  1|AC  0|TAMS 0x000000070af00000, 0x000000070af00000|
| 176|0x000000070b000000, 0x000000070b000000, 0x000000070b100000|  0%| F|  |TS  1|AC  0|TAMS 0x000000070b000000, 0x000000070b000000|
| 177|0x000000070b100000, 0x000000070b100000, 0x000000070b200000|  0%| F|  |TS  1|AC  0|TAMS 0x000000070b100000, 0x000000070b100000|
| 178|0x000000070b200000, 0x000000070b200000, 0x000000070b300000|  0%| F|  |TS  1|AC  0|TAMS 0x000000070b200000, 0x000000070b200000|
| 179|0x000000070b300000, 0x000000070b300000, 0x000000070b400000|  0%| F|  |TS  1|AC  0|TAMS 0x000000070b300000, 0x000000070b300000|
| 180|0x000000070b400000, 0x000000070b400000, 0x000000070b500000|  0%| F|  |TS  1|AC  0|TAMS 0x000000070b400000, 0x000000070b400000|
| 181|0x000000070b500000, 0x000000070b500000, 0x000000070b600000|  0%| F|  |TS  1|AC  0|TAMS 0x000000070b500000, 0x000000070b500000|
| 182|0x000000070b600000, 0x000000070b600000, 0x000000070b700000|  0%| F|  |TS  1|AC  0|TAMS 0x000000070b600000, 0x000000070b600000|
| 183|0x000000070b700000, 0x000000070b700000, 0x000000070b800000|  0%| F|  |TS  1|AC  0|TAMS 0x000000070b700000, 0x000000070b700000|
| 184|0x000000070b800000, 0x000000070b800000, 0x000000070b900000|  0%| F|  |TS  1|AC  0|TAMS 0x000000070b800000, 0x000000070b800000|
| 185|0x000000070b900000, 0x000000070b900000, 0x000000070ba00000|  0%| F|  |TS  1|AC  0|TAMS 0x000000070b900000, 0x000000070b900000|
| 186|0x000000070ba00000, 0x000000070ba00000, 0x000000070bb00000|  0%| F|  |TS  1|AC  0|TAMS 0x000000070ba00000, 0x000000070ba00000|
| 187|0x000000070bb00000, 0x000000070bb00000, 0x000000070bc00000|  0%| F|  |TS  1|AC  0|TAMS 0x000000070bb00000, 0x000000070bb00000|
| 188|0x000000070bc00000, 0x000000070bc00000, 0x000000070bd00000|  0%| F|  |TS  1|AC  0|TAMS 0x000000070bc00000, 0x000000070bc00000|
| 189|0x000000070bd00000, 0x000000070bd00000, 0x000000070be00000|  0%| F|  |TS  1|AC  0|TAMS 0x000000070bd00000, 0x000000070bd00000|
| 190|0x000000070be00000, 0x000000070be00000, 0x000000070bf00000|  0%| F|  |TS  1|AC  0|TAMS 0x000000070be00000, 0x000000070be00000|
| 191|0x000000070bf00000, 0x000000070bf00000, 0x000000070c000000|  0%| F|  |TS  1|AC  0|TAMS 0x000000070bf00000, 0x000000070bf00000|
| 192|0x000000070c000000, 0x000000070c000000, 0x000000070c100000|  0%| F|  |TS  1|AC  0|TAMS 0x000000070c000000, 0x000000070c000000|
| 193|0x000000070c100000, 0x000000070c100000, 0x000000070c200000|  0%| F|  |TS  1|AC  0|TAMS 0x000000070c100000, 0x000000070c100000|
| 194|0x000000070c200000, 0x000000070c200000, 0x000000070c300000|  0%| F|  |TS  1|AC  0|TAMS 0x000000070c200000, 0x000000070c200000|
| 195|0x000000070c300000, 0x000000070c300000, 0x000000070c400000|  0%| F|  |TS  1|AC  0|TAMS 0x000000070c300000, 0x000000070c300000|
| 196|0x000000070c400000, 0x000000070c400000, 0x000000070c500000|  0%| F|  |TS  1|AC  0|TAMS 0x000000070c400000, 0x000000070c400000|
| 197|0x000000070c500000, 0x000000070c500000, 0x000000070c600000|  0%| F|  |TS  1|AC  0|TAMS 0x000000070c500000, 0x000000070c500000|
| 198|0x000000070c600000, 0x000000070c600000, 0x000000070c700000|  0%| F|  |TS  1|AC  0|TAMS 0x000000070c600000, 0x000000070c600000|
| 199|0x000000070c700000, 0x000000070c700000, 0x000000070c800000|  0%| F|  |TS  1|AC  0|TAMS 0x000000070c700000, 0x000000070c700000|
| 200|0x000000070c800000, 0x000000070c800000, 0x000000070c900000|  0%| F|  |TS  1|AC  0|TAMS 0x000000070c800000, 0x000000070c800000|
| 201|0x000000070c900000, 0x000000070c900000, 0x000000070ca00000|  0%| F|  |TS  1|AC  0|TAMS 0x000000070c900000, 0x000000070c900000|
| 202|0x000000070ca00000, 0x000000070ca00000, 0x000000070cb00000|  0%| F|  |TS  1|AC  0|TAMS 0x000000070ca00000, 0x000000070ca00000|
| 203|0x000000070cb00000, 0x000000070cb00000, 0x000000070cc00000|  0%| F|  |TS  1|AC  0|TAMS 0x000000070cb00000, 0x000000070cb00000|
| 204|0x000000070cc00000, 0x000000070cc00000, 0x000000070cd00000|  0%| F|  |TS  1|AC  0|TAMS 0x000000070cc00000, 0x000000070cc00000|
| 205|0x000000070cd00000, 0x000000070cd00000, 0x000000070ce00000|  0%| F|  |TS  1|AC  0|TAMS 0x000000070cd00000, 0x000000070cd00000|
| 206|0x000000070ce00000, 0x000000070ce00000, 0x000000070cf00000|  0%| F|  |TS  1|AC  0|TAMS 0x000000070ce00000, 0x000000070ce00000|
| 207|0x000000070cf00000, 0x000000070cf00000, 0x000000070d000000|  0%| F|  |TS  1|AC  0|TAMS 0x000000070cf00000, 0x000000070cf00000|
| 208|0x000000070d000000, 0x000000070d000000, 0x000000070d100000|  0%| F|  |TS  1|AC  0|TAMS 0x000000070d000000, 0x000000070d000000|
| 209|0x000000070d100000, 0x000000070d100000, 0x000000070d200000|  0%| F|  |TS  1|AC  0|TAMS 0x000000070d100000, 0x000000070d100000|
| 210|0x000000070d200000, 0x000000070d200000, 0x000000070d300000|  0%| F|  |TS  1|AC  0|TAMS 0x000000070d200000, 0x000000070d200000|
| 211|0x000000070d300000, 0x000000070d300000, 0x000000070d400000|  0%| F|  |TS  1|AC  0|TAMS 0x000000070d300000, 0x000000070d300000|
| 212|0x000000070d400000, 0x000000070d400000, 0x000000070d500000|  0%| F|  |TS  1|AC  0|TAMS 0x000000070d400000, 0x000000070d400000|
| 213|0x000000070d500000, 0x000000070d500000, 0x000000070d600000|  0%| F|  |TS  1|AC  0|TAMS 0x000000070d500000, 0x000000070d500000|
| 214|0x000000070d600000, 0x000000070d600000, 0x000000070d700000|  0%| F|  |TS  1|AC  0|TAMS 0x000000070d600000, 0x000000070d600000|
| 215|0x000000070d700000, 0x000000070d700000, 0x000000070d800000|  0%| F|  |TS  1|AC  0|TAMS 0x000000070d700000, 0x000000070d700000|
| 216|0x000000070d800000, 0x000000070d800000, 0x000000070d900000|  0%| F|  |TS  1|AC  0|TAMS 0x000000070d800000, 0x000000070d800000|
| 217|0x000000070d900000, 0x000000070d900000, 0x000000070da00000|  0%| F|  |TS  1|AC  0|TAMS 0x000000070d900000, 0x000000070d900000|
| 218|0x000000070da00000, 0x000000070da00000, 0x000000070db00000|  0%| F|  |TS  1|AC  0|TAMS 0x000000070da00000, 0x000000070da00000|
| 219|0x000000070db00000, 0x000000070db00000, 0x000000070dc00000|  0%| F|  |TS  1|AC  0|TAMS 0x000000070db00000, 0x000000070db00000|
| 220|0x000000070dc00000, 0x000000070dc00000, 0x000000070dd00000|  0%| F|  |TS  1|AC  0|TAMS 0x000000070dc00000, 0x000000070dc00000|
| 221|0x000000070dd00000, 0x000000070dd00000, 0x000000070de00000|  0%| F|  |TS  1|AC  0|TAMS 0x000000070dd00000, 0x000000070dd00000|
| 222|0x000000070de00000, 0x000000070de00000, 0x000000070df00000|  0%| F|  |TS  1|AC  0|TAMS 0x000000070de00000, 0x000000070de00000|
| 223|0x000000070df00000, 0x000000070dfa3b88, 0x000000070e000000| 63%| E|  |TS  1|AC  0|TAMS 0x000000070df00000, 0x000000070df00000|
| 224|0x000000070e000000, 0x000000070e100000, 0x000000070e100000|100%| E|CS|TS  1|AC  0|TAMS 0x000000070e000000, 0x000000070e000000|
| 225|0x000000070e100000, 0x000000070e200000, 0x000000070e200000|100%| E|CS|TS  1|AC  0|TAMS 0x000000070e100000, 0x000000070e100000|
| 226|0x000000070e200000, 0x000000070e300000, 0x000000070e300000|100%| E|CS|TS  1|AC  0|TAMS 0x000000070e200000, 0x000000070e200000|

Card table byte_map: [0x000001a5e6360000,0x000001a5e6960000] byte_map_base: 0x000001a5e2b60000

Marking Bits (Prev, Next): (CMBitMap*) 0x000001a5e6b620b0, (CMBitMap*) 0x000001a5e6b620e8
 Prev Bits: [0x000001a580000000, 0x000001a583000000)
 Next Bits: [0x000001a583000000, 0x000001a586000000)

Polling page: 0x000001a5dc1b0000

CodeHeap 'non-profiled nmethods': size=120000Kb used=20012Kb max_used=20012Kb free=99987Kb
 bounds [0x000001a5f7ef0000, 0x000001a5f9280000, 0x000001a5ff420000]
CodeHeap 'profiled nmethods': size=120000Kb used=42950Kb max_used=42950Kb free=77049Kb
 bounds [0x000001a5f09c0000, 0x000001a5f33f0000, 0x000001a5f7ef0000]
CodeHeap 'non-nmethods': size=5760Kb used=1805Kb max_used=1861Kb free=3954Kb
 bounds [0x000001a5f0420000, 0x000001a5f0690000, 0x000001a5f09c0000]
 total_blobs=29680 nmethods=16982 adapters=1150
 compilation: enabled

Compilation events (10 events):
Event: 663.745 Thread 0x000001a5e765f000 20449       3       javax.swing.plaf.basic.BasicTextUI::paintSafely (95 bytes)
Event: 663.746 Thread 0x000001a5e765f000 nmethod 20449 0x000001a5f33dd810 code [0x000001a5f33dda40, 0x000001a5f33de3e0]
Event: 663.746 Thread 0x000001a5e765f000 20450       3       javax.swing.text.PlainView::drawElement (400 bytes)
Event: 663.747 Thread 0x000001a5e765f000 nmethod 20450 0x000001a5f33de690 code [0x000001a5f33de9c0, 0x000001a5f33dffc0]
Event: 663.780 Thread 0x000001a5e765f000 20451       3       ui.bi::g (51 bytes)
Event: 663.780 Thread 0x000001a5e765f000 nmethod 20451 0x000001a5f33e0510 code [0x000001a5f33e0720, 0x000001a5f33e0d70]
Event: 663.780 Thread 0x000001a5e80fb000 20452       4       de.javasoft.plaf.synthetica.painter.UIKey::get (8 bytes)
Event: 663.781 Thread 0x000001a5e765f000 20453       3       javax.swing.plaf.synth.SynthButtonUI::getComponentState (138 bytes)
Event: 663.782 Thread 0x000001a5e765f000 nmethod 20453 0x000001a5f33e0f10 code [0x000001a5f33e1220, 0x000001a5f33e2910]
Event: 663.786 Thread 0x000001a5e80fb000 nmethod 20452 0x000001a5f927b590 code [0x000001a5f927b740, 0x000001a5f927bb68]

GC Heap History (10 events):
Event: 657.818 GC heap before
{Heap before GC invocations=363 (full 270):
 garbage-first heap   total 232448K, used 98092K [0x0000000700000000, 0x0000000700100718, 0x00000007c0000000)
  region size 1024K, 25 young (25600K), 2 survivors (2048K)
 Metaspace       used 85354K, capacity 91689K, committed 91856K, reserved 1128448K
  class space    used 11662K, capacity 12749K, committed 12796K, reserved 1048576K
}
Event: 658.066 GC heap after
{Heap after GC invocations=364 (full 271):
 garbage-first heap   total 232448K, used 70605K [0x0000000700000000, 0x0000000700100718, 0x00000007c0000000)
  region size 1024K, 0 young (0K), 0 survivors (0K)
 Metaspace       used 85354K, capacity 91689K, committed 91856K, reserved 1128448K
  class space    used 11662K, capacity 12749K, committed 12796K, reserved 1048576K
}
Event: 659.852 GC heap before
{Heap before GC invocations=364 (full 271):
 garbage-first heap   total 232448K, used 132045K [0x0000000700000000, 0x0000000700100718, 0x00000007c0000000)
  region size 1024K, 60 young (61440K), 0 survivors (0K)
 Metaspace       used 85381K, capacity 91689K, committed 91856K, reserved 1128448K
  class space    used 11662K, capacity 12749K, committed 12796K, reserved 1048576K
}
Event: 659.854 GC heap after
{Heap after GC invocations=365 (full 271):
 garbage-first heap   total 232448K, used 71162K [0x0000000700000000, 0x0000000700100718, 0x00000007c0000000)
  region size 1024K, 1 young (1024K), 1 survivors (1024K)
 Metaspace       used 85381K, capacity 91689K, committed 91856K, reserved 1128448K
  class space    used 11662K, capacity 12749K, committed 12796K, reserved 1048576K
}
Event: 660.735 GC heap before
{Heap before GC invocations=365 (full 271):
 garbage-first heap   total 232448K, used 131578K [0x0000000700000000, 0x0000000700100718, 0x00000007c0000000)
  region size 1024K, 60 young (61440K), 1 survivors (1024K)
 Metaspace       used 85396K, capacity 91689K, committed 91856K, reserved 1128448K
  class space    used 11662K, capacity 12749K, committed 12796K, reserved 1048576K
}
Event: 660.737 GC heap after
{Heap after GC invocations=366 (full 271):
 garbage-first heap   total 232448K, used 71184K [0x0000000700000000, 0x0000000700100718, 0x00000007c0000000)
  region size 1024K, 1 young (1024K), 1 survivors (1024K)
 Metaspace       used 85396K, capacity 91689K, committed 91856K, reserved 1128448K
  class space    used 11662K, capacity 12749K, committed 12796K, reserved 1048576K
}
Event: 661.357 GC heap before
{Heap before GC invocations=366 (full 271):
 garbage-first heap   total 232448K, used 107024K [0x0000000700000000, 0x0000000700100718, 0x00000007c0000000)
  region size 1024K, 37 young (37888K), 1 survivors (1024K)
 Metaspace       used 85420K, capacity 91753K, committed 91856K, reserved 1128448K
  class space    used 11662K, capacity 12749K, committed 12796K, reserved 1048576K
}
Event: 661.575 GC heap after
{Heap after GC invocations=367 (full 272):
 garbage-first heap   total 232448K, used 70783K [0x0000000700000000, 0x0000000700100718, 0x00000007c0000000)
  region size 1024K, 0 young (0K), 0 survivors (0K)
 Metaspace       used 85420K, capacity 91753K, committed 91856K, reserved 1128448K
  class space    used 11662K, capacity 12749K, committed 12796K, reserved 1048576K
}
Event: 663.762 GC heap before
{Heap before GC invocations=367 (full 272):
 garbage-first heap   total 232448K, used 132223K [0x0000000700000000, 0x0000000700100718, 0x00000007c0000000)
  region size 1024K, 60 young (61440K), 0 survivors (0K)
 Metaspace       used 85471K, capacity 91753K, committed 91856K, reserved 1128448K
  class space    used 11671K, capacity 12749K, committed 12796K, reserved 1048576K
}
Event: 663.766 GC heap after
{Heap after GC invocations=368 (full 272):
 garbage-first heap   total 232448K, used 71409K [0x0000000700000000, 0x0000000700100718, 0x00000007c0000000)
  region size 1024K, 1 young (1024K), 1 survivors (1024K)
 Metaspace       used 85471K, capacity 91753K, committed 91856K, reserved 1128448K
  class space    used 11671K, capacity 12749K, committed 12796K, reserved 1048576K
}

Deoptimization events (10 events):
Event: 662.658 Thread 0x000001a589219000 Uncommon trap: reason=bimorphic_or_optimized_type_check action=maybe_recompile pc=0x000001a5f8f9acf8 method=sun.awt.windows.WComponentPeer.handleEvent(Ljava/awt/AWTEvent;)V @ 29 c2
Event: 662.662 Thread 0x000001a589219000 Uncommon trap: reason=bimorphic_or_optimized_type_check action=maybe_recompile pc=0x000001a5f8f9acf8 method=sun.awt.windows.WComponentPeer.handleEvent(Ljava/awt/AWTEvent;)V @ 29 c2
Event: 663.388 Thread 0x000001a589219000 Uncommon trap: reason=unstable_if action=reinterpret pc=0x000001a5f917bf4c method=javax.swing.plaf.synth.SynthButtonUI.getComponentState(Ljavax/swing/JComponent;)I @ 43 c2
Event: 663.388 Thread 0x000001a589219000 Uncommon trap: reason=unstable_if action=reinterpret pc=0x000001a5f8dafdb0 method=de.javasoft.plaf.synthetica.painter.AnimationThreadFactory$AnimationThread.addComponent(Ljavax/swing/JComponent;Ljava/lang/String;II[Ljava/lang/String;ILjava/awt/Rectangle;)
Event: 663.402 Thread 0x000001a589219000 Uncommon trap: reason=unstable_if action=reinterpret pc=0x000001a5f870b738 method=de.javasoft.plaf.synthetica.styles.StyleWrapper.getInt(Ljavax/swing/plaf/synth/SynthContext;Ljava/lang/Object;I)I @ 31 c2
Event: 663.403 Thread 0x000001a589219000 Uncommon trap: reason=unstable_if action=reinterpret pc=0x000001a5f906e5b4 method=javax.swing.plaf.synth.SynthButtonUI.getComponentState(Ljavax/swing/JComponent;)I @ 43 c2
Event: 663.434 Thread 0x000001a589219000 Uncommon trap: reason=unstable_if action=reinterpret pc=0x000001a5f862d8f4 method=javax.swing.AbstractButton.setEnabled(Z)V @ 13 c2
Event: 663.562 Thread 0x000001a589219000 Uncommon trap: reason=class_check action=maybe_recompile pc=0x000001a5f8da4410 method=javax.swing.plaf.synth.ParsedSynthStyle$DelegatingPainter.paintPanelBackground(Ljavax/swing/plaf/synth/SynthContext;Ljava/awt/Graphics;IIII)V @ 16 c2
Event: 663.637 Thread 0x000001a589219000 Uncommon trap: reason=class_check action=maybe_recompile pc=0x000001a5f8da4410 method=javax.swing.plaf.synth.ParsedSynthStyle$DelegatingPainter.paintPanelBackground(Ljavax/swing/plaf/synth/SynthContext;Ljava/awt/Graphics;IIII)V @ 16 c2
Event: 663.780 Thread 0x000001a589219000 Uncommon trap: reason=class_check action=maybe_recompile pc=0x000001a5f8da4410 method=javax.swing.plaf.synth.ParsedSynthStyle$DelegatingPainter.paintPanelBackground(Ljavax/swing/plaf/synth/SynthContext;Ljava/awt/Graphics;IIII)V @ 16 c2

Classes redefined (0 events):
No events

Internal exceptions (10 events):
Event: 599.920 Thread 0x000001a589219000 Exception <a 'java/lang/NoSuchMethodError'{0x000000070b4ac6f0}: method resolution failed> (0x000000070b4ac6f0) thrown at [t:/workspace/hotspot/src/share/vm/prims/methodHandles.cpp, line 1256]
Event: 599.920 Thread 0x000001a589219000 Exception <a 'java/lang/NoSuchMethodError'{0x000000070b4b1ab0}: java.lang.invoke.DelegatingMethodHandle$Holder.reinvoke_L(Ljava/lang/Object;Ljava/lang/Object;Ljava/lang/Object;Ljava/lang/Object;Ljava/lang/Object;IILjava/lang/Object;Ljava/lang/Object;IILja
Event: 601.907 Thread 0x000001a589219000 Exception <a 'java/lang/NoSuchMethodError'{0x000000070c706458}: method resolution failed> (0x000000070c706458) thrown at [t:/workspace/hotspot/src/share/vm/prims/methodHandles.cpp, line 1256]
Event: 601.907 Thread 0x000001a589219000 Exception <a 'java/lang/NoSuchMethodError'{0x000000070c70a590}: java.lang.invoke.DelegatingMethodHandle$Holder.reinvoke_L(Ljava/lang/Object;Ljava/lang/Object;IILjava/lang/Object;Ljava/lang/Object;ILjava/lang/Object;II)Ljava/lang/Object;> (0x000000070c70a5
Event: 601.910 Thread 0x000001a589219000 Exception <a 'java/lang/NoSuchMethodError'{0x000000070c776db8}: java.lang.invoke.DirectMethodHandle$Holder.invokeSpecial(Ljava/lang/Object;Ljava/lang/Object;IIILjava/lang/Object;Ljava/lang/Object;ILjava/lang/Object;II)Ljava/lang/Object;> (0x000000070c776d
Event: 601.910 Thread 0x000001a589219000 Exception <a 'java/lang/NoSuchMethodError'{0x000000070c77a8e0}: java.lang.invoke.DelegatingMethodHandle$Holder.reinvoke_L(Ljava/lang/Object;IIILjava/lang/Object;Ljava/lang/Object;ILjava/lang/Object;II)Ljava/lang/Object;> (0x000000070c77a8e0) thrown at [t:
Event: 601.911 Thread 0x000001a589219000 Exception <a 'java/lang/NoSuchMethodError'{0x000000070c798ff8}: method resolution failed> (0x000000070c798ff8) thrown at [t:/workspace/hotspot/src/share/vm/prims/methodHandles.cpp, line 1256]
Event: 601.995 Thread 0x000001a589219000 Exception <a 'java/lang/NoSuchMethodError'{0x000000070c60cf28}: java.lang.invoke.DirectMethodHandle$Holder.invokeSpecial(Ljava/lang/Object;Ljava/lang/Object;ILjava/lang/Object;)V> (0x000000070c60cf28) thrown at [t:/workspace/hotspot/src/share/vm/interpret
Event: 601.995 Thread 0x000001a589219000 Exception <a 'java/lang/NoSuchMethodError'{0x000000070c612850}: java.lang.invoke.DirectMethodHandle$Holder.invokeStatic(Ljava/lang/Object;Ljava/lang/Object;ILjava/lang/Object;)Ljava/lang/Object;> (0x000000070c612850) thrown at [t:/workspace/hotspot/src/sh
Event: 658.066 Thread 0x000001a589fed000 Implicit null exception at 0x000001a5f8d915b4 to 0x000001a5f8d9348d

Events (10 events):
Event: 663.637 Thread 0x000001a589219000 Uncommon trap: trap_request=0xffffffde fr.pc=0x000001a5f8da4410 relative=0x0000000000000e50
Event: 663.637 Thread 0x000001a589219000 DEOPT PACKING pc=0x000001a5f8da4410 sp=0x00000018c4dfac30
Event: 663.637 Thread 0x000001a589219000 DEOPT UNPACKING pc=0x000001a5f046df29 sp=0x00000018c4dfab60 mode 2
Event: 663.762 Executing VM operation: G1IncCollectionPause
Event: 663.766 Executing VM operation: G1IncCollectionPause done
Event: 663.780 Thread 0x000001a589219000 Uncommon trap: trap_request=0xffffffde fr.pc=0x000001a5f8da4410 relative=0x0000000000000e50
Event: 663.780 Thread 0x000001a589219000 DEOPT PACKING pc=0x000001a5f8da4410 sp=0x00000018c4dfac30
Event: 663.780 Thread 0x000001a589219000 DEOPT UNPACKING pc=0x000001a5f046df29 sp=0x00000018c4dfab60 mode 2
Event: 663.784 Thread 0x000001a589ff4800 Thread added: 0x000001a589ff4800
Event: 663.788 Thread 0x000001a589ff4800 Thread exited: 0x000001a589ff4800


Dynamic libraries:
0x00007ff7b6350000 - 0x00007ff7b6380000 	E:\Xilinx\Vivado\2019.2\bin\unwrapped\win64.o\vivado.exe
0x00007ffa11100000 - 0x00007ffa112f0000 	C:\Windows\SYSTEM32\ntdll.dll
0x00007ffa10870000 - 0x00007ffa10922000 	C:\Windows\System32\KERNEL32.DLL
0x00007ffa0e2b0000 - 0x00007ffa0e554000 	C:\Windows\System32\KERNELBASE.dll
0x00007ffa0e0c0000 - 0x00007ffa0e1ba000 	C:\Windows\System32\ucrtbase.dll
0x00007ffa01ac0000 - 0x00007ffa01b51000 	C:\Windows\SYSTEM32\MSVCP140.dll
0x00007ffa07d20000 - 0x00007ffa07d36000 	E:\Xilinx\Vivado\2019.2\lib\win64.o\librdi_commonmain.dll
0x00007ffa09120000 - 0x00007ffa09134000 	E:\Xilinx\Vivado\2019.2\lib\win64.o\libboost_signals.dll
0x00007ff9c4080000 - 0x00007ff9c4fc3000 	E:\Xilinx\Vivado\2019.2\lib\win64.o\librdi_common.dll
0x00007ffa02760000 - 0x00007ffa02779000 	C:\Windows\SYSTEM32\VCRUNTIME140.dll
0x00007ffa0fac0000 - 0x00007ffa0fc54000 	C:\Windows\System32\USER32.dll
0x00007ffa01b60000 - 0x00007ffa01b6c000 	C:\Windows\SYSTEM32\VCRUNTIME140_1.dll
0x00007ffa0e1c0000 - 0x00007ffa0e1e1000 	C:\Windows\System32\win32u.dll
0x00007ff9f95a0000 - 0x00007ff9f95c6000 	E:\Xilinx\Vivado\2019.2\lib\win64.o\libboost_filesystem.dll
0x00007ffa0f1c0000 - 0x00007ffa0f1e6000 	C:\Windows\System32\GDI32.dll
0x00007ffa109e0000 - 0x00007ffa10a83000 	C:\Windows\System32\ADVAPI32.dll
0x00007ffa092b0000 - 0x00007ffa092ba000 	E:\Xilinx\Vivado\2019.2\lib\win64.o\librdi_commonversion.dll
0x00007ffa0ed30000 - 0x00007ffa0eec4000 	C:\Windows\System32\gdi32full.dll
0x00007ffa0f810000 - 0x00007ffa0f8ae000 	C:\Windows\System32\msvcrt.dll
0x00007ff9d6260000 - 0x00007ff9d6401000 	E:\Xilinx\Vivado\2019.2\lib\win64.o\librdi_commonxillic.dll
0x00007ffa0e210000 - 0x00007ffa0e2ae000 	C:\Windows\System32\msvcp_win.dll
0x00007ffa106b0000 - 0x00007ffa1071f000 	C:\Windows\System32\WS2_32.dll
0x00007ffa107d0000 - 0x00007ffa10867000 	C:\Windows\System32\sechost.dll
0x00007ffa0fea0000 - 0x00007ffa0ffc0000 	C:\Windows\System32\RPCRT4.dll
0x00007ffa0ffc0000 - 0x00007ffa106a4000 	C:\Windows\System32\SHELL32.dll
0x0000000057ba0000 - 0x0000000057ccb000 	E:\Xilinx\Vivado\2019.2\lib\win64.o\tcl85t.dll
0x00007ffa0e090000 - 0x00007ffa0e0b6000 	C:\Windows\System32\bcrypt.dll
0x00007ffa0e560000 - 0x00007ffa0e5aa000 	C:\Windows\System32\cfgmgr32.dll
0x00007ffa0f8b0000 - 0x00007ffa0f959000 	C:\Windows\System32\shcore.dll
0x00007ffa03830000 - 0x00007ffa03844000 	E:\Xilinx\Vivado\2019.2\lib\win64.o\libboost_date_time.dll
0x00007ff9c7220000 - 0x00007ff9c758e000 	E:\Xilinx\Vivado\2019.2\lib\win64.o\libCOIN-all.dll
0x00007ffa0f450000 - 0x00007ffa0f786000 	C:\Windows\System32\combase.dll
0x00007ffa0f130000 - 0x00007ffa0f1b0000 	C:\Windows\System32\bcryptPrimitives.dll
0x00007ff9e37f0000 - 0x00007ff9e386f000 	E:\Xilinx\Vivado\2019.2\lib\win64.o\libboost_program_options.dll
0x00007ff9e36d0000 - 0x00007ff9e37e4000 	E:\Xilinx\Vivado\2019.2\lib\win64.o\libboost_regex.dll
0x00007ffa0e5b0000 - 0x00007ffa0ed2e000 	C:\Windows\System32\windows.storage.dll
0x00007ffa07d10000 - 0x00007ffa07d1b000 	E:\Xilinx\Vivado\2019.2\lib\win64.o\libboost_system.dll
0x00007ffa0dfd0000 - 0x00007ffa0dff3000 	C:\Windows\System32\profapi.dll
0x00007ff9f6ca0000 - 0x00007ff9f6cc1000 	E:\Xilinx\Vivado\2019.2\lib\win64.o\libboost_thread.dll
0x00007ffa037a0000 - 0x00007ffa037af000 	E:\Xilinx\Vivado\2019.2\lib\win64.o\libboost_xilinx.dll
0x00007ffa0e000000 - 0x00007ffa0e04a000 	C:\Windows\System32\powrprof.dll
0x00007ffa0dfc0000 - 0x00007ffa0dfd0000 	C:\Windows\System32\UMPDC.dll
0x00007ff9e26d0000 - 0x00007ff9e2752000 	E:\Xilinx\Vivado\2019.2\lib\win64.o\libhdlpsolve.dll
0x00007ffa0f3f0000 - 0x00007ffa0f442000 	C:\Windows\System32\shlwapi.dll
0x00007ff9c3480000 - 0x00007ff9c407c200 	E:\Xilinx\Vivado\2019.2\lib\win64.o\libisl_iostreams.dll
0x00007ffa0e070000 - 0x00007ffa0e081000 	C:\Windows\System32\kernel.appcore.dll
0x00007ff9d64e0000 - 0x00007ff9d6585000 	E:\Xilinx\Vivado\2019.2\lib\win64.o\libhdxml.dll
0x00007ffa0e1f0000 - 0x00007ffa0e207000 	C:\Windows\System32\cryptsp.dll
0x00007ffa03250000 - 0x00007ffa0326a000 	E:\Xilinx\Vivado\2019.2\lib\win64.o\pthreadVC2.dll
0x00007ff9f5ce0000 - 0x00007ff9f5d0e000 	E:\Xilinx\Vivado\2019.2\lib\win64.o\libisl_sysinfo.dll
0x00007ff9d81c0000 - 0x00007ff9d8225000 	E:\Xilinx\Vivado\2019.2\lib\win64.o\liblmx6.0.dll
0x00007ff9f9a90000 - 0x00007ff9f9aac000 	E:\Xilinx\Vivado\2019.2\lib\win64.o\librdiconfig.dll
0x00007ff9f1d50000 - 0x00007ff9f1d71000 	E:\Xilinx\Vivado\2019.2\lib\win64.o\librdizlib.dll
0x0000000012000000 - 0x0000000012270000 	E:\Xilinx\Vivado\2019.2\lib\win64.o\xerces-c_3_1.dll
0x00007ff9ccd80000 - 0x00007ff9cd05b000 	E:\Xilinx\Vivado\2019.2\lib\win64.o\libXil_lmgr11.dll
0x00007ffa0f320000 - 0x00007ffa0f3f0000 	C:\Windows\System32\COMDLG32.dll
0x00007ffa0f250000 - 0x00007ffa0f314000 	C:\Windows\System32\OLEAUT32.dll
0x00007ffa0f960000 - 0x00007ffa0fab7000 	C:\Windows\System32\ole32.dll
0x00007ffa068d0000 - 0x00007ffa068e7000 	C:\Windows\SYSTEM32\NETAPI32.dll
0x00007ffa0eed0000 - 0x00007ffa0ef2c000 	C:\Windows\System32\WINTRUST.dll
0x00007ffa06350000 - 0x00007ffa06440000 	C:\Windows\SYSTEM32\WINHTTP.dll
0x00007ffa0e050000 - 0x00007ffa0e062000 	C:\Windows\System32\MSASN1.dll
0x00007ff9ff520000 - 0x00007ff9ff9f5000 	C:\Windows\SYSTEM32\WININET.dll
0x00007ffa0ef30000 - 0x00007ffa0f079000 	C:\Windows\System32\CRYPT32.dll
0x00007ffa00230000 - 0x00007ffa00406000 	C:\Windows\SYSTEM32\urlmon.dll
0x00007ffa03790000 - 0x00007ffa0379d000 	E:\Xilinx\Vivado\2019.2\lib\win64.o\libboost_chrono.dll
0x00007ff9f7f70000 - 0x00007ff9f7f8b000 	E:\Xilinx\Vivado\2019.2\lib\win64.o\libboost_iostreams.dll
0x00007ff9f1cd0000 - 0x00007ff9f1cf5000 	E:\Xilinx\Vivado\2019.2\lib\win64.o\libisl_iosutils.dll
0x00007ffa03210000 - 0x00007ffa03219000 	C:\Windows\SYSTEM32\WSOCK32.dll
0x00007ff9c1910000 - 0x00007ff9c27a1000 	E:\Xilinx\Vivado\2019.2\lib\win64.o\gurobi65.dll
0x00007ff9f1ca0000 - 0x00007ff9f1cc8000 	C:\Windows\SYSTEM32\VCOMP140.DLL
0x00007ff9fd840000 - 0x00007ff9fd8e9000 	C:\Windows\WinSxS\amd64_microsoft.windows.common-controls_6595b64144ccf1df_5.82.18362.836_none_2a2600ea466b531c\COMCTL32.dll
0x00007ffa07130000 - 0x00007ffa0714c000 	C:\Windows\SYSTEM32\dhcpcsvc.DLL
0x00007ffa10a90000 - 0x00007ffa10a98000 	C:\Windows\System32\NSI.dll
0x00007ff9ffa30000 - 0x00007ff9ffcd6000 	C:\Windows\SYSTEM32\iertutil.dll
0x00007ffa0d5f0000 - 0x00007ffa0d5fc000 	C:\Windows\SYSTEM32\NETUTILS.DLL
0x00007ffa0d9a0000 - 0x00007ffa0d9ac000 	C:\Windows\SYSTEM32\CRYPTBASE.DLL
0x00007ffa109b0000 - 0x00007ffa109de000 	C:\Windows\System32\IMM32.DLL
0x00007ff9c5750000 - 0x00007ff9c5c67000 	E:\Xilinx\Vivado\2019.2\lib\win64.o\librdi_commontasks.dll
0x00007ffa066b0000 - 0x00007ffa066ba000 	C:\Windows\SYSTEM32\VERSION.dll
0x0000000056610000 - 0x0000000057035000 	E:\Xilinx\Vivado\2019.2\tps\win64\jre9.0.4\bin\server\jvm.dll
0x00007ff9cb8f0000 - 0x00007ff9cbbd3000 	E:\Xilinx\Vivado\2019.2\lib\win64.o\librdi_sio.dll
0x00007ffa10930000 - 0x00007ffa10938000 	C:\Windows\System32\PSAPI.DLL
0x00007ffa0bf20000 - 0x00007ffa0bf44000 	C:\Windows\SYSTEM32\WINMM.dll
0x00007ffa0d4e0000 - 0x00007ffa0d51a000 	C:\Windows\SYSTEM32\IPHLPAPI.DLL
0x00007ff9d6070000 - 0x00007ff9d615f000 	C:\Windows\SYSTEM32\MSVCR120.dll
0x00007ffa0bb80000 - 0x00007ffa0bbad000 	C:\Windows\SYSTEM32\WINMMBASE.dll
0x00007ffa0d7d0000 - 0x00007ffa0d837000 	C:\Windows\SYSTEM32\MSWSOCK.DLL
0x00007ff9bd710000 - 0x00007ff9bfe55000 	E:\Xilinx\Vivado\2019.2\lib\win64.o\librdi_tcltasks.dll
0x00007ff9c69f0000 - 0x00007ff9c6b8d000 	E:\Xilinx\Vivado\2019.2\lib\win64.o\librdi_board.dll
0x00007ff9d5ff0000 - 0x00007ff9d606b000 	E:\Xilinx\Vivado\2019.2\lib\win64.o\librdi_boarddep.dll
0x00007ff9c2fc0000 - 0x00007ff9c3474000 	E:\Xilinx\Vivado\2019.2\lib\win64.o\librdi_bitstream.dll
0x00007ff9cd740000 - 0x00007ff9cd892000 	E:\Xilinx\Vivado\2019.2\lib\win64.o\librdi_cd_client.dll
0x00007ff9cd650000 - 0x00007ff9cd73f000 	E:\Xilinx\Vivado\2019.2\lib\win64.o\librdi_chipscope.dll
0x00007ff9bbc30000 - 0x00007ff9bd70a000 	E:\Xilinx\Vivado\2019.2\lib\win64.o\librdi_constraints.dll
0x00007ff9c2c90000 - 0x00007ff9c2fb4000 	E:\Xilinx\Vivado\2019.2\lib\win64.o\librdi_containers.dll
0x00007ff9c5590000 - 0x00007ff9c5750000 	E:\Xilinx\Vivado\2019.2\lib\win64.o\librdi_chipscopeimpl.dll
0x00007ff9b9c40000 - 0x00007ff9bbc30000 	E:\Xilinx\Vivado\2019.2\lib\win64.o\librdi_coregen.dll
0x00007ff9c1230000 - 0x00007ff9c1909000 	E:\Xilinx\Vivado\2019.2\lib\win64.o\librdi_coregenipxact.dll
0x00007ff9b37c0000 - 0x00007ff9b7a8b000 	E:\Xilinx\Vivado\2019.2\lib\win64.o\librdi_designutils.dll
0x00007ff99ec10000 - 0x00007ff9b37bb000 	E:\Xilinx\Vivado\2019.2\lib\win64.o\librdi_device.dll
0x00007ff9c0c60000 - 0x00007ff9c122d000 	E:\Xilinx\Vivado\2019.2\lib\win64.o\librdi_drc.dll
0x00007ff9c2940000 - 0x00007ff9c2c8a000 	E:\Xilinx\Vivado\2019.2\lib\win64.o\librdi_dlyest.dll
0x00007ff9cd960000 - 0x00007ff9cda24000 	E:\Xilinx\Vivado\2019.2\lib\win64.o\librdi_dsp.dll
0x00007ff99e5a0000 - 0x00007ff99ec0b000 	E:\Xilinx\Vivado\2019.2\lib\win64.o\librdi_filemgmt.dll
0x00007ff9c0950000 - 0x00007ff9c0c60000 	E:\Xilinx\Vivado\2019.2\lib\win64.o\librdi_guitools.dll
0x00007ff9d78b0000 - 0x00007ff9d791a000 	E:\Xilinx\Vivado\2019.2\lib\win64.o\librdi_hdf.dll
0x00007ff9c0320000 - 0x00007ff9c0540000 	E:\Xilinx\Vivado\2019.2\lib\win64.o\librdi_hip_devdesign.dll
0x00007ff9c5440000 - 0x00007ff9c5588000 	E:\Xilinx\Vivado\2019.2\lib\win64.o\librdi_hip_perf_analysis.dll
0x00007ff99ce30000 - 0x00007ff99e59d000 	E:\Xilinx\Vivado\2019.2\lib\win64.o\librdi_implflow.dll
0x00007ff99c7f0000 - 0x00007ff99ce21000 	E:\Xilinx\Vivado\2019.2\lib\win64.o\librdi_memdata.dll
0x00007ff9d5f00000 - 0x00007ff9d5f74000 	E:\Xilinx\Vivado\2019.2\lib\win64.o\librdi_memoryarray.dll
0x00007ff999a20000 - 0x00007ff99c7eb000 	E:\Xilinx\Vivado\2019.2\lib\win64.o\librdi_mig.dll
0x00007ff999330000 - 0x00007ff999a13000 	E:\Xilinx\Vivado\2019.2\lib\win64.o\librdi_netlist.dll
0x00007ff9f1c30000 - 0x00007ff9f1c7c000 	E:\Xilinx\Vivado\2019.2\lib\win64.o\librdi_pfi.dll
0x00007ff996a60000 - 0x00007ff999327000 	E:\Xilinx\Vivado\2019.2\lib\win64.o\librdi_place.dll
0x00007ff9b9920000 - 0x00007ff9b9c3b000 	E:\Xilinx\Vivado\2019.2\lib\win64.o\librdi_platform.dll
0x00007ff996250000 - 0x00007ff996a5b000 	E:\Xilinx\Vivado\2019.2\lib\win64.o\librdi_power.dll
0x00007ff995c90000 - 0x00007ff99624a000 	E:\Xilinx\Vivado\2019.2\lib\win64.o\librdi_project.dll
0x00007ff995550000 - 0x00007ff995c83000 	E:\Xilinx\Vivado\2019.2\lib\win64.o\librdi_psta.dll
0x00007ff994e80000 - 0x00007ff995541000 	E:\Xilinx\Vivado\2019.2\lib\win64.o\librdi_rsb.dll
0x00007ff994a50000 - 0x00007ff994e73000 	E:\Xilinx\Vivado\2019.2\lib\win64.o\librdi_runs.dll
0x00007ff9b96a0000 - 0x00007ff9b9915000 	E:\Xilinx\Vivado\2019.2\lib\win64.o\librdi_simdata.dll
0x00007ff993bc0000 - 0x00007ff994a4d000 	E:\Xilinx\Vivado\2019.2\lib\win64.o\librdi_timing.dll
0x00007ff9c0840000 - 0x00007ff9c0948000 	E:\Xilinx\Vivado\2019.2\lib\win64.o\librdi_runsbase.dll
0x00007ff993a10000 - 0x00007ff993bb1000 	E:\Xilinx\Vivado\2019.2\lib\win64.o\librdi_advchipscopeimpl.dll
0x00007ff9c0630000 - 0x00007ff9c07d0000 	E:\Xilinx\Vivado\2019.2\lib\win64.o\librdi_cd_protocol.dll
0x00007ff9dd630000 - 0x00007ff9dd67c000 	E:\Xilinx\Vivado\2019.2\lib\win64.o\libboost_serialization.dll

VM Arguments:
jvm_args: -Dsun.java2d.pmoffscreen=false -Dsun.java2d.xrender=false -Dsun.java2d.d3d=false -Dsun.awt.nopixfmt=true -Dsun.java2d.dpiaware=true -Dsun.java2d.uiScale.enabled=false -Xverify:none -Dswing.aatext=true -XX:-UsePerfData -Djdk.map.althashing.threshold=512 -XX:StringTableSize=4072 --add-opens=java.base/java.nio=ALL-UNNAMED --add-opens=java.desktop/sun.swing=ALL-UNNAMED --add-opens=java.desktop/javax.swing=ALL-UNNAMED --add-opens=java.desktop/javax.swing.tree=ALL-UNNAMED --add-opens=java.desktop/javax.swing.plaf.basic=ALL-UNNAMED --add-opens=java.desktop/javax.swing.plaf.synth=ALL-UNNAMED --add-opens=java.desktop/com.sun.awt=ALL-UNNAMED -XX:NewSize=60m -XX:MaxNewSize=60m -Xms128m -Xmx3072m -Xss5m 
java_command: <unknown>
java_class_path (initial): E:/Xilinx/Vivado/2019.2\lib\classes\alloy.jar;E:/Xilinx/Vivado/2019.2\lib\classes\autoesl-common.jar;E:/Xilinx/Vivado/2019.2\lib\classes\autoesl-models.jar;E:/Xilinx/Vivado/2019.2\lib\classes\autoesl-report.jar;E:/Xilinx/Vivado/2019.2\lib\classes\autopilot.scelaborator.jar;E:/Xilinx/Vivado/2019.2\lib\classes\autopilot.sourceprocessor.jar;E:/Xilinx/Vivado/2019.2\lib\classes\autopilot.tbprocessor.jar;E:/Xilinx/Vivado/2019.2\lib\classes\batik-anim.jar;E:/Xilinx/Vivado/2019.2\lib\classes\batik-awt-util.jar;E:/Xilinx/Vivado/2019.2\lib\classes\batik-bridge.jar;E:/Xilinx/Vivado/2019.2\lib\classes\batik-codec.jar;E:/Xilinx/Vivado/2019.2\lib\classes\batik-css.jar;E:/Xilinx/Vivado/2019.2\lib\classes\batik-dom.jar;E:/Xilinx/Vivado/2019.2\lib\classes\batik-ext.jar;E:/Xilinx/Vivado/2019.2\lib\classes\batik-gui-util.jar;E:/Xilinx/Vivado/2019.2\lib\classes\batik-gvt.jar;E:/Xilinx/Vivado/2019.2\lib\classes\batik-parser.jar;E:/Xilinx/Vivado/2019.2\lib\classes\batik-script.jar;E:/Xilinx/Vivado/2019.2\lib\classes\batik-svg-dom.jar;E:/Xilinx/Vivado/2019.2\lib\classes\batik-swing.jar;E:/Xilinx/Vivado/2019.2\lib\classes\batik-transcoder.jar;E:/Xilinx/Vivado/2019.2\lib\classes\batik-util.jar;E:/Xilinx/Vivado/2019.2\lib\classes\batik-xml.jar;E:/Xilinx/Vivado/2019.2\lib\classes\com.google.gson_2.7.0.v20170129-0911.jar;E:/Xilinx/Vivado/2019.2\lib\classes\com.google.guava_21.0.0.v20170206-1425.jar;E:/Xilinx/Vivado/2019.2\lib\classes\com.ibm.icu_4.4.2.v20110208.jar;E:/Xilinx/Vivado/2019.2\lib\classes\com.sigasi.hdt.connection_4.5.0.201909241521.jar;E:/Xilinx/Vivado/2019.2\lib\classes\com.sigasi.hdt.epl_4.5.0.201909241521.jar;E:/Xilinx/Vivado/2019.2\lib\classes\com.sigasi.hdt.project_4.5.0.201909241521.jar;E:/Xilinx/Vivado/2019.2\lib\classes\com.sigasi.hdt.readonlyfilesystem_4.5.0.201909241521.jar;E:/Xilinx/Vivado/2019.2\lib\classes\com.sigasi.lcm_4.5.0.201909241521.jar;E:/Xilinx/Vivado/2019.2\lib\classes\com.sigasi.sdk.client_4.5.0.201909241521.jar;E:/Xilinx/Vivado
Launcher Type: generic

Logging:
Log output configuration:
#0: stdout all=warning uptime,level,tags
#1: stderr all=off uptime,level,tags

Environment Variables:
JAVA_HOME=E:\Java\jdk1.8.0_241
CLASSPATH=G:\LINGO64_18\Lingo18.jar
PATH=E:/Xilinx/Vivado/2019.2\gnuwin\bin;E:/Xilinx/Vivado/2019.2\gnu\microblaze\nt\bin;E:/Xilinx/Vivado/2019.2/bin;E:/Xilinx/Vivado/2019.2/lib/win64.o;E:/Xilinx/Vivado/2019.2/tps/win64/jre9.0.4/bin/server;E:/Xilinx/Vivado/2019.2/tps/win64/jre9.0.4/bin;E:/Xilinx/Vivado/2019.2/ids_lite/ISE/bin/nt64;E:/Xilinx/Vivado/2019.2/ids_lite/ISE/lib/nt64;C:\Program Files (x86)\Common Files\Oracle\Java\javapath;E:\NVIDIA GPU Computing Toolkit\CUDA\v10.1\bin;E:\NVIDIA GPU Computing Toolkit\CUDA\v10.1\libnvvp;E:\NVIDIA GPU Computing Toolkit\cuDNN\bin;E:\NVIDIA GPU Computing Toolkit\CUDA\v10.1\lib\x64;E:\NVIDIA GPU Computing Toolkit\CUDA\v10.1\include;E:\NVIDIA GPU Computing Toolkit\CUDA\v10.1\extras\CUPTI\lib64;C:\Windows\system32;C:\Windows;C:\Windows\System32\Wbem;C:\Windows\System32\WindowsPowerShell\v1.0\;C:\Windows\System32\OpenSSH\;G:\Matlab2019b\runtime\win64;G:\Matlab2019b\bin;G:\PuTTY\;G:\Git\cmd;G:\CMake\bin;G:\LINGO64_18\;E:\Visual_Studio_Community_2019\VC\Tools\MSVC\14.24.28314\bin\Hostx64\x64;E:\neo4j\neo4j-community-3\bin;E:\Java\jdk-14\\classpath;C:\Program Files\NVIDIA Corporation\Nsight Compute 2019.4.0\;C:\Program Files (x86)\NVIDIA Corporation\PhysX\Common;C:\Program Files\NVIDIA Corporation\NVIDIA NvDLISR;C:\Program Files\dotnet\;E:\mysql-8.0.19-winx64\bin;G:\graphviz-2.38\release\bin;E:\Java\jdk1.8.0_241\bin;E:\Java\jdk1.8.0_241\jre\bin;G:\Git\bin;C:\Program Files (x86)\Wolfram Research\WolframScript\;E:\anaconda3;E:\anaconda3\Library\mingw-w64\bin;E:\anaconda3\Library\usr\bin;E:\anaconda3\Library\bin;E:\anaconda3\Scripts;C:\Users\89565\.cargo\bin;C:\Users\89565\AppData\Local\Microsoft\WindowsApps;G:\JetBrains\PyCharm Community Edition 2019.3\PyCharm Community Edition 2019.3.3\bin;C:\Users\89565\AppData\Local\GitHubDesktop\bin;G:\JetBrains\IntelliJ IDEA 2019.3.3\bin;;E:\JetBrains\IntelliJ IDEA Community Edition 2019.3.3\bin;G:\texlive\2019\bin\win32;E:\JetBrains\PyCharm Community Edition 2019.3\PyCharm Community Edition 2019.3.3\bin;E:\VSCode\Microsoft VS Code\bin;
USERNAME=Rabbit
OS=Windows_NT
PROCESSOR_IDENTIFIER=Intel64 Family 6 Model 60 Stepping 3, GenuineIntel



---------------  S Y S T E M  ---------------

OS: Windows 10 , 64 bit Build 18362 (10.0.18362.778)

CPU:total 8 (initial active 8) (4 cores per cpu, 2 threads per core) family 6 model 60 stepping 3, cmov, cx8, fxsr, mmx, sse, sse2, sse3, ssse3, sse4.1, sse4.2, popcnt, avx, avx2, aes, clmul, erms, lzcnt, ht, tsc, tscinvbit, bmi1, bmi2, fma

Memory: 4k page, physical 16658548k(7443476k free), swap 23998580k(10230972k free)

vm_info: Java HotSpot(TM) 64-Bit Server VM (9.0.4+11) for windows-amd64 JRE (9.0.4+11), built on Dec 20 2017 02:18:54 by "mach5one" with MS VC++ 12.0 (VS2013)

END.
