Vivado Simulator 2019.2
Copyright 1986-1999, 2001-2019 Xilinx, Inc. All Rights Reserved.
Running: E:/Xilinx/Vivado/2019.2/bin/unwrapped/win64.o/xelab.exe -wto 937d7adecbc44640b7224a6d4e71d858 --incr --debug typical --relax --mt 2 --maxdelay -L xil_defaultlib -L simprims_ver -L secureip --snapshot sort_tb_time_synth -transport_int_delays -pulse_r 0 -pulse_int_r 0 -pulse_e 0 -pulse_int_e 0 xil_defaultlib.sort_tb xil_defaultlib.glbl -log elaborate.log 
Using 2 slave threads.
Starting static elaboration
Pass Through NonSizing Optimizer
Completed static elaboration
Starting simulation data flow analysis
Completed simulation data flow analysis
INFO: [XSIM 43-3451] SDF backannotation process started with SDF file "sort_tb_time_synth.sdf", for root module "sort_tb/SORT".
INFO: [XSIM 43-3452] SDF backannotation was successful for SDF file "sort_tb_time_synth.sdf", for root module "sort_tb/SORT".
Time Resolution for simulation is 1ps
Compiling module simprims_ver.x_lut3_mux8
Compiling module simprims_ver.LUT3
Compiling module simprims_ver.FDCE_default
Compiling module simprims_ver.BUFG
Compiling module simprims_ver.IBUF
Compiling module simprims_ver.OBUF
Compiling module simprims_ver.LUT6
Compiling module simprims_ver.LUT5
Compiling module xil_defaultlib.register
Compiling module xil_defaultlib.register_0
Compiling module xil_defaultlib.register_1
Compiling module xil_defaultlib.register_2
Compiling module xil_defaultlib.sort
Compiling module xil_defaultlib.sort_tb
Compiling module xil_defaultlib.glbl
Built simulation snapshot sort_tb_time_synth
