
*** Running vivado
    with args -log instr_mem_256x32.vds -m64 -product Vivado -mode batch -messageDb vivado.pb -notrace -source instr_mem_256x32.tcl


****** Vivado v2019.2 (64-bit)
  **** SW Build 2708876 on Wed Nov  6 21:40:23 MST 2019
  **** IP Build 2700528 on Thu Nov  7 00:09:20 MST 2019
    ** Copyright 1986-2019 Xilinx, Inc. All Rights Reserved.

source instr_mem_256x32.tcl -notrace
Command: synth_design -top instr_mem_256x32 -part xc7a100tcsg324-1 -mode out_of_context
Starting synth_design
Attempting to get a license for feature 'Synthesis' and/or device 'xc7a100t'
INFO: [Common 17-349] Got license for feature 'Synthesis' and/or device 'xc7a100t'
INFO: [Device 21-403] Loading part xc7a100tcsg324-1
INFO: Launching helper process for spawning children vivado processes
INFO: Helper process launched with PID 11716 
---------------------------------------------------------------------------------
Starting RTL Elaboration : Time (s): cpu = 00:00:07 ; elapsed = 00:00:08 . Memory (MB): peak = 1000.418 ; gain = 235.086
---------------------------------------------------------------------------------
INFO: [Synth 8-638] synthesizing module 'instr_mem_256x32' [d:/VivadoProject/COD/Lab5/cpu_pipeline_branch_in_ex/cpu_pipeline_branch_in_ex.srcs/sources_1/ip/instr_mem_256x32/synth/instr_mem_256x32.vhd:66]
	Parameter C_FAMILY bound to: artix7 - type: string 
	Parameter C_ADDR_WIDTH bound to: 8 - type: integer 
	Parameter C_DEFAULT_DATA bound to: 0 - type: string 
	Parameter C_DEPTH bound to: 256 - type: integer 
	Parameter C_HAS_CLK bound to: 0 - type: integer 
	Parameter C_HAS_D bound to: 0 - type: integer 
	Parameter C_HAS_DPO bound to: 0 - type: integer 
	Parameter C_HAS_DPRA bound to: 0 - type: integer 
	Parameter C_HAS_I_CE bound to: 0 - type: integer 
	Parameter C_HAS_QDPO bound to: 0 - type: integer 
	Parameter C_HAS_QDPO_CE bound to: 0 - type: integer 
	Parameter C_HAS_QDPO_CLK bound to: 0 - type: integer 
	Parameter C_HAS_QDPO_RST bound to: 0 - type: integer 
	Parameter C_HAS_QDPO_SRST bound to: 0 - type: integer 
	Parameter C_HAS_QSPO bound to: 0 - type: integer 
	Parameter C_HAS_QSPO_CE bound to: 0 - type: integer 
	Parameter C_HAS_QSPO_RST bound to: 0 - type: integer 
	Parameter C_HAS_QSPO_SRST bound to: 0 - type: integer 
	Parameter C_HAS_SPO bound to: 1 - type: integer 
	Parameter C_HAS_WE bound to: 0 - type: integer 
	Parameter C_MEM_INIT_FILE bound to: instr_mem_256x32.mif - type: string 
	Parameter C_ELABORATION_DIR bound to: ./ - type: string 
	Parameter C_MEM_TYPE bound to: 0 - type: integer 
	Parameter C_PIPELINE_STAGES bound to: 0 - type: integer 
	Parameter C_QCE_JOINED bound to: 0 - type: integer 
	Parameter C_QUALIFY_WE bound to: 0 - type: integer 
	Parameter C_READ_MIF bound to: 1 - type: integer 
	Parameter C_REG_A_D_INPUTS bound to: 0 - type: integer 
	Parameter C_REG_DPRA_INPUT bound to: 0 - type: integer 
	Parameter C_SYNC_ENABLE bound to: 1 - type: integer 
	Parameter C_WIDTH bound to: 32 - type: integer 
	Parameter C_PARSER_TYPE bound to: 1 - type: integer 
INFO: [Synth 8-3491] module 'dist_mem_gen_v8_0_13' declared at 'd:/VivadoProject/COD/Lab5/cpu_pipeline_branch_in_ex/cpu_pipeline_branch_in_ex.srcs/sources_1/ip/instr_mem_256x32/hdl/dist_mem_gen_v8_0_vhsyn_rfs.vhd:3237' bound to instance 'U0' of component 'dist_mem_gen_v8_0_13' [d:/VivadoProject/COD/Lab5/cpu_pipeline_branch_in_ex/cpu_pipeline_branch_in_ex.srcs/sources_1/ip/instr_mem_256x32/synth/instr_mem_256x32.vhd:132]
INFO: [Synth 8-256] done synthesizing module 'instr_mem_256x32' (4#1) [d:/VivadoProject/COD/Lab5/cpu_pipeline_branch_in_ex/cpu_pipeline_branch_in_ex.srcs/sources_1/ip/instr_mem_256x32/synth/instr_mem_256x32.vhd:66]
WARNING: [Synth 8-3331] design rom has unconnected port qspo[31]
WARNING: [Synth 8-3331] design rom has unconnected port qspo[30]
WARNING: [Synth 8-3331] design rom has unconnected port qspo[29]
WARNING: [Synth 8-3331] design rom has unconnected port qspo[28]
WARNING: [Synth 8-3331] design rom has unconnected port qspo[27]
WARNING: [Synth 8-3331] design rom has unconnected port qspo[26]
WARNING: [Synth 8-3331] design rom has unconnected port qspo[25]
WARNING: [Synth 8-3331] design rom has unconnected port qspo[24]
WARNING: [Synth 8-3331] design rom has unconnected port qspo[23]
WARNING: [Synth 8-3331] design rom has unconnected port qspo[22]
WARNING: [Synth 8-3331] design rom has unconnected port qspo[21]
WARNING: [Synth 8-3331] design rom has unconnected port qspo[20]
WARNING: [Synth 8-3331] design rom has unconnected port qspo[19]
WARNING: [Synth 8-3331] design rom has unconnected port qspo[18]
WARNING: [Synth 8-3331] design rom has unconnected port qspo[17]
WARNING: [Synth 8-3331] design rom has unconnected port qspo[16]
WARNING: [Synth 8-3331] design rom has unconnected port qspo[15]
WARNING: [Synth 8-3331] design rom has unconnected port qspo[14]
WARNING: [Synth 8-3331] design rom has unconnected port qspo[13]
WARNING: [Synth 8-3331] design rom has unconnected port qspo[12]
WARNING: [Synth 8-3331] design rom has unconnected port qspo[11]
WARNING: [Synth 8-3331] design rom has unconnected port qspo[10]
WARNING: [Synth 8-3331] design rom has unconnected port qspo[9]
WARNING: [Synth 8-3331] design rom has unconnected port qspo[8]
WARNING: [Synth 8-3331] design rom has unconnected port qspo[7]
WARNING: [Synth 8-3331] design rom has unconnected port qspo[6]
WARNING: [Synth 8-3331] design rom has unconnected port qspo[5]
WARNING: [Synth 8-3331] design rom has unconnected port qspo[4]
WARNING: [Synth 8-3331] design rom has unconnected port qspo[3]
WARNING: [Synth 8-3331] design rom has unconnected port qspo[2]
WARNING: [Synth 8-3331] design rom has unconnected port qspo[1]
WARNING: [Synth 8-3331] design rom has unconnected port qspo[0]
WARNING: [Synth 8-3331] design rom has unconnected port clk
WARNING: [Synth 8-3331] design rom has unconnected port qspo_ce
WARNING: [Synth 8-3331] design rom has unconnected port qspo_rst
WARNING: [Synth 8-3331] design rom has unconnected port qspo_srst
WARNING: [Synth 8-3331] design dist_mem_gen_v8_0_13_synth has unconnected port dpo[31]
WARNING: [Synth 8-3331] design dist_mem_gen_v8_0_13_synth has unconnected port dpo[30]
WARNING: [Synth 8-3331] design dist_mem_gen_v8_0_13_synth has unconnected port dpo[29]
WARNING: [Synth 8-3331] design dist_mem_gen_v8_0_13_synth has unconnected port dpo[28]
WARNING: [Synth 8-3331] design dist_mem_gen_v8_0_13_synth has unconnected port dpo[27]
WARNING: [Synth 8-3331] design dist_mem_gen_v8_0_13_synth has unconnected port dpo[26]
WARNING: [Synth 8-3331] design dist_mem_gen_v8_0_13_synth has unconnected port dpo[25]
WARNING: [Synth 8-3331] design dist_mem_gen_v8_0_13_synth has unconnected port dpo[24]
WARNING: [Synth 8-3331] design dist_mem_gen_v8_0_13_synth has unconnected port dpo[23]
WARNING: [Synth 8-3331] design dist_mem_gen_v8_0_13_synth has unconnected port dpo[22]
WARNING: [Synth 8-3331] design dist_mem_gen_v8_0_13_synth has unconnected port dpo[21]
WARNING: [Synth 8-3331] design dist_mem_gen_v8_0_13_synth has unconnected port dpo[20]
WARNING: [Synth 8-3331] design dist_mem_gen_v8_0_13_synth has unconnected port dpo[19]
WARNING: [Synth 8-3331] design dist_mem_gen_v8_0_13_synth has unconnected port dpo[18]
WARNING: [Synth 8-3331] design dist_mem_gen_v8_0_13_synth has unconnected port dpo[17]
WARNING: [Synth 8-3331] design dist_mem_gen_v8_0_13_synth has unconnected port dpo[16]
WARNING: [Synth 8-3331] design dist_mem_gen_v8_0_13_synth has unconnected port dpo[15]
WARNING: [Synth 8-3331] design dist_mem_gen_v8_0_13_synth has unconnected port dpo[14]
WARNING: [Synth 8-3331] design dist_mem_gen_v8_0_13_synth has unconnected port dpo[13]
WARNING: [Synth 8-3331] design dist_mem_gen_v8_0_13_synth has unconnected port dpo[12]
WARNING: [Synth 8-3331] design dist_mem_gen_v8_0_13_synth has unconnected port dpo[11]
WARNING: [Synth 8-3331] design dist_mem_gen_v8_0_13_synth has unconnected port dpo[10]
WARNING: [Synth 8-3331] design dist_mem_gen_v8_0_13_synth has unconnected port dpo[9]
WARNING: [Synth 8-3331] design dist_mem_gen_v8_0_13_synth has unconnected port dpo[8]
WARNING: [Synth 8-3331] design dist_mem_gen_v8_0_13_synth has unconnected port dpo[7]
WARNING: [Synth 8-3331] design dist_mem_gen_v8_0_13_synth has unconnected port dpo[6]
WARNING: [Synth 8-3331] design dist_mem_gen_v8_0_13_synth has unconnected port dpo[5]
WARNING: [Synth 8-3331] design dist_mem_gen_v8_0_13_synth has unconnected port dpo[4]
WARNING: [Synth 8-3331] design dist_mem_gen_v8_0_13_synth has unconnected port dpo[3]
WARNING: [Synth 8-3331] design dist_mem_gen_v8_0_13_synth has unconnected port dpo[2]
WARNING: [Synth 8-3331] design dist_mem_gen_v8_0_13_synth has unconnected port dpo[1]
WARNING: [Synth 8-3331] design dist_mem_gen_v8_0_13_synth has unconnected port dpo[0]
WARNING: [Synth 8-3331] design dist_mem_gen_v8_0_13_synth has unconnected port qdpo[31]
WARNING: [Synth 8-3331] design dist_mem_gen_v8_0_13_synth has unconnected port qdpo[30]
WARNING: [Synth 8-3331] design dist_mem_gen_v8_0_13_synth has unconnected port qdpo[29]
WARNING: [Synth 8-3331] design dist_mem_gen_v8_0_13_synth has unconnected port qdpo[28]
WARNING: [Synth 8-3331] design dist_mem_gen_v8_0_13_synth has unconnected port qdpo[27]
WARNING: [Synth 8-3331] design dist_mem_gen_v8_0_13_synth has unconnected port qdpo[26]
WARNING: [Synth 8-3331] design dist_mem_gen_v8_0_13_synth has unconnected port qdpo[25]
WARNING: [Synth 8-3331] design dist_mem_gen_v8_0_13_synth has unconnected port qdpo[24]
WARNING: [Synth 8-3331] design dist_mem_gen_v8_0_13_synth has unconnected port qdpo[23]
WARNING: [Synth 8-3331] design dist_mem_gen_v8_0_13_synth has unconnected port qdpo[22]
WARNING: [Synth 8-3331] design dist_mem_gen_v8_0_13_synth has unconnected port qdpo[21]
WARNING: [Synth 8-3331] design dist_mem_gen_v8_0_13_synth has unconnected port qdpo[20]
WARNING: [Synth 8-3331] design dist_mem_gen_v8_0_13_synth has unconnected port qdpo[19]
WARNING: [Synth 8-3331] design dist_mem_gen_v8_0_13_synth has unconnected port qdpo[18]
WARNING: [Synth 8-3331] design dist_mem_gen_v8_0_13_synth has unconnected port qdpo[17]
WARNING: [Synth 8-3331] design dist_mem_gen_v8_0_13_synth has unconnected port qdpo[16]
WARNING: [Synth 8-3331] design dist_mem_gen_v8_0_13_synth has unconnected port qdpo[15]
WARNING: [Synth 8-3331] design dist_mem_gen_v8_0_13_synth has unconnected port qdpo[14]
WARNING: [Synth 8-3331] design dist_mem_gen_v8_0_13_synth has unconnected port qdpo[13]
WARNING: [Synth 8-3331] design dist_mem_gen_v8_0_13_synth has unconnected port qdpo[12]
WARNING: [Synth 8-3331] design dist_mem_gen_v8_0_13_synth has unconnected port qdpo[11]
WARNING: [Synth 8-3331] design dist_mem_gen_v8_0_13_synth has unconnected port qdpo[10]
WARNING: [Synth 8-3331] design dist_mem_gen_v8_0_13_synth has unconnected port qdpo[9]
WARNING: [Synth 8-3331] design dist_mem_gen_v8_0_13_synth has unconnected port qdpo[8]
WARNING: [Synth 8-3331] design dist_mem_gen_v8_0_13_synth has unconnected port qdpo[7]
WARNING: [Synth 8-3331] design dist_mem_gen_v8_0_13_synth has unconnected port qdpo[6]
WARNING: [Synth 8-3331] design dist_mem_gen_v8_0_13_synth has unconnected port qdpo[5]
WARNING: [Synth 8-3331] design dist_mem_gen_v8_0_13_synth has unconnected port qdpo[4]
WARNING: [Synth 8-3331] design dist_mem_gen_v8_0_13_synth has unconnected port qdpo[3]
WARNING: [Synth 8-3331] design dist_mem_gen_v8_0_13_synth has unconnected port qdpo[2]
WARNING: [Synth 8-3331] design dist_mem_gen_v8_0_13_synth has unconnected port qdpo[1]
WARNING: [Synth 8-3331] design dist_mem_gen_v8_0_13_synth has unconnected port qdpo[0]
INFO: [Common 17-14] Message 'Synth 8-3331' appears 100 times and further instances of the messages will be disabled. Use the Tcl command set_msg_config to change the current settings.
---------------------------------------------------------------------------------
Finished RTL Elaboration : Time (s): cpu = 00:00:10 ; elapsed = 00:00:11 . Memory (MB): peak = 1081.586 ; gain = 316.254
---------------------------------------------------------------------------------

Report Check Netlist: 
+------+------------------+-------+---------+-------+------------------+
|      |Item              |Errors |Warnings |Status |Description       |
+------+------------------+-------+---------+-------+------------------+
|1     |multi_driven_nets |      0|        0|Passed |Multi driven nets |
+------+------------------+-------+---------+-------+------------------+
---------------------------------------------------------------------------------
Start Handling Custom Attributes
---------------------------------------------------------------------------------
---------------------------------------------------------------------------------
Finished Handling Custom Attributes : Time (s): cpu = 00:00:11 ; elapsed = 00:00:11 . Memory (MB): peak = 1081.586 ; gain = 316.254
---------------------------------------------------------------------------------
---------------------------------------------------------------------------------
Finished RTL Optimization Phase 1 : Time (s): cpu = 00:00:11 ; elapsed = 00:00:11 . Memory (MB): peak = 1081.586 ; gain = 316.254
---------------------------------------------------------------------------------
Netlist sorting complete. Time (s): cpu = 00:00:00 ; elapsed = 00:00:00.005 . Memory (MB): peak = 1081.586 ; gain = 0.000
INFO: [Project 1-570] Preparing netlist for logic optimization

Processing XDC Constraints
Initializing timing engine
Parsing XDC File [d:/VivadoProject/COD/Lab5/cpu_pipeline_branch_in_ex/cpu_pipeline_branch_in_ex.srcs/sources_1/ip/instr_mem_256x32/instr_mem_256x32_ooc.xdc] for cell 'U0'
Finished Parsing XDC File [d:/VivadoProject/COD/Lab5/cpu_pipeline_branch_in_ex/cpu_pipeline_branch_in_ex.srcs/sources_1/ip/instr_mem_256x32/instr_mem_256x32_ooc.xdc] for cell 'U0'
Parsing XDC File [D:/VivadoProject/COD/Lab5/cpu_pipeline_branch_in_ex/cpu_pipeline_branch_in_ex.runs/instr_mem_256x32_synth_1/dont_touch.xdc]
Finished Parsing XDC File [D:/VivadoProject/COD/Lab5/cpu_pipeline_branch_in_ex/cpu_pipeline_branch_in_ex.runs/instr_mem_256x32_synth_1/dont_touch.xdc]
Completed Processing XDC Constraints

Netlist sorting complete. Time (s): cpu = 00:00:00 ; elapsed = 00:00:00 . Memory (MB): peak = 1084.227 ; gain = 0.000
INFO: [Project 1-111] Unisim Transformation Summary:
No Unisim elements were transformed.

Constraint Validation Runtime : Time (s): cpu = 00:00:00 ; elapsed = 00:00:00.032 . Memory (MB): peak = 1095.316 ; gain = 11.090
---------------------------------------------------------------------------------
Finished Constraint Validation : Time (s): cpu = 00:00:22 ; elapsed = 00:00:23 . Memory (MB): peak = 1095.316 ; gain = 329.984
---------------------------------------------------------------------------------
---------------------------------------------------------------------------------
Start Loading Part and Timing Information
---------------------------------------------------------------------------------
Loading part: xc7a100tcsg324-1
---------------------------------------------------------------------------------
Finished Loading Part and Timing Information : Time (s): cpu = 00:00:22 ; elapsed = 00:00:23 . Memory (MB): peak = 1095.316 ; gain = 329.984
---------------------------------------------------------------------------------
---------------------------------------------------------------------------------
Start Applying 'set_property' XDC Constraints
---------------------------------------------------------------------------------
Applied set_property DONT_TOUCH = true for U0. (constraint file  D:/VivadoProject/COD/Lab5/cpu_pipeline_branch_in_ex/cpu_pipeline_branch_in_ex.runs/instr_mem_256x32_synth_1/dont_touch.xdc, line 9).
---------------------------------------------------------------------------------
Finished applying 'set_property' XDC Constraints : Time (s): cpu = 00:00:22 ; elapsed = 00:00:23 . Memory (MB): peak = 1095.316 ; gain = 329.984
---------------------------------------------------------------------------------
---------------------------------------------------------------------------------
Finished RTL Optimization Phase 2 : Time (s): cpu = 00:00:22 ; elapsed = 00:00:24 . Memory (MB): peak = 1095.316 ; gain = 329.984
---------------------------------------------------------------------------------

Report RTL Partitions: 
+-+--------------+------------+----------+
| |RTL Partition |Replication |Instances |
+-+--------------+------------+----------+
+-+--------------+------------+----------+
---------------------------------------------------------------------------------
Start RTL Component Statistics 
---------------------------------------------------------------------------------
Detailed RTL Component Info : 
---------------------------------------------------------------------------------
Finished RTL Component Statistics 
---------------------------------------------------------------------------------
---------------------------------------------------------------------------------
Start RTL Hierarchical Component Statistics 
---------------------------------------------------------------------------------
Hierarchical RTL Component report 
---------------------------------------------------------------------------------
Finished RTL Hierarchical Component Statistics
---------------------------------------------------------------------------------
---------------------------------------------------------------------------------
Start Part Resource Summary
---------------------------------------------------------------------------------
Part Resources:
DSPs: 240 (col length:80)
BRAMs: 270 (col length: RAMB18 80 RAMB36 40)
---------------------------------------------------------------------------------
Finished Part Resource Summary
---------------------------------------------------------------------------------
---------------------------------------------------------------------------------
Start Cross Boundary and Area Optimization
---------------------------------------------------------------------------------
Warning: Parallel synthesis criteria is not met 
---------------------------------------------------------------------------------
Finished Cross Boundary and Area Optimization : Time (s): cpu = 00:00:26 ; elapsed = 00:00:27 . Memory (MB): peak = 1095.316 ; gain = 329.984
---------------------------------------------------------------------------------
---------------------------------------------------------------------------------
Start ROM, RAM, DSP and Shift Register Reporting
---------------------------------------------------------------------------------

ROM:
+---------------------+-------------------------------------------------------+---------------+----------------+
|Module Name          | RTL Object                                            | Depth x Width | Implemented As | 
+---------------------+-------------------------------------------------------+---------------+----------------+
|rom                  | rom[255]                                              | 256x19        | LUT            | 
|dist_mem_gen_v8_0_13 | synth_options.dist_mem_inst/gen_rom.rom_inst/rom[255] | 256x19        | LUT            | 
+---------------------+-------------------------------------------------------+---------------+----------------+

---------------------------------------------------------------------------------
Finished ROM, RAM, DSP and Shift Register Reporting
---------------------------------------------------------------------------------

Report RTL Partitions: 
+-+--------------+------------+----------+
| |RTL Partition |Replication |Instances |
+-+--------------+------------+----------+
+-+--------------+------------+----------+
---------------------------------------------------------------------------------
Start Applying XDC Timing Constraints
---------------------------------------------------------------------------------
---------------------------------------------------------------------------------
Finished Applying XDC Timing Constraints : Time (s): cpu = 00:00:38 ; elapsed = 00:00:40 . Memory (MB): peak = 1141.793 ; gain = 376.461
---------------------------------------------------------------------------------
---------------------------------------------------------------------------------
Start Timing Optimization
---------------------------------------------------------------------------------
---------------------------------------------------------------------------------
Finished Timing Optimization : Time (s): cpu = 00:00:38 ; elapsed = 00:00:40 . Memory (MB): peak = 1141.867 ; gain = 376.535
---------------------------------------------------------------------------------

Report RTL Partitions: 
+-+--------------+------------+----------+
| |RTL Partition |Replication |Instances |
+-+--------------+------------+----------+
+-+--------------+------------+----------+
---------------------------------------------------------------------------------
Start Technology Mapping
---------------------------------------------------------------------------------
---------------------------------------------------------------------------------
Finished Technology Mapping : Time (s): cpu = 00:00:38 ; elapsed = 00:00:40 . Memory (MB): peak = 1151.473 ; gain = 386.141
---------------------------------------------------------------------------------

Report RTL Partitions: 
+-+--------------+------------+----------+
| |RTL Partition |Replication |Instances |
+-+--------------+------------+----------+
+-+--------------+------------+----------+
---------------------------------------------------------------------------------
Start IO Insertion
---------------------------------------------------------------------------------
---------------------------------------------------------------------------------
Start Flattening Before IO Insertion
---------------------------------------------------------------------------------
---------------------------------------------------------------------------------
Finished Flattening Before IO Insertion
---------------------------------------------------------------------------------
---------------------------------------------------------------------------------
Start Final Netlist Cleanup
---------------------------------------------------------------------------------
---------------------------------------------------------------------------------
Finished Final Netlist Cleanup
---------------------------------------------------------------------------------
---------------------------------------------------------------------------------
Finished IO Insertion : Time (s): cpu = 00:00:46 ; elapsed = 00:00:47 . Memory (MB): peak = 1167.281 ; gain = 401.949
---------------------------------------------------------------------------------
---------------------------------------------------------------------------------
Start Renaming Generated Instances
---------------------------------------------------------------------------------
---------------------------------------------------------------------------------
Finished Renaming Generated Instances : Time (s): cpu = 00:00:46 ; elapsed = 00:00:47 . Memory (MB): peak = 1167.281 ; gain = 401.949
---------------------------------------------------------------------------------

Report RTL Partitions: 
+-+--------------+------------+----------+
| |RTL Partition |Replication |Instances |
+-+--------------+------------+----------+
+-+--------------+------------+----------+

Report Check Netlist: 
+------+------------------+-------+---------+-------+------------------+
|      |Item              |Errors |Warnings |Status |Description       |
+------+------------------+-------+---------+-------+------------------+
|1     |multi_driven_nets |      0|        0|Passed |Multi driven nets |
+------+------------------+-------+---------+-------+------------------+
---------------------------------------------------------------------------------
Start Rebuilding User Hierarchy
---------------------------------------------------------------------------------
---------------------------------------------------------------------------------
Finished Rebuilding User Hierarchy : Time (s): cpu = 00:00:46 ; elapsed = 00:00:47 . Memory (MB): peak = 1167.281 ; gain = 401.949
---------------------------------------------------------------------------------
---------------------------------------------------------------------------------
Start Renaming Generated Ports
---------------------------------------------------------------------------------
---------------------------------------------------------------------------------
Finished Renaming Generated Ports : Time (s): cpu = 00:00:46 ; elapsed = 00:00:47 . Memory (MB): peak = 1167.281 ; gain = 401.949
---------------------------------------------------------------------------------
---------------------------------------------------------------------------------
Start Handling Custom Attributes
---------------------------------------------------------------------------------
---------------------------------------------------------------------------------
Finished Handling Custom Attributes : Time (s): cpu = 00:00:46 ; elapsed = 00:00:47 . Memory (MB): peak = 1167.281 ; gain = 401.949
---------------------------------------------------------------------------------
---------------------------------------------------------------------------------
Start Renaming Generated Nets
---------------------------------------------------------------------------------
---------------------------------------------------------------------------------
Finished Renaming Generated Nets : Time (s): cpu = 00:00:46 ; elapsed = 00:00:47 . Memory (MB): peak = 1167.281 ; gain = 401.949
---------------------------------------------------------------------------------
---------------------------------------------------------------------------------
Start Writing Synthesis Report
---------------------------------------------------------------------------------

Report BlackBoxes: 
+-+--------------+----------+
| |BlackBox name |Instances |
+-+--------------+----------+
+-+--------------+----------+

Report Cell Usage: 
+------+-----+------+
|      |Cell |Count |
+------+-----+------+
|1     |LUT3 |     1|
|2     |LUT4 |     1|
|3     |LUT5 |     8|
|4     |LUT6 |    10|
+------+-----+------+

Report Instance Areas: 
+------+----------------------------------+---------------------------+------+
|      |Instance                          |Module                     |Cells |
+------+----------------------------------+---------------------------+------+
|1     |top                               |                           |    20|
|2     |  U0                              |dist_mem_gen_v8_0_13       |    20|
|3     |    \synth_options.dist_mem_inst  |dist_mem_gen_v8_0_13_synth |    20|
|4     |      \gen_rom.rom_inst           |rom                        |    20|
+------+----------------------------------+---------------------------+------+
---------------------------------------------------------------------------------
Finished Writing Synthesis Report : Time (s): cpu = 00:00:46 ; elapsed = 00:00:47 . Memory (MB): peak = 1167.281 ; gain = 401.949
---------------------------------------------------------------------------------
Synthesis finished with 0 errors, 0 critical warnings and 146 warnings.
Synthesis Optimization Runtime : Time (s): cpu = 00:00:32 ; elapsed = 00:00:44 . Memory (MB): peak = 1167.281 ; gain = 388.219
Synthesis Optimization Complete : Time (s): cpu = 00:00:46 ; elapsed = 00:00:48 . Memory (MB): peak = 1167.281 ; gain = 401.949
INFO: [Project 1-571] Translating synthesized netlist
Netlist sorting complete. Time (s): cpu = 00:00:00 ; elapsed = 00:00:00.002 . Memory (MB): peak = 1179.344 ; gain = 0.000
INFO: [Project 1-570] Preparing netlist for logic optimization
INFO: [Opt 31-138] Pushed 0 inverter(s) to 0 load pin(s).
Netlist sorting complete. Time (s): cpu = 00:00:00 ; elapsed = 00:00:00 . Memory (MB): peak = 1184.355 ; gain = 0.000
INFO: [Project 1-111] Unisim Transformation Summary:
No Unisim elements were transformed.

INFO: [Common 17-83] Releasing license: Synthesis
13 Infos, 100 Warnings, 0 Critical Warnings and 0 Errors encountered.
synth_design completed successfully
synth_design: Time (s): cpu = 00:00:56 ; elapsed = 00:00:58 . Memory (MB): peak = 1184.355 ; gain = 703.566
Netlist sorting complete. Time (s): cpu = 00:00:00 ; elapsed = 00:00:00 . Memory (MB): peak = 1184.355 ; gain = 0.000
WARNING: [Constraints 18-5210] No constraints selected for write.
Resolution: This message can indicate that there are no constraints for the design, or it can indicate that the used_in flags are set such that the constraints are ignored. This later case is used when running synth_design to not write synthesis constraints to the resulting checkpoint. Instead, project constraints are read when the synthesized design is opened.
INFO: [Common 17-1381] The checkpoint 'D:/VivadoProject/COD/Lab5/cpu_pipeline_branch_in_ex/cpu_pipeline_branch_in_ex.runs/instr_mem_256x32_synth_1/instr_mem_256x32.dcp' has been generated.
WARNING: [Common 17-576] 'use_project_ipc' is deprecated. This option is deprecated and no longer used.
INFO: [Coretcl 2-1648] Added synthesis output to IP cache for IP instr_mem_256x32, cache-ID = 49575b929682da66
INFO: [Coretcl 2-1174] Renamed 3 cell refs.
Netlist sorting complete. Time (s): cpu = 00:00:00 ; elapsed = 00:00:00 . Memory (MB): peak = 1184.355 ; gain = 0.000
WARNING: [Constraints 18-5210] No constraints selected for write.
Resolution: This message can indicate that there are no constraints for the design, or it can indicate that the used_in flags are set such that the constraints are ignored. This later case is used when running synth_design to not write synthesis constraints to the resulting checkpoint. Instead, project constraints are read when the synthesized design is opened.
INFO: [Common 17-1381] The checkpoint 'D:/VivadoProject/COD/Lab5/cpu_pipeline_branch_in_ex/cpu_pipeline_branch_in_ex.runs/instr_mem_256x32_synth_1/instr_mem_256x32.dcp' has been generated.
INFO: [runtcl-4] Executing : report_utilization -file instr_mem_256x32_utilization_synth.rpt -pb instr_mem_256x32_utilization_synth.pb
INFO: [Common 17-206] Exiting Vivado at Wed Jun  3 21:16:33 2020...
