INFO: [VRFC 10-2263] Analyzing Verilog file "D:/VivadoProject/COD/Lab5/cpu_pipeline_IDbeq_forward_predictor/cpu_pipeline_IDbeq_forward_predictor.srcs/sources_1/ip/data_mem_256x32/sim/data_mem_256x32.v" into library xil_defaultlib
INFO: [VRFC 10-311] analyzing module data_mem_256x32
INFO: [VRFC 10-2263] Analyzing Verilog file "D:/VivadoProject/COD/Lab5/cpu_pipeline_IDbeq_forward_predictor/cpu_pipeline_IDbeq_forward_predictor.srcs/sources_1/ip/instr_mem_256x32/sim/instr_mem_256x32.v" into library xil_defaultlib
INFO: [VRFC 10-311] analyzing module instr_mem_256x32
INFO: [VRFC 10-2263] Analyzing Verilog file "D:/VivadoProject/COD/Lab5/cpu_pipeline_IDbeq_forward_predictor/cpu_pipeline_IDbeq_forward_predictor.srcs/sources_1/new/ALU.v" into library xil_defaultlib
INFO: [VRFC 10-311] analyzing module ALU
INFO: [VRFC 10-2263] Analyzing Verilog file "D:/VivadoProject/COD/Lab5/cpu_pipeline_IDbeq_forward_predictor/cpu_pipeline_IDbeq_forward_predictor.srcs/sources_1/new/alu_control.v" into library xil_defaultlib
INFO: [VRFC 10-311] analyzing module alu_control
INFO: [VRFC 10-2263] Analyzing Verilog file "D:/VivadoProject/COD/Lab5/cpu_pipeline_IDbeq_forward_predictor/cpu_pipeline_IDbeq_forward_predictor.srcs/sources_1/new/control_unit.v" into library xil_defaultlib
INFO: [VRFC 10-311] analyzing module control_unit
INFO: [VRFC 10-311] analyzing module branch_predictor
INFO: [VRFC 10-2263] Analyzing Verilog file "D:/VivadoProject/COD/Lab5/cpu_pipeline_IDbeq_forward_predictor/cpu_pipeline_IDbeq_forward_predictor.srcs/sources_1/new/cpu_pipeline.v" into library xil_defaultlib
INFO: [VRFC 10-311] analyzing module cpu_pipeline
WARNING: [VRFC 10-3248] data object 'flush' is already declared [D:/VivadoProject/COD/Lab5/cpu_pipeline_IDbeq_forward_predictor/cpu_pipeline_IDbeq_forward_predictor.srcs/sources_1/new/cpu_pipeline.v:110]
WARNING: [VRFC 10-3703] second declaration of 'flush' ignored [D:/VivadoProject/COD/Lab5/cpu_pipeline_IDbeq_forward_predictor/cpu_pipeline_IDbeq_forward_predictor.srcs/sources_1/new/cpu_pipeline.v:110]
INFO: [VRFC 10-2458] undeclared symbol alu_zf, assumed default net type wire [D:/VivadoProject/COD/Lab5/cpu_pipeline_IDbeq_forward_predictor/cpu_pipeline_IDbeq_forward_predictor.srcs/sources_1/new/cpu_pipeline.v:304]
INFO: [VRFC 10-2458] undeclared symbol alu_cf, assumed default net type wire [D:/VivadoProject/COD/Lab5/cpu_pipeline_IDbeq_forward_predictor/cpu_pipeline_IDbeq_forward_predictor.srcs/sources_1/new/cpu_pipeline.v:305]
INFO: [VRFC 10-2458] undeclared symbol alu_of, assumed default net type wire [D:/VivadoProject/COD/Lab5/cpu_pipeline_IDbeq_forward_predictor/cpu_pipeline_IDbeq_forward_predictor.srcs/sources_1/new/cpu_pipeline.v:306]
WARNING: [VRFC 10-3380] identifier 'equal_a' is used before its declaration [D:/VivadoProject/COD/Lab5/cpu_pipeline_IDbeq_forward_predictor/cpu_pipeline_IDbeq_forward_predictor.srcs/sources_1/new/cpu_pipeline.v:181]
INFO: [VRFC 10-2263] Analyzing Verilog file "D:/VivadoProject/COD/Lab5/cpu_pipeline_IDbeq_forward_predictor/cpu_pipeline_IDbeq_forward_predictor.srcs/sources_1/new/forwarding_unit.v" into library xil_defaultlib
INFO: [VRFC 10-311] analyzing module forwarding_unit
INFO: [VRFC 10-2263] Analyzing Verilog file "D:/VivadoProject/COD/Lab5/cpu_pipeline_IDbeq_forward_predictor/cpu_pipeline_IDbeq_forward_predictor.srcs/sources_1/new/hazard_detection_unit.v" into library xil_defaultlib
INFO: [VRFC 10-311] analyzing module hazard_detection_unit
INFO: [VRFC 10-2263] Analyzing Verilog file "D:/VivadoProject/COD/Lab5/cpu_pipeline_IDbeq_forward_predictor/cpu_pipeline_IDbeq_forward_predictor.srcs/sources_1/new/register.v" into library xil_defaultlib
INFO: [VRFC 10-311] analyzing module register_asyn
INFO: [VRFC 10-311] analyzing module register_syn
INFO: [VRFC 10-2263] Analyzing Verilog file "D:/VivadoProject/COD/Lab5/cpu_pipeline_IDbeq_forward_predictor/cpu_pipeline_IDbeq_forward_predictor.srcs/sources_1/new/register_file.v" into library xil_defaultlib
INFO: [VRFC 10-311] analyzing module register_file
INFO: [VRFC 10-2263] Analyzing Verilog file "D:/VivadoProject/COD/Lab5/cpu_pipeline_IDbeq_forward_predictor/cpu_pipeline_IDbeq_forward_predictor.srcs/sim_1/new/cpu_tb.v" into library xil_defaultlib
INFO: [VRFC 10-311] analyzing module cpu_tb
